[2025-04-16T18:36:27.589+0000] {processor.py:186} INFO - Started process (PID=62) to work on /opt/airflow/dags/Advanced Topics/CustomOperatorDat.py
[2025-04-16T18:36:27.590+0000] {processor.py:914} INFO - Processing file /opt/airflow/dags/Advanced Topics/CustomOperatorDat.py for tasks to queue
[2025-04-16T18:36:27.595+0000] {logging_mixin.py:190} INFO - [2025-04-16T18:36:27.595+0000] {dagbag.py:588} INFO - Filling up the DagBag from /opt/airflow/dags/Advanced Topics/CustomOperatorDat.py
[2025-04-16T18:36:29.667+0000] {processor.py:925} INFO - DAG(s) 'Dag_CustomOperator' retrieved from /opt/airflow/dags/Advanced Topics/CustomOperatorDat.py
[2025-04-16T18:36:30.057+0000] {logging_mixin.py:190} INFO - [2025-04-16T18:36:30.056+0000] {override.py:1912} INFO - Created Permission View: can read on DAG:Dag_CustomOperator
[2025-04-16T18:36:30.076+0000] {logging_mixin.py:190} INFO - [2025-04-16T18:36:30.075+0000] {override.py:1912} INFO - Created Permission View: can delete on DAG:Dag_CustomOperator
[2025-04-16T18:36:30.086+0000] {logging_mixin.py:190} INFO - [2025-04-16T18:36:30.085+0000] {override.py:1912} INFO - Created Permission View: can edit on DAG:Dag_CustomOperator
[2025-04-16T18:36:30.099+0000] {logging_mixin.py:190} INFO - [2025-04-16T18:36:30.098+0000] {override.py:1912} INFO - Created Permission View: can read on DAG Run:Dag_CustomOperator
[2025-04-16T18:36:30.108+0000] {logging_mixin.py:190} INFO - [2025-04-16T18:36:30.108+0000] {override.py:1912} INFO - Created Permission View: can delete on DAG Run:Dag_CustomOperator
[2025-04-16T18:36:30.120+0000] {logging_mixin.py:190} INFO - [2025-04-16T18:36:30.120+0000] {override.py:1912} INFO - Created Permission View: menu access on DAG Run:Dag_CustomOperator
[2025-04-16T18:36:30.131+0000] {logging_mixin.py:190} INFO - [2025-04-16T18:36:30.130+0000] {override.py:1912} INFO - Created Permission View: can create on DAG Run:Dag_CustomOperator
[2025-04-16T18:36:30.132+0000] {logging_mixin.py:190} INFO - [2025-04-16T18:36:30.131+0000] {dag.py:3239} INFO - Sync 1 DAGs
[2025-04-16T18:36:30.173+0000] {logging_mixin.py:190} INFO - [2025-04-16T18:36:30.172+0000] {dag.py:3262} INFO - Creating ORM DAG for Dag_CustomOperator
[2025-04-16T18:36:30.174+0000] {logging_mixin.py:190} INFO - [2025-04-16T18:36:30.174+0000] {dag.py:4180} INFO - Setting next_dagrun for Dag_CustomOperator to None, run_after=None
[2025-04-16T18:36:30.222+0000] {processor.py:208} INFO - Processing /opt/airflow/dags/Advanced Topics/CustomOperatorDat.py took 2.641 seconds
[2025-04-16T18:37:00.422+0000] {processor.py:186} INFO - Started process (PID=92) to work on /opt/airflow/dags/Advanced Topics/CustomOperatorDat.py
[2025-04-16T18:37:00.428+0000] {processor.py:914} INFO - Processing file /opt/airflow/dags/Advanced Topics/CustomOperatorDat.py for tasks to queue
[2025-04-16T18:37:00.438+0000] {logging_mixin.py:190} INFO - [2025-04-16T18:37:00.436+0000] {dagbag.py:588} INFO - Filling up the DagBag from /opt/airflow/dags/Advanced Topics/CustomOperatorDat.py
[2025-04-16T18:37:00.863+0000] {processor.py:925} INFO - DAG(s) 'Dag_CustomOperator' retrieved from /opt/airflow/dags/Advanced Topics/CustomOperatorDat.py
[2025-04-16T18:37:00.906+0000] {logging_mixin.py:190} INFO - [2025-04-16T18:37:00.905+0000] {dag.py:3239} INFO - Sync 1 DAGs
[2025-04-16T18:37:00.931+0000] {logging_mixin.py:190} INFO - [2025-04-16T18:37:00.931+0000] {dag.py:4180} INFO - Setting next_dagrun for Dag_CustomOperator to None, run_after=None
[2025-04-16T18:37:01.013+0000] {processor.py:208} INFO - Processing /opt/airflow/dags/Advanced Topics/CustomOperatorDat.py took 0.606 seconds
[2025-04-16T18:37:31.110+0000] {processor.py:186} INFO - Started process (PID=115) to work on /opt/airflow/dags/Advanced Topics/CustomOperatorDat.py
[2025-04-16T18:37:31.111+0000] {processor.py:914} INFO - Processing file /opt/airflow/dags/Advanced Topics/CustomOperatorDat.py for tasks to queue
[2025-04-16T18:37:31.113+0000] {logging_mixin.py:190} INFO - [2025-04-16T18:37:31.113+0000] {dagbag.py:588} INFO - Filling up the DagBag from /opt/airflow/dags/Advanced Topics/CustomOperatorDat.py
[2025-04-16T18:37:31.510+0000] {processor.py:925} INFO - DAG(s) 'Dag_CustomOperator' retrieved from /opt/airflow/dags/Advanced Topics/CustomOperatorDat.py
[2025-04-16T18:37:31.552+0000] {logging_mixin.py:190} INFO - [2025-04-16T18:37:31.552+0000] {dag.py:3239} INFO - Sync 1 DAGs
[2025-04-16T18:37:31.575+0000] {logging_mixin.py:190} INFO - [2025-04-16T18:37:31.575+0000] {dag.py:4180} INFO - Setting next_dagrun for Dag_CustomOperator to None, run_after=None
[2025-04-16T18:37:31.637+0000] {processor.py:208} INFO - Processing /opt/airflow/dags/Advanced Topics/CustomOperatorDat.py took 0.533 seconds
[2025-04-16T18:38:01.777+0000] {processor.py:186} INFO - Started process (PID=138) to work on /opt/airflow/dags/Advanced Topics/CustomOperatorDat.py
[2025-04-16T18:38:01.778+0000] {processor.py:914} INFO - Processing file /opt/airflow/dags/Advanced Topics/CustomOperatorDat.py for tasks to queue
[2025-04-16T18:38:01.786+0000] {logging_mixin.py:190} INFO - [2025-04-16T18:38:01.786+0000] {dagbag.py:588} INFO - Filling up the DagBag from /opt/airflow/dags/Advanced Topics/CustomOperatorDat.py
[2025-04-16T18:38:02.252+0000] {processor.py:925} INFO - DAG(s) 'Dag_CustomOperator' retrieved from /opt/airflow/dags/Advanced Topics/CustomOperatorDat.py
[2025-04-16T18:38:02.297+0000] {logging_mixin.py:190} INFO - [2025-04-16T18:38:02.297+0000] {dag.py:3239} INFO - Sync 1 DAGs
[2025-04-16T18:38:02.320+0000] {logging_mixin.py:190} INFO - [2025-04-16T18:38:02.320+0000] {dag.py:4180} INFO - Setting next_dagrun for Dag_CustomOperator to None, run_after=None
[2025-04-16T18:38:02.379+0000] {processor.py:208} INFO - Processing /opt/airflow/dags/Advanced Topics/CustomOperatorDat.py took 0.610 seconds
[2025-04-16T18:38:32.655+0000] {processor.py:186} INFO - Started process (PID=161) to work on /opt/airflow/dags/Advanced Topics/CustomOperatorDat.py
[2025-04-16T18:38:32.657+0000] {processor.py:914} INFO - Processing file /opt/airflow/dags/Advanced Topics/CustomOperatorDat.py for tasks to queue
[2025-04-16T18:38:32.659+0000] {logging_mixin.py:190} INFO - [2025-04-16T18:38:32.659+0000] {dagbag.py:588} INFO - Filling up the DagBag from /opt/airflow/dags/Advanced Topics/CustomOperatorDat.py
[2025-04-16T18:38:33.078+0000] {processor.py:925} INFO - DAG(s) 'Dag_CustomOperator' retrieved from /opt/airflow/dags/Advanced Topics/CustomOperatorDat.py
[2025-04-16T18:38:33.125+0000] {logging_mixin.py:190} INFO - [2025-04-16T18:38:33.125+0000] {dag.py:3239} INFO - Sync 1 DAGs
[2025-04-16T18:38:33.149+0000] {logging_mixin.py:190} INFO - [2025-04-16T18:38:33.148+0000] {dag.py:4180} INFO - Setting next_dagrun for Dag_CustomOperator to None, run_after=None
[2025-04-16T18:38:33.208+0000] {processor.py:208} INFO - Processing /opt/airflow/dags/Advanced Topics/CustomOperatorDat.py took 0.558 seconds
[2025-04-16T18:39:03.375+0000] {processor.py:186} INFO - Started process (PID=184) to work on /opt/airflow/dags/Advanced Topics/CustomOperatorDat.py
[2025-04-16T18:39:03.376+0000] {processor.py:914} INFO - Processing file /opt/airflow/dags/Advanced Topics/CustomOperatorDat.py for tasks to queue
[2025-04-16T18:39:03.379+0000] {logging_mixin.py:190} INFO - [2025-04-16T18:39:03.378+0000] {dagbag.py:588} INFO - Filling up the DagBag from /opt/airflow/dags/Advanced Topics/CustomOperatorDat.py
[2025-04-16T18:39:03.842+0000] {processor.py:925} INFO - DAG(s) 'Dag_CustomOperator' retrieved from /opt/airflow/dags/Advanced Topics/CustomOperatorDat.py
[2025-04-16T18:39:03.888+0000] {logging_mixin.py:190} INFO - [2025-04-16T18:39:03.888+0000] {dag.py:3239} INFO - Sync 1 DAGs
[2025-04-16T18:39:03.912+0000] {logging_mixin.py:190} INFO - [2025-04-16T18:39:03.912+0000] {dag.py:4180} INFO - Setting next_dagrun for Dag_CustomOperator to None, run_after=None
[2025-04-16T18:39:03.966+0000] {processor.py:208} INFO - Processing /opt/airflow/dags/Advanced Topics/CustomOperatorDat.py took 0.596 seconds
[2025-04-16T18:39:34.871+0000] {processor.py:186} INFO - Started process (PID=207) to work on /opt/airflow/dags/Advanced Topics/CustomOperatorDat.py
[2025-04-16T18:39:34.872+0000] {processor.py:914} INFO - Processing file /opt/airflow/dags/Advanced Topics/CustomOperatorDat.py for tasks to queue
[2025-04-16T18:39:34.877+0000] {logging_mixin.py:190} INFO - [2025-04-16T18:39:34.876+0000] {dagbag.py:588} INFO - Filling up the DagBag from /opt/airflow/dags/Advanced Topics/CustomOperatorDat.py
[2025-04-16T18:39:35.307+0000] {processor.py:925} INFO - DAG(s) 'Dag_CustomOperator' retrieved from /opt/airflow/dags/Advanced Topics/CustomOperatorDat.py
[2025-04-16T18:39:35.366+0000] {logging_mixin.py:190} INFO - [2025-04-16T18:39:35.366+0000] {dag.py:3239} INFO - Sync 1 DAGs
[2025-04-16T18:39:35.389+0000] {logging_mixin.py:190} INFO - [2025-04-16T18:39:35.388+0000] {dag.py:4180} INFO - Setting next_dagrun for Dag_CustomOperator to None, run_after=None
[2025-04-16T18:39:35.449+0000] {processor.py:208} INFO - Processing /opt/airflow/dags/Advanced Topics/CustomOperatorDat.py took 0.586 seconds
[2025-04-16T18:40:06.379+0000] {processor.py:186} INFO - Started process (PID=230) to work on /opt/airflow/dags/Advanced Topics/CustomOperatorDat.py
[2025-04-16T18:40:06.380+0000] {processor.py:914} INFO - Processing file /opt/airflow/dags/Advanced Topics/CustomOperatorDat.py for tasks to queue
[2025-04-16T18:40:06.383+0000] {logging_mixin.py:190} INFO - [2025-04-16T18:40:06.382+0000] {dagbag.py:588} INFO - Filling up the DagBag from /opt/airflow/dags/Advanced Topics/CustomOperatorDat.py
[2025-04-16T18:40:06.742+0000] {processor.py:925} INFO - DAG(s) 'Dag_CustomOperator' retrieved from /opt/airflow/dags/Advanced Topics/CustomOperatorDat.py
[2025-04-16T18:40:06.784+0000] {logging_mixin.py:190} INFO - [2025-04-16T18:40:06.783+0000] {dag.py:3239} INFO - Sync 1 DAGs
[2025-04-16T18:40:06.810+0000] {logging_mixin.py:190} INFO - [2025-04-16T18:40:06.810+0000] {dag.py:4180} INFO - Setting next_dagrun for Dag_CustomOperator to None, run_after=None
[2025-04-16T18:40:06.875+0000] {processor.py:208} INFO - Processing /opt/airflow/dags/Advanced Topics/CustomOperatorDat.py took 0.502 seconds
[2025-04-16T18:40:37.216+0000] {processor.py:186} INFO - Started process (PID=253) to work on /opt/airflow/dags/Advanced Topics/CustomOperatorDat.py
[2025-04-16T18:40:37.217+0000] {processor.py:914} INFO - Processing file /opt/airflow/dags/Advanced Topics/CustomOperatorDat.py for tasks to queue
[2025-04-16T18:40:37.219+0000] {logging_mixin.py:190} INFO - [2025-04-16T18:40:37.219+0000] {dagbag.py:588} INFO - Filling up the DagBag from /opt/airflow/dags/Advanced Topics/CustomOperatorDat.py
[2025-04-16T18:40:37.603+0000] {processor.py:925} INFO - DAG(s) 'Dag_CustomOperator' retrieved from /opt/airflow/dags/Advanced Topics/CustomOperatorDat.py
[2025-04-16T18:40:37.649+0000] {logging_mixin.py:190} INFO - [2025-04-16T18:40:37.649+0000] {dag.py:3239} INFO - Sync 1 DAGs
[2025-04-16T18:40:37.669+0000] {logging_mixin.py:190} INFO - [2025-04-16T18:40:37.668+0000] {dag.py:4180} INFO - Setting next_dagrun for Dag_CustomOperator to None, run_after=None
[2025-04-16T18:40:37.748+0000] {processor.py:208} INFO - Processing /opt/airflow/dags/Advanced Topics/CustomOperatorDat.py took 0.537 seconds
[2025-04-16T18:41:08.047+0000] {processor.py:186} INFO - Started process (PID=276) to work on /opt/airflow/dags/Advanced Topics/CustomOperatorDat.py
[2025-04-16T18:41:08.049+0000] {processor.py:914} INFO - Processing file /opt/airflow/dags/Advanced Topics/CustomOperatorDat.py for tasks to queue
[2025-04-16T18:41:08.051+0000] {logging_mixin.py:190} INFO - [2025-04-16T18:41:08.051+0000] {dagbag.py:588} INFO - Filling up the DagBag from /opt/airflow/dags/Advanced Topics/CustomOperatorDat.py
[2025-04-16T18:41:08.502+0000] {processor.py:925} INFO - DAG(s) 'Dag_CustomOperator' retrieved from /opt/airflow/dags/Advanced Topics/CustomOperatorDat.py
[2025-04-16T18:41:08.578+0000] {logging_mixin.py:190} INFO - [2025-04-16T18:41:08.578+0000] {dag.py:3239} INFO - Sync 1 DAGs
[2025-04-16T18:41:08.609+0000] {logging_mixin.py:190} INFO - [2025-04-16T18:41:08.609+0000] {dag.py:4180} INFO - Setting next_dagrun for Dag_CustomOperator to None, run_after=None
[2025-04-16T18:41:08.680+0000] {processor.py:208} INFO - Processing /opt/airflow/dags/Advanced Topics/CustomOperatorDat.py took 0.637 seconds
[2025-04-16T18:41:39.309+0000] {processor.py:186} INFO - Started process (PID=299) to work on /opt/airflow/dags/Advanced Topics/CustomOperatorDat.py
[2025-04-16T18:41:39.310+0000] {processor.py:914} INFO - Processing file /opt/airflow/dags/Advanced Topics/CustomOperatorDat.py for tasks to queue
[2025-04-16T18:41:39.313+0000] {logging_mixin.py:190} INFO - [2025-04-16T18:41:39.312+0000] {dagbag.py:588} INFO - Filling up the DagBag from /opt/airflow/dags/Advanced Topics/CustomOperatorDat.py
[2025-04-16T18:41:39.748+0000] {processor.py:925} INFO - DAG(s) 'Dag_CustomOperator' retrieved from /opt/airflow/dags/Advanced Topics/CustomOperatorDat.py
[2025-04-16T18:41:39.791+0000] {logging_mixin.py:190} INFO - [2025-04-16T18:41:39.791+0000] {dag.py:3239} INFO - Sync 1 DAGs
[2025-04-16T18:41:39.814+0000] {logging_mixin.py:190} INFO - [2025-04-16T18:41:39.814+0000] {dag.py:4180} INFO - Setting next_dagrun for Dag_CustomOperator to None, run_after=None
[2025-04-16T18:41:39.905+0000] {processor.py:208} INFO - Processing /opt/airflow/dags/Advanced Topics/CustomOperatorDat.py took 0.602 seconds
[2025-04-16T18:42:10.574+0000] {processor.py:186} INFO - Started process (PID=324) to work on /opt/airflow/dags/Advanced Topics/CustomOperatorDat.py
[2025-04-16T18:42:10.576+0000] {processor.py:914} INFO - Processing file /opt/airflow/dags/Advanced Topics/CustomOperatorDat.py for tasks to queue
[2025-04-16T18:42:10.577+0000] {logging_mixin.py:190} INFO - [2025-04-16T18:42:10.577+0000] {dagbag.py:588} INFO - Filling up the DagBag from /opt/airflow/dags/Advanced Topics/CustomOperatorDat.py
[2025-04-16T18:42:10.933+0000] {processor.py:925} INFO - DAG(s) 'Dag_CustomOperator' retrieved from /opt/airflow/dags/Advanced Topics/CustomOperatorDat.py
[2025-04-16T18:42:10.992+0000] {logging_mixin.py:190} INFO - [2025-04-16T18:42:10.991+0000] {dag.py:3239} INFO - Sync 1 DAGs
[2025-04-16T18:42:11.017+0000] {logging_mixin.py:190} INFO - [2025-04-16T18:42:11.016+0000] {dag.py:4180} INFO - Setting next_dagrun for Dag_CustomOperator to None, run_after=None
[2025-04-16T18:42:11.068+0000] {processor.py:208} INFO - Processing /opt/airflow/dags/Advanced Topics/CustomOperatorDat.py took 0.500 seconds
[2025-04-16T18:42:41.337+0000] {processor.py:186} INFO - Started process (PID=347) to work on /opt/airflow/dags/Advanced Topics/CustomOperatorDat.py
[2025-04-16T18:42:41.338+0000] {processor.py:914} INFO - Processing file /opt/airflow/dags/Advanced Topics/CustomOperatorDat.py for tasks to queue
[2025-04-16T18:42:41.340+0000] {logging_mixin.py:190} INFO - [2025-04-16T18:42:41.340+0000] {dagbag.py:588} INFO - Filling up the DagBag from /opt/airflow/dags/Advanced Topics/CustomOperatorDat.py
[2025-04-16T18:42:41.703+0000] {processor.py:925} INFO - DAG(s) 'Dag_CustomOperator' retrieved from /opt/airflow/dags/Advanced Topics/CustomOperatorDat.py
[2025-04-16T18:42:41.751+0000] {logging_mixin.py:190} INFO - [2025-04-16T18:42:41.750+0000] {dag.py:3239} INFO - Sync 1 DAGs
[2025-04-16T18:42:41.774+0000] {logging_mixin.py:190} INFO - [2025-04-16T18:42:41.774+0000] {dag.py:4180} INFO - Setting next_dagrun for Dag_CustomOperator to None, run_after=None
[2025-04-16T18:42:41.826+0000] {processor.py:208} INFO - Processing /opt/airflow/dags/Advanced Topics/CustomOperatorDat.py took 0.495 seconds
[2025-04-16T18:43:12.134+0000] {processor.py:186} INFO - Started process (PID=370) to work on /opt/airflow/dags/Advanced Topics/CustomOperatorDat.py
[2025-04-16T18:43:12.137+0000] {processor.py:914} INFO - Processing file /opt/airflow/dags/Advanced Topics/CustomOperatorDat.py for tasks to queue
[2025-04-16T18:43:12.142+0000] {logging_mixin.py:190} INFO - [2025-04-16T18:43:12.141+0000] {dagbag.py:588} INFO - Filling up the DagBag from /opt/airflow/dags/Advanced Topics/CustomOperatorDat.py
[2025-04-16T18:43:12.647+0000] {processor.py:925} INFO - DAG(s) 'Dag_CustomOperator' retrieved from /opt/airflow/dags/Advanced Topics/CustomOperatorDat.py
[2025-04-16T18:43:12.705+0000] {logging_mixin.py:190} INFO - [2025-04-16T18:43:12.705+0000] {dag.py:3239} INFO - Sync 1 DAGs
[2025-04-16T18:43:12.729+0000] {logging_mixin.py:190} INFO - [2025-04-16T18:43:12.728+0000] {dag.py:4180} INFO - Setting next_dagrun for Dag_CustomOperator to None, run_after=None
[2025-04-16T18:43:12.761+0000] {processor.py:208} INFO - Processing /opt/airflow/dags/Advanced Topics/CustomOperatorDat.py took 0.639 seconds
[2025-04-16T18:43:42.929+0000] {processor.py:186} INFO - Started process (PID=393) to work on /opt/airflow/dags/Advanced Topics/CustomOperatorDat.py
[2025-04-16T18:43:42.930+0000] {processor.py:914} INFO - Processing file /opt/airflow/dags/Advanced Topics/CustomOperatorDat.py for tasks to queue
[2025-04-16T18:43:42.932+0000] {logging_mixin.py:190} INFO - [2025-04-16T18:43:42.931+0000] {dagbag.py:588} INFO - Filling up the DagBag from /opt/airflow/dags/Advanced Topics/CustomOperatorDat.py
[2025-04-16T18:43:43.380+0000] {processor.py:925} INFO - DAG(s) 'Dag_CustomOperator' retrieved from /opt/airflow/dags/Advanced Topics/CustomOperatorDat.py
[2025-04-16T18:43:43.450+0000] {logging_mixin.py:190} INFO - [2025-04-16T18:43:43.450+0000] {dag.py:3239} INFO - Sync 1 DAGs
[2025-04-16T18:43:43.479+0000] {logging_mixin.py:190} INFO - [2025-04-16T18:43:43.478+0000] {dag.py:4180} INFO - Setting next_dagrun for Dag_CustomOperator to None, run_after=None
[2025-04-16T18:43:43.550+0000] {processor.py:208} INFO - Processing /opt/airflow/dags/Advanced Topics/CustomOperatorDat.py took 0.627 seconds
[2025-04-16T18:44:13.661+0000] {processor.py:186} INFO - Started process (PID=416) to work on /opt/airflow/dags/Advanced Topics/CustomOperatorDat.py
[2025-04-16T18:44:13.662+0000] {processor.py:914} INFO - Processing file /opt/airflow/dags/Advanced Topics/CustomOperatorDat.py for tasks to queue
[2025-04-16T18:44:13.664+0000] {logging_mixin.py:190} INFO - [2025-04-16T18:44:13.664+0000] {dagbag.py:588} INFO - Filling up the DagBag from /opt/airflow/dags/Advanced Topics/CustomOperatorDat.py
[2025-04-16T18:44:14.049+0000] {processor.py:925} INFO - DAG(s) 'Dag_CustomOperator' retrieved from /opt/airflow/dags/Advanced Topics/CustomOperatorDat.py
[2025-04-16T18:44:14.093+0000] {logging_mixin.py:190} INFO - [2025-04-16T18:44:14.092+0000] {dag.py:3239} INFO - Sync 1 DAGs
[2025-04-16T18:44:14.111+0000] {logging_mixin.py:190} INFO - [2025-04-16T18:44:14.110+0000] {dag.py:4180} INFO - Setting next_dagrun for Dag_CustomOperator to None, run_after=None
[2025-04-16T18:44:14.136+0000] {processor.py:208} INFO - Processing /opt/airflow/dags/Advanced Topics/CustomOperatorDat.py took 0.481 seconds
[2025-04-16T18:44:44.228+0000] {processor.py:186} INFO - Started process (PID=438) to work on /opt/airflow/dags/Advanced Topics/CustomOperatorDat.py
[2025-04-16T18:44:44.230+0000] {processor.py:914} INFO - Processing file /opt/airflow/dags/Advanced Topics/CustomOperatorDat.py for tasks to queue
[2025-04-16T18:44:44.236+0000] {logging_mixin.py:190} INFO - [2025-04-16T18:44:44.235+0000] {dagbag.py:588} INFO - Filling up the DagBag from /opt/airflow/dags/Advanced Topics/CustomOperatorDat.py
[2025-04-16T18:44:44.833+0000] {processor.py:925} INFO - DAG(s) 'Dag_CustomOperator' retrieved from /opt/airflow/dags/Advanced Topics/CustomOperatorDat.py
[2025-04-16T18:44:44.899+0000] {logging_mixin.py:190} INFO - [2025-04-16T18:44:44.898+0000] {dag.py:3239} INFO - Sync 1 DAGs
[2025-04-16T18:44:44.928+0000] {logging_mixin.py:190} INFO - [2025-04-16T18:44:44.928+0000] {dag.py:4180} INFO - Setting next_dagrun for Dag_CustomOperator to None, run_after=None
[2025-04-16T18:44:44.971+0000] {processor.py:208} INFO - Processing /opt/airflow/dags/Advanced Topics/CustomOperatorDat.py took 0.751 seconds
[2025-04-16T18:45:15.418+0000] {processor.py:186} INFO - Started process (PID=459) to work on /opt/airflow/dags/Advanced Topics/CustomOperatorDat.py
[2025-04-16T18:45:15.419+0000] {processor.py:914} INFO - Processing file /opt/airflow/dags/Advanced Topics/CustomOperatorDat.py for tasks to queue
[2025-04-16T18:45:15.423+0000] {logging_mixin.py:190} INFO - [2025-04-16T18:45:15.422+0000] {dagbag.py:588} INFO - Filling up the DagBag from /opt/airflow/dags/Advanced Topics/CustomOperatorDat.py
[2025-04-16T18:45:15.940+0000] {processor.py:925} INFO - DAG(s) 'Dag_CustomOperator' retrieved from /opt/airflow/dags/Advanced Topics/CustomOperatorDat.py
[2025-04-16T18:45:16.014+0000] {logging_mixin.py:190} INFO - [2025-04-16T18:45:16.014+0000] {dag.py:3239} INFO - Sync 1 DAGs
[2025-04-16T18:45:16.045+0000] {logging_mixin.py:190} INFO - [2025-04-16T18:45:16.045+0000] {dag.py:4180} INFO - Setting next_dagrun for Dag_CustomOperator to None, run_after=None
[2025-04-16T18:45:16.105+0000] {processor.py:208} INFO - Processing /opt/airflow/dags/Advanced Topics/CustomOperatorDat.py took 0.697 seconds
[2025-04-16T18:45:46.626+0000] {processor.py:186} INFO - Started process (PID=482) to work on /opt/airflow/dags/Advanced Topics/CustomOperatorDat.py
[2025-04-16T18:45:46.628+0000] {processor.py:914} INFO - Processing file /opt/airflow/dags/Advanced Topics/CustomOperatorDat.py for tasks to queue
[2025-04-16T18:45:46.632+0000] {logging_mixin.py:190} INFO - [2025-04-16T18:45:46.631+0000] {dagbag.py:588} INFO - Filling up the DagBag from /opt/airflow/dags/Advanced Topics/CustomOperatorDat.py
[2025-04-16T18:45:47.040+0000] {processor.py:925} INFO - DAG(s) 'Dag_CustomOperator' retrieved from /opt/airflow/dags/Advanced Topics/CustomOperatorDat.py
[2025-04-16T18:45:47.083+0000] {logging_mixin.py:190} INFO - [2025-04-16T18:45:47.083+0000] {dag.py:3239} INFO - Sync 1 DAGs
[2025-04-16T18:45:47.103+0000] {logging_mixin.py:190} INFO - [2025-04-16T18:45:47.103+0000] {dag.py:4180} INFO - Setting next_dagrun for Dag_CustomOperator to None, run_after=None
[2025-04-16T18:45:47.155+0000] {processor.py:208} INFO - Processing /opt/airflow/dags/Advanced Topics/CustomOperatorDat.py took 0.537 seconds
[2025-04-16T18:46:18.072+0000] {processor.py:186} INFO - Started process (PID=506) to work on /opt/airflow/dags/Advanced Topics/CustomOperatorDat.py
[2025-04-16T18:46:18.073+0000] {processor.py:914} INFO - Processing file /opt/airflow/dags/Advanced Topics/CustomOperatorDat.py for tasks to queue
[2025-04-16T18:46:18.075+0000] {logging_mixin.py:190} INFO - [2025-04-16T18:46:18.075+0000] {dagbag.py:588} INFO - Filling up the DagBag from /opt/airflow/dags/Advanced Topics/CustomOperatorDat.py
[2025-04-16T18:46:18.582+0000] {processor.py:925} INFO - DAG(s) 'Dag_CustomOperator' retrieved from /opt/airflow/dags/Advanced Topics/CustomOperatorDat.py
[2025-04-16T18:46:18.632+0000] {logging_mixin.py:190} INFO - [2025-04-16T18:46:18.632+0000] {dag.py:3239} INFO - Sync 1 DAGs
[2025-04-16T18:46:18.656+0000] {logging_mixin.py:190} INFO - [2025-04-16T18:46:18.656+0000] {dag.py:4180} INFO - Setting next_dagrun for Dag_CustomOperator to None, run_after=None
[2025-04-16T18:46:18.705+0000] {processor.py:208} INFO - Processing /opt/airflow/dags/Advanced Topics/CustomOperatorDat.py took 0.637 seconds
[2025-04-16T18:46:49.171+0000] {processor.py:186} INFO - Started process (PID=530) to work on /opt/airflow/dags/Advanced Topics/CustomOperatorDat.py
[2025-04-16T18:46:49.172+0000] {processor.py:914} INFO - Processing file /opt/airflow/dags/Advanced Topics/CustomOperatorDat.py for tasks to queue
[2025-04-16T18:46:49.178+0000] {logging_mixin.py:190} INFO - [2025-04-16T18:46:49.178+0000] {dagbag.py:588} INFO - Filling up the DagBag from /opt/airflow/dags/Advanced Topics/CustomOperatorDat.py
[2025-04-16T18:46:49.855+0000] {processor.py:925} INFO - DAG(s) 'Dag_CustomOperator' retrieved from /opt/airflow/dags/Advanced Topics/CustomOperatorDat.py
[2025-04-16T18:46:49.933+0000] {logging_mixin.py:190} INFO - [2025-04-16T18:46:49.933+0000] {dag.py:3239} INFO - Sync 1 DAGs
[2025-04-16T18:46:49.964+0000] {logging_mixin.py:190} INFO - [2025-04-16T18:46:49.964+0000] {dag.py:4180} INFO - Setting next_dagrun for Dag_CustomOperator to None, run_after=None
[2025-04-16T18:46:50.030+0000] {processor.py:208} INFO - Processing /opt/airflow/dags/Advanced Topics/CustomOperatorDat.py took 0.865 seconds
[2025-04-16T18:47:20.301+0000] {processor.py:186} INFO - Started process (PID=553) to work on /opt/airflow/dags/Advanced Topics/CustomOperatorDat.py
[2025-04-16T18:47:20.302+0000] {processor.py:914} INFO - Processing file /opt/airflow/dags/Advanced Topics/CustomOperatorDat.py for tasks to queue
[2025-04-16T18:47:20.306+0000] {logging_mixin.py:190} INFO - [2025-04-16T18:47:20.305+0000] {dagbag.py:588} INFO - Filling up the DagBag from /opt/airflow/dags/Advanced Topics/CustomOperatorDat.py
[2025-04-16T18:47:20.814+0000] {processor.py:925} INFO - DAG(s) 'Dag_CustomOperator' retrieved from /opt/airflow/dags/Advanced Topics/CustomOperatorDat.py
[2025-04-16T18:47:20.936+0000] {logging_mixin.py:190} INFO - [2025-04-16T18:47:20.935+0000] {dag.py:3239} INFO - Sync 1 DAGs
[2025-04-16T18:47:21.253+0000] {logging_mixin.py:190} INFO - [2025-04-16T18:47:21.253+0000] {dag.py:4180} INFO - Setting next_dagrun for Dag_CustomOperator to None, run_after=None
[2025-04-16T18:47:21.518+0000] {processor.py:208} INFO - Processing /opt/airflow/dags/Advanced Topics/CustomOperatorDat.py took 1.224 seconds
[2025-04-16T18:47:51.845+0000] {processor.py:186} INFO - Started process (PID=576) to work on /opt/airflow/dags/Advanced Topics/CustomOperatorDat.py
[2025-04-16T18:47:51.846+0000] {processor.py:914} INFO - Processing file /opt/airflow/dags/Advanced Topics/CustomOperatorDat.py for tasks to queue
[2025-04-16T18:47:51.850+0000] {logging_mixin.py:190} INFO - [2025-04-16T18:47:51.849+0000] {dagbag.py:588} INFO - Filling up the DagBag from /opt/airflow/dags/Advanced Topics/CustomOperatorDat.py
[2025-04-16T18:47:52.271+0000] {processor.py:925} INFO - DAG(s) 'Dag_CustomOperator' retrieved from /opt/airflow/dags/Advanced Topics/CustomOperatorDat.py
[2025-04-16T18:47:52.315+0000] {logging_mixin.py:190} INFO - [2025-04-16T18:47:52.315+0000] {dag.py:3239} INFO - Sync 1 DAGs
[2025-04-16T18:47:52.338+0000] {logging_mixin.py:190} INFO - [2025-04-16T18:47:52.338+0000] {dag.py:4180} INFO - Setting next_dagrun for Dag_CustomOperator to None, run_after=None
[2025-04-16T18:47:52.402+0000] {processor.py:208} INFO - Processing /opt/airflow/dags/Advanced Topics/CustomOperatorDat.py took 0.566 seconds
[2025-04-16T18:48:22.706+0000] {processor.py:186} INFO - Started process (PID=599) to work on /opt/airflow/dags/Advanced Topics/CustomOperatorDat.py
[2025-04-16T18:48:22.707+0000] {processor.py:914} INFO - Processing file /opt/airflow/dags/Advanced Topics/CustomOperatorDat.py for tasks to queue
[2025-04-16T18:48:22.712+0000] {logging_mixin.py:190} INFO - [2025-04-16T18:48:22.712+0000] {dagbag.py:588} INFO - Filling up the DagBag from /opt/airflow/dags/Advanced Topics/CustomOperatorDat.py
[2025-04-16T18:48:23.222+0000] {processor.py:925} INFO - DAG(s) 'Dag_CustomOperator' retrieved from /opt/airflow/dags/Advanced Topics/CustomOperatorDat.py
[2025-04-16T18:48:23.278+0000] {logging_mixin.py:190} INFO - [2025-04-16T18:48:23.277+0000] {dag.py:3239} INFO - Sync 1 DAGs
[2025-04-16T18:48:23.311+0000] {logging_mixin.py:190} INFO - [2025-04-16T18:48:23.311+0000] {dag.py:4180} INFO - Setting next_dagrun for Dag_CustomOperator to None, run_after=None
[2025-04-16T18:48:23.371+0000] {processor.py:208} INFO - Processing /opt/airflow/dags/Advanced Topics/CustomOperatorDat.py took 0.672 seconds
[2025-04-16T18:48:53.570+0000] {processor.py:186} INFO - Started process (PID=621) to work on /opt/airflow/dags/Advanced Topics/CustomOperatorDat.py
[2025-04-16T18:48:53.571+0000] {processor.py:914} INFO - Processing file /opt/airflow/dags/Advanced Topics/CustomOperatorDat.py for tasks to queue
[2025-04-16T18:48:53.575+0000] {logging_mixin.py:190} INFO - [2025-04-16T18:48:53.574+0000] {dagbag.py:588} INFO - Filling up the DagBag from /opt/airflow/dags/Advanced Topics/CustomOperatorDat.py
[2025-04-16T18:48:54.145+0000] {processor.py:925} INFO - DAG(s) 'Dag_CustomOperator' retrieved from /opt/airflow/dags/Advanced Topics/CustomOperatorDat.py
[2025-04-16T18:48:54.201+0000] {logging_mixin.py:190} INFO - [2025-04-16T18:48:54.201+0000] {dag.py:3239} INFO - Sync 1 DAGs
[2025-04-16T18:48:54.224+0000] {logging_mixin.py:190} INFO - [2025-04-16T18:48:54.224+0000] {dag.py:4180} INFO - Setting next_dagrun for Dag_CustomOperator to None, run_after=None
[2025-04-16T18:48:54.274+0000] {processor.py:208} INFO - Processing /opt/airflow/dags/Advanced Topics/CustomOperatorDat.py took 0.711 seconds
[2025-04-16T18:49:24.438+0000] {processor.py:186} INFO - Started process (PID=644) to work on /opt/airflow/dags/Advanced Topics/CustomOperatorDat.py
[2025-04-16T18:49:24.441+0000] {processor.py:914} INFO - Processing file /opt/airflow/dags/Advanced Topics/CustomOperatorDat.py for tasks to queue
[2025-04-16T18:49:24.448+0000] {logging_mixin.py:190} INFO - [2025-04-16T18:49:24.448+0000] {dagbag.py:588} INFO - Filling up the DagBag from /opt/airflow/dags/Advanced Topics/CustomOperatorDat.py
[2025-04-16T18:49:24.962+0000] {processor.py:925} INFO - DAG(s) 'Dag_CustomOperator' retrieved from /opt/airflow/dags/Advanced Topics/CustomOperatorDat.py
[2025-04-16T18:49:25.006+0000] {logging_mixin.py:190} INFO - [2025-04-16T18:49:25.005+0000] {dag.py:3239} INFO - Sync 1 DAGs
[2025-04-16T18:49:25.027+0000] {logging_mixin.py:190} INFO - [2025-04-16T18:49:25.027+0000] {dag.py:4180} INFO - Setting next_dagrun for Dag_CustomOperator to None, run_after=None
[2025-04-16T18:49:25.086+0000] {processor.py:208} INFO - Processing /opt/airflow/dags/Advanced Topics/CustomOperatorDat.py took 0.658 seconds
[2025-04-16T18:49:55.558+0000] {processor.py:186} INFO - Started process (PID=667) to work on /opt/airflow/dags/Advanced Topics/CustomOperatorDat.py
[2025-04-16T18:49:55.559+0000] {processor.py:914} INFO - Processing file /opt/airflow/dags/Advanced Topics/CustomOperatorDat.py for tasks to queue
[2025-04-16T18:49:55.562+0000] {logging_mixin.py:190} INFO - [2025-04-16T18:49:55.561+0000] {dagbag.py:588} INFO - Filling up the DagBag from /opt/airflow/dags/Advanced Topics/CustomOperatorDat.py
[2025-04-16T18:49:56.091+0000] {processor.py:925} INFO - DAG(s) 'Dag_CustomOperator' retrieved from /opt/airflow/dags/Advanced Topics/CustomOperatorDat.py
[2025-04-16T18:49:56.147+0000] {logging_mixin.py:190} INFO - [2025-04-16T18:49:56.146+0000] {dag.py:3239} INFO - Sync 1 DAGs
[2025-04-16T18:49:56.170+0000] {logging_mixin.py:190} INFO - [2025-04-16T18:49:56.170+0000] {dag.py:4180} INFO - Setting next_dagrun for Dag_CustomOperator to None, run_after=None
[2025-04-16T18:49:56.237+0000] {processor.py:208} INFO - Processing /opt/airflow/dags/Advanced Topics/CustomOperatorDat.py took 0.686 seconds
[2025-04-16T18:50:26.469+0000] {processor.py:186} INFO - Started process (PID=690) to work on /opt/airflow/dags/Advanced Topics/CustomOperatorDat.py
[2025-04-16T18:50:26.471+0000] {processor.py:914} INFO - Processing file /opt/airflow/dags/Advanced Topics/CustomOperatorDat.py for tasks to queue
[2025-04-16T18:50:26.474+0000] {logging_mixin.py:190} INFO - [2025-04-16T18:50:26.474+0000] {dagbag.py:588} INFO - Filling up the DagBag from /opt/airflow/dags/Advanced Topics/CustomOperatorDat.py
[2025-04-16T18:50:26.873+0000] {processor.py:925} INFO - DAG(s) 'Dag_CustomOperator' retrieved from /opt/airflow/dags/Advanced Topics/CustomOperatorDat.py
[2025-04-16T18:50:26.921+0000] {logging_mixin.py:190} INFO - [2025-04-16T18:50:26.920+0000] {dag.py:3239} INFO - Sync 1 DAGs
[2025-04-16T18:50:26.947+0000] {logging_mixin.py:190} INFO - [2025-04-16T18:50:26.947+0000] {dag.py:4180} INFO - Setting next_dagrun for Dag_CustomOperator to None, run_after=None
[2025-04-16T18:50:26.996+0000] {processor.py:208} INFO - Processing /opt/airflow/dags/Advanced Topics/CustomOperatorDat.py took 0.537 seconds
[2025-04-16T18:50:57.151+0000] {processor.py:186} INFO - Started process (PID=713) to work on /opt/airflow/dags/Advanced Topics/CustomOperatorDat.py
[2025-04-16T18:50:57.153+0000] {processor.py:914} INFO - Processing file /opt/airflow/dags/Advanced Topics/CustomOperatorDat.py for tasks to queue
[2025-04-16T18:50:57.156+0000] {logging_mixin.py:190} INFO - [2025-04-16T18:50:57.156+0000] {dagbag.py:588} INFO - Filling up the DagBag from /opt/airflow/dags/Advanced Topics/CustomOperatorDat.py
[2025-04-16T18:50:57.697+0000] {processor.py:925} INFO - DAG(s) 'Dag_CustomOperator' retrieved from /opt/airflow/dags/Advanced Topics/CustomOperatorDat.py
[2025-04-16T18:50:57.766+0000] {logging_mixin.py:190} INFO - [2025-04-16T18:50:57.765+0000] {dag.py:3239} INFO - Sync 1 DAGs
[2025-04-16T18:50:57.792+0000] {logging_mixin.py:190} INFO - [2025-04-16T18:50:57.792+0000] {dag.py:4180} INFO - Setting next_dagrun for Dag_CustomOperator to None, run_after=None
[2025-04-16T18:50:57.860+0000] {processor.py:208} INFO - Processing /opt/airflow/dags/Advanced Topics/CustomOperatorDat.py took 0.719 seconds
[2025-04-16T18:51:28.901+0000] {processor.py:186} INFO - Started process (PID=736) to work on /opt/airflow/dags/Advanced Topics/CustomOperatorDat.py
[2025-04-16T18:51:28.902+0000] {processor.py:914} INFO - Processing file /opt/airflow/dags/Advanced Topics/CustomOperatorDat.py for tasks to queue
[2025-04-16T18:51:28.906+0000] {logging_mixin.py:190} INFO - [2025-04-16T18:51:28.906+0000] {dagbag.py:588} INFO - Filling up the DagBag from /opt/airflow/dags/Advanced Topics/CustomOperatorDat.py
[2025-04-16T18:51:29.493+0000] {processor.py:925} INFO - DAG(s) 'Dag_CustomOperator' retrieved from /opt/airflow/dags/Advanced Topics/CustomOperatorDat.py
[2025-04-16T18:51:29.546+0000] {logging_mixin.py:190} INFO - [2025-04-16T18:51:29.545+0000] {dag.py:3239} INFO - Sync 1 DAGs
[2025-04-16T18:51:29.570+0000] {logging_mixin.py:190} INFO - [2025-04-16T18:51:29.570+0000] {dag.py:4180} INFO - Setting next_dagrun for Dag_CustomOperator to None, run_after=None
[2025-04-16T18:51:29.627+0000] {processor.py:208} INFO - Processing /opt/airflow/dags/Advanced Topics/CustomOperatorDat.py took 0.734 seconds
[2025-04-16T18:52:00.519+0000] {processor.py:186} INFO - Started process (PID=759) to work on /opt/airflow/dags/Advanced Topics/CustomOperatorDat.py
[2025-04-16T18:52:00.522+0000] {processor.py:914} INFO - Processing file /opt/airflow/dags/Advanced Topics/CustomOperatorDat.py for tasks to queue
[2025-04-16T18:52:00.530+0000] {logging_mixin.py:190} INFO - [2025-04-16T18:52:00.530+0000] {dagbag.py:588} INFO - Filling up the DagBag from /opt/airflow/dags/Advanced Topics/CustomOperatorDat.py
[2025-04-16T18:52:01.037+0000] {processor.py:925} INFO - DAG(s) 'Dag_CustomOperator' retrieved from /opt/airflow/dags/Advanced Topics/CustomOperatorDat.py
[2025-04-16T18:52:01.092+0000] {logging_mixin.py:190} INFO - [2025-04-16T18:52:01.092+0000] {dag.py:3239} INFO - Sync 1 DAGs
[2025-04-16T18:52:01.112+0000] {logging_mixin.py:190} INFO - [2025-04-16T18:52:01.112+0000] {dag.py:4180} INFO - Setting next_dagrun for Dag_CustomOperator to None, run_after=None
[2025-04-16T18:52:01.171+0000] {processor.py:208} INFO - Processing /opt/airflow/dags/Advanced Topics/CustomOperatorDat.py took 0.670 seconds
[2025-04-16T18:52:31.638+0000] {processor.py:186} INFO - Started process (PID=787) to work on /opt/airflow/dags/Advanced Topics/CustomOperatorDat.py
[2025-04-16T18:52:31.639+0000] {processor.py:914} INFO - Processing file /opt/airflow/dags/Advanced Topics/CustomOperatorDat.py for tasks to queue
[2025-04-16T18:52:31.641+0000] {logging_mixin.py:190} INFO - [2025-04-16T18:52:31.641+0000] {dagbag.py:588} INFO - Filling up the DagBag from /opt/airflow/dags/Advanced Topics/CustomOperatorDat.py
[2025-04-16T18:52:32.189+0000] {processor.py:925} INFO - DAG(s) 'Dag_CustomOperator' retrieved from /opt/airflow/dags/Advanced Topics/CustomOperatorDat.py
[2025-04-16T18:52:32.247+0000] {logging_mixin.py:190} INFO - [2025-04-16T18:52:32.247+0000] {dag.py:3239} INFO - Sync 1 DAGs
[2025-04-16T18:52:32.272+0000] {logging_mixin.py:190} INFO - [2025-04-16T18:52:32.272+0000] {dag.py:4180} INFO - Setting next_dagrun for Dag_CustomOperator to None, run_after=None
[2025-04-16T18:52:32.368+0000] {processor.py:208} INFO - Processing /opt/airflow/dags/Advanced Topics/CustomOperatorDat.py took 0.734 seconds
[2025-04-16T18:53:02.536+0000] {processor.py:186} INFO - Started process (PID=810) to work on /opt/airflow/dags/Advanced Topics/CustomOperatorDat.py
[2025-04-16T18:53:02.537+0000] {processor.py:914} INFO - Processing file /opt/airflow/dags/Advanced Topics/CustomOperatorDat.py for tasks to queue
[2025-04-16T18:53:02.541+0000] {logging_mixin.py:190} INFO - [2025-04-16T18:53:02.541+0000] {dagbag.py:588} INFO - Filling up the DagBag from /opt/airflow/dags/Advanced Topics/CustomOperatorDat.py
[2025-04-16T18:53:03.002+0000] {processor.py:925} INFO - DAG(s) 'Dag_CustomOperator' retrieved from /opt/airflow/dags/Advanced Topics/CustomOperatorDat.py
[2025-04-16T18:53:03.048+0000] {logging_mixin.py:190} INFO - [2025-04-16T18:53:03.047+0000] {dag.py:3239} INFO - Sync 1 DAGs
[2025-04-16T18:53:03.074+0000] {logging_mixin.py:190} INFO - [2025-04-16T18:53:03.074+0000] {dag.py:4180} INFO - Setting next_dagrun for Dag_CustomOperator to None, run_after=None
[2025-04-16T18:53:03.176+0000] {processor.py:208} INFO - Processing /opt/airflow/dags/Advanced Topics/CustomOperatorDat.py took 0.648 seconds
[2025-04-16T18:53:33.416+0000] {processor.py:186} INFO - Started process (PID=833) to work on /opt/airflow/dags/Advanced Topics/CustomOperatorDat.py
[2025-04-16T18:53:33.421+0000] {processor.py:914} INFO - Processing file /opt/airflow/dags/Advanced Topics/CustomOperatorDat.py for tasks to queue
[2025-04-16T18:53:33.429+0000] {logging_mixin.py:190} INFO - [2025-04-16T18:53:33.428+0000] {dagbag.py:588} INFO - Filling up the DagBag from /opt/airflow/dags/Advanced Topics/CustomOperatorDat.py
[2025-04-16T18:53:33.876+0000] {processor.py:925} INFO - DAG(s) 'Dag_CustomOperator' retrieved from /opt/airflow/dags/Advanced Topics/CustomOperatorDat.py
[2025-04-16T18:53:33.930+0000] {logging_mixin.py:190} INFO - [2025-04-16T18:53:33.930+0000] {dag.py:3239} INFO - Sync 1 DAGs
[2025-04-16T18:53:33.955+0000] {logging_mixin.py:190} INFO - [2025-04-16T18:53:33.955+0000] {dag.py:4180} INFO - Setting next_dagrun for Dag_CustomOperator to None, run_after=None
[2025-04-16T18:53:34.011+0000] {processor.py:208} INFO - Processing /opt/airflow/dags/Advanced Topics/CustomOperatorDat.py took 0.618 seconds
[2025-04-16T18:54:04.334+0000] {processor.py:186} INFO - Started process (PID=856) to work on /opt/airflow/dags/Advanced Topics/CustomOperatorDat.py
[2025-04-16T18:54:04.336+0000] {processor.py:914} INFO - Processing file /opt/airflow/dags/Advanced Topics/CustomOperatorDat.py for tasks to queue
[2025-04-16T18:54:04.342+0000] {logging_mixin.py:190} INFO - [2025-04-16T18:54:04.342+0000] {dagbag.py:588} INFO - Filling up the DagBag from /opt/airflow/dags/Advanced Topics/CustomOperatorDat.py
[2025-04-16T18:54:04.868+0000] {processor.py:925} INFO - DAG(s) 'Dag_CustomOperator' retrieved from /opt/airflow/dags/Advanced Topics/CustomOperatorDat.py
[2025-04-16T18:54:04.931+0000] {logging_mixin.py:190} INFO - [2025-04-16T18:54:04.931+0000] {dag.py:3239} INFO - Sync 1 DAGs
[2025-04-16T18:54:04.961+0000] {logging_mixin.py:190} INFO - [2025-04-16T18:54:04.961+0000] {dag.py:4180} INFO - Setting next_dagrun for Dag_CustomOperator to None, run_after=None
[2025-04-16T18:54:05.029+0000] {processor.py:208} INFO - Processing /opt/airflow/dags/Advanced Topics/CustomOperatorDat.py took 0.708 seconds
[2025-04-16T18:54:35.174+0000] {processor.py:186} INFO - Started process (PID=878) to work on /opt/airflow/dags/Advanced Topics/CustomOperatorDat.py
[2025-04-16T18:54:35.175+0000] {processor.py:914} INFO - Processing file /opt/airflow/dags/Advanced Topics/CustomOperatorDat.py for tasks to queue
[2025-04-16T18:54:35.178+0000] {logging_mixin.py:190} INFO - [2025-04-16T18:54:35.177+0000] {dagbag.py:588} INFO - Filling up the DagBag from /opt/airflow/dags/Advanced Topics/CustomOperatorDat.py
[2025-04-16T18:54:35.767+0000] {processor.py:925} INFO - DAG(s) 'Dag_CustomOperator' retrieved from /opt/airflow/dags/Advanced Topics/CustomOperatorDat.py
[2025-04-16T18:54:35.852+0000] {logging_mixin.py:190} INFO - [2025-04-16T18:54:35.851+0000] {dag.py:3239} INFO - Sync 1 DAGs
[2025-04-16T18:54:35.875+0000] {logging_mixin.py:190} INFO - [2025-04-16T18:54:35.875+0000] {dag.py:4180} INFO - Setting next_dagrun for Dag_CustomOperator to None, run_after=None
[2025-04-16T18:54:35.966+0000] {processor.py:208} INFO - Processing /opt/airflow/dags/Advanced Topics/CustomOperatorDat.py took 0.799 seconds
[2025-04-16T18:55:07.031+0000] {processor.py:186} INFO - Started process (PID=901) to work on /opt/airflow/dags/Advanced Topics/CustomOperatorDat.py
[2025-04-16T18:55:07.033+0000] {processor.py:914} INFO - Processing file /opt/airflow/dags/Advanced Topics/CustomOperatorDat.py for tasks to queue
[2025-04-16T18:55:07.036+0000] {logging_mixin.py:190} INFO - [2025-04-16T18:55:07.036+0000] {dagbag.py:588} INFO - Filling up the DagBag from /opt/airflow/dags/Advanced Topics/CustomOperatorDat.py
[2025-04-16T18:55:07.479+0000] {processor.py:925} INFO - DAG(s) 'Dag_CustomOperator' retrieved from /opt/airflow/dags/Advanced Topics/CustomOperatorDat.py
[2025-04-16T18:55:07.528+0000] {logging_mixin.py:190} INFO - [2025-04-16T18:55:07.528+0000] {dag.py:3239} INFO - Sync 1 DAGs
[2025-04-16T18:55:07.549+0000] {logging_mixin.py:190} INFO - [2025-04-16T18:55:07.549+0000] {dag.py:4180} INFO - Setting next_dagrun for Dag_CustomOperator to None, run_after=None
[2025-04-16T18:55:07.656+0000] {processor.py:208} INFO - Processing /opt/airflow/dags/Advanced Topics/CustomOperatorDat.py took 0.632 seconds
[2025-04-16T18:55:38.214+0000] {processor.py:186} INFO - Started process (PID=926) to work on /opt/airflow/dags/Advanced Topics/CustomOperatorDat.py
[2025-04-16T18:55:38.215+0000] {processor.py:914} INFO - Processing file /opt/airflow/dags/Advanced Topics/CustomOperatorDat.py for tasks to queue
[2025-04-16T18:55:38.219+0000] {logging_mixin.py:190} INFO - [2025-04-16T18:55:38.218+0000] {dagbag.py:588} INFO - Filling up the DagBag from /opt/airflow/dags/Advanced Topics/CustomOperatorDat.py
[2025-04-16T18:55:38.730+0000] {processor.py:925} INFO - DAG(s) 'Dag_CustomOperator' retrieved from /opt/airflow/dags/Advanced Topics/CustomOperatorDat.py
[2025-04-16T18:55:38.781+0000] {logging_mixin.py:190} INFO - [2025-04-16T18:55:38.780+0000] {dag.py:3239} INFO - Sync 1 DAGs
[2025-04-16T18:55:38.801+0000] {logging_mixin.py:190} INFO - [2025-04-16T18:55:38.801+0000] {dag.py:4180} INFO - Setting next_dagrun for Dag_CustomOperator to None, run_after=None
[2025-04-16T18:55:38.855+0000] {processor.py:208} INFO - Processing /opt/airflow/dags/Advanced Topics/CustomOperatorDat.py took 0.648 seconds
[2025-04-16T18:56:09.052+0000] {processor.py:186} INFO - Started process (PID=947) to work on /opt/airflow/dags/Advanced Topics/CustomOperatorDat.py
[2025-04-16T18:56:09.053+0000] {processor.py:914} INFO - Processing file /opt/airflow/dags/Advanced Topics/CustomOperatorDat.py for tasks to queue
[2025-04-16T18:56:09.055+0000] {logging_mixin.py:190} INFO - [2025-04-16T18:56:09.055+0000] {dagbag.py:588} INFO - Filling up the DagBag from /opt/airflow/dags/Advanced Topics/CustomOperatorDat.py
[2025-04-16T18:56:09.485+0000] {processor.py:925} INFO - DAG(s) 'Dag_CustomOperator' retrieved from /opt/airflow/dags/Advanced Topics/CustomOperatorDat.py
[2025-04-16T18:56:09.536+0000] {logging_mixin.py:190} INFO - [2025-04-16T18:56:09.535+0000] {dag.py:3239} INFO - Sync 1 DAGs
[2025-04-16T18:56:09.557+0000] {logging_mixin.py:190} INFO - [2025-04-16T18:56:09.557+0000] {dag.py:4180} INFO - Setting next_dagrun for Dag_CustomOperator to None, run_after=None
[2025-04-16T18:56:09.609+0000] {processor.py:208} INFO - Processing /opt/airflow/dags/Advanced Topics/CustomOperatorDat.py took 0.562 seconds
[2025-04-16T18:56:40.100+0000] {processor.py:186} INFO - Started process (PID=970) to work on /opt/airflow/dags/Advanced Topics/CustomOperatorDat.py
[2025-04-16T18:56:40.101+0000] {processor.py:914} INFO - Processing file /opt/airflow/dags/Advanced Topics/CustomOperatorDat.py for tasks to queue
[2025-04-16T18:56:40.104+0000] {logging_mixin.py:190} INFO - [2025-04-16T18:56:40.103+0000] {dagbag.py:588} INFO - Filling up the DagBag from /opt/airflow/dags/Advanced Topics/CustomOperatorDat.py
[2025-04-16T18:56:40.506+0000] {processor.py:925} INFO - DAG(s) 'Dag_CustomOperator' retrieved from /opt/airflow/dags/Advanced Topics/CustomOperatorDat.py
[2025-04-16T18:56:40.553+0000] {logging_mixin.py:190} INFO - [2025-04-16T18:56:40.553+0000] {dag.py:3239} INFO - Sync 1 DAGs
[2025-04-16T18:56:40.575+0000] {logging_mixin.py:190} INFO - [2025-04-16T18:56:40.575+0000] {dag.py:4180} INFO - Setting next_dagrun for Dag_CustomOperator to None, run_after=None
[2025-04-16T18:56:40.659+0000] {processor.py:208} INFO - Processing /opt/airflow/dags/Advanced Topics/CustomOperatorDat.py took 0.565 seconds
[2025-04-16T18:57:11.712+0000] {processor.py:186} INFO - Started process (PID=993) to work on /opt/airflow/dags/Advanced Topics/CustomOperatorDat.py
[2025-04-16T18:57:11.713+0000] {processor.py:914} INFO - Processing file /opt/airflow/dags/Advanced Topics/CustomOperatorDat.py for tasks to queue
[2025-04-16T18:57:11.717+0000] {logging_mixin.py:190} INFO - [2025-04-16T18:57:11.716+0000] {dagbag.py:588} INFO - Filling up the DagBag from /opt/airflow/dags/Advanced Topics/CustomOperatorDat.py
[2025-04-16T18:57:12.197+0000] {processor.py:925} INFO - DAG(s) 'Dag_CustomOperator' retrieved from /opt/airflow/dags/Advanced Topics/CustomOperatorDat.py
[2025-04-16T18:57:12.242+0000] {logging_mixin.py:190} INFO - [2025-04-16T18:57:12.241+0000] {dag.py:3239} INFO - Sync 1 DAGs
[2025-04-16T18:57:12.265+0000] {logging_mixin.py:190} INFO - [2025-04-16T18:57:12.265+0000] {dag.py:4180} INFO - Setting next_dagrun for Dag_CustomOperator to None, run_after=None
[2025-04-16T18:57:12.342+0000] {processor.py:208} INFO - Processing /opt/airflow/dags/Advanced Topics/CustomOperatorDat.py took 0.640 seconds
[2025-04-16T18:57:42.806+0000] {processor.py:186} INFO - Started process (PID=1016) to work on /opt/airflow/dags/Advanced Topics/CustomOperatorDat.py
[2025-04-16T18:57:42.807+0000] {processor.py:914} INFO - Processing file /opt/airflow/dags/Advanced Topics/CustomOperatorDat.py for tasks to queue
[2025-04-16T18:57:42.813+0000] {logging_mixin.py:190} INFO - [2025-04-16T18:57:42.813+0000] {dagbag.py:588} INFO - Filling up the DagBag from /opt/airflow/dags/Advanced Topics/CustomOperatorDat.py
[2025-04-16T18:57:43.311+0000] {processor.py:925} INFO - DAG(s) 'Dag_CustomOperator' retrieved from /opt/airflow/dags/Advanced Topics/CustomOperatorDat.py
[2025-04-16T18:57:43.361+0000] {logging_mixin.py:190} INFO - [2025-04-16T18:57:43.360+0000] {dag.py:3239} INFO - Sync 1 DAGs
[2025-04-16T18:57:43.388+0000] {logging_mixin.py:190} INFO - [2025-04-16T18:57:43.388+0000] {dag.py:4180} INFO - Setting next_dagrun for Dag_CustomOperator to None, run_after=None
[2025-04-16T18:57:43.438+0000] {processor.py:208} INFO - Processing /opt/airflow/dags/Advanced Topics/CustomOperatorDat.py took 0.639 seconds
[2025-04-16T18:58:13.838+0000] {processor.py:186} INFO - Started process (PID=1039) to work on /opt/airflow/dags/Advanced Topics/CustomOperatorDat.py
[2025-04-16T18:58:13.840+0000] {processor.py:914} INFO - Processing file /opt/airflow/dags/Advanced Topics/CustomOperatorDat.py for tasks to queue
[2025-04-16T18:58:13.842+0000] {logging_mixin.py:190} INFO - [2025-04-16T18:58:13.842+0000] {dagbag.py:588} INFO - Filling up the DagBag from /opt/airflow/dags/Advanced Topics/CustomOperatorDat.py
[2025-04-16T18:58:14.234+0000] {processor.py:925} INFO - DAG(s) 'Dag_CustomOperator' retrieved from /opt/airflow/dags/Advanced Topics/CustomOperatorDat.py
[2025-04-16T18:58:14.292+0000] {logging_mixin.py:190} INFO - [2025-04-16T18:58:14.292+0000] {dag.py:3239} INFO - Sync 1 DAGs
[2025-04-16T18:58:14.315+0000] {logging_mixin.py:190} INFO - [2025-04-16T18:58:14.314+0000] {dag.py:4180} INFO - Setting next_dagrun for Dag_CustomOperator to None, run_after=None
[2025-04-16T18:58:14.376+0000] {processor.py:208} INFO - Processing /opt/airflow/dags/Advanced Topics/CustomOperatorDat.py took 0.543 seconds
[2025-04-16T18:58:44.659+0000] {processor.py:186} INFO - Started process (PID=1062) to work on /opt/airflow/dags/Advanced Topics/CustomOperatorDat.py
[2025-04-16T18:58:44.661+0000] {processor.py:914} INFO - Processing file /opt/airflow/dags/Advanced Topics/CustomOperatorDat.py for tasks to queue
[2025-04-16T18:58:44.666+0000] {logging_mixin.py:190} INFO - [2025-04-16T18:58:44.665+0000] {dagbag.py:588} INFO - Filling up the DagBag from /opt/airflow/dags/Advanced Topics/CustomOperatorDat.py
[2025-04-16T18:58:45.091+0000] {processor.py:925} INFO - DAG(s) 'Dag_CustomOperator' retrieved from /opt/airflow/dags/Advanced Topics/CustomOperatorDat.py
[2025-04-16T18:58:45.135+0000] {logging_mixin.py:190} INFO - [2025-04-16T18:58:45.135+0000] {dag.py:3239} INFO - Sync 1 DAGs
[2025-04-16T18:58:45.156+0000] {logging_mixin.py:190} INFO - [2025-04-16T18:58:45.156+0000] {dag.py:4180} INFO - Setting next_dagrun for Dag_CustomOperator to None, run_after=None
[2025-04-16T18:58:45.212+0000] {processor.py:208} INFO - Processing /opt/airflow/dags/Advanced Topics/CustomOperatorDat.py took 0.565 seconds
[2025-04-16T18:59:15.290+0000] {processor.py:186} INFO - Started process (PID=1085) to work on /opt/airflow/dags/Advanced Topics/CustomOperatorDat.py
[2025-04-16T18:59:15.291+0000] {processor.py:914} INFO - Processing file /opt/airflow/dags/Advanced Topics/CustomOperatorDat.py for tasks to queue
[2025-04-16T18:59:15.294+0000] {logging_mixin.py:190} INFO - [2025-04-16T18:59:15.294+0000] {dagbag.py:588} INFO - Filling up the DagBag from /opt/airflow/dags/Advanced Topics/CustomOperatorDat.py
[2025-04-16T18:59:15.707+0000] {processor.py:925} INFO - DAG(s) 'Dag_CustomOperator' retrieved from /opt/airflow/dags/Advanced Topics/CustomOperatorDat.py
[2025-04-16T18:59:15.769+0000] {logging_mixin.py:190} INFO - [2025-04-16T18:59:15.768+0000] {dag.py:3239} INFO - Sync 1 DAGs
[2025-04-16T18:59:15.801+0000] {logging_mixin.py:190} INFO - [2025-04-16T18:59:15.801+0000] {dag.py:4180} INFO - Setting next_dagrun for Dag_CustomOperator to None, run_after=None
[2025-04-16T18:59:15.856+0000] {processor.py:208} INFO - Processing /opt/airflow/dags/Advanced Topics/CustomOperatorDat.py took 0.570 seconds
