[2025-04-16T20:07:01.737+0000] {local_task_job_runner.py:123} INFO - ::group::Pre task execution logs
[2025-04-16T20:07:01.785+0000] {taskinstance.py:2614} INFO - Dependencies all met for dep_context=non-requeueable deps ti=<TaskInstance: BinanceCryptoAPI.ExtractCryptoData manual__2025-04-16T20:06:56.855497+00:00 [queued]>
[2025-04-16T20:07:01.797+0000] {taskinstance.py:2614} INFO - Dependencies all met for dep_context=requeueable deps ti=<TaskInstance: BinanceCryptoAPI.ExtractCryptoData manual__2025-04-16T20:06:56.855497+00:00 [queued]>
[2025-04-16T20:07:01.798+0000] {taskinstance.py:2867} INFO - Starting attempt 1 of 1
[2025-04-16T20:07:01.947+0000] {taskinstance.py:2890} INFO - Executing <Task(PythonOperator): ExtractCryptoData> on 2025-04-16 20:06:56.855497+00:00
[2025-04-16T20:07:01.956+0000] {warnings.py:112} WARNING - /home/***/.local/lib/python3.12/site-packages/***/task/task_runner/standard_task_runner.py:70: DeprecationWarning: This process (pid=643) is multi-threaded, use of fork() may lead to deadlocks in the child.
  pid = os.fork()

[2025-04-16T20:07:01.965+0000] {standard_task_runner.py:72} INFO - Started process 645 to run task
[2025-04-16T20:07:01.960+0000] {standard_task_runner.py:104} INFO - Running: ['***', 'tasks', 'run', 'BinanceCryptoAPI', 'ExtractCryptoData', 'manual__2025-04-16T20:06:56.855497+00:00', '--job-id', '25', '--raw', '--subdir', 'DAGS_FOLDER/ETL/BinanceETL.py', '--cfg-path', '/tmp/tmpzxmzpfry']
[2025-04-16T20:07:01.967+0000] {standard_task_runner.py:105} INFO - Job 25: Subtask ExtractCryptoData
[2025-04-16T20:07:02.147+0000] {task_command.py:467} INFO - Running <TaskInstance: BinanceCryptoAPI.ExtractCryptoData manual__2025-04-16T20:06:56.855497+00:00 [running]> on host 2903c312f900
[2025-04-16T20:07:02.401+0000] {taskinstance.py:3134} INFO - Exporting env vars: AIRFLOW_CTX_DAG_OWNER='***' AIRFLOW_CTX_DAG_ID='BinanceCryptoAPI' AIRFLOW_CTX_TASK_ID='ExtractCryptoData' AIRFLOW_CTX_EXECUTION_DATE='2025-04-16T20:06:56.855497+00:00' AIRFLOW_CTX_TRY_NUMBER='1' AIRFLOW_CTX_DAG_RUN_ID='manual__2025-04-16T20:06:56.855497+00:00'
[2025-04-16T20:07:02.403+0000] {taskinstance.py:732} INFO - ::endgroup::
[2025-04-16T20:07:04.237+0000] {logging_mixin.py:190} INFO -     symbol  priceChange priceChangePercent  ...    firstId     lastId  count
0   ETHBTC  -0.00037000             -1.930  ...  492976843  493050467  73625
1   LTCBTC  -0.00000500             -0.557  ...  104891542  104899883   8342
2   BNBBTC  -0.00001300             -0.187  ...  271615607  271635098  19492
3   NEOBTC   0.00000060              0.933  ...   47450261   47454013   3753
4  QTUMETH   0.00003900              3.210  ...    5521167    5521225     59

[5 rows x 21 columns]
[2025-04-16T20:07:04.295+0000] {python.py:240} INFO - Done. Returned value was: None
[2025-04-16T20:07:04.345+0000] {taskinstance.py:341} INFO - ::group::Post task execution logs
[2025-04-16T20:07:04.346+0000] {taskinstance.py:353} INFO - Marking task as SUCCESS. dag_id=BinanceCryptoAPI, task_id=ExtractCryptoData, run_id=manual__2025-04-16T20:06:56.855497+00:00, execution_date=20250416T200656, start_date=20250416T200701, end_date=20250416T200704
[2025-04-16T20:07:04.474+0000] {local_task_job_runner.py:266} INFO - Task exited with return code 0
[2025-04-16T20:07:04.548+0000] {taskinstance.py:3901} INFO - 1 downstream tasks scheduled from follow-on schedule check
[2025-04-16T20:07:04.579+0000] {local_task_job_runner.py:245} INFO - ::endgroup::
