[2025-04-16T20:05:21.775+0000] {local_task_job_runner.py:123} INFO - ::group::Pre task execution logs
[2025-04-16T20:05:21.829+0000] {taskinstance.py:2614} INFO - Dependencies all met for dep_context=non-requeueable deps ti=<TaskInstance: BinanceCryptoAPI.ExtractCryptoData manual__2025-04-16T20:05:18.119390+00:00 [queued]>
[2025-04-16T20:05:21.839+0000] {taskinstance.py:2614} INFO - Dependencies all met for dep_context=requeueable deps ti=<TaskInstance: BinanceCryptoAPI.ExtractCryptoData manual__2025-04-16T20:05:18.119390+00:00 [queued]>
[2025-04-16T20:05:21.841+0000] {taskinstance.py:2867} INFO - Starting attempt 1 of 1
[2025-04-16T20:05:21.976+0000] {taskinstance.py:2890} INFO - Executing <Task(PythonOperator): ExtractCryptoData> on 2025-04-16 20:05:18.119390+00:00
[2025-04-16T20:05:21.986+0000] {warnings.py:112} WARNING - /home/***/.local/lib/python3.12/site-packages/***/task/task_runner/standard_task_runner.py:70: DeprecationWarning: This process (pid=610) is multi-threaded, use of fork() may lead to deadlocks in the child.
  pid = os.fork()

[2025-04-16T20:05:21.987+0000] {standard_task_runner.py:72} INFO - Started process 612 to run task
[2025-04-16T20:05:21.987+0000] {standard_task_runner.py:104} INFO - Running: ['***', 'tasks', 'run', 'BinanceCryptoAPI', 'ExtractCryptoData', 'manual__2025-04-16T20:05:18.119390+00:00', '--job-id', '22', '--raw', '--subdir', 'DAGS_FOLDER/ETL/BinanceETL.py', '--cfg-path', '/tmp/tmpu418j_p0']
[2025-04-16T20:05:21.990+0000] {standard_task_runner.py:105} INFO - Job 22: Subtask ExtractCryptoData
[2025-04-16T20:05:22.147+0000] {task_command.py:467} INFO - Running <TaskInstance: BinanceCryptoAPI.ExtractCryptoData manual__2025-04-16T20:05:18.119390+00:00 [running]> on host 2903c312f900
[2025-04-16T20:05:22.418+0000] {taskinstance.py:3134} INFO - Exporting env vars: AIRFLOW_CTX_DAG_OWNER='***' AIRFLOW_CTX_DAG_ID='BinanceCryptoAPI' AIRFLOW_CTX_TASK_ID='ExtractCryptoData' AIRFLOW_CTX_EXECUTION_DATE='2025-04-16T20:05:18.119390+00:00' AIRFLOW_CTX_TRY_NUMBER='1' AIRFLOW_CTX_DAG_RUN_ID='manual__2025-04-16T20:05:18.119390+00:00'
[2025-04-16T20:05:22.420+0000] {taskinstance.py:732} INFO - ::endgroup::
[2025-04-16T20:05:24.339+0000] {logging_mixin.py:190} INFO -     symbol  priceChange priceChangePercent  ...    firstId     lastId  count
0   ETHBTC  -0.00036000             -1.879  ...  492976749  493050380  73632
1   LTCBTC  -0.00000500             -0.557  ...  104891536  104899881   8346
2   BNBBTC  -0.00001900             -0.274  ...  271615588  271635092  19505
3   NEOBTC   0.00000060              0.933  ...   47450261   47454004   3744
4  QTUMETH   0.00003900              3.210  ...    5521167    5521225     59

[5 rows x 21 columns]
[2025-04-16T20:05:24.403+0000] {python.py:240} INFO - Done. Returned value was: None
[2025-04-16T20:05:24.450+0000] {taskinstance.py:341} INFO - ::group::Post task execution logs
[2025-04-16T20:05:24.451+0000] {taskinstance.py:353} INFO - Marking task as SUCCESS. dag_id=BinanceCryptoAPI, task_id=ExtractCryptoData, run_id=manual__2025-04-16T20:05:18.119390+00:00, execution_date=20250416T200518, start_date=20250416T200521, end_date=20250416T200524
[2025-04-16T20:05:24.624+0000] {local_task_job_runner.py:266} INFO - Task exited with return code 0
[2025-04-16T20:05:24.689+0000] {taskinstance.py:3901} INFO - 1 downstream tasks scheduled from follow-on schedule check
[2025-04-16T20:05:24.715+0000] {local_task_job_runner.py:245} INFO - ::endgroup::
