[2025-04-16T18:36:31.742+0000] {processor.py:186} INFO - Started process (PID=79) to work on /opt/airflow/dags/Dags Fundamentals/Atividade.py
[2025-04-16T18:36:31.743+0000] {processor.py:914} INFO - Processing file /opt/airflow/dags/Dags Fundamentals/Atividade.py for tasks to queue
[2025-04-16T18:36:31.748+0000] {logging_mixin.py:190} INFO - [2025-04-16T18:36:31.747+0000] {dagbag.py:588} INFO - Filling up the DagBag from /opt/airflow/dags/Dags Fundamentals/Atividade.py
[2025-04-16T18:36:31.791+0000] {processor.py:925} INFO - DAG(s) 'dag_complexa_exemplo' retrieved from /opt/airflow/dags/Dags Fundamentals/Atividade.py
[2025-04-16T18:36:31.985+0000] {logging_mixin.py:190} INFO - [2025-04-16T18:36:31.982+0000] {override.py:1912} INFO - Created Permission View: can read on DAG:dag_complexa_exemplo
[2025-04-16T18:36:32.004+0000] {logging_mixin.py:190} INFO - [2025-04-16T18:36:32.003+0000] {override.py:1912} INFO - Created Permission View: can delete on DAG:dag_complexa_exemplo
[2025-04-16T18:36:32.017+0000] {logging_mixin.py:190} INFO - [2025-04-16T18:36:32.017+0000] {override.py:1912} INFO - Created Permission View: can edit on DAG:dag_complexa_exemplo
[2025-04-16T18:36:32.033+0000] {logging_mixin.py:190} INFO - [2025-04-16T18:36:32.032+0000] {override.py:1912} INFO - Created Permission View: can read on DAG Run:dag_complexa_exemplo
[2025-04-16T18:36:32.046+0000] {logging_mixin.py:190} INFO - [2025-04-16T18:36:32.045+0000] {override.py:1912} INFO - Created Permission View: can delete on DAG Run:dag_complexa_exemplo
[2025-04-16T18:36:32.060+0000] {logging_mixin.py:190} INFO - [2025-04-16T18:36:32.059+0000] {override.py:1912} INFO - Created Permission View: menu access on DAG Run:dag_complexa_exemplo
[2025-04-16T18:36:32.070+0000] {logging_mixin.py:190} INFO - [2025-04-16T18:36:32.069+0000] {override.py:1912} INFO - Created Permission View: can create on DAG Run:dag_complexa_exemplo
[2025-04-16T18:36:32.071+0000] {logging_mixin.py:190} INFO - [2025-04-16T18:36:32.070+0000] {dag.py:3239} INFO - Sync 1 DAGs
[2025-04-16T18:36:32.109+0000] {logging_mixin.py:190} INFO - [2025-04-16T18:36:32.109+0000] {dag.py:3262} INFO - Creating ORM DAG for dag_complexa_exemplo
[2025-04-16T18:36:32.112+0000] {logging_mixin.py:190} INFO - [2025-04-16T18:36:32.112+0000] {dag.py:4180} INFO - Setting next_dagrun for dag_complexa_exemplo to None, run_after=None
[2025-04-16T18:36:32.164+0000] {processor.py:208} INFO - Processing /opt/airflow/dags/Dags Fundamentals/Atividade.py took 0.430 seconds
[2025-04-16T18:37:02.656+0000] {processor.py:186} INFO - Started process (PID=102) to work on /opt/airflow/dags/Dags Fundamentals/Atividade.py
[2025-04-16T18:37:02.657+0000] {processor.py:914} INFO - Processing file /opt/airflow/dags/Dags Fundamentals/Atividade.py for tasks to queue
[2025-04-16T18:37:02.660+0000] {logging_mixin.py:190} INFO - [2025-04-16T18:37:02.659+0000] {dagbag.py:588} INFO - Filling up the DagBag from /opt/airflow/dags/Dags Fundamentals/Atividade.py
[2025-04-16T18:37:02.697+0000] {processor.py:925} INFO - DAG(s) 'dag_complexa_exemplo' retrieved from /opt/airflow/dags/Dags Fundamentals/Atividade.py
[2025-04-16T18:37:02.750+0000] {logging_mixin.py:190} INFO - [2025-04-16T18:37:02.750+0000] {dag.py:3239} INFO - Sync 1 DAGs
[2025-04-16T18:37:02.779+0000] {logging_mixin.py:190} INFO - [2025-04-16T18:37:02.779+0000] {dag.py:4180} INFO - Setting next_dagrun for dag_complexa_exemplo to None, run_after=None
[2025-04-16T18:37:02.817+0000] {processor.py:208} INFO - Processing /opt/airflow/dags/Dags Fundamentals/Atividade.py took 0.166 seconds
[2025-04-16T18:37:33.768+0000] {processor.py:186} INFO - Started process (PID=125) to work on /opt/airflow/dags/Dags Fundamentals/Atividade.py
[2025-04-16T18:37:33.769+0000] {processor.py:914} INFO - Processing file /opt/airflow/dags/Dags Fundamentals/Atividade.py for tasks to queue
[2025-04-16T18:37:33.774+0000] {logging_mixin.py:190} INFO - [2025-04-16T18:37:33.774+0000] {dagbag.py:588} INFO - Filling up the DagBag from /opt/airflow/dags/Dags Fundamentals/Atividade.py
[2025-04-16T18:37:33.799+0000] {processor.py:925} INFO - DAG(s) 'dag_complexa_exemplo' retrieved from /opt/airflow/dags/Dags Fundamentals/Atividade.py
[2025-04-16T18:37:33.853+0000] {logging_mixin.py:190} INFO - [2025-04-16T18:37:33.852+0000] {dag.py:3239} INFO - Sync 1 DAGs
[2025-04-16T18:37:33.878+0000] {logging_mixin.py:190} INFO - [2025-04-16T18:37:33.878+0000] {dag.py:4180} INFO - Setting next_dagrun for dag_complexa_exemplo to None, run_after=None
[2025-04-16T18:37:33.915+0000] {processor.py:208} INFO - Processing /opt/airflow/dags/Dags Fundamentals/Atividade.py took 0.154 seconds
[2025-04-16T18:38:04.818+0000] {processor.py:186} INFO - Started process (PID=148) to work on /opt/airflow/dags/Dags Fundamentals/Atividade.py
[2025-04-16T18:38:04.820+0000] {processor.py:914} INFO - Processing file /opt/airflow/dags/Dags Fundamentals/Atividade.py for tasks to queue
[2025-04-16T18:38:04.822+0000] {logging_mixin.py:190} INFO - [2025-04-16T18:38:04.822+0000] {dagbag.py:588} INFO - Filling up the DagBag from /opt/airflow/dags/Dags Fundamentals/Atividade.py
[2025-04-16T18:38:04.869+0000] {processor.py:925} INFO - DAG(s) 'dag_complexa_exemplo' retrieved from /opt/airflow/dags/Dags Fundamentals/Atividade.py
[2025-04-16T18:38:04.972+0000] {logging_mixin.py:190} INFO - [2025-04-16T18:38:04.971+0000] {dag.py:3239} INFO - Sync 1 DAGs
[2025-04-16T18:38:05.000+0000] {logging_mixin.py:190} INFO - [2025-04-16T18:38:05.000+0000] {dag.py:4180} INFO - Setting next_dagrun for dag_complexa_exemplo to None, run_after=None
[2025-04-16T18:38:05.102+0000] {processor.py:208} INFO - Processing /opt/airflow/dags/Dags Fundamentals/Atividade.py took 0.291 seconds
[2025-04-16T18:38:35.708+0000] {processor.py:186} INFO - Started process (PID=171) to work on /opt/airflow/dags/Dags Fundamentals/Atividade.py
[2025-04-16T18:38:35.709+0000] {processor.py:914} INFO - Processing file /opt/airflow/dags/Dags Fundamentals/Atividade.py for tasks to queue
[2025-04-16T18:38:35.713+0000] {logging_mixin.py:190} INFO - [2025-04-16T18:38:35.713+0000] {dagbag.py:588} INFO - Filling up the DagBag from /opt/airflow/dags/Dags Fundamentals/Atividade.py
[2025-04-16T18:38:35.739+0000] {processor.py:925} INFO - DAG(s) 'dag_complexa_exemplo' retrieved from /opt/airflow/dags/Dags Fundamentals/Atividade.py
[2025-04-16T18:38:35.798+0000] {logging_mixin.py:190} INFO - [2025-04-16T18:38:35.798+0000] {dag.py:3239} INFO - Sync 1 DAGs
[2025-04-16T18:38:35.822+0000] {logging_mixin.py:190} INFO - [2025-04-16T18:38:35.822+0000] {dag.py:4180} INFO - Setting next_dagrun for dag_complexa_exemplo to None, run_after=None
[2025-04-16T18:38:35.852+0000] {processor.py:208} INFO - Processing /opt/airflow/dags/Dags Fundamentals/Atividade.py took 0.150 seconds
[2025-04-16T18:39:06.023+0000] {processor.py:186} INFO - Started process (PID=194) to work on /opt/airflow/dags/Dags Fundamentals/Atividade.py
[2025-04-16T18:39:06.024+0000] {processor.py:914} INFO - Processing file /opt/airflow/dags/Dags Fundamentals/Atividade.py for tasks to queue
[2025-04-16T18:39:06.026+0000] {logging_mixin.py:190} INFO - [2025-04-16T18:39:06.026+0000] {dagbag.py:588} INFO - Filling up the DagBag from /opt/airflow/dags/Dags Fundamentals/Atividade.py
[2025-04-16T18:39:06.053+0000] {processor.py:925} INFO - DAG(s) 'dag_complexa_exemplo' retrieved from /opt/airflow/dags/Dags Fundamentals/Atividade.py
[2025-04-16T18:39:06.104+0000] {logging_mixin.py:190} INFO - [2025-04-16T18:39:06.104+0000] {dag.py:3239} INFO - Sync 1 DAGs
[2025-04-16T18:39:06.126+0000] {logging_mixin.py:190} INFO - [2025-04-16T18:39:06.126+0000] {dag.py:4180} INFO - Setting next_dagrun for dag_complexa_exemplo to None, run_after=None
[2025-04-16T18:39:06.176+0000] {processor.py:208} INFO - Processing /opt/airflow/dags/Dags Fundamentals/Atividade.py took 0.157 seconds
[2025-04-16T18:39:37.573+0000] {processor.py:186} INFO - Started process (PID=217) to work on /opt/airflow/dags/Dags Fundamentals/Atividade.py
[2025-04-16T18:39:37.574+0000] {processor.py:914} INFO - Processing file /opt/airflow/dags/Dags Fundamentals/Atividade.py for tasks to queue
[2025-04-16T18:39:37.577+0000] {logging_mixin.py:190} INFO - [2025-04-16T18:39:37.577+0000] {dagbag.py:588} INFO - Filling up the DagBag from /opt/airflow/dags/Dags Fundamentals/Atividade.py
[2025-04-16T18:39:37.604+0000] {processor.py:925} INFO - DAG(s) 'dag_complexa_exemplo' retrieved from /opt/airflow/dags/Dags Fundamentals/Atividade.py
[2025-04-16T18:39:37.647+0000] {logging_mixin.py:190} INFO - [2025-04-16T18:39:37.646+0000] {dag.py:3239} INFO - Sync 1 DAGs
[2025-04-16T18:39:37.666+0000] {logging_mixin.py:190} INFO - [2025-04-16T18:39:37.666+0000] {dag.py:4180} INFO - Setting next_dagrun for dag_complexa_exemplo to None, run_after=None
[2025-04-16T18:39:37.697+0000] {processor.py:208} INFO - Processing /opt/airflow/dags/Dags Fundamentals/Atividade.py took 0.129 seconds
[2025-04-16T18:40:08.625+0000] {processor.py:186} INFO - Started process (PID=240) to work on /opt/airflow/dags/Dags Fundamentals/Atividade.py
[2025-04-16T18:40:08.626+0000] {processor.py:914} INFO - Processing file /opt/airflow/dags/Dags Fundamentals/Atividade.py for tasks to queue
[2025-04-16T18:40:08.629+0000] {logging_mixin.py:190} INFO - [2025-04-16T18:40:08.628+0000] {dagbag.py:588} INFO - Filling up the DagBag from /opt/airflow/dags/Dags Fundamentals/Atividade.py
[2025-04-16T18:40:08.658+0000] {processor.py:925} INFO - DAG(s) 'dag_complexa_exemplo' retrieved from /opt/airflow/dags/Dags Fundamentals/Atividade.py
[2025-04-16T18:40:08.713+0000] {logging_mixin.py:190} INFO - [2025-04-16T18:40:08.712+0000] {dag.py:3239} INFO - Sync 1 DAGs
[2025-04-16T18:40:08.734+0000] {logging_mixin.py:190} INFO - [2025-04-16T18:40:08.734+0000] {dag.py:4180} INFO - Setting next_dagrun for dag_complexa_exemplo to None, run_after=None
[2025-04-16T18:40:08.764+0000] {processor.py:208} INFO - Processing /opt/airflow/dags/Dags Fundamentals/Atividade.py took 0.144 seconds
[2025-04-16T18:40:39.564+0000] {processor.py:186} INFO - Started process (PID=262) to work on /opt/airflow/dags/Dags Fundamentals/Atividade.py
[2025-04-16T18:40:39.566+0000] {processor.py:914} INFO - Processing file /opt/airflow/dags/Dags Fundamentals/Atividade.py for tasks to queue
[2025-04-16T18:40:39.571+0000] {logging_mixin.py:190} INFO - [2025-04-16T18:40:39.570+0000] {dagbag.py:588} INFO - Filling up the DagBag from /opt/airflow/dags/Dags Fundamentals/Atividade.py
[2025-04-16T18:40:39.603+0000] {processor.py:925} INFO - DAG(s) 'dag_complexa_exemplo' retrieved from /opt/airflow/dags/Dags Fundamentals/Atividade.py
[2025-04-16T18:40:39.663+0000] {logging_mixin.py:190} INFO - [2025-04-16T18:40:39.663+0000] {dag.py:3239} INFO - Sync 1 DAGs
[2025-04-16T18:40:39.708+0000] {logging_mixin.py:190} INFO - [2025-04-16T18:40:39.708+0000] {dag.py:4180} INFO - Setting next_dagrun for dag_complexa_exemplo to None, run_after=None
[2025-04-16T18:40:39.758+0000] {processor.py:208} INFO - Processing /opt/airflow/dags/Dags Fundamentals/Atividade.py took 0.202 seconds
[2025-04-16T18:41:10.616+0000] {processor.py:186} INFO - Started process (PID=284) to work on /opt/airflow/dags/Dags Fundamentals/Atividade.py
[2025-04-16T18:41:10.618+0000] {processor.py:914} INFO - Processing file /opt/airflow/dags/Dags Fundamentals/Atividade.py for tasks to queue
[2025-04-16T18:41:10.620+0000] {logging_mixin.py:190} INFO - [2025-04-16T18:41:10.620+0000] {dagbag.py:588} INFO - Filling up the DagBag from /opt/airflow/dags/Dags Fundamentals/Atividade.py
[2025-04-16T18:41:10.644+0000] {processor.py:925} INFO - DAG(s) 'dag_complexa_exemplo' retrieved from /opt/airflow/dags/Dags Fundamentals/Atividade.py
[2025-04-16T18:41:10.702+0000] {logging_mixin.py:190} INFO - [2025-04-16T18:41:10.701+0000] {dag.py:3239} INFO - Sync 1 DAGs
[2025-04-16T18:41:10.726+0000] {logging_mixin.py:190} INFO - [2025-04-16T18:41:10.725+0000] {dag.py:4180} INFO - Setting next_dagrun for dag_complexa_exemplo to None, run_after=None
[2025-04-16T18:41:10.756+0000] {processor.py:208} INFO - Processing /opt/airflow/dags/Dags Fundamentals/Atividade.py took 0.144 seconds
[2025-04-16T18:41:41.549+0000] {processor.py:186} INFO - Started process (PID=307) to work on /opt/airflow/dags/Dags Fundamentals/Atividade.py
[2025-04-16T18:41:41.551+0000] {processor.py:914} INFO - Processing file /opt/airflow/dags/Dags Fundamentals/Atividade.py for tasks to queue
[2025-04-16T18:41:41.553+0000] {logging_mixin.py:190} INFO - [2025-04-16T18:41:41.553+0000] {dagbag.py:588} INFO - Filling up the DagBag from /opt/airflow/dags/Dags Fundamentals/Atividade.py
[2025-04-16T18:41:41.577+0000] {processor.py:925} INFO - DAG(s) 'dag_complexa_exemplo' retrieved from /opt/airflow/dags/Dags Fundamentals/Atividade.py
[2025-04-16T18:41:41.630+0000] {logging_mixin.py:190} INFO - [2025-04-16T18:41:41.630+0000] {dag.py:3239} INFO - Sync 1 DAGs
[2025-04-16T18:41:41.653+0000] {logging_mixin.py:190} INFO - [2025-04-16T18:41:41.653+0000] {dag.py:4180} INFO - Setting next_dagrun for dag_complexa_exemplo to None, run_after=None
[2025-04-16T18:41:41.683+0000] {processor.py:208} INFO - Processing /opt/airflow/dags/Dags Fundamentals/Atividade.py took 0.139 seconds
[2025-04-16T18:42:12.650+0000] {processor.py:186} INFO - Started process (PID=330) to work on /opt/airflow/dags/Dags Fundamentals/Atividade.py
[2025-04-16T18:42:12.651+0000] {processor.py:914} INFO - Processing file /opt/airflow/dags/Dags Fundamentals/Atividade.py for tasks to queue
[2025-04-16T18:42:12.654+0000] {logging_mixin.py:190} INFO - [2025-04-16T18:42:12.653+0000] {dagbag.py:588} INFO - Filling up the DagBag from /opt/airflow/dags/Dags Fundamentals/Atividade.py
[2025-04-16T18:42:12.679+0000] {processor.py:925} INFO - DAG(s) 'dag_complexa_exemplo' retrieved from /opt/airflow/dags/Dags Fundamentals/Atividade.py
[2025-04-16T18:42:12.737+0000] {logging_mixin.py:190} INFO - [2025-04-16T18:42:12.737+0000] {dag.py:3239} INFO - Sync 1 DAGs
[2025-04-16T18:42:12.766+0000] {logging_mixin.py:190} INFO - [2025-04-16T18:42:12.766+0000] {dag.py:4180} INFO - Setting next_dagrun for dag_complexa_exemplo to None, run_after=None
[2025-04-16T18:42:12.803+0000] {processor.py:208} INFO - Processing /opt/airflow/dags/Dags Fundamentals/Atividade.py took 0.159 seconds
[2025-04-16T18:42:43.283+0000] {processor.py:186} INFO - Started process (PID=353) to work on /opt/airflow/dags/Dags Fundamentals/Atividade.py
[2025-04-16T18:42:43.285+0000] {processor.py:914} INFO - Processing file /opt/airflow/dags/Dags Fundamentals/Atividade.py for tasks to queue
[2025-04-16T18:42:43.289+0000] {logging_mixin.py:190} INFO - [2025-04-16T18:42:43.289+0000] {dagbag.py:588} INFO - Filling up the DagBag from /opt/airflow/dags/Dags Fundamentals/Atividade.py
[2025-04-16T18:42:43.320+0000] {processor.py:925} INFO - DAG(s) 'dag_complexa_exemplo' retrieved from /opt/airflow/dags/Dags Fundamentals/Atividade.py
[2025-04-16T18:42:43.374+0000] {logging_mixin.py:190} INFO - [2025-04-16T18:42:43.374+0000] {dag.py:3239} INFO - Sync 1 DAGs
[2025-04-16T18:42:43.399+0000] {logging_mixin.py:190} INFO - [2025-04-16T18:42:43.398+0000] {dag.py:4180} INFO - Setting next_dagrun for dag_complexa_exemplo to None, run_after=None
[2025-04-16T18:42:43.427+0000] {processor.py:208} INFO - Processing /opt/airflow/dags/Dags Fundamentals/Atividade.py took 0.152 seconds
[2025-04-16T18:43:13.774+0000] {processor.py:186} INFO - Started process (PID=375) to work on /opt/airflow/dags/Dags Fundamentals/Atividade.py
[2025-04-16T18:43:13.775+0000] {processor.py:914} INFO - Processing file /opt/airflow/dags/Dags Fundamentals/Atividade.py for tasks to queue
[2025-04-16T18:43:13.777+0000] {logging_mixin.py:190} INFO - [2025-04-16T18:43:13.776+0000] {dagbag.py:588} INFO - Filling up the DagBag from /opt/airflow/dags/Dags Fundamentals/Atividade.py
[2025-04-16T18:43:13.796+0000] {processor.py:925} INFO - DAG(s) 'dag_complexa_exemplo' retrieved from /opt/airflow/dags/Dags Fundamentals/Atividade.py
[2025-04-16T18:43:13.850+0000] {logging_mixin.py:190} INFO - [2025-04-16T18:43:13.850+0000] {dag.py:3239} INFO - Sync 1 DAGs
[2025-04-16T18:43:13.872+0000] {logging_mixin.py:190} INFO - [2025-04-16T18:43:13.872+0000] {dag.py:4180} INFO - Setting next_dagrun for dag_complexa_exemplo to None, run_after=None
[2025-04-16T18:43:13.904+0000] {processor.py:208} INFO - Processing /opt/airflow/dags/Dags Fundamentals/Atividade.py took 0.135 seconds
[2025-04-16T18:43:45.023+0000] {processor.py:186} INFO - Started process (PID=399) to work on /opt/airflow/dags/Dags Fundamentals/Atividade.py
[2025-04-16T18:43:45.025+0000] {processor.py:914} INFO - Processing file /opt/airflow/dags/Dags Fundamentals/Atividade.py for tasks to queue
[2025-04-16T18:43:45.028+0000] {logging_mixin.py:190} INFO - [2025-04-16T18:43:45.028+0000] {dagbag.py:588} INFO - Filling up the DagBag from /opt/airflow/dags/Dags Fundamentals/Atividade.py
[2025-04-16T18:43:45.062+0000] {processor.py:925} INFO - DAG(s) 'dag_complexa_exemplo' retrieved from /opt/airflow/dags/Dags Fundamentals/Atividade.py
[2025-04-16T18:43:45.127+0000] {logging_mixin.py:190} INFO - [2025-04-16T18:43:45.127+0000] {dag.py:3239} INFO - Sync 1 DAGs
[2025-04-16T18:43:45.164+0000] {logging_mixin.py:190} INFO - [2025-04-16T18:43:45.164+0000] {dag.py:4180} INFO - Setting next_dagrun for dag_complexa_exemplo to None, run_after=None
[2025-04-16T18:43:45.206+0000] {processor.py:208} INFO - Processing /opt/airflow/dags/Dags Fundamentals/Atividade.py took 0.188 seconds
[2025-04-16T18:44:15.814+0000] {processor.py:186} INFO - Started process (PID=421) to work on /opt/airflow/dags/Dags Fundamentals/Atividade.py
[2025-04-16T18:44:15.815+0000] {processor.py:914} INFO - Processing file /opt/airflow/dags/Dags Fundamentals/Atividade.py for tasks to queue
[2025-04-16T18:44:15.817+0000] {logging_mixin.py:190} INFO - [2025-04-16T18:44:15.817+0000] {dagbag.py:588} INFO - Filling up the DagBag from /opt/airflow/dags/Dags Fundamentals/Atividade.py
[2025-04-16T18:44:15.837+0000] {processor.py:925} INFO - DAG(s) 'dag_complexa_exemplo' retrieved from /opt/airflow/dags/Dags Fundamentals/Atividade.py
[2025-04-16T18:44:15.889+0000] {logging_mixin.py:190} INFO - [2025-04-16T18:44:15.889+0000] {dag.py:3239} INFO - Sync 1 DAGs
[2025-04-16T18:44:15.916+0000] {logging_mixin.py:190} INFO - [2025-04-16T18:44:15.916+0000] {dag.py:4180} INFO - Setting next_dagrun for dag_complexa_exemplo to None, run_after=None
[2025-04-16T18:44:15.947+0000] {processor.py:208} INFO - Processing /opt/airflow/dags/Dags Fundamentals/Atividade.py took 0.138 seconds
[2025-04-16T18:44:46.088+0000] {processor.py:186} INFO - Started process (PID=442) to work on /opt/airflow/dags/Dags Fundamentals/Atividade.py
[2025-04-16T18:44:46.089+0000] {processor.py:914} INFO - Processing file /opt/airflow/dags/Dags Fundamentals/Atividade.py for tasks to queue
[2025-04-16T18:44:46.092+0000] {logging_mixin.py:190} INFO - [2025-04-16T18:44:46.091+0000] {dagbag.py:588} INFO - Filling up the DagBag from /opt/airflow/dags/Dags Fundamentals/Atividade.py
[2025-04-16T18:44:46.113+0000] {processor.py:925} INFO - DAG(s) 'dag_complexa_exemplo' retrieved from /opt/airflow/dags/Dags Fundamentals/Atividade.py
[2025-04-16T18:44:46.169+0000] {logging_mixin.py:190} INFO - [2025-04-16T18:44:46.169+0000] {dag.py:3239} INFO - Sync 1 DAGs
[2025-04-16T18:44:46.199+0000] {logging_mixin.py:190} INFO - [2025-04-16T18:44:46.198+0000] {dag.py:4180} INFO - Setting next_dagrun for dag_complexa_exemplo to None, run_after=None
[2025-04-16T18:44:46.257+0000] {processor.py:208} INFO - Processing /opt/airflow/dags/Dags Fundamentals/Atividade.py took 0.175 seconds
[2025-04-16T18:45:16.658+0000] {processor.py:186} INFO - Started process (PID=463) to work on /opt/airflow/dags/Dags Fundamentals/Atividade.py
[2025-04-16T18:45:16.661+0000] {processor.py:914} INFO - Processing file /opt/airflow/dags/Dags Fundamentals/Atividade.py for tasks to queue
[2025-04-16T18:45:16.664+0000] {logging_mixin.py:190} INFO - [2025-04-16T18:45:16.663+0000] {dagbag.py:588} INFO - Filling up the DagBag from /opt/airflow/dags/Dags Fundamentals/Atividade.py
[2025-04-16T18:45:16.692+0000] {processor.py:925} INFO - DAG(s) 'dag_complexa_exemplo' retrieved from /opt/airflow/dags/Dags Fundamentals/Atividade.py
[2025-04-16T18:45:16.755+0000] {logging_mixin.py:190} INFO - [2025-04-16T18:45:16.754+0000] {dag.py:3239} INFO - Sync 1 DAGs
[2025-04-16T18:45:16.783+0000] {logging_mixin.py:190} INFO - [2025-04-16T18:45:16.783+0000] {dag.py:4180} INFO - Setting next_dagrun for dag_complexa_exemplo to None, run_after=None
[2025-04-16T18:45:16.842+0000] {processor.py:208} INFO - Processing /opt/airflow/dags/Dags Fundamentals/Atividade.py took 0.190 seconds
[2025-04-16T18:45:47.222+0000] {processor.py:186} INFO - Started process (PID=486) to work on /opt/airflow/dags/Dags Fundamentals/Atividade.py
[2025-04-16T18:45:47.224+0000] {processor.py:914} INFO - Processing file /opt/airflow/dags/Dags Fundamentals/Atividade.py for tasks to queue
[2025-04-16T18:45:47.226+0000] {logging_mixin.py:190} INFO - [2025-04-16T18:45:47.225+0000] {dagbag.py:588} INFO - Filling up the DagBag from /opt/airflow/dags/Dags Fundamentals/Atividade.py
[2025-04-16T18:45:47.249+0000] {processor.py:925} INFO - DAG(s) 'dag_complexa_exemplo' retrieved from /opt/airflow/dags/Dags Fundamentals/Atividade.py
[2025-04-16T18:45:47.308+0000] {logging_mixin.py:190} INFO - [2025-04-16T18:45:47.308+0000] {dag.py:3239} INFO - Sync 1 DAGs
[2025-04-16T18:45:47.334+0000] {logging_mixin.py:190} INFO - [2025-04-16T18:45:47.334+0000] {dag.py:4180} INFO - Setting next_dagrun for dag_complexa_exemplo to None, run_after=None
[2025-04-16T18:45:47.392+0000] {processor.py:208} INFO - Processing /opt/airflow/dags/Dags Fundamentals/Atividade.py took 0.176 seconds
[2025-04-16T18:46:18.748+0000] {processor.py:186} INFO - Started process (PID=510) to work on /opt/airflow/dags/Dags Fundamentals/Atividade.py
[2025-04-16T18:46:18.749+0000] {processor.py:914} INFO - Processing file /opt/airflow/dags/Dags Fundamentals/Atividade.py for tasks to queue
[2025-04-16T18:46:18.752+0000] {logging_mixin.py:190} INFO - [2025-04-16T18:46:18.752+0000] {dagbag.py:588} INFO - Filling up the DagBag from /opt/airflow/dags/Dags Fundamentals/Atividade.py
[2025-04-16T18:46:18.778+0000] {processor.py:925} INFO - DAG(s) 'dag_complexa_exemplo' retrieved from /opt/airflow/dags/Dags Fundamentals/Atividade.py
[2025-04-16T18:46:18.828+0000] {logging_mixin.py:190} INFO - [2025-04-16T18:46:18.827+0000] {dag.py:3239} INFO - Sync 1 DAGs
[2025-04-16T18:46:18.852+0000] {logging_mixin.py:190} INFO - [2025-04-16T18:46:18.852+0000] {dag.py:4180} INFO - Setting next_dagrun for dag_complexa_exemplo to None, run_after=None
[2025-04-16T18:46:18.887+0000] {processor.py:208} INFO - Processing /opt/airflow/dags/Dags Fundamentals/Atividade.py took 0.144 seconds
[2025-04-16T18:46:50.067+0000] {processor.py:186} INFO - Started process (PID=534) to work on /opt/airflow/dags/Dags Fundamentals/Atividade.py
[2025-04-16T18:46:50.068+0000] {processor.py:914} INFO - Processing file /opt/airflow/dags/Dags Fundamentals/Atividade.py for tasks to queue
[2025-04-16T18:46:50.072+0000] {logging_mixin.py:190} INFO - [2025-04-16T18:46:50.071+0000] {dagbag.py:588} INFO - Filling up the DagBag from /opt/airflow/dags/Dags Fundamentals/Atividade.py
[2025-04-16T18:46:50.098+0000] {processor.py:925} INFO - DAG(s) 'dag_complexa_exemplo' retrieved from /opt/airflow/dags/Dags Fundamentals/Atividade.py
[2025-04-16T18:46:50.155+0000] {logging_mixin.py:190} INFO - [2025-04-16T18:46:50.155+0000] {dag.py:3239} INFO - Sync 1 DAGs
[2025-04-16T18:46:50.182+0000] {logging_mixin.py:190} INFO - [2025-04-16T18:46:50.182+0000] {dag.py:4180} INFO - Setting next_dagrun for dag_complexa_exemplo to None, run_after=None
[2025-04-16T18:46:50.216+0000] {processor.py:208} INFO - Processing /opt/airflow/dags/Dags Fundamentals/Atividade.py took 0.157 seconds
[2025-04-16T18:47:21.601+0000] {processor.py:186} INFO - Started process (PID=557) to work on /opt/airflow/dags/Dags Fundamentals/Atividade.py
[2025-04-16T18:47:21.602+0000] {processor.py:914} INFO - Processing file /opt/airflow/dags/Dags Fundamentals/Atividade.py for tasks to queue
[2025-04-16T18:47:21.605+0000] {logging_mixin.py:190} INFO - [2025-04-16T18:47:21.604+0000] {dagbag.py:588} INFO - Filling up the DagBag from /opt/airflow/dags/Dags Fundamentals/Atividade.py
[2025-04-16T18:47:21.663+0000] {processor.py:925} INFO - DAG(s) 'dag_complexa_exemplo' retrieved from /opt/airflow/dags/Dags Fundamentals/Atividade.py
[2025-04-16T18:47:21.724+0000] {logging_mixin.py:190} INFO - [2025-04-16T18:47:21.723+0000] {dag.py:3239} INFO - Sync 1 DAGs
[2025-04-16T18:47:21.762+0000] {logging_mixin.py:190} INFO - [2025-04-16T18:47:21.762+0000] {dag.py:4180} INFO - Setting next_dagrun for dag_complexa_exemplo to None, run_after=None
[2025-04-16T18:47:21.838+0000] {processor.py:208} INFO - Processing /opt/airflow/dags/Dags Fundamentals/Atividade.py took 0.246 seconds
[2025-04-16T18:47:52.484+0000] {processor.py:186} INFO - Started process (PID=580) to work on /opt/airflow/dags/Dags Fundamentals/Atividade.py
[2025-04-16T18:47:52.486+0000] {processor.py:914} INFO - Processing file /opt/airflow/dags/Dags Fundamentals/Atividade.py for tasks to queue
[2025-04-16T18:47:52.497+0000] {logging_mixin.py:190} INFO - [2025-04-16T18:47:52.495+0000] {dagbag.py:588} INFO - Filling up the DagBag from /opt/airflow/dags/Dags Fundamentals/Atividade.py
[2025-04-16T18:47:52.528+0000] {processor.py:925} INFO - DAG(s) 'dag_complexa_exemplo' retrieved from /opt/airflow/dags/Dags Fundamentals/Atividade.py
[2025-04-16T18:47:52.581+0000] {logging_mixin.py:190} INFO - [2025-04-16T18:47:52.580+0000] {dag.py:3239} INFO - Sync 1 DAGs
[2025-04-16T18:47:52.607+0000] {logging_mixin.py:190} INFO - [2025-04-16T18:47:52.606+0000] {dag.py:4180} INFO - Setting next_dagrun for dag_complexa_exemplo to None, run_after=None
[2025-04-16T18:47:52.641+0000] {processor.py:208} INFO - Processing /opt/airflow/dags/Dags Fundamentals/Atividade.py took 0.163 seconds
[2025-04-16T18:48:23.446+0000] {processor.py:186} INFO - Started process (PID=603) to work on /opt/airflow/dags/Dags Fundamentals/Atividade.py
[2025-04-16T18:48:23.447+0000] {processor.py:914} INFO - Processing file /opt/airflow/dags/Dags Fundamentals/Atividade.py for tasks to queue
[2025-04-16T18:48:23.449+0000] {logging_mixin.py:190} INFO - [2025-04-16T18:48:23.449+0000] {dagbag.py:588} INFO - Filling up the DagBag from /opt/airflow/dags/Dags Fundamentals/Atividade.py
[2025-04-16T18:48:23.476+0000] {processor.py:925} INFO - DAG(s) 'dag_complexa_exemplo' retrieved from /opt/airflow/dags/Dags Fundamentals/Atividade.py
[2025-04-16T18:48:23.537+0000] {logging_mixin.py:190} INFO - [2025-04-16T18:48:23.537+0000] {dag.py:3239} INFO - Sync 1 DAGs
[2025-04-16T18:48:23.562+0000] {logging_mixin.py:190} INFO - [2025-04-16T18:48:23.562+0000] {dag.py:4180} INFO - Setting next_dagrun for dag_complexa_exemplo to None, run_after=None
[2025-04-16T18:48:23.592+0000] {processor.py:208} INFO - Processing /opt/airflow/dags/Dags Fundamentals/Atividade.py took 0.152 seconds
[2025-04-16T18:48:54.326+0000] {processor.py:186} INFO - Started process (PID=626) to work on /opt/airflow/dags/Dags Fundamentals/Atividade.py
[2025-04-16T18:48:54.328+0000] {processor.py:914} INFO - Processing file /opt/airflow/dags/Dags Fundamentals/Atividade.py for tasks to queue
[2025-04-16T18:48:54.331+0000] {logging_mixin.py:190} INFO - [2025-04-16T18:48:54.330+0000] {dagbag.py:588} INFO - Filling up the DagBag from /opt/airflow/dags/Dags Fundamentals/Atividade.py
[2025-04-16T18:48:54.358+0000] {processor.py:925} INFO - DAG(s) 'dag_complexa_exemplo' retrieved from /opt/airflow/dags/Dags Fundamentals/Atividade.py
[2025-04-16T18:48:54.425+0000] {logging_mixin.py:190} INFO - [2025-04-16T18:48:54.425+0000] {dag.py:3239} INFO - Sync 1 DAGs
[2025-04-16T18:48:54.454+0000] {logging_mixin.py:190} INFO - [2025-04-16T18:48:54.453+0000] {dag.py:4180} INFO - Setting next_dagrun for dag_complexa_exemplo to None, run_after=None
[2025-04-16T18:48:54.496+0000] {processor.py:208} INFO - Processing /opt/airflow/dags/Dags Fundamentals/Atividade.py took 0.177 seconds
[2025-04-16T18:49:25.123+0000] {processor.py:186} INFO - Started process (PID=648) to work on /opt/airflow/dags/Dags Fundamentals/Atividade.py
[2025-04-16T18:49:25.126+0000] {processor.py:914} INFO - Processing file /opt/airflow/dags/Dags Fundamentals/Atividade.py for tasks to queue
[2025-04-16T18:49:25.131+0000] {logging_mixin.py:190} INFO - [2025-04-16T18:49:25.130+0000] {dagbag.py:588} INFO - Filling up the DagBag from /opt/airflow/dags/Dags Fundamentals/Atividade.py
[2025-04-16T18:49:25.157+0000] {processor.py:925} INFO - DAG(s) 'dag_complexa_exemplo' retrieved from /opt/airflow/dags/Dags Fundamentals/Atividade.py
[2025-04-16T18:49:25.213+0000] {logging_mixin.py:190} INFO - [2025-04-16T18:49:25.213+0000] {dag.py:3239} INFO - Sync 1 DAGs
[2025-04-16T18:49:25.237+0000] {logging_mixin.py:190} INFO - [2025-04-16T18:49:25.237+0000] {dag.py:4180} INFO - Setting next_dagrun for dag_complexa_exemplo to None, run_after=None
[2025-04-16T18:49:25.273+0000] {processor.py:208} INFO - Processing /opt/airflow/dags/Dags Fundamentals/Atividade.py took 0.158 seconds
[2025-04-16T18:49:56.273+0000] {processor.py:186} INFO - Started process (PID=671) to work on /opt/airflow/dags/Dags Fundamentals/Atividade.py
[2025-04-16T18:49:56.274+0000] {processor.py:914} INFO - Processing file /opt/airflow/dags/Dags Fundamentals/Atividade.py for tasks to queue
[2025-04-16T18:49:56.278+0000] {logging_mixin.py:190} INFO - [2025-04-16T18:49:56.278+0000] {dagbag.py:588} INFO - Filling up the DagBag from /opt/airflow/dags/Dags Fundamentals/Atividade.py
[2025-04-16T18:49:56.306+0000] {processor.py:925} INFO - DAG(s) 'dag_complexa_exemplo' retrieved from /opt/airflow/dags/Dags Fundamentals/Atividade.py
[2025-04-16T18:49:56.356+0000] {logging_mixin.py:190} INFO - [2025-04-16T18:49:56.356+0000] {dag.py:3239} INFO - Sync 1 DAGs
[2025-04-16T18:49:56.382+0000] {logging_mixin.py:190} INFO - [2025-04-16T18:49:56.382+0000] {dag.py:4180} INFO - Setting next_dagrun for dag_complexa_exemplo to None, run_after=None
[2025-04-16T18:49:56.417+0000] {processor.py:208} INFO - Processing /opt/airflow/dags/Dags Fundamentals/Atividade.py took 0.150 seconds
[2025-04-16T18:50:27.083+0000] {processor.py:186} INFO - Started process (PID=694) to work on /opt/airflow/dags/Dags Fundamentals/Atividade.py
[2025-04-16T18:50:27.084+0000] {processor.py:914} INFO - Processing file /opt/airflow/dags/Dags Fundamentals/Atividade.py for tasks to queue
[2025-04-16T18:50:27.087+0000] {logging_mixin.py:190} INFO - [2025-04-16T18:50:27.086+0000] {dagbag.py:588} INFO - Filling up the DagBag from /opt/airflow/dags/Dags Fundamentals/Atividade.py
[2025-04-16T18:50:27.113+0000] {processor.py:925} INFO - DAG(s) 'dag_complexa_exemplo' retrieved from /opt/airflow/dags/Dags Fundamentals/Atividade.py
[2025-04-16T18:50:27.181+0000] {logging_mixin.py:190} INFO - [2025-04-16T18:50:27.181+0000] {dag.py:3239} INFO - Sync 1 DAGs
[2025-04-16T18:50:27.210+0000] {logging_mixin.py:190} INFO - [2025-04-16T18:50:27.210+0000] {dag.py:4180} INFO - Setting next_dagrun for dag_complexa_exemplo to None, run_after=None
[2025-04-16T18:50:27.266+0000] {processor.py:208} INFO - Processing /opt/airflow/dags/Dags Fundamentals/Atividade.py took 0.188 seconds
[2025-04-16T18:50:57.945+0000] {processor.py:186} INFO - Started process (PID=717) to work on /opt/airflow/dags/Dags Fundamentals/Atividade.py
[2025-04-16T18:50:57.946+0000] {processor.py:914} INFO - Processing file /opt/airflow/dags/Dags Fundamentals/Atividade.py for tasks to queue
[2025-04-16T18:50:57.948+0000] {logging_mixin.py:190} INFO - [2025-04-16T18:50:57.948+0000] {dagbag.py:588} INFO - Filling up the DagBag from /opt/airflow/dags/Dags Fundamentals/Atividade.py
[2025-04-16T18:50:57.974+0000] {processor.py:925} INFO - DAG(s) 'dag_complexa_exemplo' retrieved from /opt/airflow/dags/Dags Fundamentals/Atividade.py
[2025-04-16T18:50:58.083+0000] {logging_mixin.py:190} INFO - [2025-04-16T18:50:58.083+0000] {dag.py:3239} INFO - Sync 1 DAGs
[2025-04-16T18:50:58.108+0000] {logging_mixin.py:190} INFO - [2025-04-16T18:50:58.108+0000] {dag.py:4180} INFO - Setting next_dagrun for dag_complexa_exemplo to None, run_after=None
[2025-04-16T18:50:58.157+0000] {processor.py:208} INFO - Processing /opt/airflow/dags/Dags Fundamentals/Atividade.py took 0.217 seconds
[2025-04-16T18:51:29.735+0000] {processor.py:186} INFO - Started process (PID=741) to work on /opt/airflow/dags/Dags Fundamentals/Atividade.py
[2025-04-16T18:51:29.736+0000] {processor.py:914} INFO - Processing file /opt/airflow/dags/Dags Fundamentals/Atividade.py for tasks to queue
[2025-04-16T18:51:29.738+0000] {logging_mixin.py:190} INFO - [2025-04-16T18:51:29.738+0000] {dagbag.py:588} INFO - Filling up the DagBag from /opt/airflow/dags/Dags Fundamentals/Atividade.py
[2025-04-16T18:51:29.763+0000] {processor.py:925} INFO - DAG(s) 'dag_complexa_exemplo' retrieved from /opt/airflow/dags/Dags Fundamentals/Atividade.py
[2025-04-16T18:51:29.814+0000] {logging_mixin.py:190} INFO - [2025-04-16T18:51:29.814+0000] {dag.py:3239} INFO - Sync 1 DAGs
[2025-04-16T18:51:29.838+0000] {logging_mixin.py:190} INFO - [2025-04-16T18:51:29.837+0000] {dag.py:4180} INFO - Setting next_dagrun for dag_complexa_exemplo to None, run_after=None
[2025-04-16T18:51:29.869+0000] {processor.py:208} INFO - Processing /opt/airflow/dags/Dags Fundamentals/Atividade.py took 0.138 seconds
[2025-04-16T18:52:01.558+0000] {processor.py:186} INFO - Started process (PID=770) to work on /opt/airflow/dags/Dags Fundamentals/Atividade.py
[2025-04-16T18:52:01.559+0000] {processor.py:914} INFO - Processing file /opt/airflow/dags/Dags Fundamentals/Atividade.py for tasks to queue
[2025-04-16T18:52:01.563+0000] {logging_mixin.py:190} INFO - [2025-04-16T18:52:01.562+0000] {dagbag.py:588} INFO - Filling up the DagBag from /opt/airflow/dags/Dags Fundamentals/Atividade.py
[2025-04-16T18:52:01.590+0000] {processor.py:925} INFO - DAG(s) 'dag_complexa_exemplo' retrieved from /opt/airflow/dags/Dags Fundamentals/Atividade.py
[2025-04-16T18:52:01.645+0000] {logging_mixin.py:190} INFO - [2025-04-16T18:52:01.644+0000] {dag.py:3239} INFO - Sync 1 DAGs
[2025-04-16T18:52:01.675+0000] {logging_mixin.py:190} INFO - [2025-04-16T18:52:01.675+0000] {dag.py:4180} INFO - Setting next_dagrun for dag_complexa_exemplo to None, run_after=None
[2025-04-16T18:52:01.700+0000] {processor.py:208} INFO - Processing /opt/airflow/dags/Dags Fundamentals/Atividade.py took 0.147 seconds
[2025-04-16T18:52:33.046+0000] {processor.py:186} INFO - Started process (PID=793) to work on /opt/airflow/dags/Dags Fundamentals/Atividade.py
[2025-04-16T18:52:33.047+0000] {processor.py:914} INFO - Processing file /opt/airflow/dags/Dags Fundamentals/Atividade.py for tasks to queue
[2025-04-16T18:52:33.049+0000] {logging_mixin.py:190} INFO - [2025-04-16T18:52:33.049+0000] {dagbag.py:588} INFO - Filling up the DagBag from /opt/airflow/dags/Dags Fundamentals/Atividade.py
[2025-04-16T18:52:33.071+0000] {processor.py:925} INFO - DAG(s) 'dag_complexa_exemplo' retrieved from /opt/airflow/dags/Dags Fundamentals/Atividade.py
[2025-04-16T18:52:33.117+0000] {logging_mixin.py:190} INFO - [2025-04-16T18:52:33.116+0000] {dag.py:3239} INFO - Sync 1 DAGs
[2025-04-16T18:52:33.140+0000] {logging_mixin.py:190} INFO - [2025-04-16T18:52:33.140+0000] {dag.py:4180} INFO - Setting next_dagrun for dag_complexa_exemplo to None, run_after=None
[2025-04-16T18:52:33.170+0000] {processor.py:208} INFO - Processing /opt/airflow/dags/Dags Fundamentals/Atividade.py took 0.129 seconds
[2025-04-16T18:53:03.607+0000] {processor.py:186} INFO - Started process (PID=816) to work on /opt/airflow/dags/Dags Fundamentals/Atividade.py
[2025-04-16T18:53:03.608+0000] {processor.py:914} INFO - Processing file /opt/airflow/dags/Dags Fundamentals/Atividade.py for tasks to queue
[2025-04-16T18:53:03.612+0000] {logging_mixin.py:190} INFO - [2025-04-16T18:53:03.611+0000] {dagbag.py:588} INFO - Filling up the DagBag from /opt/airflow/dags/Dags Fundamentals/Atividade.py
[2025-04-16T18:53:03.637+0000] {processor.py:925} INFO - DAG(s) 'dag_complexa_exemplo' retrieved from /opt/airflow/dags/Dags Fundamentals/Atividade.py
[2025-04-16T18:53:03.701+0000] {logging_mixin.py:190} INFO - [2025-04-16T18:53:03.700+0000] {dag.py:3239} INFO - Sync 1 DAGs
[2025-04-16T18:53:03.723+0000] {logging_mixin.py:190} INFO - [2025-04-16T18:53:03.723+0000] {dag.py:4180} INFO - Setting next_dagrun for dag_complexa_exemplo to None, run_after=None
[2025-04-16T18:53:03.797+0000] {processor.py:208} INFO - Processing /opt/airflow/dags/Dags Fundamentals/Atividade.py took 0.195 seconds
[2025-04-16T18:53:34.145+0000] {processor.py:186} INFO - Started process (PID=838) to work on /opt/airflow/dags/Dags Fundamentals/Atividade.py
[2025-04-16T18:53:34.147+0000] {processor.py:914} INFO - Processing file /opt/airflow/dags/Dags Fundamentals/Atividade.py for tasks to queue
[2025-04-16T18:53:34.152+0000] {logging_mixin.py:190} INFO - [2025-04-16T18:53:34.151+0000] {dagbag.py:588} INFO - Filling up the DagBag from /opt/airflow/dags/Dags Fundamentals/Atividade.py
[2025-04-16T18:53:34.191+0000] {processor.py:925} INFO - DAG(s) 'dag_complexa_exemplo' retrieved from /opt/airflow/dags/Dags Fundamentals/Atividade.py
[2025-04-16T18:53:34.250+0000] {logging_mixin.py:190} INFO - [2025-04-16T18:53:34.249+0000] {dag.py:3239} INFO - Sync 1 DAGs
[2025-04-16T18:53:34.274+0000] {logging_mixin.py:190} INFO - [2025-04-16T18:53:34.274+0000] {dag.py:4180} INFO - Setting next_dagrun for dag_complexa_exemplo to None, run_after=None
[2025-04-16T18:53:34.306+0000] {processor.py:208} INFO - Processing /opt/airflow/dags/Dags Fundamentals/Atividade.py took 0.175 seconds
[2025-04-16T18:54:05.115+0000] {processor.py:186} INFO - Started process (PID=860) to work on /opt/airflow/dags/Dags Fundamentals/Atividade.py
[2025-04-16T18:54:05.117+0000] {processor.py:914} INFO - Processing file /opt/airflow/dags/Dags Fundamentals/Atividade.py for tasks to queue
[2025-04-16T18:54:05.121+0000] {logging_mixin.py:190} INFO - [2025-04-16T18:54:05.121+0000] {dagbag.py:588} INFO - Filling up the DagBag from /opt/airflow/dags/Dags Fundamentals/Atividade.py
[2025-04-16T18:54:05.149+0000] {processor.py:925} INFO - DAG(s) 'dag_complexa_exemplo' retrieved from /opt/airflow/dags/Dags Fundamentals/Atividade.py
[2025-04-16T18:54:05.214+0000] {logging_mixin.py:190} INFO - [2025-04-16T18:54:05.213+0000] {dag.py:3239} INFO - Sync 1 DAGs
[2025-04-16T18:54:05.264+0000] {logging_mixin.py:190} INFO - [2025-04-16T18:54:05.263+0000] {dag.py:4180} INFO - Setting next_dagrun for dag_complexa_exemplo to None, run_after=None
[2025-04-16T18:54:05.351+0000] {processor.py:208} INFO - Processing /opt/airflow/dags/Dags Fundamentals/Atividade.py took 0.242 seconds
[2025-04-16T18:54:36.184+0000] {processor.py:186} INFO - Started process (PID=882) to work on /opt/airflow/dags/Dags Fundamentals/Atividade.py
[2025-04-16T18:54:36.185+0000] {processor.py:914} INFO - Processing file /opt/airflow/dags/Dags Fundamentals/Atividade.py for tasks to queue
[2025-04-16T18:54:36.192+0000] {logging_mixin.py:190} INFO - [2025-04-16T18:54:36.191+0000] {dagbag.py:588} INFO - Filling up the DagBag from /opt/airflow/dags/Dags Fundamentals/Atividade.py
[2025-04-16T18:54:36.240+0000] {processor.py:925} INFO - DAG(s) 'dag_complexa_exemplo' retrieved from /opt/airflow/dags/Dags Fundamentals/Atividade.py
[2025-04-16T18:54:36.317+0000] {logging_mixin.py:190} INFO - [2025-04-16T18:54:36.317+0000] {dag.py:3239} INFO - Sync 1 DAGs
[2025-04-16T18:54:36.347+0000] {logging_mixin.py:190} INFO - [2025-04-16T18:54:36.347+0000] {dag.py:4180} INFO - Setting next_dagrun for dag_complexa_exemplo to None, run_after=None
[2025-04-16T18:54:36.389+0000] {processor.py:208} INFO - Processing /opt/airflow/dags/Dags Fundamentals/Atividade.py took 0.211 seconds
[2025-04-16T18:55:07.716+0000] {processor.py:186} INFO - Started process (PID=905) to work on /opt/airflow/dags/Dags Fundamentals/Atividade.py
[2025-04-16T18:55:07.717+0000] {processor.py:914} INFO - Processing file /opt/airflow/dags/Dags Fundamentals/Atividade.py for tasks to queue
[2025-04-16T18:55:07.718+0000] {logging_mixin.py:190} INFO - [2025-04-16T18:55:07.718+0000] {dagbag.py:588} INFO - Filling up the DagBag from /opt/airflow/dags/Dags Fundamentals/Atividade.py
[2025-04-16T18:55:07.743+0000] {processor.py:925} INFO - DAG(s) 'dag_complexa_exemplo' retrieved from /opt/airflow/dags/Dags Fundamentals/Atividade.py
[2025-04-16T18:55:07.787+0000] {logging_mixin.py:190} INFO - [2025-04-16T18:55:07.787+0000] {dag.py:3239} INFO - Sync 1 DAGs
[2025-04-16T18:55:07.812+0000] {logging_mixin.py:190} INFO - [2025-04-16T18:55:07.812+0000] {dag.py:4180} INFO - Setting next_dagrun for dag_complexa_exemplo to None, run_after=None
[2025-04-16T18:55:07.880+0000] {processor.py:208} INFO - Processing /opt/airflow/dags/Dags Fundamentals/Atividade.py took 0.169 seconds
[2025-04-16T18:55:38.370+0000] {processor.py:186} INFO - Started process (PID=928) to work on /opt/airflow/dags/Dags Fundamentals/Atividade.py
[2025-04-16T18:55:38.372+0000] {processor.py:914} INFO - Processing file /opt/airflow/dags/Dags Fundamentals/Atividade.py for tasks to queue
[2025-04-16T18:55:38.377+0000] {logging_mixin.py:190} INFO - [2025-04-16T18:55:38.376+0000] {dagbag.py:588} INFO - Filling up the DagBag from /opt/airflow/dags/Dags Fundamentals/Atividade.py
[2025-04-16T18:55:38.450+0000] {processor.py:925} INFO - DAG(s) 'dag_complexa_exemplo' retrieved from /opt/airflow/dags/Dags Fundamentals/Atividade.py
[2025-04-16T18:55:38.564+0000] {logging_mixin.py:190} INFO - [2025-04-16T18:55:38.564+0000] {dag.py:3239} INFO - Sync 1 DAGs
[2025-04-16T18:55:38.594+0000] {logging_mixin.py:190} INFO - [2025-04-16T18:55:38.594+0000] {dag.py:4180} INFO - Setting next_dagrun for dag_complexa_exemplo to None, run_after=None
[2025-04-16T18:55:38.628+0000] {processor.py:208} INFO - Processing /opt/airflow/dags/Dags Fundamentals/Atividade.py took 0.266 seconds
[2025-04-16T18:56:09.681+0000] {processor.py:186} INFO - Started process (PID=951) to work on /opt/airflow/dags/Dags Fundamentals/Atividade.py
[2025-04-16T18:56:09.682+0000] {processor.py:914} INFO - Processing file /opt/airflow/dags/Dags Fundamentals/Atividade.py for tasks to queue
[2025-04-16T18:56:09.684+0000] {logging_mixin.py:190} INFO - [2025-04-16T18:56:09.683+0000] {dagbag.py:588} INFO - Filling up the DagBag from /opt/airflow/dags/Dags Fundamentals/Atividade.py
[2025-04-16T18:56:09.712+0000] {processor.py:925} INFO - DAG(s) 'dag_complexa_exemplo' retrieved from /opt/airflow/dags/Dags Fundamentals/Atividade.py
[2025-04-16T18:56:09.767+0000] {logging_mixin.py:190} INFO - [2025-04-16T18:56:09.767+0000] {dag.py:3239} INFO - Sync 1 DAGs
[2025-04-16T18:56:09.793+0000] {logging_mixin.py:190} INFO - [2025-04-16T18:56:09.793+0000] {dag.py:4180} INFO - Setting next_dagrun for dag_complexa_exemplo to None, run_after=None
[2025-04-16T18:56:09.831+0000] {processor.py:208} INFO - Processing /opt/airflow/dags/Dags Fundamentals/Atividade.py took 0.155 seconds
[2025-04-16T18:56:40.762+0000] {processor.py:186} INFO - Started process (PID=974) to work on /opt/airflow/dags/Dags Fundamentals/Atividade.py
[2025-04-16T18:56:40.763+0000] {processor.py:914} INFO - Processing file /opt/airflow/dags/Dags Fundamentals/Atividade.py for tasks to queue
[2025-04-16T18:56:40.765+0000] {logging_mixin.py:190} INFO - [2025-04-16T18:56:40.765+0000] {dagbag.py:588} INFO - Filling up the DagBag from /opt/airflow/dags/Dags Fundamentals/Atividade.py
[2025-04-16T18:56:40.790+0000] {processor.py:925} INFO - DAG(s) 'dag_complexa_exemplo' retrieved from /opt/airflow/dags/Dags Fundamentals/Atividade.py
[2025-04-16T18:56:40.837+0000] {logging_mixin.py:190} INFO - [2025-04-16T18:56:40.837+0000] {dag.py:3239} INFO - Sync 1 DAGs
[2025-04-16T18:56:40.864+0000] {logging_mixin.py:190} INFO - [2025-04-16T18:56:40.863+0000] {dag.py:4180} INFO - Setting next_dagrun for dag_complexa_exemplo to None, run_after=None
[2025-04-16T18:56:40.911+0000] {processor.py:208} INFO - Processing /opt/airflow/dags/Dags Fundamentals/Atividade.py took 0.154 seconds
[2025-04-16T18:57:12.397+0000] {processor.py:186} INFO - Started process (PID=998) to work on /opt/airflow/dags/Dags Fundamentals/Atividade.py
[2025-04-16T18:57:12.399+0000] {processor.py:914} INFO - Processing file /opt/airflow/dags/Dags Fundamentals/Atividade.py for tasks to queue
[2025-04-16T18:57:12.401+0000] {logging_mixin.py:190} INFO - [2025-04-16T18:57:12.401+0000] {dagbag.py:588} INFO - Filling up the DagBag from /opt/airflow/dags/Dags Fundamentals/Atividade.py
[2025-04-16T18:57:12.425+0000] {processor.py:925} INFO - DAG(s) 'dag_complexa_exemplo' retrieved from /opt/airflow/dags/Dags Fundamentals/Atividade.py
[2025-04-16T18:57:12.476+0000] {logging_mixin.py:190} INFO - [2025-04-16T18:57:12.476+0000] {dag.py:3239} INFO - Sync 1 DAGs
[2025-04-16T18:57:12.499+0000] {logging_mixin.py:190} INFO - [2025-04-16T18:57:12.499+0000] {dag.py:4180} INFO - Setting next_dagrun for dag_complexa_exemplo to None, run_after=None
[2025-04-16T18:57:12.539+0000] {processor.py:208} INFO - Processing /opt/airflow/dags/Dags Fundamentals/Atividade.py took 0.147 seconds
[2025-04-16T18:57:43.493+0000] {processor.py:186} INFO - Started process (PID=1020) to work on /opt/airflow/dags/Dags Fundamentals/Atividade.py
[2025-04-16T18:57:43.493+0000] {processor.py:914} INFO - Processing file /opt/airflow/dags/Dags Fundamentals/Atividade.py for tasks to queue
[2025-04-16T18:57:43.496+0000] {logging_mixin.py:190} INFO - [2025-04-16T18:57:43.496+0000] {dagbag.py:588} INFO - Filling up the DagBag from /opt/airflow/dags/Dags Fundamentals/Atividade.py
[2025-04-16T18:57:43.521+0000] {processor.py:925} INFO - DAG(s) 'dag_complexa_exemplo' retrieved from /opt/airflow/dags/Dags Fundamentals/Atividade.py
[2025-04-16T18:57:43.576+0000] {logging_mixin.py:190} INFO - [2025-04-16T18:57:43.576+0000] {dag.py:3239} INFO - Sync 1 DAGs
[2025-04-16T18:57:43.602+0000] {logging_mixin.py:190} INFO - [2025-04-16T18:57:43.601+0000] {dag.py:4180} INFO - Setting next_dagrun for dag_complexa_exemplo to None, run_after=None
[2025-04-16T18:57:43.636+0000] {processor.py:208} INFO - Processing /opt/airflow/dags/Dags Fundamentals/Atividade.py took 0.150 seconds
[2025-04-16T18:58:14.461+0000] {processor.py:186} INFO - Started process (PID=1043) to work on /opt/airflow/dags/Dags Fundamentals/Atividade.py
[2025-04-16T18:58:14.463+0000] {processor.py:914} INFO - Processing file /opt/airflow/dags/Dags Fundamentals/Atividade.py for tasks to queue
[2025-04-16T18:58:14.467+0000] {logging_mixin.py:190} INFO - [2025-04-16T18:58:14.466+0000] {dagbag.py:588} INFO - Filling up the DagBag from /opt/airflow/dags/Dags Fundamentals/Atividade.py
[2025-04-16T18:58:14.490+0000] {processor.py:925} INFO - DAG(s) 'dag_complexa_exemplo' retrieved from /opt/airflow/dags/Dags Fundamentals/Atividade.py
[2025-04-16T18:58:14.539+0000] {logging_mixin.py:190} INFO - [2025-04-16T18:58:14.539+0000] {dag.py:3239} INFO - Sync 1 DAGs
[2025-04-16T18:58:14.563+0000] {logging_mixin.py:190} INFO - [2025-04-16T18:58:14.563+0000] {dag.py:4180} INFO - Setting next_dagrun for dag_complexa_exemplo to None, run_after=None
[2025-04-16T18:58:14.723+0000] {processor.py:208} INFO - Processing /opt/airflow/dags/Dags Fundamentals/Atividade.py took 0.276 seconds
[2025-04-16T18:58:45.712+0000] {processor.py:186} INFO - Started process (PID=1068) to work on /opt/airflow/dags/Dags Fundamentals/Atividade.py
[2025-04-16T18:58:45.713+0000] {processor.py:914} INFO - Processing file /opt/airflow/dags/Dags Fundamentals/Atividade.py for tasks to queue
[2025-04-16T18:58:45.716+0000] {logging_mixin.py:190} INFO - [2025-04-16T18:58:45.715+0000] {dagbag.py:588} INFO - Filling up the DagBag from /opt/airflow/dags/Dags Fundamentals/Atividade.py
[2025-04-16T18:58:45.743+0000] {processor.py:925} INFO - DAG(s) 'dag_complexa_exemplo' retrieved from /opt/airflow/dags/Dags Fundamentals/Atividade.py
[2025-04-16T18:58:45.790+0000] {logging_mixin.py:190} INFO - [2025-04-16T18:58:45.789+0000] {dag.py:3239} INFO - Sync 1 DAGs
[2025-04-16T18:58:45.809+0000] {logging_mixin.py:190} INFO - [2025-04-16T18:58:45.809+0000] {dag.py:4180} INFO - Setting next_dagrun for dag_complexa_exemplo to None, run_after=None
[2025-04-16T18:58:45.873+0000] {processor.py:208} INFO - Processing /opt/airflow/dags/Dags Fundamentals/Atividade.py took 0.166 seconds
[2025-04-16T18:59:16.560+0000] {processor.py:186} INFO - Started process (PID=1091) to work on /opt/airflow/dags/Dags Fundamentals/Atividade.py
[2025-04-16T18:59:16.561+0000] {processor.py:914} INFO - Processing file /opt/airflow/dags/Dags Fundamentals/Atividade.py for tasks to queue
[2025-04-16T18:59:16.564+0000] {logging_mixin.py:190} INFO - [2025-04-16T18:59:16.563+0000] {dagbag.py:588} INFO - Filling up the DagBag from /opt/airflow/dags/Dags Fundamentals/Atividade.py
[2025-04-16T18:59:16.591+0000] {processor.py:925} INFO - DAG(s) 'dag_complexa_exemplo' retrieved from /opt/airflow/dags/Dags Fundamentals/Atividade.py
[2025-04-16T18:59:16.640+0000] {logging_mixin.py:190} INFO - [2025-04-16T18:59:16.640+0000] {dag.py:3239} INFO - Sync 1 DAGs
[2025-04-16T18:59:16.665+0000] {logging_mixin.py:190} INFO - [2025-04-16T18:59:16.665+0000] {dag.py:4180} INFO - Setting next_dagrun for dag_complexa_exemplo to None, run_after=None
[2025-04-16T18:59:16.716+0000] {processor.py:208} INFO - Processing /opt/airflow/dags/Dags Fundamentals/Atividade.py took 0.161 seconds
