[2025-04-16T18:36:33.270+0000] {processor.py:186} INFO - Started process (PID=85) to work on /opt/airflow/dags/Dags Fundamentals/DagExemplo.py
[2025-04-16T18:36:33.271+0000] {processor.py:914} INFO - Processing file /opt/airflow/dags/Dags Fundamentals/DagExemplo.py for tasks to queue
[2025-04-16T18:36:33.275+0000] {logging_mixin.py:190} INFO - [2025-04-16T18:36:33.274+0000] {dagbag.py:588} INFO - Filling up the DagBag from /opt/airflow/dags/Dags Fundamentals/DagExemplo.py
[2025-04-16T18:36:33.313+0000] {processor.py:925} INFO - DAG(s) 'My_First_dag' retrieved from /opt/airflow/dags/Dags Fundamentals/DagExemplo.py
[2025-04-16T18:36:33.494+0000] {logging_mixin.py:190} INFO - [2025-04-16T18:36:33.493+0000] {override.py:1912} INFO - Created Permission View: can read on DAG:My_First_dag
[2025-04-16T18:36:33.510+0000] {logging_mixin.py:190} INFO - [2025-04-16T18:36:33.510+0000] {override.py:1912} INFO - Created Permission View: can delete on DAG:My_First_dag
[2025-04-16T18:36:33.519+0000] {logging_mixin.py:190} INFO - [2025-04-16T18:36:33.519+0000] {override.py:1912} INFO - Created Permission View: can edit on DAG:My_First_dag
[2025-04-16T18:36:33.531+0000] {logging_mixin.py:190} INFO - [2025-04-16T18:36:33.531+0000] {override.py:1912} INFO - Created Permission View: can read on DAG Run:My_First_dag
[2025-04-16T18:36:33.540+0000] {logging_mixin.py:190} INFO - [2025-04-16T18:36:33.540+0000] {override.py:1912} INFO - Created Permission View: can delete on DAG Run:My_First_dag
[2025-04-16T18:36:33.548+0000] {logging_mixin.py:190} INFO - [2025-04-16T18:36:33.548+0000] {override.py:1912} INFO - Created Permission View: menu access on DAG Run:My_First_dag
[2025-04-16T18:36:33.557+0000] {logging_mixin.py:190} INFO - [2025-04-16T18:36:33.557+0000] {override.py:1912} INFO - Created Permission View: can create on DAG Run:My_First_dag
[2025-04-16T18:36:33.558+0000] {logging_mixin.py:190} INFO - [2025-04-16T18:36:33.558+0000] {dag.py:3239} INFO - Sync 1 DAGs
[2025-04-16T18:36:33.592+0000] {logging_mixin.py:190} INFO - [2025-04-16T18:36:33.591+0000] {dag.py:3262} INFO - Creating ORM DAG for My_First_dag
[2025-04-16T18:36:33.610+0000] {logging_mixin.py:190} INFO - [2025-04-16T18:36:33.610+0000] {dag.py:4180} INFO - Setting next_dagrun for My_First_dag to 2025-04-15 00:00:00+00:00, run_after=2025-04-16 00:00:00+00:00
[2025-04-16T18:36:33.651+0000] {processor.py:208} INFO - Processing /opt/airflow/dags/Dags Fundamentals/DagExemplo.py took 0.387 seconds
[2025-04-16T18:37:04.923+0000] {processor.py:186} INFO - Started process (PID=108) to work on /opt/airflow/dags/Dags Fundamentals/DagExemplo.py
[2025-04-16T18:37:04.924+0000] {processor.py:914} INFO - Processing file /opt/airflow/dags/Dags Fundamentals/DagExemplo.py for tasks to queue
[2025-04-16T18:37:04.929+0000] {logging_mixin.py:190} INFO - [2025-04-16T18:37:04.929+0000] {dagbag.py:588} INFO - Filling up the DagBag from /opt/airflow/dags/Dags Fundamentals/DagExemplo.py
[2025-04-16T18:37:04.965+0000] {processor.py:925} INFO - DAG(s) 'My_First_dag' retrieved from /opt/airflow/dags/Dags Fundamentals/DagExemplo.py
[2025-04-16T18:37:05.075+0000] {logging_mixin.py:190} INFO - [2025-04-16T18:37:05.075+0000] {dag.py:3239} INFO - Sync 1 DAGs
[2025-04-16T18:37:05.131+0000] {logging_mixin.py:190} INFO - [2025-04-16T18:37:05.131+0000] {dag.py:4180} INFO - Setting next_dagrun for My_First_dag to 2025-04-15 00:00:00+00:00, run_after=2025-04-16 00:00:00+00:00
[2025-04-16T18:37:05.180+0000] {processor.py:208} INFO - Processing /opt/airflow/dags/Dags Fundamentals/DagExemplo.py took 0.265 seconds
[2025-04-16T18:37:35.857+0000] {processor.py:186} INFO - Started process (PID=131) to work on /opt/airflow/dags/Dags Fundamentals/DagExemplo.py
[2025-04-16T18:37:35.859+0000] {processor.py:914} INFO - Processing file /opt/airflow/dags/Dags Fundamentals/DagExemplo.py for tasks to queue
[2025-04-16T18:37:35.862+0000] {logging_mixin.py:190} INFO - [2025-04-16T18:37:35.861+0000] {dagbag.py:588} INFO - Filling up the DagBag from /opt/airflow/dags/Dags Fundamentals/DagExemplo.py
[2025-04-16T18:37:35.894+0000] {processor.py:925} INFO - DAG(s) 'My_First_dag' retrieved from /opt/airflow/dags/Dags Fundamentals/DagExemplo.py
[2025-04-16T18:37:35.945+0000] {logging_mixin.py:190} INFO - [2025-04-16T18:37:35.945+0000] {dag.py:3239} INFO - Sync 1 DAGs
[2025-04-16T18:37:35.988+0000] {logging_mixin.py:190} INFO - [2025-04-16T18:37:35.988+0000] {dag.py:4180} INFO - Setting next_dagrun for My_First_dag to 2025-04-15 00:00:00+00:00, run_after=2025-04-16 00:00:00+00:00
[2025-04-16T18:37:36.021+0000] {processor.py:208} INFO - Processing /opt/airflow/dags/Dags Fundamentals/DagExemplo.py took 0.168 seconds
[2025-04-16T18:38:06.732+0000] {processor.py:186} INFO - Started process (PID=154) to work on /opt/airflow/dags/Dags Fundamentals/DagExemplo.py
[2025-04-16T18:38:06.733+0000] {processor.py:914} INFO - Processing file /opt/airflow/dags/Dags Fundamentals/DagExemplo.py for tasks to queue
[2025-04-16T18:38:06.736+0000] {logging_mixin.py:190} INFO - [2025-04-16T18:38:06.735+0000] {dagbag.py:588} INFO - Filling up the DagBag from /opt/airflow/dags/Dags Fundamentals/DagExemplo.py
[2025-04-16T18:38:06.762+0000] {processor.py:925} INFO - DAG(s) 'My_First_dag' retrieved from /opt/airflow/dags/Dags Fundamentals/DagExemplo.py
[2025-04-16T18:38:06.813+0000] {logging_mixin.py:190} INFO - [2025-04-16T18:38:06.813+0000] {dag.py:3239} INFO - Sync 1 DAGs
[2025-04-16T18:38:06.848+0000] {logging_mixin.py:190} INFO - [2025-04-16T18:38:06.848+0000] {dag.py:4180} INFO - Setting next_dagrun for My_First_dag to 2025-04-15 00:00:00+00:00, run_after=2025-04-16 00:00:00+00:00
[2025-04-16T18:38:06.882+0000] {processor.py:208} INFO - Processing /opt/airflow/dags/Dags Fundamentals/DagExemplo.py took 0.156 seconds
[2025-04-16T18:38:37.567+0000] {processor.py:186} INFO - Started process (PID=177) to work on /opt/airflow/dags/Dags Fundamentals/DagExemplo.py
[2025-04-16T18:38:37.568+0000] {processor.py:914} INFO - Processing file /opt/airflow/dags/Dags Fundamentals/DagExemplo.py for tasks to queue
[2025-04-16T18:38:37.570+0000] {logging_mixin.py:190} INFO - [2025-04-16T18:38:37.570+0000] {dagbag.py:588} INFO - Filling up the DagBag from /opt/airflow/dags/Dags Fundamentals/DagExemplo.py
[2025-04-16T18:38:37.602+0000] {processor.py:925} INFO - DAG(s) 'My_First_dag' retrieved from /opt/airflow/dags/Dags Fundamentals/DagExemplo.py
[2025-04-16T18:38:37.662+0000] {logging_mixin.py:190} INFO - [2025-04-16T18:38:37.662+0000] {dag.py:3239} INFO - Sync 1 DAGs
[2025-04-16T18:38:37.698+0000] {logging_mixin.py:190} INFO - [2025-04-16T18:38:37.698+0000] {dag.py:4180} INFO - Setting next_dagrun for My_First_dag to 2025-04-15 00:00:00+00:00, run_after=2025-04-16 00:00:00+00:00
[2025-04-16T18:38:37.728+0000] {processor.py:208} INFO - Processing /opt/airflow/dags/Dags Fundamentals/DagExemplo.py took 0.166 seconds
[2025-04-16T18:39:08.856+0000] {processor.py:186} INFO - Started process (PID=200) to work on /opt/airflow/dags/Dags Fundamentals/DagExemplo.py
[2025-04-16T18:39:08.857+0000] {processor.py:914} INFO - Processing file /opt/airflow/dags/Dags Fundamentals/DagExemplo.py for tasks to queue
[2025-04-16T18:39:08.860+0000] {logging_mixin.py:190} INFO - [2025-04-16T18:39:08.860+0000] {dagbag.py:588} INFO - Filling up the DagBag from /opt/airflow/dags/Dags Fundamentals/DagExemplo.py
[2025-04-16T18:39:08.890+0000] {processor.py:925} INFO - DAG(s) 'My_First_dag' retrieved from /opt/airflow/dags/Dags Fundamentals/DagExemplo.py
[2025-04-16T18:39:08.937+0000] {logging_mixin.py:190} INFO - [2025-04-16T18:39:08.937+0000] {dag.py:3239} INFO - Sync 1 DAGs
[2025-04-16T18:39:08.982+0000] {logging_mixin.py:190} INFO - [2025-04-16T18:39:08.982+0000] {dag.py:4180} INFO - Setting next_dagrun for My_First_dag to 2025-04-15 00:00:00+00:00, run_after=2025-04-16 00:00:00+00:00
[2025-04-16T18:39:09.022+0000] {processor.py:208} INFO - Processing /opt/airflow/dags/Dags Fundamentals/DagExemplo.py took 0.171 seconds
[2025-04-16T18:39:40.419+0000] {processor.py:186} INFO - Started process (PID=223) to work on /opt/airflow/dags/Dags Fundamentals/DagExemplo.py
[2025-04-16T18:39:40.421+0000] {processor.py:914} INFO - Processing file /opt/airflow/dags/Dags Fundamentals/DagExemplo.py for tasks to queue
[2025-04-16T18:39:40.424+0000] {logging_mixin.py:190} INFO - [2025-04-16T18:39:40.423+0000] {dagbag.py:588} INFO - Filling up the DagBag from /opt/airflow/dags/Dags Fundamentals/DagExemplo.py
[2025-04-16T18:39:40.450+0000] {processor.py:925} INFO - DAG(s) 'My_First_dag' retrieved from /opt/airflow/dags/Dags Fundamentals/DagExemplo.py
[2025-04-16T18:39:40.498+0000] {logging_mixin.py:190} INFO - [2025-04-16T18:39:40.498+0000] {dag.py:3239} INFO - Sync 1 DAGs
[2025-04-16T18:39:40.532+0000] {logging_mixin.py:190} INFO - [2025-04-16T18:39:40.532+0000] {dag.py:4180} INFO - Setting next_dagrun for My_First_dag to 2025-04-15 00:00:00+00:00, run_after=2025-04-16 00:00:00+00:00
[2025-04-16T18:39:40.563+0000] {processor.py:208} INFO - Processing /opt/airflow/dags/Dags Fundamentals/DagExemplo.py took 0.152 seconds
[2025-04-16T18:40:11.212+0000] {processor.py:186} INFO - Started process (PID=246) to work on /opt/airflow/dags/Dags Fundamentals/DagExemplo.py
[2025-04-16T18:40:11.213+0000] {processor.py:914} INFO - Processing file /opt/airflow/dags/Dags Fundamentals/DagExemplo.py for tasks to queue
[2025-04-16T18:40:11.214+0000] {logging_mixin.py:190} INFO - [2025-04-16T18:40:11.214+0000] {dagbag.py:588} INFO - Filling up the DagBag from /opt/airflow/dags/Dags Fundamentals/DagExemplo.py
[2025-04-16T18:40:11.240+0000] {processor.py:925} INFO - DAG(s) 'My_First_dag' retrieved from /opt/airflow/dags/Dags Fundamentals/DagExemplo.py
[2025-04-16T18:40:11.287+0000] {logging_mixin.py:190} INFO - [2025-04-16T18:40:11.287+0000] {dag.py:3239} INFO - Sync 1 DAGs
[2025-04-16T18:40:11.319+0000] {logging_mixin.py:190} INFO - [2025-04-16T18:40:11.319+0000] {dag.py:4180} INFO - Setting next_dagrun for My_First_dag to 2025-04-15 00:00:00+00:00, run_after=2025-04-16 00:00:00+00:00
[2025-04-16T18:40:11.363+0000] {processor.py:208} INFO - Processing /opt/airflow/dags/Dags Fundamentals/DagExemplo.py took 0.156 seconds
[2025-04-16T18:40:41.988+0000] {processor.py:186} INFO - Started process (PID=269) to work on /opt/airflow/dags/Dags Fundamentals/DagExemplo.py
[2025-04-16T18:40:41.989+0000] {processor.py:914} INFO - Processing file /opt/airflow/dags/Dags Fundamentals/DagExemplo.py for tasks to queue
[2025-04-16T18:40:41.992+0000] {logging_mixin.py:190} INFO - [2025-04-16T18:40:41.992+0000] {dagbag.py:588} INFO - Filling up the DagBag from /opt/airflow/dags/Dags Fundamentals/DagExemplo.py
[2025-04-16T18:40:42.019+0000] {processor.py:925} INFO - DAG(s) 'My_First_dag' retrieved from /opt/airflow/dags/Dags Fundamentals/DagExemplo.py
[2025-04-16T18:40:42.078+0000] {logging_mixin.py:190} INFO - [2025-04-16T18:40:42.077+0000] {dag.py:3239} INFO - Sync 1 DAGs
[2025-04-16T18:40:42.127+0000] {logging_mixin.py:190} INFO - [2025-04-16T18:40:42.127+0000] {dag.py:4180} INFO - Setting next_dagrun for My_First_dag to 2025-04-15 00:00:00+00:00, run_after=2025-04-16 00:00:00+00:00
[2025-04-16T18:40:42.178+0000] {processor.py:208} INFO - Processing /opt/airflow/dags/Dags Fundamentals/DagExemplo.py took 0.195 seconds
[2025-04-16T18:41:13.190+0000] {processor.py:186} INFO - Started process (PID=292) to work on /opt/airflow/dags/Dags Fundamentals/DagExemplo.py
[2025-04-16T18:41:13.191+0000] {processor.py:914} INFO - Processing file /opt/airflow/dags/Dags Fundamentals/DagExemplo.py for tasks to queue
[2025-04-16T18:41:13.195+0000] {logging_mixin.py:190} INFO - [2025-04-16T18:41:13.194+0000] {dagbag.py:588} INFO - Filling up the DagBag from /opt/airflow/dags/Dags Fundamentals/DagExemplo.py
[2025-04-16T18:41:13.234+0000] {processor.py:925} INFO - DAG(s) 'My_First_dag' retrieved from /opt/airflow/dags/Dags Fundamentals/DagExemplo.py
[2025-04-16T18:41:13.302+0000] {logging_mixin.py:190} INFO - [2025-04-16T18:41:13.302+0000] {dag.py:3239} INFO - Sync 1 DAGs
[2025-04-16T18:41:13.344+0000] {logging_mixin.py:190} INFO - [2025-04-16T18:41:13.343+0000] {dag.py:4180} INFO - Setting next_dagrun for My_First_dag to 2025-04-15 00:00:00+00:00, run_after=2025-04-16 00:00:00+00:00
[2025-04-16T18:41:13.379+0000] {processor.py:208} INFO - Processing /opt/airflow/dags/Dags Fundamentals/DagExemplo.py took 0.196 seconds
[2025-04-16T18:41:44.035+0000] {processor.py:186} INFO - Started process (PID=315) to work on /opt/airflow/dags/Dags Fundamentals/DagExemplo.py
[2025-04-16T18:41:44.036+0000] {processor.py:914} INFO - Processing file /opt/airflow/dags/Dags Fundamentals/DagExemplo.py for tasks to queue
[2025-04-16T18:41:44.039+0000] {logging_mixin.py:190} INFO - [2025-04-16T18:41:44.038+0000] {dagbag.py:588} INFO - Filling up the DagBag from /opt/airflow/dags/Dags Fundamentals/DagExemplo.py
[2025-04-16T18:41:44.070+0000] {processor.py:925} INFO - DAG(s) 'My_First_dag' retrieved from /opt/airflow/dags/Dags Fundamentals/DagExemplo.py
[2025-04-16T18:41:44.127+0000] {logging_mixin.py:190} INFO - [2025-04-16T18:41:44.127+0000] {dag.py:3239} INFO - Sync 1 DAGs
[2025-04-16T18:41:44.171+0000] {logging_mixin.py:190} INFO - [2025-04-16T18:41:44.171+0000] {dag.py:4180} INFO - Setting next_dagrun for My_First_dag to 2025-04-15 00:00:00+00:00, run_after=2025-04-16 00:00:00+00:00
[2025-04-16T18:41:44.226+0000] {processor.py:208} INFO - Processing /opt/airflow/dags/Dags Fundamentals/DagExemplo.py took 0.197 seconds
[2025-04-16T18:42:14.413+0000] {processor.py:186} INFO - Started process (PID=336) to work on /opt/airflow/dags/Dags Fundamentals/DagExemplo.py
[2025-04-16T18:42:14.414+0000] {processor.py:914} INFO - Processing file /opt/airflow/dags/Dags Fundamentals/DagExemplo.py for tasks to queue
[2025-04-16T18:42:14.417+0000] {logging_mixin.py:190} INFO - [2025-04-16T18:42:14.417+0000] {dagbag.py:588} INFO - Filling up the DagBag from /opt/airflow/dags/Dags Fundamentals/DagExemplo.py
[2025-04-16T18:42:14.445+0000] {processor.py:925} INFO - DAG(s) 'My_First_dag' retrieved from /opt/airflow/dags/Dags Fundamentals/DagExemplo.py
[2025-04-16T18:42:14.493+0000] {logging_mixin.py:190} INFO - [2025-04-16T18:42:14.492+0000] {dag.py:3239} INFO - Sync 1 DAGs
[2025-04-16T18:42:14.527+0000] {logging_mixin.py:190} INFO - [2025-04-16T18:42:14.527+0000] {dag.py:4180} INFO - Setting next_dagrun for My_First_dag to 2025-04-15 00:00:00+00:00, run_after=2025-04-16 00:00:00+00:00
[2025-04-16T18:42:14.570+0000] {processor.py:208} INFO - Processing /opt/airflow/dags/Dags Fundamentals/DagExemplo.py took 0.161 seconds
[2025-04-16T18:42:44.821+0000] {processor.py:186} INFO - Started process (PID=359) to work on /opt/airflow/dags/Dags Fundamentals/DagExemplo.py
[2025-04-16T18:42:44.823+0000] {processor.py:914} INFO - Processing file /opt/airflow/dags/Dags Fundamentals/DagExemplo.py for tasks to queue
[2025-04-16T18:42:44.825+0000] {logging_mixin.py:190} INFO - [2025-04-16T18:42:44.825+0000] {dagbag.py:588} INFO - Filling up the DagBag from /opt/airflow/dags/Dags Fundamentals/DagExemplo.py
[2025-04-16T18:42:44.857+0000] {processor.py:925} INFO - DAG(s) 'My_First_dag' retrieved from /opt/airflow/dags/Dags Fundamentals/DagExemplo.py
[2025-04-16T18:42:44.917+0000] {logging_mixin.py:190} INFO - [2025-04-16T18:42:44.917+0000] {dag.py:3239} INFO - Sync 1 DAGs
[2025-04-16T18:42:44.959+0000] {logging_mixin.py:190} INFO - [2025-04-16T18:42:44.959+0000] {dag.py:4180} INFO - Setting next_dagrun for My_First_dag to 2025-04-15 00:00:00+00:00, run_after=2025-04-16 00:00:00+00:00
[2025-04-16T18:42:45.016+0000] {processor.py:208} INFO - Processing /opt/airflow/dags/Dags Fundamentals/DagExemplo.py took 0.210 seconds
[2025-04-16T18:43:15.097+0000] {processor.py:186} INFO - Started process (PID=380) to work on /opt/airflow/dags/Dags Fundamentals/DagExemplo.py
[2025-04-16T18:43:15.098+0000] {processor.py:914} INFO - Processing file /opt/airflow/dags/Dags Fundamentals/DagExemplo.py for tasks to queue
[2025-04-16T18:43:15.100+0000] {logging_mixin.py:190} INFO - [2025-04-16T18:43:15.100+0000] {dagbag.py:588} INFO - Filling up the DagBag from /opt/airflow/dags/Dags Fundamentals/DagExemplo.py
[2025-04-16T18:43:15.129+0000] {processor.py:925} INFO - DAG(s) 'My_First_dag' retrieved from /opt/airflow/dags/Dags Fundamentals/DagExemplo.py
[2025-04-16T18:43:15.198+0000] {logging_mixin.py:190} INFO - [2025-04-16T18:43:15.198+0000] {dag.py:3239} INFO - Sync 1 DAGs
[2025-04-16T18:43:15.243+0000] {logging_mixin.py:190} INFO - [2025-04-16T18:43:15.243+0000] {dag.py:4180} INFO - Setting next_dagrun for My_First_dag to 2025-04-15 00:00:00+00:00, run_after=2025-04-16 00:00:00+00:00
[2025-04-16T18:43:15.303+0000] {processor.py:208} INFO - Processing /opt/airflow/dags/Dags Fundamentals/DagExemplo.py took 0.212 seconds
[2025-04-16T18:43:45.699+0000] {processor.py:186} INFO - Started process (PID=403) to work on /opt/airflow/dags/Dags Fundamentals/DagExemplo.py
[2025-04-16T18:43:45.701+0000] {processor.py:914} INFO - Processing file /opt/airflow/dags/Dags Fundamentals/DagExemplo.py for tasks to queue
[2025-04-16T18:43:45.705+0000] {logging_mixin.py:190} INFO - [2025-04-16T18:43:45.705+0000] {dagbag.py:588} INFO - Filling up the DagBag from /opt/airflow/dags/Dags Fundamentals/DagExemplo.py
[2025-04-16T18:43:45.739+0000] {processor.py:925} INFO - DAG(s) 'My_First_dag' retrieved from /opt/airflow/dags/Dags Fundamentals/DagExemplo.py
[2025-04-16T18:43:45.801+0000] {logging_mixin.py:190} INFO - [2025-04-16T18:43:45.801+0000] {dag.py:3239} INFO - Sync 1 DAGs
[2025-04-16T18:43:45.852+0000] {logging_mixin.py:190} INFO - [2025-04-16T18:43:45.852+0000] {dag.py:4180} INFO - Setting next_dagrun for My_First_dag to 2025-04-15 00:00:00+00:00, run_after=2025-04-16 00:00:00+00:00
[2025-04-16T18:43:45.887+0000] {processor.py:208} INFO - Processing /opt/airflow/dags/Dags Fundamentals/DagExemplo.py took 0.194 seconds
[2025-04-16T18:44:16.346+0000] {processor.py:186} INFO - Started process (PID=426) to work on /opt/airflow/dags/Dags Fundamentals/DagExemplo.py
[2025-04-16T18:44:16.347+0000] {processor.py:914} INFO - Processing file /opt/airflow/dags/Dags Fundamentals/DagExemplo.py for tasks to queue
[2025-04-16T18:44:16.350+0000] {logging_mixin.py:190} INFO - [2025-04-16T18:44:16.349+0000] {dagbag.py:588} INFO - Filling up the DagBag from /opt/airflow/dags/Dags Fundamentals/DagExemplo.py
[2025-04-16T18:44:16.386+0000] {processor.py:925} INFO - DAG(s) 'My_First_dag' retrieved from /opt/airflow/dags/Dags Fundamentals/DagExemplo.py
[2025-04-16T18:44:16.436+0000] {logging_mixin.py:190} INFO - [2025-04-16T18:44:16.436+0000] {dag.py:3239} INFO - Sync 1 DAGs
[2025-04-16T18:44:16.480+0000] {logging_mixin.py:190} INFO - [2025-04-16T18:44:16.479+0000] {dag.py:4180} INFO - Setting next_dagrun for My_First_dag to 2025-04-15 00:00:00+00:00, run_after=2025-04-16 00:00:00+00:00
[2025-04-16T18:44:16.535+0000] {processor.py:208} INFO - Processing /opt/airflow/dags/Dags Fundamentals/DagExemplo.py took 0.195 seconds
[2025-04-16T18:44:46.728+0000] {processor.py:186} INFO - Started process (PID=447) to work on /opt/airflow/dags/Dags Fundamentals/DagExemplo.py
[2025-04-16T18:44:46.729+0000] {processor.py:914} INFO - Processing file /opt/airflow/dags/Dags Fundamentals/DagExemplo.py for tasks to queue
[2025-04-16T18:44:46.733+0000] {logging_mixin.py:190} INFO - [2025-04-16T18:44:46.732+0000] {dagbag.py:588} INFO - Filling up the DagBag from /opt/airflow/dags/Dags Fundamentals/DagExemplo.py
[2025-04-16T18:44:46.774+0000] {processor.py:925} INFO - DAG(s) 'My_First_dag' retrieved from /opt/airflow/dags/Dags Fundamentals/DagExemplo.py
[2025-04-16T18:44:46.847+0000] {logging_mixin.py:190} INFO - [2025-04-16T18:44:46.846+0000] {dag.py:3239} INFO - Sync 1 DAGs
[2025-04-16T18:44:46.897+0000] {logging_mixin.py:190} INFO - [2025-04-16T18:44:46.896+0000] {dag.py:4180} INFO - Setting next_dagrun for My_First_dag to 2025-04-15 00:00:00+00:00, run_after=2025-04-16 00:00:00+00:00
[2025-04-16T18:44:46.964+0000] {processor.py:208} INFO - Processing /opt/airflow/dags/Dags Fundamentals/DagExemplo.py took 0.242 seconds
[2025-04-16T18:45:17.684+0000] {processor.py:186} INFO - Started process (PID=468) to work on /opt/airflow/dags/Dags Fundamentals/DagExemplo.py
[2025-04-16T18:45:17.686+0000] {processor.py:914} INFO - Processing file /opt/airflow/dags/Dags Fundamentals/DagExemplo.py for tasks to queue
[2025-04-16T18:45:17.692+0000] {logging_mixin.py:190} INFO - [2025-04-16T18:45:17.692+0000] {dagbag.py:588} INFO - Filling up the DagBag from /opt/airflow/dags/Dags Fundamentals/DagExemplo.py
[2025-04-16T18:45:17.758+0000] {processor.py:925} INFO - DAG(s) 'My_First_dag' retrieved from /opt/airflow/dags/Dags Fundamentals/DagExemplo.py
[2025-04-16T18:45:17.966+0000] {logging_mixin.py:190} INFO - [2025-04-16T18:45:17.966+0000] {dag.py:3239} INFO - Sync 1 DAGs
[2025-04-16T18:45:18.025+0000] {logging_mixin.py:190} INFO - [2025-04-16T18:45:18.025+0000] {dag.py:4180} INFO - Setting next_dagrun for My_First_dag to 2025-04-15 00:00:00+00:00, run_after=2025-04-16 00:00:00+00:00
[2025-04-16T18:45:18.079+0000] {processor.py:208} INFO - Processing /opt/airflow/dags/Dags Fundamentals/DagExemplo.py took 0.409 seconds
[2025-04-16T18:45:48.229+0000] {processor.py:186} INFO - Started process (PID=490) to work on /opt/airflow/dags/Dags Fundamentals/DagExemplo.py
[2025-04-16T18:45:48.230+0000] {processor.py:914} INFO - Processing file /opt/airflow/dags/Dags Fundamentals/DagExemplo.py for tasks to queue
[2025-04-16T18:45:48.232+0000] {logging_mixin.py:190} INFO - [2025-04-16T18:45:48.232+0000] {dagbag.py:588} INFO - Filling up the DagBag from /opt/airflow/dags/Dags Fundamentals/DagExemplo.py
[2025-04-16T18:45:48.258+0000] {processor.py:925} INFO - DAG(s) 'My_First_dag' retrieved from /opt/airflow/dags/Dags Fundamentals/DagExemplo.py
[2025-04-16T18:45:48.309+0000] {logging_mixin.py:190} INFO - [2025-04-16T18:45:48.308+0000] {dag.py:3239} INFO - Sync 1 DAGs
[2025-04-16T18:45:48.349+0000] {logging_mixin.py:190} INFO - [2025-04-16T18:45:48.349+0000] {dag.py:4180} INFO - Setting next_dagrun for My_First_dag to 2025-04-15 00:00:00+00:00, run_after=2025-04-16 00:00:00+00:00
[2025-04-16T18:45:48.416+0000] {processor.py:208} INFO - Processing /opt/airflow/dags/Dags Fundamentals/DagExemplo.py took 0.193 seconds
[2025-04-16T18:46:19.525+0000] {processor.py:186} INFO - Started process (PID=514) to work on /opt/airflow/dags/Dags Fundamentals/DagExemplo.py
[2025-04-16T18:46:19.526+0000] {processor.py:914} INFO - Processing file /opt/airflow/dags/Dags Fundamentals/DagExemplo.py for tasks to queue
[2025-04-16T18:46:19.530+0000] {logging_mixin.py:190} INFO - [2025-04-16T18:46:19.529+0000] {dagbag.py:588} INFO - Filling up the DagBag from /opt/airflow/dags/Dags Fundamentals/DagExemplo.py
[2025-04-16T18:46:19.558+0000] {processor.py:925} INFO - DAG(s) 'My_First_dag' retrieved from /opt/airflow/dags/Dags Fundamentals/DagExemplo.py
[2025-04-16T18:46:19.614+0000] {logging_mixin.py:190} INFO - [2025-04-16T18:46:19.614+0000] {dag.py:3239} INFO - Sync 1 DAGs
[2025-04-16T18:46:19.652+0000] {logging_mixin.py:190} INFO - [2025-04-16T18:46:19.652+0000] {dag.py:4180} INFO - Setting next_dagrun for My_First_dag to 2025-04-15 00:00:00+00:00, run_after=2025-04-16 00:00:00+00:00
[2025-04-16T18:46:19.682+0000] {processor.py:208} INFO - Processing /opt/airflow/dags/Dags Fundamentals/DagExemplo.py took 0.163 seconds
[2025-04-16T18:46:50.889+0000] {processor.py:186} INFO - Started process (PID=538) to work on /opt/airflow/dags/Dags Fundamentals/DagExemplo.py
[2025-04-16T18:46:50.891+0000] {processor.py:914} INFO - Processing file /opt/airflow/dags/Dags Fundamentals/DagExemplo.py for tasks to queue
[2025-04-16T18:46:50.894+0000] {logging_mixin.py:190} INFO - [2025-04-16T18:46:50.893+0000] {dagbag.py:588} INFO - Filling up the DagBag from /opt/airflow/dags/Dags Fundamentals/DagExemplo.py
[2025-04-16T18:46:50.923+0000] {processor.py:925} INFO - DAG(s) 'My_First_dag' retrieved from /opt/airflow/dags/Dags Fundamentals/DagExemplo.py
[2025-04-16T18:46:50.994+0000] {logging_mixin.py:190} INFO - [2025-04-16T18:46:50.994+0000] {dag.py:3239} INFO - Sync 1 DAGs
[2025-04-16T18:46:51.045+0000] {logging_mixin.py:190} INFO - [2025-04-16T18:46:51.045+0000] {dag.py:4180} INFO - Setting next_dagrun for My_First_dag to 2025-04-15 00:00:00+00:00, run_after=2025-04-16 00:00:00+00:00
[2025-04-16T18:46:51.081+0000] {processor.py:208} INFO - Processing /opt/airflow/dags/Dags Fundamentals/DagExemplo.py took 0.198 seconds
[2025-04-16T18:47:22.184+0000] {processor.py:186} INFO - Started process (PID=561) to work on /opt/airflow/dags/Dags Fundamentals/DagExemplo.py
[2025-04-16T18:47:22.186+0000] {processor.py:914} INFO - Processing file /opt/airflow/dags/Dags Fundamentals/DagExemplo.py for tasks to queue
[2025-04-16T18:47:22.189+0000] {logging_mixin.py:190} INFO - [2025-04-16T18:47:22.189+0000] {dagbag.py:588} INFO - Filling up the DagBag from /opt/airflow/dags/Dags Fundamentals/DagExemplo.py
[2025-04-16T18:47:22.242+0000] {processor.py:925} INFO - DAG(s) 'My_First_dag' retrieved from /opt/airflow/dags/Dags Fundamentals/DagExemplo.py
[2025-04-16T18:47:22.322+0000] {logging_mixin.py:190} INFO - [2025-04-16T18:47:22.322+0000] {dag.py:3239} INFO - Sync 1 DAGs
[2025-04-16T18:47:22.513+0000] {logging_mixin.py:190} INFO - [2025-04-16T18:47:22.513+0000] {dag.py:4180} INFO - Setting next_dagrun for My_First_dag to 2025-04-15 00:00:00+00:00, run_after=2025-04-16 00:00:00+00:00
[2025-04-16T18:47:22.554+0000] {processor.py:208} INFO - Processing /opt/airflow/dags/Dags Fundamentals/DagExemplo.py took 0.376 seconds
[2025-04-16T18:47:52.922+0000] {processor.py:186} INFO - Started process (PID=583) to work on /opt/airflow/dags/Dags Fundamentals/DagExemplo.py
[2025-04-16T18:47:52.923+0000] {processor.py:914} INFO - Processing file /opt/airflow/dags/Dags Fundamentals/DagExemplo.py for tasks to queue
[2025-04-16T18:47:52.926+0000] {logging_mixin.py:190} INFO - [2025-04-16T18:47:52.926+0000] {dagbag.py:588} INFO - Filling up the DagBag from /opt/airflow/dags/Dags Fundamentals/DagExemplo.py
[2025-04-16T18:47:52.947+0000] {processor.py:925} INFO - DAG(s) 'My_First_dag' retrieved from /opt/airflow/dags/Dags Fundamentals/DagExemplo.py
[2025-04-16T18:47:53.002+0000] {logging_mixin.py:190} INFO - [2025-04-16T18:47:53.002+0000] {dag.py:3239} INFO - Sync 1 DAGs
[2025-04-16T18:47:53.045+0000] {logging_mixin.py:190} INFO - [2025-04-16T18:47:53.045+0000] {dag.py:4180} INFO - Setting next_dagrun for My_First_dag to 2025-04-15 00:00:00+00:00, run_after=2025-04-16 00:00:00+00:00
[2025-04-16T18:47:53.103+0000] {processor.py:208} INFO - Processing /opt/airflow/dags/Dags Fundamentals/DagExemplo.py took 0.186 seconds
[2025-04-16T18:48:23.859+0000] {processor.py:186} INFO - Started process (PID=607) to work on /opt/airflow/dags/Dags Fundamentals/DagExemplo.py
[2025-04-16T18:48:23.860+0000] {processor.py:914} INFO - Processing file /opt/airflow/dags/Dags Fundamentals/DagExemplo.py for tasks to queue
[2025-04-16T18:48:23.865+0000] {logging_mixin.py:190} INFO - [2025-04-16T18:48:23.865+0000] {dagbag.py:588} INFO - Filling up the DagBag from /opt/airflow/dags/Dags Fundamentals/DagExemplo.py
[2025-04-16T18:48:23.904+0000] {processor.py:925} INFO - DAG(s) 'My_First_dag' retrieved from /opt/airflow/dags/Dags Fundamentals/DagExemplo.py
[2025-04-16T18:48:23.967+0000] {logging_mixin.py:190} INFO - [2025-04-16T18:48:23.967+0000] {dag.py:3239} INFO - Sync 1 DAGs
[2025-04-16T18:48:24.037+0000] {logging_mixin.py:190} INFO - [2025-04-16T18:48:24.037+0000] {dag.py:4180} INFO - Setting next_dagrun for My_First_dag to 2025-04-15 00:00:00+00:00, run_after=2025-04-16 00:00:00+00:00
[2025-04-16T18:48:24.102+0000] {processor.py:208} INFO - Processing /opt/airflow/dags/Dags Fundamentals/DagExemplo.py took 0.248 seconds
[2025-04-16T18:48:54.772+0000] {processor.py:186} INFO - Started process (PID=629) to work on /opt/airflow/dags/Dags Fundamentals/DagExemplo.py
[2025-04-16T18:48:54.773+0000] {processor.py:914} INFO - Processing file /opt/airflow/dags/Dags Fundamentals/DagExemplo.py for tasks to queue
[2025-04-16T18:48:54.775+0000] {logging_mixin.py:190} INFO - [2025-04-16T18:48:54.775+0000] {dagbag.py:588} INFO - Filling up the DagBag from /opt/airflow/dags/Dags Fundamentals/DagExemplo.py
[2025-04-16T18:48:54.801+0000] {processor.py:925} INFO - DAG(s) 'My_First_dag' retrieved from /opt/airflow/dags/Dags Fundamentals/DagExemplo.py
[2025-04-16T18:48:54.877+0000] {logging_mixin.py:190} INFO - [2025-04-16T18:48:54.877+0000] {dag.py:3239} INFO - Sync 1 DAGs
[2025-04-16T18:48:54.933+0000] {logging_mixin.py:190} INFO - [2025-04-16T18:48:54.933+0000] {dag.py:4180} INFO - Setting next_dagrun for My_First_dag to 2025-04-15 00:00:00+00:00, run_after=2025-04-16 00:00:00+00:00
[2025-04-16T18:48:54.963+0000] {processor.py:208} INFO - Processing /opt/airflow/dags/Dags Fundamentals/DagExemplo.py took 0.196 seconds
[2025-04-16T18:49:25.620+0000] {processor.py:186} INFO - Started process (PID=652) to work on /opt/airflow/dags/Dags Fundamentals/DagExemplo.py
[2025-04-16T18:49:25.621+0000] {processor.py:914} INFO - Processing file /opt/airflow/dags/Dags Fundamentals/DagExemplo.py for tasks to queue
[2025-04-16T18:49:25.624+0000] {logging_mixin.py:190} INFO - [2025-04-16T18:49:25.623+0000] {dagbag.py:588} INFO - Filling up the DagBag from /opt/airflow/dags/Dags Fundamentals/DagExemplo.py
[2025-04-16T18:49:25.655+0000] {processor.py:925} INFO - DAG(s) 'My_First_dag' retrieved from /opt/airflow/dags/Dags Fundamentals/DagExemplo.py
[2025-04-16T18:49:25.715+0000] {logging_mixin.py:190} INFO - [2025-04-16T18:49:25.714+0000] {dag.py:3239} INFO - Sync 1 DAGs
[2025-04-16T18:49:25.765+0000] {logging_mixin.py:190} INFO - [2025-04-16T18:49:25.765+0000] {dag.py:4180} INFO - Setting next_dagrun for My_First_dag to 2025-04-15 00:00:00+00:00, run_after=2025-04-16 00:00:00+00:00
[2025-04-16T18:49:25.810+0000] {processor.py:208} INFO - Processing /opt/airflow/dags/Dags Fundamentals/DagExemplo.py took 0.198 seconds
[2025-04-16T18:49:56.655+0000] {processor.py:186} INFO - Started process (PID=675) to work on /opt/airflow/dags/Dags Fundamentals/DagExemplo.py
[2025-04-16T18:49:56.657+0000] {processor.py:914} INFO - Processing file /opt/airflow/dags/Dags Fundamentals/DagExemplo.py for tasks to queue
[2025-04-16T18:49:56.660+0000] {logging_mixin.py:190} INFO - [2025-04-16T18:49:56.660+0000] {dagbag.py:588} INFO - Filling up the DagBag from /opt/airflow/dags/Dags Fundamentals/DagExemplo.py
[2025-04-16T18:49:56.688+0000] {processor.py:925} INFO - DAG(s) 'My_First_dag' retrieved from /opt/airflow/dags/Dags Fundamentals/DagExemplo.py
[2025-04-16T18:49:56.737+0000] {logging_mixin.py:190} INFO - [2025-04-16T18:49:56.737+0000] {dag.py:3239} INFO - Sync 1 DAGs
[2025-04-16T18:49:56.778+0000] {logging_mixin.py:190} INFO - [2025-04-16T18:49:56.778+0000] {dag.py:4180} INFO - Setting next_dagrun for My_First_dag to 2025-04-15 00:00:00+00:00, run_after=2025-04-16 00:00:00+00:00
[2025-04-16T18:49:56.936+0000] {processor.py:208} INFO - Processing /opt/airflow/dags/Dags Fundamentals/DagExemplo.py took 0.286 seconds
[2025-04-16T18:50:27.636+0000] {processor.py:186} INFO - Started process (PID=698) to work on /opt/airflow/dags/Dags Fundamentals/DagExemplo.py
[2025-04-16T18:50:27.638+0000] {processor.py:914} INFO - Processing file /opt/airflow/dags/Dags Fundamentals/DagExemplo.py for tasks to queue
[2025-04-16T18:50:27.640+0000] {logging_mixin.py:190} INFO - [2025-04-16T18:50:27.640+0000] {dagbag.py:588} INFO - Filling up the DagBag from /opt/airflow/dags/Dags Fundamentals/DagExemplo.py
[2025-04-16T18:50:27.676+0000] {processor.py:925} INFO - DAG(s) 'My_First_dag' retrieved from /opt/airflow/dags/Dags Fundamentals/DagExemplo.py
[2025-04-16T18:50:27.741+0000] {logging_mixin.py:190} INFO - [2025-04-16T18:50:27.741+0000] {dag.py:3239} INFO - Sync 1 DAGs
[2025-04-16T18:50:27.799+0000] {logging_mixin.py:190} INFO - [2025-04-16T18:50:27.799+0000] {dag.py:4180} INFO - Setting next_dagrun for My_First_dag to 2025-04-15 00:00:00+00:00, run_after=2025-04-16 00:00:00+00:00
[2025-04-16T18:50:27.839+0000] {processor.py:208} INFO - Processing /opt/airflow/dags/Dags Fundamentals/DagExemplo.py took 0.209 seconds
[2025-04-16T18:50:58.209+0000] {processor.py:186} INFO - Started process (PID=719) to work on /opt/airflow/dags/Dags Fundamentals/DagExemplo.py
[2025-04-16T18:50:58.210+0000] {processor.py:914} INFO - Processing file /opt/airflow/dags/Dags Fundamentals/DagExemplo.py for tasks to queue
[2025-04-16T18:50:58.213+0000] {logging_mixin.py:190} INFO - [2025-04-16T18:50:58.213+0000] {dagbag.py:588} INFO - Filling up the DagBag from /opt/airflow/dags/Dags Fundamentals/DagExemplo.py
[2025-04-16T18:50:58.238+0000] {processor.py:925} INFO - DAG(s) 'My_First_dag' retrieved from /opt/airflow/dags/Dags Fundamentals/DagExemplo.py
[2025-04-16T18:50:58.289+0000] {logging_mixin.py:190} INFO - [2025-04-16T18:50:58.288+0000] {dag.py:3239} INFO - Sync 1 DAGs
[2025-04-16T18:50:58.337+0000] {logging_mixin.py:190} INFO - [2025-04-16T18:50:58.336+0000] {dag.py:4180} INFO - Setting next_dagrun for My_First_dag to 2025-04-15 00:00:00+00:00, run_after=2025-04-16 00:00:00+00:00
[2025-04-16T18:50:58.388+0000] {processor.py:208} INFO - Processing /opt/airflow/dags/Dags Fundamentals/DagExemplo.py took 0.188 seconds
[2025-04-16T18:51:30.132+0000] {processor.py:186} INFO - Started process (PID=744) to work on /opt/airflow/dags/Dags Fundamentals/DagExemplo.py
[2025-04-16T18:51:30.133+0000] {processor.py:914} INFO - Processing file /opt/airflow/dags/Dags Fundamentals/DagExemplo.py for tasks to queue
[2025-04-16T18:51:30.136+0000] {logging_mixin.py:190} INFO - [2025-04-16T18:51:30.136+0000] {dagbag.py:588} INFO - Filling up the DagBag from /opt/airflow/dags/Dags Fundamentals/DagExemplo.py
[2025-04-16T18:51:30.167+0000] {processor.py:925} INFO - DAG(s) 'My_First_dag' retrieved from /opt/airflow/dags/Dags Fundamentals/DagExemplo.py
[2025-04-16T18:51:30.216+0000] {logging_mixin.py:190} INFO - [2025-04-16T18:51:30.215+0000] {dag.py:3239} INFO - Sync 1 DAGs
[2025-04-16T18:51:30.253+0000] {logging_mixin.py:190} INFO - [2025-04-16T18:51:30.253+0000] {dag.py:4180} INFO - Setting next_dagrun for My_First_dag to 2025-04-15 00:00:00+00:00, run_after=2025-04-16 00:00:00+00:00
[2025-04-16T18:51:30.299+0000] {processor.py:208} INFO - Processing /opt/airflow/dags/Dags Fundamentals/DagExemplo.py took 0.172 seconds
[2025-04-16T18:52:01.794+0000] {processor.py:186} INFO - Started process (PID=772) to work on /opt/airflow/dags/Dags Fundamentals/DagExemplo.py
[2025-04-16T18:52:01.795+0000] {processor.py:914} INFO - Processing file /opt/airflow/dags/Dags Fundamentals/DagExemplo.py for tasks to queue
[2025-04-16T18:52:01.797+0000] {logging_mixin.py:190} INFO - [2025-04-16T18:52:01.797+0000] {dagbag.py:588} INFO - Filling up the DagBag from /opt/airflow/dags/Dags Fundamentals/DagExemplo.py
[2025-04-16T18:52:01.824+0000] {processor.py:925} INFO - DAG(s) 'My_First_dag' retrieved from /opt/airflow/dags/Dags Fundamentals/DagExemplo.py
[2025-04-16T18:52:01.875+0000] {logging_mixin.py:190} INFO - [2025-04-16T18:52:01.874+0000] {dag.py:3239} INFO - Sync 1 DAGs
[2025-04-16T18:52:01.910+0000] {logging_mixin.py:190} INFO - [2025-04-16T18:52:01.910+0000] {dag.py:4180} INFO - Setting next_dagrun for My_First_dag to 2025-04-15 00:00:00+00:00, run_after=2025-04-16 00:00:00+00:00
[2025-04-16T18:52:01.943+0000] {processor.py:208} INFO - Processing /opt/airflow/dags/Dags Fundamentals/DagExemplo.py took 0.154 seconds
[2025-04-16T18:52:33.222+0000] {processor.py:186} INFO - Started process (PID=795) to work on /opt/airflow/dags/Dags Fundamentals/DagExemplo.py
[2025-04-16T18:52:33.223+0000] {processor.py:914} INFO - Processing file /opt/airflow/dags/Dags Fundamentals/DagExemplo.py for tasks to queue
[2025-04-16T18:52:33.225+0000] {logging_mixin.py:190} INFO - [2025-04-16T18:52:33.225+0000] {dagbag.py:588} INFO - Filling up the DagBag from /opt/airflow/dags/Dags Fundamentals/DagExemplo.py
[2025-04-16T18:52:33.251+0000] {processor.py:925} INFO - DAG(s) 'My_First_dag' retrieved from /opt/airflow/dags/Dags Fundamentals/DagExemplo.py
[2025-04-16T18:52:33.298+0000] {logging_mixin.py:190} INFO - [2025-04-16T18:52:33.298+0000] {dag.py:3239} INFO - Sync 1 DAGs
[2025-04-16T18:52:33.335+0000] {logging_mixin.py:190} INFO - [2025-04-16T18:52:33.335+0000] {dag.py:4180} INFO - Setting next_dagrun for My_First_dag to 2025-04-15 00:00:00+00:00, run_after=2025-04-16 00:00:00+00:00
[2025-04-16T18:52:33.388+0000] {processor.py:208} INFO - Processing /opt/airflow/dags/Dags Fundamentals/DagExemplo.py took 0.172 seconds
[2025-04-16T18:53:04.068+0000] {processor.py:186} INFO - Started process (PID=818) to work on /opt/airflow/dags/Dags Fundamentals/DagExemplo.py
[2025-04-16T18:53:04.069+0000] {processor.py:914} INFO - Processing file /opt/airflow/dags/Dags Fundamentals/DagExemplo.py for tasks to queue
[2025-04-16T18:53:04.071+0000] {logging_mixin.py:190} INFO - [2025-04-16T18:53:04.071+0000] {dagbag.py:588} INFO - Filling up the DagBag from /opt/airflow/dags/Dags Fundamentals/DagExemplo.py
[2025-04-16T18:53:04.097+0000] {processor.py:925} INFO - DAG(s) 'My_First_dag' retrieved from /opt/airflow/dags/Dags Fundamentals/DagExemplo.py
[2025-04-16T18:53:04.161+0000] {logging_mixin.py:190} INFO - [2025-04-16T18:53:04.161+0000] {dag.py:3239} INFO - Sync 1 DAGs
[2025-04-16T18:53:04.205+0000] {logging_mixin.py:190} INFO - [2025-04-16T18:53:04.204+0000] {dag.py:4180} INFO - Setting next_dagrun for My_First_dag to 2025-04-15 00:00:00+00:00, run_after=2025-04-16 00:00:00+00:00
[2025-04-16T18:53:04.231+0000] {processor.py:208} INFO - Processing /opt/airflow/dags/Dags Fundamentals/DagExemplo.py took 0.168 seconds
[2025-04-16T18:53:34.601+0000] {processor.py:186} INFO - Started process (PID=841) to work on /opt/airflow/dags/Dags Fundamentals/DagExemplo.py
[2025-04-16T18:53:34.602+0000] {processor.py:914} INFO - Processing file /opt/airflow/dags/Dags Fundamentals/DagExemplo.py for tasks to queue
[2025-04-16T18:53:34.604+0000] {logging_mixin.py:190} INFO - [2025-04-16T18:53:34.604+0000] {dagbag.py:588} INFO - Filling up the DagBag from /opt/airflow/dags/Dags Fundamentals/DagExemplo.py
[2025-04-16T18:53:34.633+0000] {processor.py:925} INFO - DAG(s) 'My_First_dag' retrieved from /opt/airflow/dags/Dags Fundamentals/DagExemplo.py
[2025-04-16T18:53:34.702+0000] {logging_mixin.py:190} INFO - [2025-04-16T18:53:34.701+0000] {dag.py:3239} INFO - Sync 1 DAGs
[2025-04-16T18:53:34.755+0000] {logging_mixin.py:190} INFO - [2025-04-16T18:53:34.754+0000] {dag.py:4180} INFO - Setting next_dagrun for My_First_dag to 2025-04-15 00:00:00+00:00, run_after=2025-04-16 00:00:00+00:00
[2025-04-16T18:53:34.780+0000] {processor.py:208} INFO - Processing /opt/airflow/dags/Dags Fundamentals/DagExemplo.py took 0.185 seconds
[2025-04-16T18:54:05.691+0000] {processor.py:186} INFO - Started process (PID=864) to work on /opt/airflow/dags/Dags Fundamentals/DagExemplo.py
[2025-04-16T18:54:05.693+0000] {processor.py:914} INFO - Processing file /opt/airflow/dags/Dags Fundamentals/DagExemplo.py for tasks to queue
[2025-04-16T18:54:05.697+0000] {logging_mixin.py:190} INFO - [2025-04-16T18:54:05.697+0000] {dagbag.py:588} INFO - Filling up the DagBag from /opt/airflow/dags/Dags Fundamentals/DagExemplo.py
[2025-04-16T18:54:05.756+0000] {processor.py:925} INFO - DAG(s) 'My_First_dag' retrieved from /opt/airflow/dags/Dags Fundamentals/DagExemplo.py
[2025-04-16T18:54:05.814+0000] {logging_mixin.py:190} INFO - [2025-04-16T18:54:05.814+0000] {dag.py:3239} INFO - Sync 1 DAGs
[2025-04-16T18:54:05.853+0000] {logging_mixin.py:190} INFO - [2025-04-16T18:54:05.853+0000] {dag.py:4180} INFO - Setting next_dagrun for My_First_dag to 2025-04-15 00:00:00+00:00, run_after=2025-04-16 00:00:00+00:00
[2025-04-16T18:54:05.893+0000] {processor.py:208} INFO - Processing /opt/airflow/dags/Dags Fundamentals/DagExemplo.py took 0.214 seconds
[2025-04-16T18:54:36.622+0000] {processor.py:186} INFO - Started process (PID=884) to work on /opt/airflow/dags/Dags Fundamentals/DagExemplo.py
[2025-04-16T18:54:36.625+0000] {processor.py:914} INFO - Processing file /opt/airflow/dags/Dags Fundamentals/DagExemplo.py for tasks to queue
[2025-04-16T18:54:36.627+0000] {logging_mixin.py:190} INFO - [2025-04-16T18:54:36.627+0000] {dagbag.py:588} INFO - Filling up the DagBag from /opt/airflow/dags/Dags Fundamentals/DagExemplo.py
[2025-04-16T18:54:36.656+0000] {processor.py:925} INFO - DAG(s) 'My_First_dag' retrieved from /opt/airflow/dags/Dags Fundamentals/DagExemplo.py
[2025-04-16T18:54:36.795+0000] {logging_mixin.py:190} INFO - [2025-04-16T18:54:36.795+0000] {dag.py:3239} INFO - Sync 1 DAGs
[2025-04-16T18:54:36.838+0000] {logging_mixin.py:190} INFO - [2025-04-16T18:54:36.838+0000] {dag.py:4180} INFO - Setting next_dagrun for My_First_dag to 2025-04-15 00:00:00+00:00, run_after=2025-04-16 00:00:00+00:00
[2025-04-16T18:54:36.888+0000] {processor.py:208} INFO - Processing /opt/airflow/dags/Dags Fundamentals/DagExemplo.py took 0.277 seconds
[2025-04-16T18:55:07.934+0000] {processor.py:186} INFO - Started process (PID=907) to work on /opt/airflow/dags/Dags Fundamentals/DagExemplo.py
[2025-04-16T18:55:07.935+0000] {processor.py:914} INFO - Processing file /opt/airflow/dags/Dags Fundamentals/DagExemplo.py for tasks to queue
[2025-04-16T18:55:07.936+0000] {logging_mixin.py:190} INFO - [2025-04-16T18:55:07.936+0000] {dagbag.py:588} INFO - Filling up the DagBag from /opt/airflow/dags/Dags Fundamentals/DagExemplo.py
[2025-04-16T18:55:07.956+0000] {processor.py:925} INFO - DAG(s) 'My_First_dag' retrieved from /opt/airflow/dags/Dags Fundamentals/DagExemplo.py
[2025-04-16T18:55:08.006+0000] {logging_mixin.py:190} INFO - [2025-04-16T18:55:08.006+0000] {dag.py:3239} INFO - Sync 1 DAGs
[2025-04-16T18:55:08.041+0000] {logging_mixin.py:190} INFO - [2025-04-16T18:55:08.041+0000] {dag.py:4180} INFO - Setting next_dagrun for My_First_dag to 2025-04-15 00:00:00+00:00, run_after=2025-04-16 00:00:00+00:00
[2025-04-16T18:55:08.104+0000] {processor.py:208} INFO - Processing /opt/airflow/dags/Dags Fundamentals/DagExemplo.py took 0.175 seconds
[2025-04-16T18:55:38.887+0000] {processor.py:186} INFO - Started process (PID=930) to work on /opt/airflow/dags/Dags Fundamentals/DagExemplo.py
[2025-04-16T18:55:38.890+0000] {processor.py:914} INFO - Processing file /opt/airflow/dags/Dags Fundamentals/DagExemplo.py for tasks to queue
[2025-04-16T18:55:38.896+0000] {logging_mixin.py:190} INFO - [2025-04-16T18:55:38.895+0000] {dagbag.py:588} INFO - Filling up the DagBag from /opt/airflow/dags/Dags Fundamentals/DagExemplo.py
[2025-04-16T18:55:38.931+0000] {processor.py:925} INFO - DAG(s) 'My_First_dag' retrieved from /opt/airflow/dags/Dags Fundamentals/DagExemplo.py
[2025-04-16T18:55:38.986+0000] {logging_mixin.py:190} INFO - [2025-04-16T18:55:38.986+0000] {dag.py:3239} INFO - Sync 1 DAGs
[2025-04-16T18:55:39.027+0000] {logging_mixin.py:190} INFO - [2025-04-16T18:55:39.025+0000] {dag.py:4180} INFO - Setting next_dagrun for My_First_dag to 2025-04-15 00:00:00+00:00, run_after=2025-04-16 00:00:00+00:00
[2025-04-16T18:55:39.070+0000] {processor.py:208} INFO - Processing /opt/airflow/dags/Dags Fundamentals/DagExemplo.py took 0.197 seconds
[2025-04-16T18:56:10.074+0000] {processor.py:186} INFO - Started process (PID=954) to work on /opt/airflow/dags/Dags Fundamentals/DagExemplo.py
[2025-04-16T18:56:10.075+0000] {processor.py:914} INFO - Processing file /opt/airflow/dags/Dags Fundamentals/DagExemplo.py for tasks to queue
[2025-04-16T18:56:10.077+0000] {logging_mixin.py:190} INFO - [2025-04-16T18:56:10.077+0000] {dagbag.py:588} INFO - Filling up the DagBag from /opt/airflow/dags/Dags Fundamentals/DagExemplo.py
[2025-04-16T18:56:10.098+0000] {processor.py:925} INFO - DAG(s) 'My_First_dag' retrieved from /opt/airflow/dags/Dags Fundamentals/DagExemplo.py
[2025-04-16T18:56:10.148+0000] {logging_mixin.py:190} INFO - [2025-04-16T18:56:10.147+0000] {dag.py:3239} INFO - Sync 1 DAGs
[2025-04-16T18:56:10.187+0000] {logging_mixin.py:190} INFO - [2025-04-16T18:56:10.187+0000] {dag.py:4180} INFO - Setting next_dagrun for My_First_dag to 2025-04-15 00:00:00+00:00, run_after=2025-04-16 00:00:00+00:00
[2025-04-16T18:56:10.221+0000] {processor.py:208} INFO - Processing /opt/airflow/dags/Dags Fundamentals/DagExemplo.py took 0.152 seconds
[2025-04-16T18:56:41.156+0000] {processor.py:186} INFO - Started process (PID=977) to work on /opt/airflow/dags/Dags Fundamentals/DagExemplo.py
[2025-04-16T18:56:41.157+0000] {processor.py:914} INFO - Processing file /opt/airflow/dags/Dags Fundamentals/DagExemplo.py for tasks to queue
[2025-04-16T18:56:41.159+0000] {logging_mixin.py:190} INFO - [2025-04-16T18:56:41.159+0000] {dagbag.py:588} INFO - Filling up the DagBag from /opt/airflow/dags/Dags Fundamentals/DagExemplo.py
[2025-04-16T18:56:41.183+0000] {processor.py:925} INFO - DAG(s) 'My_First_dag' retrieved from /opt/airflow/dags/Dags Fundamentals/DagExemplo.py
[2025-04-16T18:56:41.238+0000] {logging_mixin.py:190} INFO - [2025-04-16T18:56:41.238+0000] {dag.py:3239} INFO - Sync 1 DAGs
[2025-04-16T18:56:41.283+0000] {logging_mixin.py:190} INFO - [2025-04-16T18:56:41.283+0000] {dag.py:4180} INFO - Setting next_dagrun for My_First_dag to 2025-04-15 00:00:00+00:00, run_after=2025-04-16 00:00:00+00:00
[2025-04-16T18:56:41.321+0000] {processor.py:208} INFO - Processing /opt/airflow/dags/Dags Fundamentals/DagExemplo.py took 0.171 seconds
[2025-04-16T18:57:12.831+0000] {processor.py:186} INFO - Started process (PID=1001) to work on /opt/airflow/dags/Dags Fundamentals/DagExemplo.py
[2025-04-16T18:57:12.832+0000] {processor.py:914} INFO - Processing file /opt/airflow/dags/Dags Fundamentals/DagExemplo.py for tasks to queue
[2025-04-16T18:57:12.836+0000] {logging_mixin.py:190} INFO - [2025-04-16T18:57:12.836+0000] {dagbag.py:588} INFO - Filling up the DagBag from /opt/airflow/dags/Dags Fundamentals/DagExemplo.py
[2025-04-16T18:57:12.867+0000] {processor.py:925} INFO - DAG(s) 'My_First_dag' retrieved from /opt/airflow/dags/Dags Fundamentals/DagExemplo.py
[2025-04-16T18:57:12.925+0000] {logging_mixin.py:190} INFO - [2025-04-16T18:57:12.925+0000] {dag.py:3239} INFO - Sync 1 DAGs
[2025-04-16T18:57:12.960+0000] {logging_mixin.py:190} INFO - [2025-04-16T18:57:12.960+0000] {dag.py:4180} INFO - Setting next_dagrun for My_First_dag to 2025-04-15 00:00:00+00:00, run_after=2025-04-16 00:00:00+00:00
[2025-04-16T18:57:13.006+0000] {processor.py:208} INFO - Processing /opt/airflow/dags/Dags Fundamentals/DagExemplo.py took 0.181 seconds
[2025-04-16T18:57:43.916+0000] {processor.py:186} INFO - Started process (PID=1024) to work on /opt/airflow/dags/Dags Fundamentals/DagExemplo.py
[2025-04-16T18:57:43.918+0000] {processor.py:914} INFO - Processing file /opt/airflow/dags/Dags Fundamentals/DagExemplo.py for tasks to queue
[2025-04-16T18:57:43.921+0000] {logging_mixin.py:190} INFO - [2025-04-16T18:57:43.921+0000] {dagbag.py:588} INFO - Filling up the DagBag from /opt/airflow/dags/Dags Fundamentals/DagExemplo.py
[2025-04-16T18:57:43.954+0000] {processor.py:925} INFO - DAG(s) 'My_First_dag' retrieved from /opt/airflow/dags/Dags Fundamentals/DagExemplo.py
[2025-04-16T18:57:44.014+0000] {logging_mixin.py:190} INFO - [2025-04-16T18:57:44.014+0000] {dag.py:3239} INFO - Sync 1 DAGs
[2025-04-16T18:57:44.051+0000] {logging_mixin.py:190} INFO - [2025-04-16T18:57:44.050+0000] {dag.py:4180} INFO - Setting next_dagrun for My_First_dag to 2025-04-15 00:00:00+00:00, run_after=2025-04-16 00:00:00+00:00
[2025-04-16T18:57:44.100+0000] {processor.py:208} INFO - Processing /opt/airflow/dags/Dags Fundamentals/DagExemplo.py took 0.192 seconds
[2025-04-16T18:58:15.089+0000] {processor.py:186} INFO - Started process (PID=1047) to work on /opt/airflow/dags/Dags Fundamentals/DagExemplo.py
[2025-04-16T18:58:15.090+0000] {processor.py:914} INFO - Processing file /opt/airflow/dags/Dags Fundamentals/DagExemplo.py for tasks to queue
[2025-04-16T18:58:15.092+0000] {logging_mixin.py:190} INFO - [2025-04-16T18:58:15.092+0000] {dagbag.py:588} INFO - Filling up the DagBag from /opt/airflow/dags/Dags Fundamentals/DagExemplo.py
[2025-04-16T18:58:15.116+0000] {processor.py:925} INFO - DAG(s) 'My_First_dag' retrieved from /opt/airflow/dags/Dags Fundamentals/DagExemplo.py
[2025-04-16T18:58:15.166+0000] {logging_mixin.py:190} INFO - [2025-04-16T18:58:15.166+0000] {dag.py:3239} INFO - Sync 1 DAGs
[2025-04-16T18:58:15.205+0000] {logging_mixin.py:190} INFO - [2025-04-16T18:58:15.205+0000] {dag.py:4180} INFO - Setting next_dagrun for My_First_dag to 2025-04-15 00:00:00+00:00, run_after=2025-04-16 00:00:00+00:00
[2025-04-16T18:58:15.233+0000] {processor.py:208} INFO - Processing /opt/airflow/dags/Dags Fundamentals/DagExemplo.py took 0.152 seconds
[2025-04-16T18:58:46.152+0000] {processor.py:186} INFO - Started process (PID=1071) to work on /opt/airflow/dags/Dags Fundamentals/DagExemplo.py
[2025-04-16T18:58:46.153+0000] {processor.py:914} INFO - Processing file /opt/airflow/dags/Dags Fundamentals/DagExemplo.py for tasks to queue
[2025-04-16T18:58:46.155+0000] {logging_mixin.py:190} INFO - [2025-04-16T18:58:46.154+0000] {dagbag.py:588} INFO - Filling up the DagBag from /opt/airflow/dags/Dags Fundamentals/DagExemplo.py
[2025-04-16T18:58:46.182+0000] {processor.py:925} INFO - DAG(s) 'My_First_dag' retrieved from /opt/airflow/dags/Dags Fundamentals/DagExemplo.py
[2025-04-16T18:58:46.240+0000] {logging_mixin.py:190} INFO - [2025-04-16T18:58:46.239+0000] {dag.py:3239} INFO - Sync 1 DAGs
[2025-04-16T18:58:46.288+0000] {logging_mixin.py:190} INFO - [2025-04-16T18:58:46.287+0000] {dag.py:4180} INFO - Setting next_dagrun for My_First_dag to 2025-04-15 00:00:00+00:00, run_after=2025-04-16 00:00:00+00:00
[2025-04-16T18:58:46.323+0000] {processor.py:208} INFO - Processing /opt/airflow/dags/Dags Fundamentals/DagExemplo.py took 0.177 seconds
[2025-04-16T18:59:17.421+0000] {processor.py:186} INFO - Started process (PID=1095) to work on /opt/airflow/dags/Dags Fundamentals/DagExemplo.py
[2025-04-16T18:59:17.422+0000] {processor.py:914} INFO - Processing file /opt/airflow/dags/Dags Fundamentals/DagExemplo.py for tasks to queue
[2025-04-16T18:59:17.425+0000] {logging_mixin.py:190} INFO - [2025-04-16T18:59:17.424+0000] {dagbag.py:588} INFO - Filling up the DagBag from /opt/airflow/dags/Dags Fundamentals/DagExemplo.py
[2025-04-16T18:59:17.453+0000] {processor.py:925} INFO - DAG(s) 'My_First_dag' retrieved from /opt/airflow/dags/Dags Fundamentals/DagExemplo.py
[2025-04-16T18:59:17.510+0000] {logging_mixin.py:190} INFO - [2025-04-16T18:59:17.509+0000] {dag.py:3239} INFO - Sync 1 DAGs
[2025-04-16T18:59:17.549+0000] {logging_mixin.py:190} INFO - [2025-04-16T18:59:17.549+0000] {dag.py:4180} INFO - Setting next_dagrun for My_First_dag to 2025-04-15 00:00:00+00:00, run_after=2025-04-16 00:00:00+00:00
[2025-04-16T18:59:17.581+0000] {processor.py:208} INFO - Processing /opt/airflow/dags/Dags Fundamentals/DagExemplo.py took 0.167 seconds
