[2025-04-16T18:36:32.370+0000] {processor.py:186} INFO - Started process (PID=82) to work on /opt/airflow/dags/Dags Fundamentals/Hook_dag.py
[2025-04-16T18:36:32.371+0000] {processor.py:914} INFO - Processing file /opt/airflow/dags/Dags Fundamentals/Hook_dag.py for tasks to queue
[2025-04-16T18:36:32.375+0000] {logging_mixin.py:190} INFO - [2025-04-16T18:36:32.375+0000] {dagbag.py:588} INFO - Filling up the DagBag from /opt/airflow/dags/Dags Fundamentals/Hook_dag.py
[2025-04-16T18:36:32.901+0000] {processor.py:925} INFO - DAG(s) 'My_Third_Dag' retrieved from /opt/airflow/dags/Dags Fundamentals/Hook_dag.py
[2025-04-16T18:36:33.089+0000] {logging_mixin.py:190} INFO - [2025-04-16T18:36:33.089+0000] {override.py:1912} INFO - Created Permission View: can read on DAG:My_Third_Dag
[2025-04-16T18:36:33.102+0000] {logging_mixin.py:190} INFO - [2025-04-16T18:36:33.101+0000] {override.py:1912} INFO - Created Permission View: can delete on DAG:My_Third_Dag
[2025-04-16T18:36:33.111+0000] {logging_mixin.py:190} INFO - [2025-04-16T18:36:33.110+0000] {override.py:1912} INFO - Created Permission View: can edit on DAG:My_Third_Dag
[2025-04-16T18:36:33.122+0000] {logging_mixin.py:190} INFO - [2025-04-16T18:36:33.122+0000] {override.py:1912} INFO - Created Permission View: can read on DAG Run:My_Third_Dag
[2025-04-16T18:36:33.133+0000] {logging_mixin.py:190} INFO - [2025-04-16T18:36:33.133+0000] {override.py:1912} INFO - Created Permission View: can delete on DAG Run:My_Third_Dag
[2025-04-16T18:36:33.143+0000] {logging_mixin.py:190} INFO - [2025-04-16T18:36:33.142+0000] {override.py:1912} INFO - Created Permission View: menu access on DAG Run:My_Third_Dag
[2025-04-16T18:36:33.151+0000] {logging_mixin.py:190} INFO - [2025-04-16T18:36:33.150+0000] {override.py:1912} INFO - Created Permission View: can create on DAG Run:My_Third_Dag
[2025-04-16T18:36:33.152+0000] {logging_mixin.py:190} INFO - [2025-04-16T18:36:33.151+0000] {dag.py:3239} INFO - Sync 1 DAGs
[2025-04-16T18:36:33.180+0000] {logging_mixin.py:190} INFO - [2025-04-16T18:36:33.180+0000] {dag.py:3262} INFO - Creating ORM DAG for My_Third_Dag
[2025-04-16T18:36:33.181+0000] {logging_mixin.py:190} INFO - [2025-04-16T18:36:33.181+0000] {dag.py:4180} INFO - Setting next_dagrun for My_Third_Dag to None, run_after=None
[2025-04-16T18:36:33.210+0000] {processor.py:208} INFO - Processing /opt/airflow/dags/Dags Fundamentals/Hook_dag.py took 0.848 seconds
[2025-04-16T18:37:03.923+0000] {processor.py:186} INFO - Started process (PID=104) to work on /opt/airflow/dags/Dags Fundamentals/Hook_dag.py
[2025-04-16T18:37:03.924+0000] {processor.py:914} INFO - Processing file /opt/airflow/dags/Dags Fundamentals/Hook_dag.py for tasks to queue
[2025-04-16T18:37:03.926+0000] {logging_mixin.py:190} INFO - [2025-04-16T18:37:03.926+0000] {dagbag.py:588} INFO - Filling up the DagBag from /opt/airflow/dags/Dags Fundamentals/Hook_dag.py
[2025-04-16T18:37:04.378+0000] {processor.py:925} INFO - DAG(s) 'My_Third_Dag' retrieved from /opt/airflow/dags/Dags Fundamentals/Hook_dag.py
[2025-04-16T18:37:04.435+0000] {logging_mixin.py:190} INFO - [2025-04-16T18:37:04.435+0000] {dag.py:3239} INFO - Sync 1 DAGs
[2025-04-16T18:37:04.464+0000] {logging_mixin.py:190} INFO - [2025-04-16T18:37:04.464+0000] {dag.py:4180} INFO - Setting next_dagrun for My_Third_Dag to None, run_after=None
[2025-04-16T18:37:04.541+0000] {processor.py:208} INFO - Processing /opt/airflow/dags/Dags Fundamentals/Hook_dag.py took 0.623 seconds
[2025-04-16T18:37:35.016+0000] {processor.py:186} INFO - Started process (PID=127) to work on /opt/airflow/dags/Dags Fundamentals/Hook_dag.py
[2025-04-16T18:37:35.017+0000] {processor.py:914} INFO - Processing file /opt/airflow/dags/Dags Fundamentals/Hook_dag.py for tasks to queue
[2025-04-16T18:37:35.021+0000] {logging_mixin.py:190} INFO - [2025-04-16T18:37:35.020+0000] {dagbag.py:588} INFO - Filling up the DagBag from /opt/airflow/dags/Dags Fundamentals/Hook_dag.py
[2025-04-16T18:37:35.449+0000] {processor.py:925} INFO - DAG(s) 'My_Third_Dag' retrieved from /opt/airflow/dags/Dags Fundamentals/Hook_dag.py
[2025-04-16T18:37:35.497+0000] {logging_mixin.py:190} INFO - [2025-04-16T18:37:35.496+0000] {dag.py:3239} INFO - Sync 1 DAGs
[2025-04-16T18:37:35.524+0000] {logging_mixin.py:190} INFO - [2025-04-16T18:37:35.524+0000] {dag.py:4180} INFO - Setting next_dagrun for My_Third_Dag to None, run_after=None
[2025-04-16T18:37:35.605+0000] {processor.py:208} INFO - Processing /opt/airflow/dags/Dags Fundamentals/Hook_dag.py took 0.596 seconds
[2025-04-16T18:38:05.872+0000] {processor.py:186} INFO - Started process (PID=150) to work on /opt/airflow/dags/Dags Fundamentals/Hook_dag.py
[2025-04-16T18:38:05.873+0000] {processor.py:914} INFO - Processing file /opt/airflow/dags/Dags Fundamentals/Hook_dag.py for tasks to queue
[2025-04-16T18:38:05.875+0000] {logging_mixin.py:190} INFO - [2025-04-16T18:38:05.875+0000] {dagbag.py:588} INFO - Filling up the DagBag from /opt/airflow/dags/Dags Fundamentals/Hook_dag.py
[2025-04-16T18:38:06.311+0000] {processor.py:925} INFO - DAG(s) 'My_Third_Dag' retrieved from /opt/airflow/dags/Dags Fundamentals/Hook_dag.py
[2025-04-16T18:38:06.355+0000] {logging_mixin.py:190} INFO - [2025-04-16T18:38:06.354+0000] {dag.py:3239} INFO - Sync 1 DAGs
[2025-04-16T18:38:06.375+0000] {logging_mixin.py:190} INFO - [2025-04-16T18:38:06.375+0000] {dag.py:4180} INFO - Setting next_dagrun for My_Third_Dag to None, run_after=None
[2025-04-16T18:38:06.428+0000] {processor.py:208} INFO - Processing /opt/airflow/dags/Dags Fundamentals/Hook_dag.py took 0.562 seconds
[2025-04-16T18:38:36.744+0000] {processor.py:186} INFO - Started process (PID=173) to work on /opt/airflow/dags/Dags Fundamentals/Hook_dag.py
[2025-04-16T18:38:36.745+0000] {processor.py:914} INFO - Processing file /opt/airflow/dags/Dags Fundamentals/Hook_dag.py for tasks to queue
[2025-04-16T18:38:36.747+0000] {logging_mixin.py:190} INFO - [2025-04-16T18:38:36.747+0000] {dagbag.py:588} INFO - Filling up the DagBag from /opt/airflow/dags/Dags Fundamentals/Hook_dag.py
[2025-04-16T18:38:37.112+0000] {processor.py:925} INFO - DAG(s) 'My_Third_Dag' retrieved from /opt/airflow/dags/Dags Fundamentals/Hook_dag.py
[2025-04-16T18:38:37.155+0000] {logging_mixin.py:190} INFO - [2025-04-16T18:38:37.155+0000] {dag.py:3239} INFO - Sync 1 DAGs
[2025-04-16T18:38:37.180+0000] {logging_mixin.py:190} INFO - [2025-04-16T18:38:37.180+0000] {dag.py:4180} INFO - Setting next_dagrun for My_Third_Dag to None, run_after=None
[2025-04-16T18:38:37.238+0000] {processor.py:208} INFO - Processing /opt/airflow/dags/Dags Fundamentals/Hook_dag.py took 0.499 seconds
[2025-04-16T18:39:08.312+0000] {processor.py:186} INFO - Started process (PID=196) to work on /opt/airflow/dags/Dags Fundamentals/Hook_dag.py
[2025-04-16T18:39:08.313+0000] {processor.py:914} INFO - Processing file /opt/airflow/dags/Dags Fundamentals/Hook_dag.py for tasks to queue
[2025-04-16T18:39:08.315+0000] {logging_mixin.py:190} INFO - [2025-04-16T18:39:08.314+0000] {dagbag.py:588} INFO - Filling up the DagBag from /opt/airflow/dags/Dags Fundamentals/Hook_dag.py
[2025-04-16T18:39:08.668+0000] {processor.py:925} INFO - DAG(s) 'My_Third_Dag' retrieved from /opt/airflow/dags/Dags Fundamentals/Hook_dag.py
[2025-04-16T18:39:08.712+0000] {logging_mixin.py:190} INFO - [2025-04-16T18:39:08.711+0000] {dag.py:3239} INFO - Sync 1 DAGs
[2025-04-16T18:39:08.738+0000] {logging_mixin.py:190} INFO - [2025-04-16T18:39:08.738+0000] {dag.py:4180} INFO - Setting next_dagrun for My_Third_Dag to None, run_after=None
[2025-04-16T18:39:08.786+0000] {processor.py:208} INFO - Processing /opt/airflow/dags/Dags Fundamentals/Hook_dag.py took 0.478 seconds
[2025-04-16T18:39:39.811+0000] {processor.py:186} INFO - Started process (PID=219) to work on /opt/airflow/dags/Dags Fundamentals/Hook_dag.py
[2025-04-16T18:39:39.812+0000] {processor.py:914} INFO - Processing file /opt/airflow/dags/Dags Fundamentals/Hook_dag.py for tasks to queue
[2025-04-16T18:39:39.814+0000] {logging_mixin.py:190} INFO - [2025-04-16T18:39:39.813+0000] {dagbag.py:588} INFO - Filling up the DagBag from /opt/airflow/dags/Dags Fundamentals/Hook_dag.py
[2025-04-16T18:39:40.211+0000] {processor.py:925} INFO - DAG(s) 'My_Third_Dag' retrieved from /opt/airflow/dags/Dags Fundamentals/Hook_dag.py
[2025-04-16T18:39:40.266+0000] {logging_mixin.py:190} INFO - [2025-04-16T18:39:40.266+0000] {dag.py:3239} INFO - Sync 1 DAGs
[2025-04-16T18:39:40.290+0000] {logging_mixin.py:190} INFO - [2025-04-16T18:39:40.290+0000] {dag.py:4180} INFO - Setting next_dagrun for My_Third_Dag to None, run_after=None
[2025-04-16T18:39:40.346+0000] {processor.py:208} INFO - Processing /opt/airflow/dags/Dags Fundamentals/Hook_dag.py took 0.541 seconds
[2025-04-16T18:40:10.672+0000] {processor.py:186} INFO - Started process (PID=242) to work on /opt/airflow/dags/Dags Fundamentals/Hook_dag.py
[2025-04-16T18:40:10.673+0000] {processor.py:914} INFO - Processing file /opt/airflow/dags/Dags Fundamentals/Hook_dag.py for tasks to queue
[2025-04-16T18:40:10.675+0000] {logging_mixin.py:190} INFO - [2025-04-16T18:40:10.674+0000] {dagbag.py:588} INFO - Filling up the DagBag from /opt/airflow/dags/Dags Fundamentals/Hook_dag.py
[2025-04-16T18:40:11.013+0000] {processor.py:925} INFO - DAG(s) 'My_Third_Dag' retrieved from /opt/airflow/dags/Dags Fundamentals/Hook_dag.py
[2025-04-16T18:40:11.063+0000] {logging_mixin.py:190} INFO - [2025-04-16T18:40:11.063+0000] {dag.py:3239} INFO - Sync 1 DAGs
[2025-04-16T18:40:11.087+0000] {logging_mixin.py:190} INFO - [2025-04-16T18:40:11.087+0000] {dag.py:4180} INFO - Setting next_dagrun for My_Third_Dag to None, run_after=None
[2025-04-16T18:40:11.138+0000] {processor.py:208} INFO - Processing /opt/airflow/dags/Dags Fundamentals/Hook_dag.py took 0.471 seconds
[2025-04-16T18:40:41.343+0000] {processor.py:186} INFO - Started process (PID=265) to work on /opt/airflow/dags/Dags Fundamentals/Hook_dag.py
[2025-04-16T18:40:41.344+0000] {processor.py:914} INFO - Processing file /opt/airflow/dags/Dags Fundamentals/Hook_dag.py for tasks to queue
[2025-04-16T18:40:41.346+0000] {logging_mixin.py:190} INFO - [2025-04-16T18:40:41.346+0000] {dagbag.py:588} INFO - Filling up the DagBag from /opt/airflow/dags/Dags Fundamentals/Hook_dag.py
[2025-04-16T18:40:41.817+0000] {processor.py:925} INFO - DAG(s) 'My_Third_Dag' retrieved from /opt/airflow/dags/Dags Fundamentals/Hook_dag.py
[2025-04-16T18:40:41.866+0000] {logging_mixin.py:190} INFO - [2025-04-16T18:40:41.865+0000] {dag.py:3239} INFO - Sync 1 DAGs
[2025-04-16T18:40:41.890+0000] {logging_mixin.py:190} INFO - [2025-04-16T18:40:41.890+0000] {dag.py:4180} INFO - Setting next_dagrun for My_Third_Dag to None, run_after=None
[2025-04-16T18:40:41.941+0000] {processor.py:208} INFO - Processing /opt/airflow/dags/Dags Fundamentals/Hook_dag.py took 0.603 seconds
[2025-04-16T18:41:12.405+0000] {processor.py:186} INFO - Started process (PID=288) to work on /opt/airflow/dags/Dags Fundamentals/Hook_dag.py
[2025-04-16T18:41:12.406+0000] {processor.py:914} INFO - Processing file /opt/airflow/dags/Dags Fundamentals/Hook_dag.py for tasks to queue
[2025-04-16T18:41:12.410+0000] {logging_mixin.py:190} INFO - [2025-04-16T18:41:12.410+0000] {dagbag.py:588} INFO - Filling up the DagBag from /opt/airflow/dags/Dags Fundamentals/Hook_dag.py
[2025-04-16T18:41:12.999+0000] {processor.py:925} INFO - DAG(s) 'My_Third_Dag' retrieved from /opt/airflow/dags/Dags Fundamentals/Hook_dag.py
[2025-04-16T18:41:13.051+0000] {logging_mixin.py:190} INFO - [2025-04-16T18:41:13.051+0000] {dag.py:3239} INFO - Sync 1 DAGs
[2025-04-16T18:41:13.075+0000] {logging_mixin.py:190} INFO - [2025-04-16T18:41:13.074+0000] {dag.py:4180} INFO - Setting next_dagrun for My_Third_Dag to None, run_after=None
[2025-04-16T18:41:13.135+0000] {processor.py:208} INFO - Processing /opt/airflow/dags/Dags Fundamentals/Hook_dag.py took 0.735 seconds
[2025-04-16T18:41:43.788+0000] {processor.py:186} INFO - Started process (PID=312) to work on /opt/airflow/dags/Dags Fundamentals/Hook_dag.py
[2025-04-16T18:41:43.789+0000] {processor.py:914} INFO - Processing file /opt/airflow/dags/Dags Fundamentals/Hook_dag.py for tasks to queue
[2025-04-16T18:41:43.794+0000] {logging_mixin.py:190} INFO - [2025-04-16T18:41:43.792+0000] {dagbag.py:588} INFO - Filling up the DagBag from /opt/airflow/dags/Dags Fundamentals/Hook_dag.py
[2025-04-16T18:41:44.206+0000] {processor.py:925} INFO - DAG(s) 'My_Third_Dag' retrieved from /opt/airflow/dags/Dags Fundamentals/Hook_dag.py
[2025-04-16T18:41:44.271+0000] {logging_mixin.py:190} INFO - [2025-04-16T18:41:44.270+0000] {dag.py:3239} INFO - Sync 1 DAGs
[2025-04-16T18:41:44.291+0000] {logging_mixin.py:190} INFO - [2025-04-16T18:41:44.291+0000] {dag.py:4180} INFO - Setting next_dagrun for My_Third_Dag to None, run_after=None
[2025-04-16T18:41:44.320+0000] {processor.py:208} INFO - Processing /opt/airflow/dags/Dags Fundamentals/Hook_dag.py took 0.538 seconds
[2025-04-16T18:42:14.516+0000] {processor.py:186} INFO - Started process (PID=337) to work on /opt/airflow/dags/Dags Fundamentals/Hook_dag.py
[2025-04-16T18:42:14.517+0000] {processor.py:914} INFO - Processing file /opt/airflow/dags/Dags Fundamentals/Hook_dag.py for tasks to queue
[2025-04-16T18:42:14.520+0000] {logging_mixin.py:190} INFO - [2025-04-16T18:42:14.519+0000] {dagbag.py:588} INFO - Filling up the DagBag from /opt/airflow/dags/Dags Fundamentals/Hook_dag.py
[2025-04-16T18:42:14.834+0000] {processor.py:925} INFO - DAG(s) 'My_Third_Dag' retrieved from /opt/airflow/dags/Dags Fundamentals/Hook_dag.py
[2025-04-16T18:42:14.889+0000] {logging_mixin.py:190} INFO - [2025-04-16T18:42:14.888+0000] {dag.py:3239} INFO - Sync 1 DAGs
[2025-04-16T18:42:14.913+0000] {logging_mixin.py:190} INFO - [2025-04-16T18:42:14.913+0000] {dag.py:4180} INFO - Setting next_dagrun for My_Third_Dag to None, run_after=None
[2025-04-16T18:42:14.958+0000] {processor.py:208} INFO - Processing /opt/airflow/dags/Dags Fundamentals/Hook_dag.py took 0.446 seconds
[2025-04-16T18:42:45.074+0000] {processor.py:186} INFO - Started process (PID=360) to work on /opt/airflow/dags/Dags Fundamentals/Hook_dag.py
[2025-04-16T18:42:45.075+0000] {processor.py:914} INFO - Processing file /opt/airflow/dags/Dags Fundamentals/Hook_dag.py for tasks to queue
[2025-04-16T18:42:45.077+0000] {logging_mixin.py:190} INFO - [2025-04-16T18:42:45.077+0000] {dagbag.py:588} INFO - Filling up the DagBag from /opt/airflow/dags/Dags Fundamentals/Hook_dag.py
[2025-04-16T18:42:45.469+0000] {processor.py:925} INFO - DAG(s) 'My_Third_Dag' retrieved from /opt/airflow/dags/Dags Fundamentals/Hook_dag.py
[2025-04-16T18:42:45.520+0000] {logging_mixin.py:190} INFO - [2025-04-16T18:42:45.519+0000] {dag.py:3239} INFO - Sync 1 DAGs
[2025-04-16T18:42:45.556+0000] {logging_mixin.py:190} INFO - [2025-04-16T18:42:45.555+0000] {dag.py:4180} INFO - Setting next_dagrun for My_Third_Dag to None, run_after=None
[2025-04-16T18:42:45.591+0000] {processor.py:208} INFO - Processing /opt/airflow/dags/Dags Fundamentals/Hook_dag.py took 0.522 seconds
[2025-04-16T18:43:15.894+0000] {processor.py:186} INFO - Started process (PID=383) to work on /opt/airflow/dags/Dags Fundamentals/Hook_dag.py
[2025-04-16T18:43:15.895+0000] {processor.py:914} INFO - Processing file /opt/airflow/dags/Dags Fundamentals/Hook_dag.py for tasks to queue
[2025-04-16T18:43:15.898+0000] {logging_mixin.py:190} INFO - [2025-04-16T18:43:15.897+0000] {dagbag.py:588} INFO - Filling up the DagBag from /opt/airflow/dags/Dags Fundamentals/Hook_dag.py
[2025-04-16T18:43:16.216+0000] {processor.py:925} INFO - DAG(s) 'My_Third_Dag' retrieved from /opt/airflow/dags/Dags Fundamentals/Hook_dag.py
[2025-04-16T18:43:16.258+0000] {logging_mixin.py:190} INFO - [2025-04-16T18:43:16.258+0000] {dag.py:3239} INFO - Sync 1 DAGs
[2025-04-16T18:43:16.281+0000] {logging_mixin.py:190} INFO - [2025-04-16T18:43:16.281+0000] {dag.py:4180} INFO - Setting next_dagrun for My_Third_Dag to None, run_after=None
[2025-04-16T18:43:16.326+0000] {processor.py:208} INFO - Processing /opt/airflow/dags/Dags Fundamentals/Hook_dag.py took 0.436 seconds
[2025-04-16T18:43:46.644+0000] {processor.py:186} INFO - Started process (PID=406) to work on /opt/airflow/dags/Dags Fundamentals/Hook_dag.py
[2025-04-16T18:43:46.646+0000] {processor.py:914} INFO - Processing file /opt/airflow/dags/Dags Fundamentals/Hook_dag.py for tasks to queue
[2025-04-16T18:43:46.651+0000] {logging_mixin.py:190} INFO - [2025-04-16T18:43:46.650+0000] {dagbag.py:588} INFO - Filling up the DagBag from /opt/airflow/dags/Dags Fundamentals/Hook_dag.py
[2025-04-16T18:43:47.111+0000] {processor.py:925} INFO - DAG(s) 'My_Third_Dag' retrieved from /opt/airflow/dags/Dags Fundamentals/Hook_dag.py
[2025-04-16T18:43:47.162+0000] {logging_mixin.py:190} INFO - [2025-04-16T18:43:47.161+0000] {dag.py:3239} INFO - Sync 1 DAGs
[2025-04-16T18:43:47.193+0000] {logging_mixin.py:190} INFO - [2025-04-16T18:43:47.193+0000] {dag.py:4180} INFO - Setting next_dagrun for My_Third_Dag to None, run_after=None
[2025-04-16T18:43:47.276+0000] {processor.py:208} INFO - Processing /opt/airflow/dags/Dags Fundamentals/Hook_dag.py took 0.641 seconds
[2025-04-16T18:44:17.772+0000] {processor.py:186} INFO - Started process (PID=429) to work on /opt/airflow/dags/Dags Fundamentals/Hook_dag.py
[2025-04-16T18:44:17.773+0000] {processor.py:914} INFO - Processing file /opt/airflow/dags/Dags Fundamentals/Hook_dag.py for tasks to queue
[2025-04-16T18:44:17.776+0000] {logging_mixin.py:190} INFO - [2025-04-16T18:44:17.776+0000] {dagbag.py:588} INFO - Filling up the DagBag from /opt/airflow/dags/Dags Fundamentals/Hook_dag.py
[2025-04-16T18:44:18.319+0000] {processor.py:925} INFO - DAG(s) 'My_Third_Dag' retrieved from /opt/airflow/dags/Dags Fundamentals/Hook_dag.py
[2025-04-16T18:44:18.361+0000] {logging_mixin.py:190} INFO - [2025-04-16T18:44:18.361+0000] {dag.py:3239} INFO - Sync 1 DAGs
[2025-04-16T18:44:18.385+0000] {logging_mixin.py:190} INFO - [2025-04-16T18:44:18.385+0000] {dag.py:4180} INFO - Setting next_dagrun for My_Third_Dag to None, run_after=None
[2025-04-16T18:44:18.437+0000] {processor.py:208} INFO - Processing /opt/airflow/dags/Dags Fundamentals/Hook_dag.py took 0.671 seconds
[2025-04-16T18:44:49.286+0000] {processor.py:186} INFO - Started process (PID=452) to work on /opt/airflow/dags/Dags Fundamentals/Hook_dag.py
[2025-04-16T18:44:49.287+0000] {processor.py:914} INFO - Processing file /opt/airflow/dags/Dags Fundamentals/Hook_dag.py for tasks to queue
[2025-04-16T18:44:49.289+0000] {logging_mixin.py:190} INFO - [2025-04-16T18:44:49.289+0000] {dagbag.py:588} INFO - Filling up the DagBag from /opt/airflow/dags/Dags Fundamentals/Hook_dag.py
[2025-04-16T18:44:49.671+0000] {processor.py:925} INFO - DAG(s) 'My_Third_Dag' retrieved from /opt/airflow/dags/Dags Fundamentals/Hook_dag.py
[2025-04-16T18:44:49.716+0000] {logging_mixin.py:190} INFO - [2025-04-16T18:44:49.716+0000] {dag.py:3239} INFO - Sync 1 DAGs
[2025-04-16T18:44:49.736+0000] {logging_mixin.py:190} INFO - [2025-04-16T18:44:49.736+0000] {dag.py:4180} INFO - Setting next_dagrun for My_Third_Dag to None, run_after=None
[2025-04-16T18:44:49.786+0000] {processor.py:208} INFO - Processing /opt/airflow/dags/Dags Fundamentals/Hook_dag.py took 0.506 seconds
[2025-04-16T18:45:20.156+0000] {processor.py:186} INFO - Started process (PID=474) to work on /opt/airflow/dags/Dags Fundamentals/Hook_dag.py
[2025-04-16T18:45:20.157+0000] {processor.py:914} INFO - Processing file /opt/airflow/dags/Dags Fundamentals/Hook_dag.py for tasks to queue
[2025-04-16T18:45:20.159+0000] {logging_mixin.py:190} INFO - [2025-04-16T18:45:20.159+0000] {dagbag.py:588} INFO - Filling up the DagBag from /opt/airflow/dags/Dags Fundamentals/Hook_dag.py
[2025-04-16T18:45:20.641+0000] {processor.py:925} INFO - DAG(s) 'My_Third_Dag' retrieved from /opt/airflow/dags/Dags Fundamentals/Hook_dag.py
[2025-04-16T18:45:20.698+0000] {logging_mixin.py:190} INFO - [2025-04-16T18:45:20.697+0000] {dag.py:3239} INFO - Sync 1 DAGs
[2025-04-16T18:45:20.722+0000] {logging_mixin.py:190} INFO - [2025-04-16T18:45:20.722+0000] {dag.py:4180} INFO - Setting next_dagrun for My_Third_Dag to None, run_after=None
[2025-04-16T18:45:20.788+0000] {processor.py:208} INFO - Processing /opt/airflow/dags/Dags Fundamentals/Hook_dag.py took 0.638 seconds
[2025-04-16T18:45:50.986+0000] {processor.py:186} INFO - Started process (PID=497) to work on /opt/airflow/dags/Dags Fundamentals/Hook_dag.py
[2025-04-16T18:45:50.988+0000] {processor.py:914} INFO - Processing file /opt/airflow/dags/Dags Fundamentals/Hook_dag.py for tasks to queue
[2025-04-16T18:45:50.990+0000] {logging_mixin.py:190} INFO - [2025-04-16T18:45:50.990+0000] {dagbag.py:588} INFO - Filling up the DagBag from /opt/airflow/dags/Dags Fundamentals/Hook_dag.py
[2025-04-16T18:45:51.421+0000] {processor.py:925} INFO - DAG(s) 'My_Third_Dag' retrieved from /opt/airflow/dags/Dags Fundamentals/Hook_dag.py
[2025-04-16T18:45:51.465+0000] {logging_mixin.py:190} INFO - [2025-04-16T18:45:51.465+0000] {dag.py:3239} INFO - Sync 1 DAGs
[2025-04-16T18:45:51.488+0000] {logging_mixin.py:190} INFO - [2025-04-16T18:45:51.488+0000] {dag.py:4180} INFO - Setting next_dagrun for My_Third_Dag to None, run_after=None
[2025-04-16T18:45:51.541+0000] {processor.py:208} INFO - Processing /opt/airflow/dags/Dags Fundamentals/Hook_dag.py took 0.561 seconds
[2025-04-16T18:46:21.810+0000] {processor.py:186} INFO - Started process (PID=521) to work on /opt/airflow/dags/Dags Fundamentals/Hook_dag.py
[2025-04-16T18:46:21.811+0000] {processor.py:914} INFO - Processing file /opt/airflow/dags/Dags Fundamentals/Hook_dag.py for tasks to queue
[2025-04-16T18:46:21.814+0000] {logging_mixin.py:190} INFO - [2025-04-16T18:46:21.814+0000] {dagbag.py:588} INFO - Filling up the DagBag from /opt/airflow/dags/Dags Fundamentals/Hook_dag.py
[2025-04-16T18:46:22.216+0000] {processor.py:925} INFO - DAG(s) 'My_Third_Dag' retrieved from /opt/airflow/dags/Dags Fundamentals/Hook_dag.py
[2025-04-16T18:46:22.267+0000] {logging_mixin.py:190} INFO - [2025-04-16T18:46:22.266+0000] {dag.py:3239} INFO - Sync 1 DAGs
[2025-04-16T18:46:22.286+0000] {logging_mixin.py:190} INFO - [2025-04-16T18:46:22.286+0000] {dag.py:4180} INFO - Setting next_dagrun for My_Third_Dag to None, run_after=None
[2025-04-16T18:46:22.316+0000] {processor.py:208} INFO - Processing /opt/airflow/dags/Dags Fundamentals/Hook_dag.py took 0.512 seconds
[2025-04-16T18:46:53.194+0000] {processor.py:186} INFO - Started process (PID=545) to work on /opt/airflow/dags/Dags Fundamentals/Hook_dag.py
[2025-04-16T18:46:53.195+0000] {processor.py:914} INFO - Processing file /opt/airflow/dags/Dags Fundamentals/Hook_dag.py for tasks to queue
[2025-04-16T18:46:53.197+0000] {logging_mixin.py:190} INFO - [2025-04-16T18:46:53.197+0000] {dagbag.py:588} INFO - Filling up the DagBag from /opt/airflow/dags/Dags Fundamentals/Hook_dag.py
[2025-04-16T18:46:53.982+0000] {processor.py:925} INFO - DAG(s) 'My_Third_Dag' retrieved from /opt/airflow/dags/Dags Fundamentals/Hook_dag.py
[2025-04-16T18:46:54.036+0000] {logging_mixin.py:190} INFO - [2025-04-16T18:46:54.035+0000] {dag.py:3239} INFO - Sync 1 DAGs
[2025-04-16T18:46:54.058+0000] {logging_mixin.py:190} INFO - [2025-04-16T18:46:54.057+0000] {dag.py:4180} INFO - Setting next_dagrun for My_Third_Dag to None, run_after=None
[2025-04-16T18:46:54.107+0000] {processor.py:208} INFO - Processing /opt/airflow/dags/Dags Fundamentals/Hook_dag.py took 0.925 seconds
[2025-04-16T18:47:24.355+0000] {processor.py:186} INFO - Started process (PID=567) to work on /opt/airflow/dags/Dags Fundamentals/Hook_dag.py
[2025-04-16T18:47:24.356+0000] {processor.py:914} INFO - Processing file /opt/airflow/dags/Dags Fundamentals/Hook_dag.py for tasks to queue
[2025-04-16T18:47:24.360+0000] {logging_mixin.py:190} INFO - [2025-04-16T18:47:24.359+0000] {dagbag.py:588} INFO - Filling up the DagBag from /opt/airflow/dags/Dags Fundamentals/Hook_dag.py
[2025-04-16T18:47:24.886+0000] {processor.py:925} INFO - DAG(s) 'My_Third_Dag' retrieved from /opt/airflow/dags/Dags Fundamentals/Hook_dag.py
[2025-04-16T18:47:24.947+0000] {logging_mixin.py:190} INFO - [2025-04-16T18:47:24.946+0000] {dag.py:3239} INFO - Sync 1 DAGs
[2025-04-16T18:47:24.978+0000] {logging_mixin.py:190} INFO - [2025-04-16T18:47:24.977+0000] {dag.py:4180} INFO - Setting next_dagrun for My_Third_Dag to None, run_after=None
[2025-04-16T18:47:25.027+0000] {processor.py:208} INFO - Processing /opt/airflow/dags/Dags Fundamentals/Hook_dag.py took 0.677 seconds
[2025-04-16T18:47:55.535+0000] {processor.py:186} INFO - Started process (PID=591) to work on /opt/airflow/dags/Dags Fundamentals/Hook_dag.py
[2025-04-16T18:47:55.536+0000] {processor.py:914} INFO - Processing file /opt/airflow/dags/Dags Fundamentals/Hook_dag.py for tasks to queue
[2025-04-16T18:47:55.540+0000] {logging_mixin.py:190} INFO - [2025-04-16T18:47:55.540+0000] {dagbag.py:588} INFO - Filling up the DagBag from /opt/airflow/dags/Dags Fundamentals/Hook_dag.py
[2025-04-16T18:47:55.942+0000] {processor.py:925} INFO - DAG(s) 'My_Third_Dag' retrieved from /opt/airflow/dags/Dags Fundamentals/Hook_dag.py
[2025-04-16T18:47:55.979+0000] {logging_mixin.py:190} INFO - [2025-04-16T18:47:55.979+0000] {dag.py:3239} INFO - Sync 1 DAGs
[2025-04-16T18:47:55.996+0000] {logging_mixin.py:190} INFO - [2025-04-16T18:47:55.996+0000] {dag.py:4180} INFO - Setting next_dagrun for My_Third_Dag to None, run_after=None
[2025-04-16T18:47:56.020+0000] {processor.py:208} INFO - Processing /opt/airflow/dags/Dags Fundamentals/Hook_dag.py took 0.491 seconds
[2025-04-16T18:48:26.748+0000] {processor.py:186} INFO - Started process (PID=614) to work on /opt/airflow/dags/Dags Fundamentals/Hook_dag.py
[2025-04-16T18:48:26.749+0000] {processor.py:914} INFO - Processing file /opt/airflow/dags/Dags Fundamentals/Hook_dag.py for tasks to queue
[2025-04-16T18:48:26.752+0000] {logging_mixin.py:190} INFO - [2025-04-16T18:48:26.751+0000] {dagbag.py:588} INFO - Filling up the DagBag from /opt/airflow/dags/Dags Fundamentals/Hook_dag.py
[2025-04-16T18:48:27.147+0000] {processor.py:925} INFO - DAG(s) 'My_Third_Dag' retrieved from /opt/airflow/dags/Dags Fundamentals/Hook_dag.py
[2025-04-16T18:48:27.196+0000] {logging_mixin.py:190} INFO - [2025-04-16T18:48:27.196+0000] {dag.py:3239} INFO - Sync 1 DAGs
[2025-04-16T18:48:27.226+0000] {logging_mixin.py:190} INFO - [2025-04-16T18:48:27.226+0000] {dag.py:4180} INFO - Setting next_dagrun for My_Third_Dag to None, run_after=None
[2025-04-16T18:48:27.282+0000] {processor.py:208} INFO - Processing /opt/airflow/dags/Dags Fundamentals/Hook_dag.py took 0.538 seconds
[2025-04-16T18:48:58.148+0000] {processor.py:186} INFO - Started process (PID=636) to work on /opt/airflow/dags/Dags Fundamentals/Hook_dag.py
[2025-04-16T18:48:58.150+0000] {processor.py:914} INFO - Processing file /opt/airflow/dags/Dags Fundamentals/Hook_dag.py for tasks to queue
[2025-04-16T18:48:58.153+0000] {logging_mixin.py:190} INFO - [2025-04-16T18:48:58.152+0000] {dagbag.py:588} INFO - Filling up the DagBag from /opt/airflow/dags/Dags Fundamentals/Hook_dag.py
[2025-04-16T18:48:58.610+0000] {processor.py:925} INFO - DAG(s) 'My_Third_Dag' retrieved from /opt/airflow/dags/Dags Fundamentals/Hook_dag.py
[2025-04-16T18:48:58.656+0000] {logging_mixin.py:190} INFO - [2025-04-16T18:48:58.655+0000] {dag.py:3239} INFO - Sync 1 DAGs
[2025-04-16T18:48:58.681+0000] {logging_mixin.py:190} INFO - [2025-04-16T18:48:58.681+0000] {dag.py:4180} INFO - Setting next_dagrun for My_Third_Dag to None, run_after=None
[2025-04-16T18:48:58.728+0000] {processor.py:208} INFO - Processing /opt/airflow/dags/Dags Fundamentals/Hook_dag.py took 0.585 seconds
[2025-04-16T18:49:29.093+0000] {processor.py:186} INFO - Started process (PID=659) to work on /opt/airflow/dags/Dags Fundamentals/Hook_dag.py
[2025-04-16T18:49:29.095+0000] {processor.py:914} INFO - Processing file /opt/airflow/dags/Dags Fundamentals/Hook_dag.py for tasks to queue
[2025-04-16T18:49:29.098+0000] {logging_mixin.py:190} INFO - [2025-04-16T18:49:29.097+0000] {dagbag.py:588} INFO - Filling up the DagBag from /opt/airflow/dags/Dags Fundamentals/Hook_dag.py
[2025-04-16T18:49:29.505+0000] {processor.py:925} INFO - DAG(s) 'My_Third_Dag' retrieved from /opt/airflow/dags/Dags Fundamentals/Hook_dag.py
[2025-04-16T18:49:29.567+0000] {logging_mixin.py:190} INFO - [2025-04-16T18:49:29.566+0000] {dag.py:3239} INFO - Sync 1 DAGs
[2025-04-16T18:49:29.589+0000] {logging_mixin.py:190} INFO - [2025-04-16T18:49:29.589+0000] {dag.py:4180} INFO - Setting next_dagrun for My_Third_Dag to None, run_after=None
[2025-04-16T18:49:29.652+0000] {processor.py:208} INFO - Processing /opt/airflow/dags/Dags Fundamentals/Hook_dag.py took 0.563 seconds
[2025-04-16T18:50:00.048+0000] {processor.py:186} INFO - Started process (PID=682) to work on /opt/airflow/dags/Dags Fundamentals/Hook_dag.py
[2025-04-16T18:50:00.050+0000] {processor.py:914} INFO - Processing file /opt/airflow/dags/Dags Fundamentals/Hook_dag.py for tasks to queue
[2025-04-16T18:50:00.052+0000] {logging_mixin.py:190} INFO - [2025-04-16T18:50:00.052+0000] {dagbag.py:588} INFO - Filling up the DagBag from /opt/airflow/dags/Dags Fundamentals/Hook_dag.py
[2025-04-16T18:50:00.533+0000] {processor.py:925} INFO - DAG(s) 'My_Third_Dag' retrieved from /opt/airflow/dags/Dags Fundamentals/Hook_dag.py
[2025-04-16T18:50:00.576+0000] {logging_mixin.py:190} INFO - [2025-04-16T18:50:00.576+0000] {dag.py:3239} INFO - Sync 1 DAGs
[2025-04-16T18:50:00.601+0000] {logging_mixin.py:190} INFO - [2025-04-16T18:50:00.600+0000] {dag.py:4180} INFO - Setting next_dagrun for My_Third_Dag to None, run_after=None
[2025-04-16T18:50:00.633+0000] {processor.py:208} INFO - Processing /opt/airflow/dags/Dags Fundamentals/Hook_dag.py took 0.589 seconds
[2025-04-16T18:50:31.142+0000] {processor.py:186} INFO - Started process (PID=711) to work on /opt/airflow/dags/Dags Fundamentals/Hook_dag.py
[2025-04-16T18:50:31.143+0000] {processor.py:914} INFO - Processing file /opt/airflow/dags/Dags Fundamentals/Hook_dag.py for tasks to queue
[2025-04-16T18:50:31.146+0000] {logging_mixin.py:190} INFO - [2025-04-16T18:50:31.146+0000] {dagbag.py:588} INFO - Filling up the DagBag from /opt/airflow/dags/Dags Fundamentals/Hook_dag.py
[2025-04-16T18:50:31.590+0000] {processor.py:925} INFO - DAG(s) 'My_Third_Dag' retrieved from /opt/airflow/dags/Dags Fundamentals/Hook_dag.py
[2025-04-16T18:50:31.641+0000] {logging_mixin.py:190} INFO - [2025-04-16T18:50:31.641+0000] {dag.py:3239} INFO - Sync 1 DAGs
[2025-04-16T18:50:31.666+0000] {logging_mixin.py:190} INFO - [2025-04-16T18:50:31.666+0000] {dag.py:4180} INFO - Setting next_dagrun for My_Third_Dag to None, run_after=None
[2025-04-16T18:50:31.718+0000] {processor.py:208} INFO - Processing /opt/airflow/dags/Dags Fundamentals/Hook_dag.py took 0.583 seconds
[2025-04-16T18:51:02.350+0000] {processor.py:186} INFO - Started process (PID=734) to work on /opt/airflow/dags/Dags Fundamentals/Hook_dag.py
[2025-04-16T18:51:02.351+0000] {processor.py:914} INFO - Processing file /opt/airflow/dags/Dags Fundamentals/Hook_dag.py for tasks to queue
[2025-04-16T18:51:02.355+0000] {logging_mixin.py:190} INFO - [2025-04-16T18:51:02.355+0000] {dagbag.py:588} INFO - Filling up the DagBag from /opt/airflow/dags/Dags Fundamentals/Hook_dag.py
[2025-04-16T18:51:02.768+0000] {processor.py:925} INFO - DAG(s) 'My_Third_Dag' retrieved from /opt/airflow/dags/Dags Fundamentals/Hook_dag.py
[2025-04-16T18:51:02.822+0000] {logging_mixin.py:190} INFO - [2025-04-16T18:51:02.822+0000] {dag.py:3239} INFO - Sync 1 DAGs
[2025-04-16T18:51:02.841+0000] {logging_mixin.py:190} INFO - [2025-04-16T18:51:02.841+0000] {dag.py:4180} INFO - Setting next_dagrun for My_Third_Dag to None, run_after=None
[2025-04-16T18:51:02.884+0000] {processor.py:208} INFO - Processing /opt/airflow/dags/Dags Fundamentals/Hook_dag.py took 0.538 seconds
[2025-04-16T18:51:33.123+0000] {processor.py:186} INFO - Started process (PID=756) to work on /opt/airflow/dags/Dags Fundamentals/Hook_dag.py
[2025-04-16T18:51:33.125+0000] {processor.py:914} INFO - Processing file /opt/airflow/dags/Dags Fundamentals/Hook_dag.py for tasks to queue
[2025-04-16T18:51:33.127+0000] {logging_mixin.py:190} INFO - [2025-04-16T18:51:33.127+0000] {dagbag.py:588} INFO - Filling up the DagBag from /opt/airflow/dags/Dags Fundamentals/Hook_dag.py
[2025-04-16T18:51:33.492+0000] {processor.py:925} INFO - DAG(s) 'My_Third_Dag' retrieved from /opt/airflow/dags/Dags Fundamentals/Hook_dag.py
[2025-04-16T18:51:33.545+0000] {logging_mixin.py:190} INFO - [2025-04-16T18:51:33.545+0000] {dag.py:3239} INFO - Sync 1 DAGs
[2025-04-16T18:51:33.570+0000] {logging_mixin.py:190} INFO - [2025-04-16T18:51:33.570+0000] {dag.py:4180} INFO - Setting next_dagrun for My_Third_Dag to None, run_after=None
[2025-04-16T18:51:33.629+0000] {processor.py:208} INFO - Processing /opt/airflow/dags/Dags Fundamentals/Hook_dag.py took 0.511 seconds
[2025-04-16T18:52:05.035+0000] {processor.py:186} INFO - Started process (PID=779) to work on /opt/airflow/dags/Dags Fundamentals/Hook_dag.py
[2025-04-16T18:52:05.036+0000] {processor.py:914} INFO - Processing file /opt/airflow/dags/Dags Fundamentals/Hook_dag.py for tasks to queue
[2025-04-16T18:52:05.039+0000] {logging_mixin.py:190} INFO - [2025-04-16T18:52:05.039+0000] {dagbag.py:588} INFO - Filling up the DagBag from /opt/airflow/dags/Dags Fundamentals/Hook_dag.py
[2025-04-16T18:52:05.514+0000] {processor.py:925} INFO - DAG(s) 'My_Third_Dag' retrieved from /opt/airflow/dags/Dags Fundamentals/Hook_dag.py
[2025-04-16T18:52:05.564+0000] {logging_mixin.py:190} INFO - [2025-04-16T18:52:05.563+0000] {dag.py:3239} INFO - Sync 1 DAGs
[2025-04-16T18:52:05.603+0000] {logging_mixin.py:190} INFO - [2025-04-16T18:52:05.603+0000] {dag.py:4180} INFO - Setting next_dagrun for My_Third_Dag to None, run_after=None
[2025-04-16T18:52:05.667+0000] {processor.py:208} INFO - Processing /opt/airflow/dags/Dags Fundamentals/Hook_dag.py took 0.636 seconds
[2025-04-16T18:52:36.053+0000] {processor.py:186} INFO - Started process (PID=801) to work on /opt/airflow/dags/Dags Fundamentals/Hook_dag.py
[2025-04-16T18:52:36.054+0000] {processor.py:914} INFO - Processing file /opt/airflow/dags/Dags Fundamentals/Hook_dag.py for tasks to queue
[2025-04-16T18:52:36.057+0000] {logging_mixin.py:190} INFO - [2025-04-16T18:52:36.057+0000] {dagbag.py:588} INFO - Filling up the DagBag from /opt/airflow/dags/Dags Fundamentals/Hook_dag.py
[2025-04-16T18:52:36.440+0000] {processor.py:925} INFO - DAG(s) 'My_Third_Dag' retrieved from /opt/airflow/dags/Dags Fundamentals/Hook_dag.py
[2025-04-16T18:52:36.481+0000] {logging_mixin.py:190} INFO - [2025-04-16T18:52:36.480+0000] {dag.py:3239} INFO - Sync 1 DAGs
[2025-04-16T18:52:36.500+0000] {logging_mixin.py:190} INFO - [2025-04-16T18:52:36.500+0000] {dag.py:4180} INFO - Setting next_dagrun for My_Third_Dag to None, run_after=None
[2025-04-16T18:52:36.554+0000] {processor.py:208} INFO - Processing /opt/airflow/dags/Dags Fundamentals/Hook_dag.py took 0.506 seconds
[2025-04-16T18:53:07.409+0000] {processor.py:186} INFO - Started process (PID=825) to work on /opt/airflow/dags/Dags Fundamentals/Hook_dag.py
[2025-04-16T18:53:07.410+0000] {processor.py:914} INFO - Processing file /opt/airflow/dags/Dags Fundamentals/Hook_dag.py for tasks to queue
[2025-04-16T18:53:07.414+0000] {logging_mixin.py:190} INFO - [2025-04-16T18:53:07.413+0000] {dagbag.py:588} INFO - Filling up the DagBag from /opt/airflow/dags/Dags Fundamentals/Hook_dag.py
[2025-04-16T18:53:07.859+0000] {processor.py:925} INFO - DAG(s) 'My_Third_Dag' retrieved from /opt/airflow/dags/Dags Fundamentals/Hook_dag.py
[2025-04-16T18:53:07.914+0000] {logging_mixin.py:190} INFO - [2025-04-16T18:53:07.913+0000] {dag.py:3239} INFO - Sync 1 DAGs
[2025-04-16T18:53:07.948+0000] {logging_mixin.py:190} INFO - [2025-04-16T18:53:07.947+0000] {dag.py:4180} INFO - Setting next_dagrun for My_Third_Dag to None, run_after=None
[2025-04-16T18:53:08.049+0000] {processor.py:208} INFO - Processing /opt/airflow/dags/Dags Fundamentals/Hook_dag.py took 0.649 seconds
[2025-04-16T18:53:38.186+0000] {processor.py:186} INFO - Started process (PID=848) to work on /opt/airflow/dags/Dags Fundamentals/Hook_dag.py
[2025-04-16T18:53:38.187+0000] {processor.py:914} INFO - Processing file /opt/airflow/dags/Dags Fundamentals/Hook_dag.py for tasks to queue
[2025-04-16T18:53:38.191+0000] {logging_mixin.py:190} INFO - [2025-04-16T18:53:38.191+0000] {dagbag.py:588} INFO - Filling up the DagBag from /opt/airflow/dags/Dags Fundamentals/Hook_dag.py
[2025-04-16T18:53:38.630+0000] {processor.py:925} INFO - DAG(s) 'My_Third_Dag' retrieved from /opt/airflow/dags/Dags Fundamentals/Hook_dag.py
[2025-04-16T18:53:38.676+0000] {logging_mixin.py:190} INFO - [2025-04-16T18:53:38.676+0000] {dag.py:3239} INFO - Sync 1 DAGs
[2025-04-16T18:53:38.698+0000] {logging_mixin.py:190} INFO - [2025-04-16T18:53:38.698+0000] {dag.py:4180} INFO - Setting next_dagrun for My_Third_Dag to None, run_after=None
[2025-04-16T18:53:38.723+0000] {processor.py:208} INFO - Processing /opt/airflow/dags/Dags Fundamentals/Hook_dag.py took 0.544 seconds
[2025-04-16T18:54:08.797+0000] {processor.py:186} INFO - Started process (PID=871) to work on /opt/airflow/dags/Dags Fundamentals/Hook_dag.py
[2025-04-16T18:54:08.799+0000] {processor.py:914} INFO - Processing file /opt/airflow/dags/Dags Fundamentals/Hook_dag.py for tasks to queue
[2025-04-16T18:54:08.802+0000] {logging_mixin.py:190} INFO - [2025-04-16T18:54:08.802+0000] {dagbag.py:588} INFO - Filling up the DagBag from /opt/airflow/dags/Dags Fundamentals/Hook_dag.py
[2025-04-16T18:54:09.183+0000] {processor.py:925} INFO - DAG(s) 'My_Third_Dag' retrieved from /opt/airflow/dags/Dags Fundamentals/Hook_dag.py
[2025-04-16T18:54:09.240+0000] {logging_mixin.py:190} INFO - [2025-04-16T18:54:09.240+0000] {dag.py:3239} INFO - Sync 1 DAGs
[2025-04-16T18:54:09.264+0000] {logging_mixin.py:190} INFO - [2025-04-16T18:54:09.263+0000] {dag.py:4180} INFO - Setting next_dagrun for My_Third_Dag to None, run_after=None
[2025-04-16T18:54:09.312+0000] {processor.py:208} INFO - Processing /opt/airflow/dags/Dags Fundamentals/Hook_dag.py took 0.519 seconds
[2025-04-16T18:54:39.630+0000] {processor.py:186} INFO - Started process (PID=892) to work on /opt/airflow/dags/Dags Fundamentals/Hook_dag.py
[2025-04-16T18:54:39.632+0000] {processor.py:914} INFO - Processing file /opt/airflow/dags/Dags Fundamentals/Hook_dag.py for tasks to queue
[2025-04-16T18:54:39.634+0000] {logging_mixin.py:190} INFO - [2025-04-16T18:54:39.633+0000] {dagbag.py:588} INFO - Filling up the DagBag from /opt/airflow/dags/Dags Fundamentals/Hook_dag.py
[2025-04-16T18:54:40.030+0000] {processor.py:925} INFO - DAG(s) 'My_Third_Dag' retrieved from /opt/airflow/dags/Dags Fundamentals/Hook_dag.py
[2025-04-16T18:54:40.075+0000] {logging_mixin.py:190} INFO - [2025-04-16T18:54:40.075+0000] {dag.py:3239} INFO - Sync 1 DAGs
[2025-04-16T18:54:40.094+0000] {logging_mixin.py:190} INFO - [2025-04-16T18:54:40.094+0000] {dag.py:4180} INFO - Setting next_dagrun for My_Third_Dag to None, run_after=None
[2025-04-16T18:54:40.159+0000] {processor.py:208} INFO - Processing /opt/airflow/dags/Dags Fundamentals/Hook_dag.py took 0.534 seconds
[2025-04-16T18:55:10.852+0000] {processor.py:186} INFO - Started process (PID=916) to work on /opt/airflow/dags/Dags Fundamentals/Hook_dag.py
[2025-04-16T18:55:10.853+0000] {processor.py:914} INFO - Processing file /opt/airflow/dags/Dags Fundamentals/Hook_dag.py for tasks to queue
[2025-04-16T18:55:10.855+0000] {logging_mixin.py:190} INFO - [2025-04-16T18:55:10.855+0000] {dagbag.py:588} INFO - Filling up the DagBag from /opt/airflow/dags/Dags Fundamentals/Hook_dag.py
[2025-04-16T18:55:11.249+0000] {processor.py:925} INFO - DAG(s) 'My_Third_Dag' retrieved from /opt/airflow/dags/Dags Fundamentals/Hook_dag.py
[2025-04-16T18:55:11.292+0000] {logging_mixin.py:190} INFO - [2025-04-16T18:55:11.291+0000] {dag.py:3239} INFO - Sync 1 DAGs
[2025-04-16T18:55:11.316+0000] {logging_mixin.py:190} INFO - [2025-04-16T18:55:11.316+0000] {dag.py:4180} INFO - Setting next_dagrun for My_Third_Dag to None, run_after=None
[2025-04-16T18:55:11.354+0000] {processor.py:208} INFO - Processing /opt/airflow/dags/Dags Fundamentals/Hook_dag.py took 0.507 seconds
[2025-04-16T18:55:41.843+0000] {processor.py:186} INFO - Started process (PID=939) to work on /opt/airflow/dags/Dags Fundamentals/Hook_dag.py
[2025-04-16T18:55:41.844+0000] {processor.py:914} INFO - Processing file /opt/airflow/dags/Dags Fundamentals/Hook_dag.py for tasks to queue
[2025-04-16T18:55:41.846+0000] {logging_mixin.py:190} INFO - [2025-04-16T18:55:41.846+0000] {dagbag.py:588} INFO - Filling up the DagBag from /opt/airflow/dags/Dags Fundamentals/Hook_dag.py
[2025-04-16T18:55:42.257+0000] {processor.py:925} INFO - DAG(s) 'My_Third_Dag' retrieved from /opt/airflow/dags/Dags Fundamentals/Hook_dag.py
[2025-04-16T18:55:42.304+0000] {logging_mixin.py:190} INFO - [2025-04-16T18:55:42.304+0000] {dag.py:3239} INFO - Sync 1 DAGs
[2025-04-16T18:55:42.333+0000] {logging_mixin.py:190} INFO - [2025-04-16T18:55:42.332+0000] {dag.py:4180} INFO - Setting next_dagrun for My_Third_Dag to None, run_after=None
[2025-04-16T18:55:42.403+0000] {processor.py:208} INFO - Processing /opt/airflow/dags/Dags Fundamentals/Hook_dag.py took 0.565 seconds
[2025-04-16T18:56:12.482+0000] {processor.py:186} INFO - Started process (PID=962) to work on /opt/airflow/dags/Dags Fundamentals/Hook_dag.py
[2025-04-16T18:56:12.484+0000] {processor.py:914} INFO - Processing file /opt/airflow/dags/Dags Fundamentals/Hook_dag.py for tasks to queue
[2025-04-16T18:56:12.487+0000] {logging_mixin.py:190} INFO - [2025-04-16T18:56:12.487+0000] {dagbag.py:588} INFO - Filling up the DagBag from /opt/airflow/dags/Dags Fundamentals/Hook_dag.py
[2025-04-16T18:56:12.931+0000] {processor.py:925} INFO - DAG(s) 'My_Third_Dag' retrieved from /opt/airflow/dags/Dags Fundamentals/Hook_dag.py
[2025-04-16T18:56:12.971+0000] {logging_mixin.py:190} INFO - [2025-04-16T18:56:12.970+0000] {dag.py:3239} INFO - Sync 1 DAGs
[2025-04-16T18:56:12.991+0000] {logging_mixin.py:190} INFO - [2025-04-16T18:56:12.990+0000] {dag.py:4180} INFO - Setting next_dagrun for My_Third_Dag to None, run_after=None
[2025-04-16T18:56:13.045+0000] {processor.py:208} INFO - Processing /opt/airflow/dags/Dags Fundamentals/Hook_dag.py took 0.571 seconds
[2025-04-16T18:56:43.141+0000] {processor.py:186} INFO - Started process (PID=984) to work on /opt/airflow/dags/Dags Fundamentals/Hook_dag.py
[2025-04-16T18:56:43.142+0000] {processor.py:914} INFO - Processing file /opt/airflow/dags/Dags Fundamentals/Hook_dag.py for tasks to queue
[2025-04-16T18:56:43.145+0000] {logging_mixin.py:190} INFO - [2025-04-16T18:56:43.144+0000] {dagbag.py:588} INFO - Filling up the DagBag from /opt/airflow/dags/Dags Fundamentals/Hook_dag.py
[2025-04-16T18:56:43.546+0000] {processor.py:925} INFO - DAG(s) 'My_Third_Dag' retrieved from /opt/airflow/dags/Dags Fundamentals/Hook_dag.py
[2025-04-16T18:56:43.607+0000] {logging_mixin.py:190} INFO - [2025-04-16T18:56:43.606+0000] {dag.py:3239} INFO - Sync 1 DAGs
[2025-04-16T18:56:43.655+0000] {logging_mixin.py:190} INFO - [2025-04-16T18:56:43.654+0000] {dag.py:4180} INFO - Setting next_dagrun for My_Third_Dag to None, run_after=None
[2025-04-16T18:56:43.713+0000] {processor.py:208} INFO - Processing /opt/airflow/dags/Dags Fundamentals/Hook_dag.py took 0.577 seconds
[2025-04-16T18:57:14.351+0000] {processor.py:186} INFO - Started process (PID=1008) to work on /opt/airflow/dags/Dags Fundamentals/Hook_dag.py
[2025-04-16T18:57:14.352+0000] {processor.py:914} INFO - Processing file /opt/airflow/dags/Dags Fundamentals/Hook_dag.py for tasks to queue
[2025-04-16T18:57:14.355+0000] {logging_mixin.py:190} INFO - [2025-04-16T18:57:14.355+0000] {dagbag.py:588} INFO - Filling up the DagBag from /opt/airflow/dags/Dags Fundamentals/Hook_dag.py
[2025-04-16T18:57:14.774+0000] {processor.py:925} INFO - DAG(s) 'My_Third_Dag' retrieved from /opt/airflow/dags/Dags Fundamentals/Hook_dag.py
[2025-04-16T18:57:14.857+0000] {logging_mixin.py:190} INFO - [2025-04-16T18:57:14.856+0000] {dag.py:3239} INFO - Sync 1 DAGs
[2025-04-16T18:57:14.880+0000] {logging_mixin.py:190} INFO - [2025-04-16T18:57:14.880+0000] {dag.py:4180} INFO - Setting next_dagrun for My_Third_Dag to None, run_after=None
[2025-04-16T18:57:14.913+0000] {processor.py:208} INFO - Processing /opt/airflow/dags/Dags Fundamentals/Hook_dag.py took 0.567 seconds
[2025-04-16T18:57:45.459+0000] {processor.py:186} INFO - Started process (PID=1031) to work on /opt/airflow/dags/Dags Fundamentals/Hook_dag.py
[2025-04-16T18:57:45.460+0000] {processor.py:914} INFO - Processing file /opt/airflow/dags/Dags Fundamentals/Hook_dag.py for tasks to queue
[2025-04-16T18:57:45.463+0000] {logging_mixin.py:190} INFO - [2025-04-16T18:57:45.462+0000] {dagbag.py:588} INFO - Filling up the DagBag from /opt/airflow/dags/Dags Fundamentals/Hook_dag.py
[2025-04-16T18:57:45.853+0000] {processor.py:925} INFO - DAG(s) 'My_Third_Dag' retrieved from /opt/airflow/dags/Dags Fundamentals/Hook_dag.py
[2025-04-16T18:57:45.893+0000] {logging_mixin.py:190} INFO - [2025-04-16T18:57:45.892+0000] {dag.py:3239} INFO - Sync 1 DAGs
[2025-04-16T18:57:45.914+0000] {logging_mixin.py:190} INFO - [2025-04-16T18:57:45.914+0000] {dag.py:4180} INFO - Setting next_dagrun for My_Third_Dag to None, run_after=None
[2025-04-16T18:57:45.951+0000] {processor.py:208} INFO - Processing /opt/airflow/dags/Dags Fundamentals/Hook_dag.py took 0.496 seconds
[2025-04-16T18:58:16.331+0000] {processor.py:186} INFO - Started process (PID=1054) to work on /opt/airflow/dags/Dags Fundamentals/Hook_dag.py
[2025-04-16T18:58:16.332+0000] {processor.py:914} INFO - Processing file /opt/airflow/dags/Dags Fundamentals/Hook_dag.py for tasks to queue
[2025-04-16T18:58:16.334+0000] {logging_mixin.py:190} INFO - [2025-04-16T18:58:16.334+0000] {dagbag.py:588} INFO - Filling up the DagBag from /opt/airflow/dags/Dags Fundamentals/Hook_dag.py
[2025-04-16T18:58:16.704+0000] {processor.py:925} INFO - DAG(s) 'My_Third_Dag' retrieved from /opt/airflow/dags/Dags Fundamentals/Hook_dag.py
[2025-04-16T18:58:16.756+0000] {logging_mixin.py:190} INFO - [2025-04-16T18:58:16.756+0000] {dag.py:3239} INFO - Sync 1 DAGs
[2025-04-16T18:58:16.780+0000] {logging_mixin.py:190} INFO - [2025-04-16T18:58:16.780+0000] {dag.py:4180} INFO - Setting next_dagrun for My_Third_Dag to None, run_after=None
[2025-04-16T18:58:16.827+0000] {processor.py:208} INFO - Processing /opt/airflow/dags/Dags Fundamentals/Hook_dag.py took 0.501 seconds
[2025-04-16T18:58:46.965+0000] {processor.py:186} INFO - Started process (PID=1077) to work on /opt/airflow/dags/Dags Fundamentals/Hook_dag.py
[2025-04-16T18:58:46.966+0000] {processor.py:914} INFO - Processing file /opt/airflow/dags/Dags Fundamentals/Hook_dag.py for tasks to queue
[2025-04-16T18:58:46.968+0000] {logging_mixin.py:190} INFO - [2025-04-16T18:58:46.968+0000] {dagbag.py:588} INFO - Filling up the DagBag from /opt/airflow/dags/Dags Fundamentals/Hook_dag.py
[2025-04-16T18:58:47.328+0000] {processor.py:925} INFO - DAG(s) 'My_Third_Dag' retrieved from /opt/airflow/dags/Dags Fundamentals/Hook_dag.py
[2025-04-16T18:58:47.373+0000] {logging_mixin.py:190} INFO - [2025-04-16T18:58:47.373+0000] {dag.py:3239} INFO - Sync 1 DAGs
[2025-04-16T18:58:47.399+0000] {logging_mixin.py:190} INFO - [2025-04-16T18:58:47.398+0000] {dag.py:4180} INFO - Setting next_dagrun for My_Third_Dag to None, run_after=None
[2025-04-16T18:58:47.429+0000] {processor.py:208} INFO - Processing /opt/airflow/dags/Dags Fundamentals/Hook_dag.py took 0.468 seconds
[2025-04-16T18:59:18.183+0000] {processor.py:186} INFO - Started process (PID=1100) to work on /opt/airflow/dags/Dags Fundamentals/Hook_dag.py
[2025-04-16T18:59:18.184+0000] {processor.py:914} INFO - Processing file /opt/airflow/dags/Dags Fundamentals/Hook_dag.py for tasks to queue
[2025-04-16T18:59:18.186+0000] {logging_mixin.py:190} INFO - [2025-04-16T18:59:18.186+0000] {dagbag.py:588} INFO - Filling up the DagBag from /opt/airflow/dags/Dags Fundamentals/Hook_dag.py
[2025-04-16T18:59:18.558+0000] {processor.py:925} INFO - DAG(s) 'My_Third_Dag' retrieved from /opt/airflow/dags/Dags Fundamentals/Hook_dag.py
[2025-04-16T18:59:18.602+0000] {logging_mixin.py:190} INFO - [2025-04-16T18:59:18.601+0000] {dag.py:3239} INFO - Sync 1 DAGs
[2025-04-16T18:59:18.622+0000] {logging_mixin.py:190} INFO - [2025-04-16T18:59:18.621+0000] {dag.py:4180} INFO - Setting next_dagrun for My_Third_Dag to None, run_after=None
[2025-04-16T18:59:18.648+0000] {processor.py:208} INFO - Processing /opt/airflow/dags/Dags Fundamentals/Hook_dag.py took 0.470 seconds
