[2025-04-16T18:36:30.713+0000] {processor.py:186} INFO - Started process (PID=75) to work on /opt/airflow/dags/Dags Fundamentals/Sensores.py
[2025-04-16T18:36:30.715+0000] {processor.py:914} INFO - Processing file /opt/airflow/dags/Dags Fundamentals/Sensores.py for tasks to queue
[2025-04-16T18:36:30.720+0000] {logging_mixin.py:190} INFO - [2025-04-16T18:36:30.719+0000] {dagbag.py:588} INFO - Filling up the DagBag from /opt/airflow/dags/Dags Fundamentals/Sensores.py
[2025-04-16T18:36:31.353+0000] {processor.py:925} INFO - DAG(s) 'Sensor_dag' retrieved from /opt/airflow/dags/Dags Fundamentals/Sensores.py
[2025-04-16T18:36:31.512+0000] {logging_mixin.py:190} INFO - [2025-04-16T18:36:31.511+0000] {override.py:1912} INFO - Created Permission View: can read on DAG:Sensor_dag
[2025-04-16T18:36:31.530+0000] {logging_mixin.py:190} INFO - [2025-04-16T18:36:31.529+0000] {override.py:1912} INFO - Created Permission View: can delete on DAG:Sensor_dag
[2025-04-16T18:36:31.542+0000] {logging_mixin.py:190} INFO - [2025-04-16T18:36:31.541+0000] {override.py:1912} INFO - Created Permission View: can edit on DAG:Sensor_dag
[2025-04-16T18:36:31.555+0000] {logging_mixin.py:190} INFO - [2025-04-16T18:36:31.554+0000] {override.py:1912} INFO - Created Permission View: can read on DAG Run:Sensor_dag
[2025-04-16T18:36:31.564+0000] {logging_mixin.py:190} INFO - [2025-04-16T18:36:31.564+0000] {override.py:1912} INFO - Created Permission View: can delete on DAG Run:Sensor_dag
[2025-04-16T18:36:31.575+0000] {logging_mixin.py:190} INFO - [2025-04-16T18:36:31.574+0000] {override.py:1912} INFO - Created Permission View: menu access on DAG Run:Sensor_dag
[2025-04-16T18:36:31.585+0000] {logging_mixin.py:190} INFO - [2025-04-16T18:36:31.585+0000] {override.py:1912} INFO - Created Permission View: can create on DAG Run:Sensor_dag
[2025-04-16T18:36:31.587+0000] {logging_mixin.py:190} INFO - [2025-04-16T18:36:31.586+0000] {dag.py:3239} INFO - Sync 1 DAGs
[2025-04-16T18:36:31.631+0000] {logging_mixin.py:190} INFO - [2025-04-16T18:36:31.630+0000] {dag.py:3262} INFO - Creating ORM DAG for Sensor_dag
[2025-04-16T18:36:31.632+0000] {logging_mixin.py:190} INFO - [2025-04-16T18:36:31.632+0000] {dag.py:4180} INFO - Setting next_dagrun for Sensor_dag to None, run_after=None
[2025-04-16T18:36:31.675+0000] {processor.py:208} INFO - Processing /opt/airflow/dags/Dags Fundamentals/Sensores.py took 0.969 seconds
[2025-04-16T18:37:02.082+0000] {processor.py:186} INFO - Started process (PID=98) to work on /opt/airflow/dags/Dags Fundamentals/Sensores.py
[2025-04-16T18:37:02.083+0000] {processor.py:914} INFO - Processing file /opt/airflow/dags/Dags Fundamentals/Sensores.py for tasks to queue
[2025-04-16T18:37:02.086+0000] {logging_mixin.py:190} INFO - [2025-04-16T18:37:02.085+0000] {dagbag.py:588} INFO - Filling up the DagBag from /opt/airflow/dags/Dags Fundamentals/Sensores.py
[2025-04-16T18:37:02.459+0000] {processor.py:925} INFO - DAG(s) 'Sensor_dag' retrieved from /opt/airflow/dags/Dags Fundamentals/Sensores.py
[2025-04-16T18:37:02.501+0000] {logging_mixin.py:190} INFO - [2025-04-16T18:37:02.501+0000] {dag.py:3239} INFO - Sync 1 DAGs
[2025-04-16T18:37:02.524+0000] {logging_mixin.py:190} INFO - [2025-04-16T18:37:02.523+0000] {dag.py:4180} INFO - Setting next_dagrun for Sensor_dag to None, run_after=None
[2025-04-16T18:37:02.590+0000] {processor.py:208} INFO - Processing /opt/airflow/dags/Dags Fundamentals/Sensores.py took 0.513 seconds
[2025-04-16T18:37:32.729+0000] {processor.py:186} INFO - Started process (PID=120) to work on /opt/airflow/dags/Dags Fundamentals/Sensores.py
[2025-04-16T18:37:32.730+0000] {processor.py:914} INFO - Processing file /opt/airflow/dags/Dags Fundamentals/Sensores.py for tasks to queue
[2025-04-16T18:37:32.732+0000] {logging_mixin.py:190} INFO - [2025-04-16T18:37:32.731+0000] {dagbag.py:588} INFO - Filling up the DagBag from /opt/airflow/dags/Dags Fundamentals/Sensores.py
[2025-04-16T18:37:33.115+0000] {processor.py:925} INFO - DAG(s) 'Sensor_dag' retrieved from /opt/airflow/dags/Dags Fundamentals/Sensores.py
[2025-04-16T18:37:33.158+0000] {logging_mixin.py:190} INFO - [2025-04-16T18:37:33.158+0000] {dag.py:3239} INFO - Sync 1 DAGs
[2025-04-16T18:37:33.180+0000] {logging_mixin.py:190} INFO - [2025-04-16T18:37:33.180+0000] {dag.py:4180} INFO - Setting next_dagrun for Sensor_dag to None, run_after=None
[2025-04-16T18:37:33.235+0000] {processor.py:208} INFO - Processing /opt/airflow/dags/Dags Fundamentals/Sensores.py took 0.511 seconds
[2025-04-16T18:38:03.513+0000] {processor.py:186} INFO - Started process (PID=143) to work on /opt/airflow/dags/Dags Fundamentals/Sensores.py
[2025-04-16T18:38:03.514+0000] {processor.py:914} INFO - Processing file /opt/airflow/dags/Dags Fundamentals/Sensores.py for tasks to queue
[2025-04-16T18:38:03.518+0000] {logging_mixin.py:190} INFO - [2025-04-16T18:38:03.517+0000] {dagbag.py:588} INFO - Filling up the DagBag from /opt/airflow/dags/Dags Fundamentals/Sensores.py
[2025-04-16T18:38:03.926+0000] {processor.py:925} INFO - DAG(s) 'Sensor_dag' retrieved from /opt/airflow/dags/Dags Fundamentals/Sensores.py
[2025-04-16T18:38:03.973+0000] {logging_mixin.py:190} INFO - [2025-04-16T18:38:03.972+0000] {dag.py:3239} INFO - Sync 1 DAGs
[2025-04-16T18:38:03.994+0000] {logging_mixin.py:190} INFO - [2025-04-16T18:38:03.994+0000] {dag.py:4180} INFO - Setting next_dagrun for Sensor_dag to None, run_after=None
[2025-04-16T18:38:04.046+0000] {processor.py:208} INFO - Processing /opt/airflow/dags/Dags Fundamentals/Sensores.py took 0.537 seconds
[2025-04-16T18:38:34.332+0000] {processor.py:186} INFO - Started process (PID=166) to work on /opt/airflow/dags/Dags Fundamentals/Sensores.py
[2025-04-16T18:38:34.333+0000] {processor.py:914} INFO - Processing file /opt/airflow/dags/Dags Fundamentals/Sensores.py for tasks to queue
[2025-04-16T18:38:34.335+0000] {logging_mixin.py:190} INFO - [2025-04-16T18:38:34.335+0000] {dagbag.py:588} INFO - Filling up the DagBag from /opt/airflow/dags/Dags Fundamentals/Sensores.py
[2025-04-16T18:38:34.736+0000] {processor.py:925} INFO - DAG(s) 'Sensor_dag' retrieved from /opt/airflow/dags/Dags Fundamentals/Sensores.py
[2025-04-16T18:38:34.823+0000] {logging_mixin.py:190} INFO - [2025-04-16T18:38:34.822+0000] {dag.py:3239} INFO - Sync 1 DAGs
[2025-04-16T18:38:34.858+0000] {logging_mixin.py:190} INFO - [2025-04-16T18:38:34.857+0000] {dag.py:4180} INFO - Setting next_dagrun for Sensor_dag to None, run_after=None
[2025-04-16T18:38:34.934+0000] {processor.py:208} INFO - Processing /opt/airflow/dags/Dags Fundamentals/Sensores.py took 0.606 seconds
[2025-04-16T18:39:05.510+0000] {processor.py:186} INFO - Started process (PID=190) to work on /opt/airflow/dags/Dags Fundamentals/Sensores.py
[2025-04-16T18:39:05.511+0000] {processor.py:914} INFO - Processing file /opt/airflow/dags/Dags Fundamentals/Sensores.py for tasks to queue
[2025-04-16T18:39:05.514+0000] {logging_mixin.py:190} INFO - [2025-04-16T18:39:05.513+0000] {dagbag.py:588} INFO - Filling up the DagBag from /opt/airflow/dags/Dags Fundamentals/Sensores.py
[2025-04-16T18:39:05.860+0000] {processor.py:925} INFO - DAG(s) 'Sensor_dag' retrieved from /opt/airflow/dags/Dags Fundamentals/Sensores.py
[2025-04-16T18:39:05.911+0000] {logging_mixin.py:190} INFO - [2025-04-16T18:39:05.911+0000] {dag.py:3239} INFO - Sync 1 DAGs
[2025-04-16T18:39:05.933+0000] {logging_mixin.py:190} INFO - [2025-04-16T18:39:05.933+0000] {dag.py:4180} INFO - Setting next_dagrun for Sensor_dag to None, run_after=None
[2025-04-16T18:39:05.965+0000] {processor.py:208} INFO - Processing /opt/airflow/dags/Dags Fundamentals/Sensores.py took 0.460 seconds
[2025-04-16T18:39:36.542+0000] {processor.py:186} INFO - Started process (PID=212) to work on /opt/airflow/dags/Dags Fundamentals/Sensores.py
[2025-04-16T18:39:36.543+0000] {processor.py:914} INFO - Processing file /opt/airflow/dags/Dags Fundamentals/Sensores.py for tasks to queue
[2025-04-16T18:39:36.545+0000] {logging_mixin.py:190} INFO - [2025-04-16T18:39:36.545+0000] {dagbag.py:588} INFO - Filling up the DagBag from /opt/airflow/dags/Dags Fundamentals/Sensores.py
[2025-04-16T18:39:36.983+0000] {processor.py:925} INFO - DAG(s) 'Sensor_dag' retrieved from /opt/airflow/dags/Dags Fundamentals/Sensores.py
[2025-04-16T18:39:37.035+0000] {logging_mixin.py:190} INFO - [2025-04-16T18:39:37.034+0000] {dag.py:3239} INFO - Sync 1 DAGs
[2025-04-16T18:39:37.061+0000] {logging_mixin.py:190} INFO - [2025-04-16T18:39:37.061+0000] {dag.py:4180} INFO - Setting next_dagrun for Sensor_dag to None, run_after=None
[2025-04-16T18:39:37.116+0000] {processor.py:208} INFO - Processing /opt/airflow/dags/Dags Fundamentals/Sensores.py took 0.579 seconds
[2025-04-16T18:40:07.466+0000] {processor.py:186} INFO - Started process (PID=235) to work on /opt/airflow/dags/Dags Fundamentals/Sensores.py
[2025-04-16T18:40:07.467+0000] {processor.py:914} INFO - Processing file /opt/airflow/dags/Dags Fundamentals/Sensores.py for tasks to queue
[2025-04-16T18:40:07.469+0000] {logging_mixin.py:190} INFO - [2025-04-16T18:40:07.468+0000] {dagbag.py:588} INFO - Filling up the DagBag from /opt/airflow/dags/Dags Fundamentals/Sensores.py
[2025-04-16T18:40:07.886+0000] {processor.py:925} INFO - DAG(s) 'Sensor_dag' retrieved from /opt/airflow/dags/Dags Fundamentals/Sensores.py
[2025-04-16T18:40:07.935+0000] {logging_mixin.py:190} INFO - [2025-04-16T18:40:07.935+0000] {dag.py:3239} INFO - Sync 1 DAGs
[2025-04-16T18:40:07.963+0000] {logging_mixin.py:190} INFO - [2025-04-16T18:40:07.962+0000] {dag.py:4180} INFO - Setting next_dagrun for Sensor_dag to None, run_after=None
[2025-04-16T18:40:08.030+0000] {processor.py:208} INFO - Processing /opt/airflow/dags/Dags Fundamentals/Sensores.py took 0.569 seconds
[2025-04-16T18:40:38.836+0000] {processor.py:186} INFO - Started process (PID=258) to work on /opt/airflow/dags/Dags Fundamentals/Sensores.py
[2025-04-16T18:40:38.837+0000] {processor.py:914} INFO - Processing file /opt/airflow/dags/Dags Fundamentals/Sensores.py for tasks to queue
[2025-04-16T18:40:38.839+0000] {logging_mixin.py:190} INFO - [2025-04-16T18:40:38.839+0000] {dagbag.py:588} INFO - Filling up the DagBag from /opt/airflow/dags/Dags Fundamentals/Sensores.py
[2025-04-16T18:40:39.247+0000] {processor.py:925} INFO - DAG(s) 'Sensor_dag' retrieved from /opt/airflow/dags/Dags Fundamentals/Sensores.py
[2025-04-16T18:40:39.313+0000] {logging_mixin.py:190} INFO - [2025-04-16T18:40:39.313+0000] {dag.py:3239} INFO - Sync 1 DAGs
[2025-04-16T18:40:39.357+0000] {logging_mixin.py:190} INFO - [2025-04-16T18:40:39.356+0000] {dag.py:4180} INFO - Setting next_dagrun for Sensor_dag to None, run_after=None
[2025-04-16T18:40:39.427+0000] {processor.py:208} INFO - Processing /opt/airflow/dags/Dags Fundamentals/Sensores.py took 0.597 seconds
[2025-04-16T18:41:09.829+0000] {processor.py:186} INFO - Started process (PID=281) to work on /opt/airflow/dags/Dags Fundamentals/Sensores.py
[2025-04-16T18:41:09.830+0000] {processor.py:914} INFO - Processing file /opt/airflow/dags/Dags Fundamentals/Sensores.py for tasks to queue
[2025-04-16T18:41:09.834+0000] {logging_mixin.py:190} INFO - [2025-04-16T18:41:09.834+0000] {dagbag.py:588} INFO - Filling up the DagBag from /opt/airflow/dags/Dags Fundamentals/Sensores.py
[2025-04-16T18:41:10.352+0000] {processor.py:925} INFO - DAG(s) 'Sensor_dag' retrieved from /opt/airflow/dags/Dags Fundamentals/Sensores.py
[2025-04-16T18:41:10.407+0000] {logging_mixin.py:190} INFO - [2025-04-16T18:41:10.407+0000] {dag.py:3239} INFO - Sync 1 DAGs
[2025-04-16T18:41:10.434+0000] {logging_mixin.py:190} INFO - [2025-04-16T18:41:10.434+0000] {dag.py:4180} INFO - Setting next_dagrun for Sensor_dag to None, run_after=None
[2025-04-16T18:41:10.526+0000] {processor.py:208} INFO - Processing /opt/airflow/dags/Dags Fundamentals/Sensores.py took 0.705 seconds
[2025-04-16T18:41:40.983+0000] {processor.py:186} INFO - Started process (PID=304) to work on /opt/airflow/dags/Dags Fundamentals/Sensores.py
[2025-04-16T18:41:40.984+0000] {processor.py:914} INFO - Processing file /opt/airflow/dags/Dags Fundamentals/Sensores.py for tasks to queue
[2025-04-16T18:41:40.986+0000] {logging_mixin.py:190} INFO - [2025-04-16T18:41:40.986+0000] {dagbag.py:588} INFO - Filling up the DagBag from /opt/airflow/dags/Dags Fundamentals/Sensores.py
[2025-04-16T18:41:41.362+0000] {processor.py:925} INFO - DAG(s) 'Sensor_dag' retrieved from /opt/airflow/dags/Dags Fundamentals/Sensores.py
[2025-04-16T18:41:41.406+0000] {logging_mixin.py:190} INFO - [2025-04-16T18:41:41.406+0000] {dag.py:3239} INFO - Sync 1 DAGs
[2025-04-16T18:41:41.430+0000] {logging_mixin.py:190} INFO - [2025-04-16T18:41:41.430+0000] {dag.py:4180} INFO - Setting next_dagrun for Sensor_dag to None, run_after=None
[2025-04-16T18:41:41.495+0000] {processor.py:208} INFO - Processing /opt/airflow/dags/Dags Fundamentals/Sensores.py took 0.517 seconds
[2025-04-16T18:42:12.044+0000] {processor.py:186} INFO - Started process (PID=327) to work on /opt/airflow/dags/Dags Fundamentals/Sensores.py
[2025-04-16T18:42:12.045+0000] {processor.py:914} INFO - Processing file /opt/airflow/dags/Dags Fundamentals/Sensores.py for tasks to queue
[2025-04-16T18:42:12.048+0000] {logging_mixin.py:190} INFO - [2025-04-16T18:42:12.048+0000] {dagbag.py:588} INFO - Filling up the DagBag from /opt/airflow/dags/Dags Fundamentals/Sensores.py
[2025-04-16T18:42:12.481+0000] {processor.py:925} INFO - DAG(s) 'Sensor_dag' retrieved from /opt/airflow/dags/Dags Fundamentals/Sensores.py
[2025-04-16T18:42:12.527+0000] {logging_mixin.py:190} INFO - [2025-04-16T18:42:12.526+0000] {dag.py:3239} INFO - Sync 1 DAGs
[2025-04-16T18:42:12.553+0000] {logging_mixin.py:190} INFO - [2025-04-16T18:42:12.553+0000] {dag.py:4180} INFO - Setting next_dagrun for Sensor_dag to None, run_after=None
[2025-04-16T18:42:12.623+0000] {processor.py:208} INFO - Processing /opt/airflow/dags/Dags Fundamentals/Sensores.py took 0.588 seconds
[2025-04-16T18:42:42.708+0000] {processor.py:186} INFO - Started process (PID=350) to work on /opt/airflow/dags/Dags Fundamentals/Sensores.py
[2025-04-16T18:42:42.709+0000] {processor.py:914} INFO - Processing file /opt/airflow/dags/Dags Fundamentals/Sensores.py for tasks to queue
[2025-04-16T18:42:42.712+0000] {logging_mixin.py:190} INFO - [2025-04-16T18:42:42.712+0000] {dagbag.py:588} INFO - Filling up the DagBag from /opt/airflow/dags/Dags Fundamentals/Sensores.py
[2025-04-16T18:42:43.095+0000] {processor.py:925} INFO - DAG(s) 'Sensor_dag' retrieved from /opt/airflow/dags/Dags Fundamentals/Sensores.py
[2025-04-16T18:42:43.136+0000] {logging_mixin.py:190} INFO - [2025-04-16T18:42:43.136+0000] {dag.py:3239} INFO - Sync 1 DAGs
[2025-04-16T18:42:43.157+0000] {logging_mixin.py:190} INFO - [2025-04-16T18:42:43.157+0000] {dag.py:4180} INFO - Setting next_dagrun for Sensor_dag to None, run_after=None
[2025-04-16T18:42:43.228+0000] {processor.py:208} INFO - Processing /opt/airflow/dags/Dags Fundamentals/Sensores.py took 0.526 seconds
[2025-04-16T18:43:13.765+0000] {processor.py:186} INFO - Started process (PID=374) to work on /opt/airflow/dags/Dags Fundamentals/Sensores.py
[2025-04-16T18:43:13.766+0000] {processor.py:914} INFO - Processing file /opt/airflow/dags/Dags Fundamentals/Sensores.py for tasks to queue
[2025-04-16T18:43:13.768+0000] {logging_mixin.py:190} INFO - [2025-04-16T18:43:13.767+0000] {dagbag.py:588} INFO - Filling up the DagBag from /opt/airflow/dags/Dags Fundamentals/Sensores.py
[2025-04-16T18:43:14.104+0000] {processor.py:925} INFO - DAG(s) 'Sensor_dag' retrieved from /opt/airflow/dags/Dags Fundamentals/Sensores.py
[2025-04-16T18:43:14.149+0000] {logging_mixin.py:190} INFO - [2025-04-16T18:43:14.149+0000] {dag.py:3239} INFO - Sync 1 DAGs
[2025-04-16T18:43:14.168+0000] {logging_mixin.py:190} INFO - [2025-04-16T18:43:14.168+0000] {dag.py:4180} INFO - Setting next_dagrun for Sensor_dag to None, run_after=None
[2025-04-16T18:43:14.245+0000] {processor.py:208} INFO - Processing /opt/airflow/dags/Dags Fundamentals/Sensores.py took 0.485 seconds
[2025-04-16T18:43:44.740+0000] {processor.py:186} INFO - Started process (PID=397) to work on /opt/airflow/dags/Dags Fundamentals/Sensores.py
[2025-04-16T18:43:44.742+0000] {processor.py:914} INFO - Processing file /opt/airflow/dags/Dags Fundamentals/Sensores.py for tasks to queue
[2025-04-16T18:43:44.744+0000] {logging_mixin.py:190} INFO - [2025-04-16T18:43:44.744+0000] {dagbag.py:588} INFO - Filling up the DagBag from /opt/airflow/dags/Dags Fundamentals/Sensores.py
[2025-04-16T18:43:45.195+0000] {processor.py:925} INFO - DAG(s) 'Sensor_dag' retrieved from /opt/airflow/dags/Dags Fundamentals/Sensores.py
[2025-04-16T18:43:45.267+0000] {logging_mixin.py:190} INFO - [2025-04-16T18:43:45.267+0000] {dag.py:3239} INFO - Sync 1 DAGs
[2025-04-16T18:43:45.306+0000] {logging_mixin.py:190} INFO - [2025-04-16T18:43:45.306+0000] {dag.py:4180} INFO - Setting next_dagrun for Sensor_dag to None, run_after=None
[2025-04-16T18:43:45.374+0000] {processor.py:208} INFO - Processing /opt/airflow/dags/Dags Fundamentals/Sensores.py took 0.642 seconds
[2025-04-16T18:44:15.806+0000] {processor.py:186} INFO - Started process (PID=420) to work on /opt/airflow/dags/Dags Fundamentals/Sensores.py
[2025-04-16T18:44:15.806+0000] {processor.py:914} INFO - Processing file /opt/airflow/dags/Dags Fundamentals/Sensores.py for tasks to queue
[2025-04-16T18:44:15.809+0000] {logging_mixin.py:190} INFO - [2025-04-16T18:44:15.809+0000] {dagbag.py:588} INFO - Filling up the DagBag from /opt/airflow/dags/Dags Fundamentals/Sensores.py
[2025-04-16T18:44:16.196+0000] {processor.py:925} INFO - DAG(s) 'Sensor_dag' retrieved from /opt/airflow/dags/Dags Fundamentals/Sensores.py
[2025-04-16T18:44:16.245+0000] {logging_mixin.py:190} INFO - [2025-04-16T18:44:16.245+0000] {dag.py:3239} INFO - Sync 1 DAGs
[2025-04-16T18:44:16.269+0000] {logging_mixin.py:190} INFO - [2025-04-16T18:44:16.269+0000] {dag.py:4180} INFO - Setting next_dagrun for Sensor_dag to None, run_after=None
[2025-04-16T18:44:16.299+0000] {processor.py:208} INFO - Processing /opt/airflow/dags/Dags Fundamentals/Sensores.py took 0.498 seconds
[2025-04-16T18:44:46.569+0000] {processor.py:186} INFO - Started process (PID=445) to work on /opt/airflow/dags/Dags Fundamentals/Sensores.py
[2025-04-16T18:44:46.571+0000] {processor.py:914} INFO - Processing file /opt/airflow/dags/Dags Fundamentals/Sensores.py for tasks to queue
[2025-04-16T18:44:46.574+0000] {logging_mixin.py:190} INFO - [2025-04-16T18:44:46.573+0000] {dagbag.py:588} INFO - Filling up the DagBag from /opt/airflow/dags/Dags Fundamentals/Sensores.py
[2025-04-16T18:44:47.048+0000] {processor.py:925} INFO - DAG(s) 'Sensor_dag' retrieved from /opt/airflow/dags/Dags Fundamentals/Sensores.py
[2025-04-16T18:44:47.103+0000] {logging_mixin.py:190} INFO - [2025-04-16T18:44:47.102+0000] {dag.py:3239} INFO - Sync 1 DAGs
[2025-04-16T18:44:47.129+0000] {logging_mixin.py:190} INFO - [2025-04-16T18:44:47.128+0000] {dag.py:4180} INFO - Setting next_dagrun for Sensor_dag to None, run_after=None
[2025-04-16T18:44:47.161+0000] {processor.py:208} INFO - Processing /opt/airflow/dags/Dags Fundamentals/Sensores.py took 0.597 seconds
[2025-04-16T18:45:17.676+0000] {processor.py:186} INFO - Started process (PID=467) to work on /opt/airflow/dags/Dags Fundamentals/Sensores.py
[2025-04-16T18:45:17.678+0000] {processor.py:914} INFO - Processing file /opt/airflow/dags/Dags Fundamentals/Sensores.py for tasks to queue
[2025-04-16T18:45:17.686+0000] {logging_mixin.py:190} INFO - [2025-04-16T18:45:17.684+0000] {dagbag.py:588} INFO - Filling up the DagBag from /opt/airflow/dags/Dags Fundamentals/Sensores.py
[2025-04-16T18:45:18.352+0000] {processor.py:925} INFO - DAG(s) 'Sensor_dag' retrieved from /opt/airflow/dags/Dags Fundamentals/Sensores.py
[2025-04-16T18:45:18.401+0000] {logging_mixin.py:190} INFO - [2025-04-16T18:45:18.400+0000] {dag.py:3239} INFO - Sync 1 DAGs
[2025-04-16T18:45:18.422+0000] {logging_mixin.py:190} INFO - [2025-04-16T18:45:18.422+0000] {dag.py:4180} INFO - Setting next_dagrun for Sensor_dag to None, run_after=None
[2025-04-16T18:45:18.452+0000] {processor.py:208} INFO - Processing /opt/airflow/dags/Dags Fundamentals/Sensores.py took 0.793 seconds
[2025-04-16T18:45:49.295+0000] {processor.py:186} INFO - Started process (PID=491) to work on /opt/airflow/dags/Dags Fundamentals/Sensores.py
[2025-04-16T18:45:49.296+0000] {processor.py:914} INFO - Processing file /opt/airflow/dags/Dags Fundamentals/Sensores.py for tasks to queue
[2025-04-16T18:45:49.300+0000] {logging_mixin.py:190} INFO - [2025-04-16T18:45:49.300+0000] {dagbag.py:588} INFO - Filling up the DagBag from /opt/airflow/dags/Dags Fundamentals/Sensores.py
[2025-04-16T18:45:49.726+0000] {processor.py:925} INFO - DAG(s) 'Sensor_dag' retrieved from /opt/airflow/dags/Dags Fundamentals/Sensores.py
[2025-04-16T18:45:49.780+0000] {logging_mixin.py:190} INFO - [2025-04-16T18:45:49.780+0000] {dag.py:3239} INFO - Sync 1 DAGs
[2025-04-16T18:45:49.805+0000] {logging_mixin.py:190} INFO - [2025-04-16T18:45:49.805+0000] {dag.py:4180} INFO - Setting next_dagrun for Sensor_dag to None, run_after=None
[2025-04-16T18:45:49.861+0000] {processor.py:208} INFO - Processing /opt/airflow/dags/Dags Fundamentals/Sensores.py took 0.572 seconds
[2025-04-16T18:46:20.573+0000] {processor.py:186} INFO - Started process (PID=515) to work on /opt/airflow/dags/Dags Fundamentals/Sensores.py
[2025-04-16T18:46:20.574+0000] {processor.py:914} INFO - Processing file /opt/airflow/dags/Dags Fundamentals/Sensores.py for tasks to queue
[2025-04-16T18:46:20.577+0000] {logging_mixin.py:190} INFO - [2025-04-16T18:46:20.577+0000] {dagbag.py:588} INFO - Filling up the DagBag from /opt/airflow/dags/Dags Fundamentals/Sensores.py
[2025-04-16T18:46:21.048+0000] {processor.py:925} INFO - DAG(s) 'Sensor_dag' retrieved from /opt/airflow/dags/Dags Fundamentals/Sensores.py
[2025-04-16T18:46:21.098+0000] {logging_mixin.py:190} INFO - [2025-04-16T18:46:21.098+0000] {dag.py:3239} INFO - Sync 1 DAGs
[2025-04-16T18:46:21.121+0000] {logging_mixin.py:190} INFO - [2025-04-16T18:46:21.120+0000] {dag.py:4180} INFO - Setting next_dagrun for Sensor_dag to None, run_after=None
[2025-04-16T18:46:21.170+0000] {processor.py:208} INFO - Processing /opt/airflow/dags/Dags Fundamentals/Sensores.py took 0.602 seconds
[2025-04-16T18:46:51.926+0000] {processor.py:186} INFO - Started process (PID=539) to work on /opt/airflow/dags/Dags Fundamentals/Sensores.py
[2025-04-16T18:46:51.927+0000] {processor.py:914} INFO - Processing file /opt/airflow/dags/Dags Fundamentals/Sensores.py for tasks to queue
[2025-04-16T18:46:51.931+0000] {logging_mixin.py:190} INFO - [2025-04-16T18:46:51.930+0000] {dagbag.py:588} INFO - Filling up the DagBag from /opt/airflow/dags/Dags Fundamentals/Sensores.py
[2025-04-16T18:46:52.482+0000] {processor.py:925} INFO - DAG(s) 'Sensor_dag' retrieved from /opt/airflow/dags/Dags Fundamentals/Sensores.py
[2025-04-16T18:46:52.535+0000] {logging_mixin.py:190} INFO - [2025-04-16T18:46:52.535+0000] {dag.py:3239} INFO - Sync 1 DAGs
[2025-04-16T18:46:52.558+0000] {logging_mixin.py:190} INFO - [2025-04-16T18:46:52.557+0000] {dag.py:4180} INFO - Setting next_dagrun for Sensor_dag to None, run_after=None
[2025-04-16T18:46:52.610+0000] {processor.py:208} INFO - Processing /opt/airflow/dags/Dags Fundamentals/Sensores.py took 0.690 seconds
[2025-04-16T18:47:23.641+0000] {processor.py:186} INFO - Started process (PID=562) to work on /opt/airflow/dags/Dags Fundamentals/Sensores.py
[2025-04-16T18:47:23.642+0000] {processor.py:914} INFO - Processing file /opt/airflow/dags/Dags Fundamentals/Sensores.py for tasks to queue
[2025-04-16T18:47:23.644+0000] {logging_mixin.py:190} INFO - [2025-04-16T18:47:23.644+0000] {dagbag.py:588} INFO - Filling up the DagBag from /opt/airflow/dags/Dags Fundamentals/Sensores.py
[2025-04-16T18:47:24.143+0000] {processor.py:925} INFO - DAG(s) 'Sensor_dag' retrieved from /opt/airflow/dags/Dags Fundamentals/Sensores.py
[2025-04-16T18:47:24.196+0000] {logging_mixin.py:190} INFO - [2025-04-16T18:47:24.195+0000] {dag.py:3239} INFO - Sync 1 DAGs
[2025-04-16T18:47:24.225+0000] {logging_mixin.py:190} INFO - [2025-04-16T18:47:24.225+0000] {dag.py:4180} INFO - Setting next_dagrun for Sensor_dag to None, run_after=None
[2025-04-16T18:47:24.264+0000] {processor.py:208} INFO - Processing /opt/airflow/dags/Dags Fundamentals/Sensores.py took 0.628 seconds
[2025-04-16T18:47:54.511+0000] {processor.py:186} INFO - Started process (PID=585) to work on /opt/airflow/dags/Dags Fundamentals/Sensores.py
[2025-04-16T18:47:54.512+0000] {processor.py:914} INFO - Processing file /opt/airflow/dags/Dags Fundamentals/Sensores.py for tasks to queue
[2025-04-16T18:47:54.516+0000] {logging_mixin.py:190} INFO - [2025-04-16T18:47:54.515+0000] {dagbag.py:588} INFO - Filling up the DagBag from /opt/airflow/dags/Dags Fundamentals/Sensores.py
[2025-04-16T18:47:54.979+0000] {processor.py:925} INFO - DAG(s) 'Sensor_dag' retrieved from /opt/airflow/dags/Dags Fundamentals/Sensores.py
[2025-04-16T18:47:55.028+0000] {logging_mixin.py:190} INFO - [2025-04-16T18:47:55.028+0000] {dag.py:3239} INFO - Sync 1 DAGs
[2025-04-16T18:47:55.050+0000] {logging_mixin.py:190} INFO - [2025-04-16T18:47:55.050+0000] {dag.py:4180} INFO - Setting next_dagrun for Sensor_dag to None, run_after=None
[2025-04-16T18:47:55.123+0000] {processor.py:208} INFO - Processing /opt/airflow/dags/Dags Fundamentals/Sensores.py took 0.617 seconds
[2025-04-16T18:48:25.315+0000] {processor.py:186} INFO - Started process (PID=608) to work on /opt/airflow/dags/Dags Fundamentals/Sensores.py
[2025-04-16T18:48:25.319+0000] {processor.py:914} INFO - Processing file /opt/airflow/dags/Dags Fundamentals/Sensores.py for tasks to queue
[2025-04-16T18:48:25.329+0000] {logging_mixin.py:190} INFO - [2025-04-16T18:48:25.328+0000] {dagbag.py:588} INFO - Filling up the DagBag from /opt/airflow/dags/Dags Fundamentals/Sensores.py
[2025-04-16T18:48:25.857+0000] {processor.py:925} INFO - DAG(s) 'Sensor_dag' retrieved from /opt/airflow/dags/Dags Fundamentals/Sensores.py
[2025-04-16T18:48:25.906+0000] {logging_mixin.py:190} INFO - [2025-04-16T18:48:25.906+0000] {dag.py:3239} INFO - Sync 1 DAGs
[2025-04-16T18:48:25.933+0000] {logging_mixin.py:190} INFO - [2025-04-16T18:48:25.933+0000] {dag.py:4180} INFO - Setting next_dagrun for Sensor_dag to None, run_after=None
[2025-04-16T18:48:25.993+0000] {processor.py:208} INFO - Processing /opt/airflow/dags/Dags Fundamentals/Sensores.py took 0.700 seconds
[2025-04-16T18:48:57.075+0000] {processor.py:186} INFO - Started process (PID=630) to work on /opt/airflow/dags/Dags Fundamentals/Sensores.py
[2025-04-16T18:48:57.076+0000] {processor.py:914} INFO - Processing file /opt/airflow/dags/Dags Fundamentals/Sensores.py for tasks to queue
[2025-04-16T18:48:57.078+0000] {logging_mixin.py:190} INFO - [2025-04-16T18:48:57.078+0000] {dagbag.py:588} INFO - Filling up the DagBag from /opt/airflow/dags/Dags Fundamentals/Sensores.py
[2025-04-16T18:48:57.524+0000] {processor.py:925} INFO - DAG(s) 'Sensor_dag' retrieved from /opt/airflow/dags/Dags Fundamentals/Sensores.py
[2025-04-16T18:48:57.581+0000] {logging_mixin.py:190} INFO - [2025-04-16T18:48:57.581+0000] {dag.py:3239} INFO - Sync 1 DAGs
[2025-04-16T18:48:57.605+0000] {logging_mixin.py:190} INFO - [2025-04-16T18:48:57.604+0000] {dag.py:4180} INFO - Setting next_dagrun for Sensor_dag to None, run_after=None
[2025-04-16T18:48:57.707+0000] {processor.py:208} INFO - Processing /opt/airflow/dags/Dags Fundamentals/Sensores.py took 0.637 seconds
[2025-04-16T18:49:27.927+0000] {processor.py:186} INFO - Started process (PID=653) to work on /opt/airflow/dags/Dags Fundamentals/Sensores.py
[2025-04-16T18:49:27.928+0000] {processor.py:914} INFO - Processing file /opt/airflow/dags/Dags Fundamentals/Sensores.py for tasks to queue
[2025-04-16T18:49:27.931+0000] {logging_mixin.py:190} INFO - [2025-04-16T18:49:27.931+0000] {dagbag.py:588} INFO - Filling up the DagBag from /opt/airflow/dags/Dags Fundamentals/Sensores.py
[2025-04-16T18:49:28.392+0000] {processor.py:925} INFO - DAG(s) 'Sensor_dag' retrieved from /opt/airflow/dags/Dags Fundamentals/Sensores.py
[2025-04-16T18:49:28.436+0000] {logging_mixin.py:190} INFO - [2025-04-16T18:49:28.436+0000] {dag.py:3239} INFO - Sync 1 DAGs
[2025-04-16T18:49:28.456+0000] {logging_mixin.py:190} INFO - [2025-04-16T18:49:28.456+0000] {dag.py:4180} INFO - Setting next_dagrun for Sensor_dag to None, run_after=None
[2025-04-16T18:49:28.521+0000] {processor.py:208} INFO - Processing /opt/airflow/dags/Dags Fundamentals/Sensores.py took 0.599 seconds
[2025-04-16T18:49:59.001+0000] {processor.py:186} INFO - Started process (PID=676) to work on /opt/airflow/dags/Dags Fundamentals/Sensores.py
[2025-04-16T18:49:59.002+0000] {processor.py:914} INFO - Processing file /opt/airflow/dags/Dags Fundamentals/Sensores.py for tasks to queue
[2025-04-16T18:49:59.005+0000] {logging_mixin.py:190} INFO - [2025-04-16T18:49:59.004+0000] {dagbag.py:588} INFO - Filling up the DagBag from /opt/airflow/dags/Dags Fundamentals/Sensores.py
[2025-04-16T18:49:59.626+0000] {processor.py:925} INFO - DAG(s) 'Sensor_dag' retrieved from /opt/airflow/dags/Dags Fundamentals/Sensores.py
[2025-04-16T18:49:59.702+0000] {logging_mixin.py:190} INFO - [2025-04-16T18:49:59.701+0000] {dag.py:3239} INFO - Sync 1 DAGs
[2025-04-16T18:49:59.723+0000] {logging_mixin.py:190} INFO - [2025-04-16T18:49:59.722+0000] {dag.py:4180} INFO - Setting next_dagrun for Sensor_dag to None, run_after=None
[2025-04-16T18:49:59.775+0000] {processor.py:208} INFO - Processing /opt/airflow/dags/Dags Fundamentals/Sensores.py took 0.781 seconds
[2025-04-16T18:50:29.969+0000] {processor.py:186} INFO - Started process (PID=699) to work on /opt/airflow/dags/Dags Fundamentals/Sensores.py
[2025-04-16T18:50:29.970+0000] {processor.py:914} INFO - Processing file /opt/airflow/dags/Dags Fundamentals/Sensores.py for tasks to queue
[2025-04-16T18:50:29.974+0000] {logging_mixin.py:190} INFO - [2025-04-16T18:50:29.973+0000] {dagbag.py:588} INFO - Filling up the DagBag from /opt/airflow/dags/Dags Fundamentals/Sensores.py
[2025-04-16T18:50:30.418+0000] {processor.py:925} INFO - DAG(s) 'Sensor_dag' retrieved from /opt/airflow/dags/Dags Fundamentals/Sensores.py
[2025-04-16T18:50:30.469+0000] {logging_mixin.py:190} INFO - [2025-04-16T18:50:30.469+0000] {dag.py:3239} INFO - Sync 1 DAGs
[2025-04-16T18:50:30.492+0000] {logging_mixin.py:190} INFO - [2025-04-16T18:50:30.492+0000] {dag.py:4180} INFO - Setting next_dagrun for Sensor_dag to None, run_after=None
[2025-04-16T18:50:30.547+0000] {processor.py:208} INFO - Processing /opt/airflow/dags/Dags Fundamentals/Sensores.py took 0.583 seconds
[2025-04-16T18:51:00.900+0000] {processor.py:186} INFO - Started process (PID=722) to work on /opt/airflow/dags/Dags Fundamentals/Sensores.py
[2025-04-16T18:51:00.902+0000] {processor.py:914} INFO - Processing file /opt/airflow/dags/Dags Fundamentals/Sensores.py for tasks to queue
[2025-04-16T18:51:00.904+0000] {logging_mixin.py:190} INFO - [2025-04-16T18:51:00.904+0000] {dagbag.py:588} INFO - Filling up the DagBag from /opt/airflow/dags/Dags Fundamentals/Sensores.py
[2025-04-16T18:51:01.508+0000] {processor.py:925} INFO - DAG(s) 'Sensor_dag' retrieved from /opt/airflow/dags/Dags Fundamentals/Sensores.py
[2025-04-16T18:51:01.559+0000] {logging_mixin.py:190} INFO - [2025-04-16T18:51:01.558+0000] {dag.py:3239} INFO - Sync 1 DAGs
[2025-04-16T18:51:01.581+0000] {logging_mixin.py:190} INFO - [2025-04-16T18:51:01.581+0000] {dag.py:4180} INFO - Setting next_dagrun for Sensor_dag to None, run_after=None
[2025-04-16T18:51:01.635+0000] {processor.py:208} INFO - Processing /opt/airflow/dags/Dags Fundamentals/Sensores.py took 0.741 seconds
[2025-04-16T18:51:32.388+0000] {processor.py:186} INFO - Started process (PID=751) to work on /opt/airflow/dags/Dags Fundamentals/Sensores.py
[2025-04-16T18:51:32.389+0000] {processor.py:914} INFO - Processing file /opt/airflow/dags/Dags Fundamentals/Sensores.py for tasks to queue
[2025-04-16T18:51:32.392+0000] {logging_mixin.py:190} INFO - [2025-04-16T18:51:32.391+0000] {dagbag.py:588} INFO - Filling up the DagBag from /opt/airflow/dags/Dags Fundamentals/Sensores.py
[2025-04-16T18:51:32.911+0000] {processor.py:925} INFO - DAG(s) 'Sensor_dag' retrieved from /opt/airflow/dags/Dags Fundamentals/Sensores.py
[2025-04-16T18:51:32.956+0000] {logging_mixin.py:190} INFO - [2025-04-16T18:51:32.956+0000] {dag.py:3239} INFO - Sync 1 DAGs
[2025-04-16T18:51:32.976+0000] {logging_mixin.py:190} INFO - [2025-04-16T18:51:32.976+0000] {dag.py:4180} INFO - Setting next_dagrun for Sensor_dag to None, run_after=None
[2025-04-16T18:51:33.028+0000] {processor.py:208} INFO - Processing /opt/airflow/dags/Dags Fundamentals/Sensores.py took 0.645 seconds
[2025-04-16T18:52:03.969+0000] {processor.py:186} INFO - Started process (PID=773) to work on /opt/airflow/dags/Dags Fundamentals/Sensores.py
[2025-04-16T18:52:03.970+0000] {processor.py:914} INFO - Processing file /opt/airflow/dags/Dags Fundamentals/Sensores.py for tasks to queue
[2025-04-16T18:52:03.973+0000] {logging_mixin.py:190} INFO - [2025-04-16T18:52:03.972+0000] {dagbag.py:588} INFO - Filling up the DagBag from /opt/airflow/dags/Dags Fundamentals/Sensores.py
[2025-04-16T18:52:04.431+0000] {processor.py:925} INFO - DAG(s) 'Sensor_dag' retrieved from /opt/airflow/dags/Dags Fundamentals/Sensores.py
[2025-04-16T18:52:04.488+0000] {logging_mixin.py:190} INFO - [2025-04-16T18:52:04.487+0000] {dag.py:3239} INFO - Sync 1 DAGs
[2025-04-16T18:52:04.506+0000] {logging_mixin.py:190} INFO - [2025-04-16T18:52:04.506+0000] {dag.py:4180} INFO - Setting next_dagrun for Sensor_dag to None, run_after=None
[2025-04-16T18:52:04.564+0000] {processor.py:208} INFO - Processing /opt/airflow/dags/Dags Fundamentals/Sensores.py took 0.600 seconds
[2025-04-16T18:52:35.383+0000] {processor.py:186} INFO - Started process (PID=796) to work on /opt/airflow/dags/Dags Fundamentals/Sensores.py
[2025-04-16T18:52:35.384+0000] {processor.py:914} INFO - Processing file /opt/airflow/dags/Dags Fundamentals/Sensores.py for tasks to queue
[2025-04-16T18:52:35.388+0000] {logging_mixin.py:190} INFO - [2025-04-16T18:52:35.388+0000] {dagbag.py:588} INFO - Filling up the DagBag from /opt/airflow/dags/Dags Fundamentals/Sensores.py
[2025-04-16T18:52:35.821+0000] {processor.py:925} INFO - DAG(s) 'Sensor_dag' retrieved from /opt/airflow/dags/Dags Fundamentals/Sensores.py
[2025-04-16T18:52:35.866+0000] {logging_mixin.py:190} INFO - [2025-04-16T18:52:35.866+0000] {dag.py:3239} INFO - Sync 1 DAGs
[2025-04-16T18:52:35.890+0000] {logging_mixin.py:190} INFO - [2025-04-16T18:52:35.890+0000] {dag.py:4180} INFO - Setting next_dagrun for Sensor_dag to None, run_after=None
[2025-04-16T18:52:35.950+0000] {processor.py:208} INFO - Processing /opt/airflow/dags/Dags Fundamentals/Sensores.py took 0.573 seconds
[2025-04-16T18:53:06.127+0000] {processor.py:186} INFO - Started process (PID=819) to work on /opt/airflow/dags/Dags Fundamentals/Sensores.py
[2025-04-16T18:53:06.128+0000] {processor.py:914} INFO - Processing file /opt/airflow/dags/Dags Fundamentals/Sensores.py for tasks to queue
[2025-04-16T18:53:06.131+0000] {logging_mixin.py:190} INFO - [2025-04-16T18:53:06.131+0000] {dagbag.py:588} INFO - Filling up the DagBag from /opt/airflow/dags/Dags Fundamentals/Sensores.py
[2025-04-16T18:53:06.581+0000] {processor.py:925} INFO - DAG(s) 'Sensor_dag' retrieved from /opt/airflow/dags/Dags Fundamentals/Sensores.py
[2025-04-16T18:53:06.644+0000] {logging_mixin.py:190} INFO - [2025-04-16T18:53:06.643+0000] {dag.py:3239} INFO - Sync 1 DAGs
[2025-04-16T18:53:06.675+0000] {logging_mixin.py:190} INFO - [2025-04-16T18:53:06.674+0000] {dag.py:4180} INFO - Setting next_dagrun for Sensor_dag to None, run_after=None
[2025-04-16T18:53:06.736+0000] {processor.py:208} INFO - Processing /opt/airflow/dags/Dags Fundamentals/Sensores.py took 0.614 seconds
[2025-04-16T18:53:36.890+0000] {processor.py:186} INFO - Started process (PID=842) to work on /opt/airflow/dags/Dags Fundamentals/Sensores.py
[2025-04-16T18:53:36.892+0000] {processor.py:914} INFO - Processing file /opt/airflow/dags/Dags Fundamentals/Sensores.py for tasks to queue
[2025-04-16T18:53:36.895+0000] {logging_mixin.py:190} INFO - [2025-04-16T18:53:36.895+0000] {dagbag.py:588} INFO - Filling up the DagBag from /opt/airflow/dags/Dags Fundamentals/Sensores.py
[2025-04-16T18:53:37.318+0000] {processor.py:925} INFO - DAG(s) 'Sensor_dag' retrieved from /opt/airflow/dags/Dags Fundamentals/Sensores.py
[2025-04-16T18:53:37.366+0000] {logging_mixin.py:190} INFO - [2025-04-16T18:53:37.365+0000] {dag.py:3239} INFO - Sync 1 DAGs
[2025-04-16T18:53:37.390+0000] {logging_mixin.py:190} INFO - [2025-04-16T18:53:37.390+0000] {dag.py:4180} INFO - Setting next_dagrun for Sensor_dag to None, run_after=None
[2025-04-16T18:53:37.449+0000] {processor.py:208} INFO - Processing /opt/airflow/dags/Dags Fundamentals/Sensores.py took 0.564 seconds
[2025-04-16T18:54:08.031+0000] {processor.py:186} INFO - Started process (PID=865) to work on /opt/airflow/dags/Dags Fundamentals/Sensores.py
[2025-04-16T18:54:08.033+0000] {processor.py:914} INFO - Processing file /opt/airflow/dags/Dags Fundamentals/Sensores.py for tasks to queue
[2025-04-16T18:54:08.036+0000] {logging_mixin.py:190} INFO - [2025-04-16T18:54:08.036+0000] {dagbag.py:588} INFO - Filling up the DagBag from /opt/airflow/dags/Dags Fundamentals/Sensores.py
[2025-04-16T18:54:08.431+0000] {processor.py:925} INFO - DAG(s) 'Sensor_dag' retrieved from /opt/airflow/dags/Dags Fundamentals/Sensores.py
[2025-04-16T18:54:08.479+0000] {logging_mixin.py:190} INFO - [2025-04-16T18:54:08.479+0000] {dag.py:3239} INFO - Sync 1 DAGs
[2025-04-16T18:54:08.502+0000] {logging_mixin.py:190} INFO - [2025-04-16T18:54:08.502+0000] {dag.py:4180} INFO - Setting next_dagrun for Sensor_dag to None, run_after=None
[2025-04-16T18:54:08.564+0000] {processor.py:208} INFO - Processing /opt/airflow/dags/Dags Fundamentals/Sensores.py took 0.538 seconds
[2025-04-16T18:54:39.020+0000] {processor.py:186} INFO - Started process (PID=887) to work on /opt/airflow/dags/Dags Fundamentals/Sensores.py
[2025-04-16T18:54:39.021+0000] {processor.py:914} INFO - Processing file /opt/airflow/dags/Dags Fundamentals/Sensores.py for tasks to queue
[2025-04-16T18:54:39.023+0000] {logging_mixin.py:190} INFO - [2025-04-16T18:54:39.023+0000] {dagbag.py:588} INFO - Filling up the DagBag from /opt/airflow/dags/Dags Fundamentals/Sensores.py
[2025-04-16T18:54:39.384+0000] {processor.py:925} INFO - DAG(s) 'Sensor_dag' retrieved from /opt/airflow/dags/Dags Fundamentals/Sensores.py
[2025-04-16T18:54:39.429+0000] {logging_mixin.py:190} INFO - [2025-04-16T18:54:39.428+0000] {dag.py:3239} INFO - Sync 1 DAGs
[2025-04-16T18:54:39.448+0000] {logging_mixin.py:190} INFO - [2025-04-16T18:54:39.447+0000] {dag.py:4180} INFO - Setting next_dagrun for Sensor_dag to None, run_after=None
[2025-04-16T18:54:39.516+0000] {processor.py:208} INFO - Processing /opt/airflow/dags/Dags Fundamentals/Sensores.py took 0.501 seconds
[2025-04-16T18:55:09.781+0000] {processor.py:186} INFO - Started process (PID=910) to work on /opt/airflow/dags/Dags Fundamentals/Sensores.py
[2025-04-16T18:55:09.783+0000] {processor.py:914} INFO - Processing file /opt/airflow/dags/Dags Fundamentals/Sensores.py for tasks to queue
[2025-04-16T18:55:09.785+0000] {logging_mixin.py:190} INFO - [2025-04-16T18:55:09.785+0000] {dagbag.py:588} INFO - Filling up the DagBag from /opt/airflow/dags/Dags Fundamentals/Sensores.py
[2025-04-16T18:55:10.173+0000] {processor.py:925} INFO - DAG(s) 'Sensor_dag' retrieved from /opt/airflow/dags/Dags Fundamentals/Sensores.py
[2025-04-16T18:55:10.220+0000] {logging_mixin.py:190} INFO - [2025-04-16T18:55:10.220+0000] {dag.py:3239} INFO - Sync 1 DAGs
[2025-04-16T18:55:10.241+0000] {logging_mixin.py:190} INFO - [2025-04-16T18:55:10.241+0000] {dag.py:4180} INFO - Setting next_dagrun for Sensor_dag to None, run_after=None
[2025-04-16T18:55:10.305+0000] {processor.py:208} INFO - Processing /opt/airflow/dags/Dags Fundamentals/Sensores.py took 0.529 seconds
[2025-04-16T18:55:40.615+0000] {processor.py:186} INFO - Started process (PID=933) to work on /opt/airflow/dags/Dags Fundamentals/Sensores.py
[2025-04-16T18:55:40.617+0000] {processor.py:914} INFO - Processing file /opt/airflow/dags/Dags Fundamentals/Sensores.py for tasks to queue
[2025-04-16T18:55:40.623+0000] {logging_mixin.py:190} INFO - [2025-04-16T18:55:40.622+0000] {dagbag.py:588} INFO - Filling up the DagBag from /opt/airflow/dags/Dags Fundamentals/Sensores.py
[2025-04-16T18:55:41.063+0000] {processor.py:925} INFO - DAG(s) 'Sensor_dag' retrieved from /opt/airflow/dags/Dags Fundamentals/Sensores.py
[2025-04-16T18:55:41.112+0000] {logging_mixin.py:190} INFO - [2025-04-16T18:55:41.111+0000] {dag.py:3239} INFO - Sync 1 DAGs
[2025-04-16T18:55:41.144+0000] {logging_mixin.py:190} INFO - [2025-04-16T18:55:41.143+0000] {dag.py:4180} INFO - Setting next_dagrun for Sensor_dag to None, run_after=None
[2025-04-16T18:55:41.203+0000] {processor.py:208} INFO - Processing /opt/airflow/dags/Dags Fundamentals/Sensores.py took 0.593 seconds
[2025-04-16T18:56:11.342+0000] {processor.py:186} INFO - Started process (PID=956) to work on /opt/airflow/dags/Dags Fundamentals/Sensores.py
[2025-04-16T18:56:11.343+0000] {processor.py:914} INFO - Processing file /opt/airflow/dags/Dags Fundamentals/Sensores.py for tasks to queue
[2025-04-16T18:56:11.346+0000] {logging_mixin.py:190} INFO - [2025-04-16T18:56:11.345+0000] {dagbag.py:588} INFO - Filling up the DagBag from /opt/airflow/dags/Dags Fundamentals/Sensores.py
[2025-04-16T18:56:11.740+0000] {processor.py:925} INFO - DAG(s) 'Sensor_dag' retrieved from /opt/airflow/dags/Dags Fundamentals/Sensores.py
[2025-04-16T18:56:11.784+0000] {logging_mixin.py:190} INFO - [2025-04-16T18:56:11.783+0000] {dag.py:3239} INFO - Sync 1 DAGs
[2025-04-16T18:56:11.807+0000] {logging_mixin.py:190} INFO - [2025-04-16T18:56:11.807+0000] {dag.py:4180} INFO - Setting next_dagrun for Sensor_dag to None, run_after=None
[2025-04-16T18:56:11.858+0000] {processor.py:208} INFO - Processing /opt/airflow/dags/Dags Fundamentals/Sensores.py took 0.521 seconds
[2025-04-16T18:56:42.409+0000] {processor.py:186} INFO - Started process (PID=979) to work on /opt/airflow/dags/Dags Fundamentals/Sensores.py
[2025-04-16T18:56:42.410+0000] {processor.py:914} INFO - Processing file /opt/airflow/dags/Dags Fundamentals/Sensores.py for tasks to queue
[2025-04-16T18:56:42.413+0000] {logging_mixin.py:190} INFO - [2025-04-16T18:56:42.412+0000] {dagbag.py:588} INFO - Filling up the DagBag from /opt/airflow/dags/Dags Fundamentals/Sensores.py
[2025-04-16T18:56:42.840+0000] {processor.py:925} INFO - DAG(s) 'Sensor_dag' retrieved from /opt/airflow/dags/Dags Fundamentals/Sensores.py
[2025-04-16T18:56:42.902+0000] {logging_mixin.py:190} INFO - [2025-04-16T18:56:42.900+0000] {dag.py:3239} INFO - Sync 1 DAGs
[2025-04-16T18:56:42.924+0000] {logging_mixin.py:190} INFO - [2025-04-16T18:56:42.924+0000] {dag.py:4180} INFO - Setting next_dagrun for Sensor_dag to None, run_after=None
[2025-04-16T18:56:42.979+0000] {processor.py:208} INFO - Processing /opt/airflow/dags/Dags Fundamentals/Sensores.py took 0.575 seconds
[2025-04-16T18:57:13.074+0000] {processor.py:186} INFO - Started process (PID=1002) to work on /opt/airflow/dags/Dags Fundamentals/Sensores.py
[2025-04-16T18:57:13.075+0000] {processor.py:914} INFO - Processing file /opt/airflow/dags/Dags Fundamentals/Sensores.py for tasks to queue
[2025-04-16T18:57:13.077+0000] {logging_mixin.py:190} INFO - [2025-04-16T18:57:13.077+0000] {dagbag.py:588} INFO - Filling up the DagBag from /opt/airflow/dags/Dags Fundamentals/Sensores.py
[2025-04-16T18:57:13.516+0000] {processor.py:925} INFO - DAG(s) 'Sensor_dag' retrieved from /opt/airflow/dags/Dags Fundamentals/Sensores.py
[2025-04-16T18:57:13.571+0000] {logging_mixin.py:190} INFO - [2025-04-16T18:57:13.571+0000] {dag.py:3239} INFO - Sync 1 DAGs
[2025-04-16T18:57:13.594+0000] {logging_mixin.py:190} INFO - [2025-04-16T18:57:13.594+0000] {dag.py:4180} INFO - Setting next_dagrun for Sensor_dag to None, run_after=None
[2025-04-16T18:57:13.634+0000] {processor.py:208} INFO - Processing /opt/airflow/dags/Dags Fundamentals/Sensores.py took 0.567 seconds
[2025-04-16T18:57:44.175+0000] {processor.py:186} INFO - Started process (PID=1025) to work on /opt/airflow/dags/Dags Fundamentals/Sensores.py
[2025-04-16T18:57:44.175+0000] {processor.py:914} INFO - Processing file /opt/airflow/dags/Dags Fundamentals/Sensores.py for tasks to queue
[2025-04-16T18:57:44.180+0000] {logging_mixin.py:190} INFO - [2025-04-16T18:57:44.179+0000] {dagbag.py:588} INFO - Filling up the DagBag from /opt/airflow/dags/Dags Fundamentals/Sensores.py
[2025-04-16T18:57:44.652+0000] {processor.py:925} INFO - DAG(s) 'Sensor_dag' retrieved from /opt/airflow/dags/Dags Fundamentals/Sensores.py
[2025-04-16T18:57:44.713+0000] {logging_mixin.py:190} INFO - [2025-04-16T18:57:44.713+0000] {dag.py:3239} INFO - Sync 1 DAGs
[2025-04-16T18:57:44.742+0000] {logging_mixin.py:190} INFO - [2025-04-16T18:57:44.742+0000] {dag.py:4180} INFO - Setting next_dagrun for Sensor_dag to None, run_after=None
[2025-04-16T18:57:44.791+0000] {processor.py:208} INFO - Processing /opt/airflow/dags/Dags Fundamentals/Sensores.py took 0.621 seconds
[2025-04-16T18:58:15.124+0000] {processor.py:186} INFO - Started process (PID=1048) to work on /opt/airflow/dags/Dags Fundamentals/Sensores.py
[2025-04-16T18:58:15.124+0000] {processor.py:914} INFO - Processing file /opt/airflow/dags/Dags Fundamentals/Sensores.py for tasks to queue
[2025-04-16T18:58:15.126+0000] {logging_mixin.py:190} INFO - [2025-04-16T18:58:15.126+0000] {dagbag.py:588} INFO - Filling up the DagBag from /opt/airflow/dags/Dags Fundamentals/Sensores.py
[2025-04-16T18:58:15.531+0000] {processor.py:925} INFO - DAG(s) 'Sensor_dag' retrieved from /opt/airflow/dags/Dags Fundamentals/Sensores.py
[2025-04-16T18:58:15.584+0000] {logging_mixin.py:190} INFO - [2025-04-16T18:58:15.584+0000] {dag.py:3239} INFO - Sync 1 DAGs
[2025-04-16T18:58:15.619+0000] {logging_mixin.py:190} INFO - [2025-04-16T18:58:15.619+0000] {dag.py:4180} INFO - Setting next_dagrun for Sensor_dag to None, run_after=None
[2025-04-16T18:58:15.670+0000] {processor.py:208} INFO - Processing /opt/airflow/dags/Dags Fundamentals/Sensores.py took 0.552 seconds
[2025-04-16T18:58:46.146+0000] {processor.py:186} INFO - Started process (PID=1070) to work on /opt/airflow/dags/Dags Fundamentals/Sensores.py
[2025-04-16T18:58:46.147+0000] {processor.py:914} INFO - Processing file /opt/airflow/dags/Dags Fundamentals/Sensores.py for tasks to queue
[2025-04-16T18:58:46.150+0000] {logging_mixin.py:190} INFO - [2025-04-16T18:58:46.149+0000] {dagbag.py:588} INFO - Filling up the DagBag from /opt/airflow/dags/Dags Fundamentals/Sensores.py
[2025-04-16T18:58:46.521+0000] {processor.py:925} INFO - DAG(s) 'Sensor_dag' retrieved from /opt/airflow/dags/Dags Fundamentals/Sensores.py
[2025-04-16T18:58:46.574+0000] {logging_mixin.py:190} INFO - [2025-04-16T18:58:46.574+0000] {dag.py:3239} INFO - Sync 1 DAGs
[2025-04-16T18:58:46.602+0000] {logging_mixin.py:190} INFO - [2025-04-16T18:58:46.601+0000] {dag.py:4180} INFO - Setting next_dagrun for Sensor_dag to None, run_after=None
[2025-04-16T18:58:46.630+0000] {processor.py:208} INFO - Processing /opt/airflow/dags/Dags Fundamentals/Sensores.py took 0.490 seconds
[2025-04-16T18:59:16.783+0000] {processor.py:186} INFO - Started process (PID=1093) to work on /opt/airflow/dags/Dags Fundamentals/Sensores.py
[2025-04-16T18:59:16.784+0000] {processor.py:914} INFO - Processing file /opt/airflow/dags/Dags Fundamentals/Sensores.py for tasks to queue
[2025-04-16T18:59:16.787+0000] {logging_mixin.py:190} INFO - [2025-04-16T18:59:16.786+0000] {dagbag.py:588} INFO - Filling up the DagBag from /opt/airflow/dags/Dags Fundamentals/Sensores.py
[2025-04-16T18:59:17.185+0000] {processor.py:925} INFO - DAG(s) 'Sensor_dag' retrieved from /opt/airflow/dags/Dags Fundamentals/Sensores.py
[2025-04-16T18:59:17.236+0000] {logging_mixin.py:190} INFO - [2025-04-16T18:59:17.235+0000] {dag.py:3239} INFO - Sync 1 DAGs
[2025-04-16T18:59:17.261+0000] {logging_mixin.py:190} INFO - [2025-04-16T18:59:17.260+0000] {dag.py:4180} INFO - Setting next_dagrun for Sensor_dag to None, run_after=None
[2025-04-16T18:59:17.323+0000] {processor.py:208} INFO - Processing /opt/airflow/dags/Dags Fundamentals/Sensores.py took 0.545 seconds
