[2025-04-16T18:36:32.210+0000] {processor.py:186} INFO - Started process (PID=80) to work on /opt/airflow/dags/Dags Fundamentals/XCOM.py
[2025-04-16T18:36:32.211+0000] {processor.py:914} INFO - Processing file /opt/airflow/dags/Dags Fundamentals/XCOM.py for tasks to queue
[2025-04-16T18:36:32.214+0000] {logging_mixin.py:190} INFO - [2025-04-16T18:36:32.214+0000] {dagbag.py:588} INFO - Filling up the DagBag from /opt/airflow/dags/Dags Fundamentals/XCOM.py
[2025-04-16T18:36:32.810+0000] {processor.py:925} INFO - DAG(s) 'My_Fourth_Dag' retrieved from /opt/airflow/dags/Dags Fundamentals/XCOM.py
[2025-04-16T18:36:32.964+0000] {logging_mixin.py:190} INFO - [2025-04-16T18:36:32.963+0000] {override.py:1912} INFO - Created Permission View: can read on DAG:My_Fourth_Dag
[2025-04-16T18:36:32.980+0000] {logging_mixin.py:190} INFO - [2025-04-16T18:36:32.980+0000] {override.py:1912} INFO - Created Permission View: can delete on DAG:My_Fourth_Dag
[2025-04-16T18:36:32.989+0000] {logging_mixin.py:190} INFO - [2025-04-16T18:36:32.989+0000] {override.py:1912} INFO - Created Permission View: can edit on DAG:My_Fourth_Dag
[2025-04-16T18:36:33.001+0000] {logging_mixin.py:190} INFO - [2025-04-16T18:36:33.001+0000] {override.py:1912} INFO - Created Permission View: can read on DAG Run:My_Fourth_Dag
[2025-04-16T18:36:33.011+0000] {logging_mixin.py:190} INFO - [2025-04-16T18:36:33.010+0000] {override.py:1912} INFO - Created Permission View: can delete on DAG Run:My_Fourth_Dag
[2025-04-16T18:36:33.022+0000] {logging_mixin.py:190} INFO - [2025-04-16T18:36:33.022+0000] {override.py:1912} INFO - Created Permission View: menu access on DAG Run:My_Fourth_Dag
[2025-04-16T18:36:33.034+0000] {logging_mixin.py:190} INFO - [2025-04-16T18:36:33.034+0000] {override.py:1912} INFO - Created Permission View: can create on DAG Run:My_Fourth_Dag
[2025-04-16T18:36:33.036+0000] {logging_mixin.py:190} INFO - [2025-04-16T18:36:33.035+0000] {dag.py:3239} INFO - Sync 1 DAGs
[2025-04-16T18:36:33.069+0000] {logging_mixin.py:190} INFO - [2025-04-16T18:36:33.068+0000] {dag.py:3262} INFO - Creating ORM DAG for My_Fourth_Dag
[2025-04-16T18:36:33.070+0000] {logging_mixin.py:190} INFO - [2025-04-16T18:36:33.069+0000] {dag.py:4180} INFO - Setting next_dagrun for My_Fourth_Dag to None, run_after=None
[2025-04-16T18:36:33.104+0000] {processor.py:208} INFO - Processing /opt/airflow/dags/Dags Fundamentals/XCOM.py took 0.900 seconds
[2025-04-16T18:37:03.918+0000] {processor.py:186} INFO - Started process (PID=103) to work on /opt/airflow/dags/Dags Fundamentals/XCOM.py
[2025-04-16T18:37:03.919+0000] {processor.py:914} INFO - Processing file /opt/airflow/dags/Dags Fundamentals/XCOM.py for tasks to queue
[2025-04-16T18:37:03.922+0000] {logging_mixin.py:190} INFO - [2025-04-16T18:37:03.921+0000] {dagbag.py:588} INFO - Filling up the DagBag from /opt/airflow/dags/Dags Fundamentals/XCOM.py
[2025-04-16T18:37:04.381+0000] {processor.py:925} INFO - DAG(s) 'My_Fourth_Dag' retrieved from /opt/airflow/dags/Dags Fundamentals/XCOM.py
[2025-04-16T18:37:04.432+0000] {logging_mixin.py:190} INFO - [2025-04-16T18:37:04.432+0000] {dag.py:3239} INFO - Sync 1 DAGs
[2025-04-16T18:37:04.465+0000] {logging_mixin.py:190} INFO - [2025-04-16T18:37:04.465+0000] {dag.py:4180} INFO - Setting next_dagrun for My_Fourth_Dag to None, run_after=None
[2025-04-16T18:37:04.526+0000] {processor.py:208} INFO - Processing /opt/airflow/dags/Dags Fundamentals/XCOM.py took 0.613 seconds
[2025-04-16T18:37:35.012+0000] {processor.py:186} INFO - Started process (PID=126) to work on /opt/airflow/dags/Dags Fundamentals/XCOM.py
[2025-04-16T18:37:35.014+0000] {processor.py:914} INFO - Processing file /opt/airflow/dags/Dags Fundamentals/XCOM.py for tasks to queue
[2025-04-16T18:37:35.017+0000] {logging_mixin.py:190} INFO - [2025-04-16T18:37:35.017+0000] {dagbag.py:588} INFO - Filling up the DagBag from /opt/airflow/dags/Dags Fundamentals/XCOM.py
[2025-04-16T18:37:35.445+0000] {processor.py:925} INFO - DAG(s) 'My_Fourth_Dag' retrieved from /opt/airflow/dags/Dags Fundamentals/XCOM.py
[2025-04-16T18:37:35.499+0000] {logging_mixin.py:190} INFO - [2025-04-16T18:37:35.498+0000] {dag.py:3239} INFO - Sync 1 DAGs
[2025-04-16T18:37:35.525+0000] {logging_mixin.py:190} INFO - [2025-04-16T18:37:35.525+0000] {dag.py:4180} INFO - Setting next_dagrun for My_Fourth_Dag to None, run_after=None
[2025-04-16T18:37:35.587+0000] {processor.py:208} INFO - Processing /opt/airflow/dags/Dags Fundamentals/XCOM.py took 0.586 seconds
[2025-04-16T18:38:05.865+0000] {processor.py:186} INFO - Started process (PID=149) to work on /opt/airflow/dags/Dags Fundamentals/XCOM.py
[2025-04-16T18:38:05.866+0000] {processor.py:914} INFO - Processing file /opt/airflow/dags/Dags Fundamentals/XCOM.py for tasks to queue
[2025-04-16T18:38:05.868+0000] {logging_mixin.py:190} INFO - [2025-04-16T18:38:05.868+0000] {dagbag.py:588} INFO - Filling up the DagBag from /opt/airflow/dags/Dags Fundamentals/XCOM.py
[2025-04-16T18:38:06.309+0000] {processor.py:925} INFO - DAG(s) 'My_Fourth_Dag' retrieved from /opt/airflow/dags/Dags Fundamentals/XCOM.py
[2025-04-16T18:38:06.355+0000] {logging_mixin.py:190} INFO - [2025-04-16T18:38:06.354+0000] {dag.py:3239} INFO - Sync 1 DAGs
[2025-04-16T18:38:06.375+0000] {logging_mixin.py:190} INFO - [2025-04-16T18:38:06.375+0000] {dag.py:4180} INFO - Setting next_dagrun for My_Fourth_Dag to None, run_after=None
[2025-04-16T18:38:06.477+0000] {processor.py:208} INFO - Processing /opt/airflow/dags/Dags Fundamentals/XCOM.py took 0.616 seconds
[2025-04-16T18:38:36.739+0000] {processor.py:186} INFO - Started process (PID=172) to work on /opt/airflow/dags/Dags Fundamentals/XCOM.py
[2025-04-16T18:38:36.740+0000] {processor.py:914} INFO - Processing file /opt/airflow/dags/Dags Fundamentals/XCOM.py for tasks to queue
[2025-04-16T18:38:36.743+0000] {logging_mixin.py:190} INFO - [2025-04-16T18:38:36.742+0000] {dagbag.py:588} INFO - Filling up the DagBag from /opt/airflow/dags/Dags Fundamentals/XCOM.py
[2025-04-16T18:38:37.116+0000] {processor.py:925} INFO - DAG(s) 'My_Fourth_Dag' retrieved from /opt/airflow/dags/Dags Fundamentals/XCOM.py
[2025-04-16T18:38:37.158+0000] {logging_mixin.py:190} INFO - [2025-04-16T18:38:37.158+0000] {dag.py:3239} INFO - Sync 1 DAGs
[2025-04-16T18:38:37.180+0000] {logging_mixin.py:190} INFO - [2025-04-16T18:38:37.180+0000] {dag.py:4180} INFO - Setting next_dagrun for My_Fourth_Dag to None, run_after=None
[2025-04-16T18:38:37.271+0000] {processor.py:208} INFO - Processing /opt/airflow/dags/Dags Fundamentals/XCOM.py took 0.537 seconds
[2025-04-16T18:39:08.307+0000] {processor.py:186} INFO - Started process (PID=195) to work on /opt/airflow/dags/Dags Fundamentals/XCOM.py
[2025-04-16T18:39:08.308+0000] {processor.py:914} INFO - Processing file /opt/airflow/dags/Dags Fundamentals/XCOM.py for tasks to queue
[2025-04-16T18:39:08.311+0000] {logging_mixin.py:190} INFO - [2025-04-16T18:39:08.311+0000] {dagbag.py:588} INFO - Filling up the DagBag from /opt/airflow/dags/Dags Fundamentals/XCOM.py
[2025-04-16T18:39:08.692+0000] {processor.py:925} INFO - DAG(s) 'My_Fourth_Dag' retrieved from /opt/airflow/dags/Dags Fundamentals/XCOM.py
[2025-04-16T18:39:08.738+0000] {logging_mixin.py:190} INFO - [2025-04-16T18:39:08.738+0000] {dag.py:3239} INFO - Sync 1 DAGs
[2025-04-16T18:39:08.761+0000] {logging_mixin.py:190} INFO - [2025-04-16T18:39:08.761+0000] {dag.py:4180} INFO - Setting next_dagrun for My_Fourth_Dag to None, run_after=None
[2025-04-16T18:39:08.806+0000] {processor.py:208} INFO - Processing /opt/airflow/dags/Dags Fundamentals/XCOM.py took 0.503 seconds
[2025-04-16T18:39:39.803+0000] {processor.py:186} INFO - Started process (PID=218) to work on /opt/airflow/dags/Dags Fundamentals/XCOM.py
[2025-04-16T18:39:39.804+0000] {processor.py:914} INFO - Processing file /opt/airflow/dags/Dags Fundamentals/XCOM.py for tasks to queue
[2025-04-16T18:39:39.807+0000] {logging_mixin.py:190} INFO - [2025-04-16T18:39:39.806+0000] {dagbag.py:588} INFO - Filling up the DagBag from /opt/airflow/dags/Dags Fundamentals/XCOM.py
[2025-04-16T18:39:40.198+0000] {processor.py:925} INFO - DAG(s) 'My_Fourth_Dag' retrieved from /opt/airflow/dags/Dags Fundamentals/XCOM.py
[2025-04-16T18:39:40.241+0000] {logging_mixin.py:190} INFO - [2025-04-16T18:39:40.241+0000] {dag.py:3239} INFO - Sync 1 DAGs
[2025-04-16T18:39:40.265+0000] {logging_mixin.py:190} INFO - [2025-04-16T18:39:40.265+0000] {dag.py:4180} INFO - Setting next_dagrun for My_Fourth_Dag to None, run_after=None
[2025-04-16T18:39:40.320+0000] {processor.py:208} INFO - Processing /opt/airflow/dags/Dags Fundamentals/XCOM.py took 0.522 seconds
[2025-04-16T18:40:10.667+0000] {processor.py:186} INFO - Started process (PID=241) to work on /opt/airflow/dags/Dags Fundamentals/XCOM.py
[2025-04-16T18:40:10.668+0000] {processor.py:914} INFO - Processing file /opt/airflow/dags/Dags Fundamentals/XCOM.py for tasks to queue
[2025-04-16T18:40:10.670+0000] {logging_mixin.py:190} INFO - [2025-04-16T18:40:10.670+0000] {dagbag.py:588} INFO - Filling up the DagBag from /opt/airflow/dags/Dags Fundamentals/XCOM.py
[2025-04-16T18:40:11.028+0000] {processor.py:925} INFO - DAG(s) 'My_Fourth_Dag' retrieved from /opt/airflow/dags/Dags Fundamentals/XCOM.py
[2025-04-16T18:40:11.071+0000] {logging_mixin.py:190} INFO - [2025-04-16T18:40:11.070+0000] {dag.py:3239} INFO - Sync 1 DAGs
[2025-04-16T18:40:11.090+0000] {logging_mixin.py:190} INFO - [2025-04-16T18:40:11.089+0000] {dag.py:4180} INFO - Setting next_dagrun for My_Fourth_Dag to None, run_after=None
[2025-04-16T18:40:11.157+0000] {processor.py:208} INFO - Processing /opt/airflow/dags/Dags Fundamentals/XCOM.py took 0.494 seconds
[2025-04-16T18:40:41.335+0000] {processor.py:186} INFO - Started process (PID=264) to work on /opt/airflow/dags/Dags Fundamentals/XCOM.py
[2025-04-16T18:40:41.336+0000] {processor.py:914} INFO - Processing file /opt/airflow/dags/Dags Fundamentals/XCOM.py for tasks to queue
[2025-04-16T18:40:41.339+0000] {logging_mixin.py:190} INFO - [2025-04-16T18:40:41.339+0000] {dagbag.py:588} INFO - Filling up the DagBag from /opt/airflow/dags/Dags Fundamentals/XCOM.py
[2025-04-16T18:40:41.784+0000] {processor.py:925} INFO - DAG(s) 'My_Fourth_Dag' retrieved from /opt/airflow/dags/Dags Fundamentals/XCOM.py
[2025-04-16T18:40:41.839+0000] {logging_mixin.py:190} INFO - [2025-04-16T18:40:41.839+0000] {dag.py:3239} INFO - Sync 1 DAGs
[2025-04-16T18:40:41.866+0000] {logging_mixin.py:190} INFO - [2025-04-16T18:40:41.866+0000] {dag.py:4180} INFO - Setting next_dagrun for My_Fourth_Dag to None, run_after=None
[2025-04-16T18:40:41.922+0000] {processor.py:208} INFO - Processing /opt/airflow/dags/Dags Fundamentals/XCOM.py took 0.593 seconds
[2025-04-16T18:41:12.399+0000] {processor.py:186} INFO - Started process (PID=287) to work on /opt/airflow/dags/Dags Fundamentals/XCOM.py
[2025-04-16T18:41:12.400+0000] {processor.py:914} INFO - Processing file /opt/airflow/dags/Dags Fundamentals/XCOM.py for tasks to queue
[2025-04-16T18:41:12.403+0000] {logging_mixin.py:190} INFO - [2025-04-16T18:41:12.403+0000] {dagbag.py:588} INFO - Filling up the DagBag from /opt/airflow/dags/Dags Fundamentals/XCOM.py
[2025-04-16T18:41:12.977+0000] {processor.py:925} INFO - DAG(s) 'My_Fourth_Dag' retrieved from /opt/airflow/dags/Dags Fundamentals/XCOM.py
[2025-04-16T18:41:13.027+0000] {logging_mixin.py:190} INFO - [2025-04-16T18:41:13.026+0000] {dag.py:3239} INFO - Sync 1 DAGs
[2025-04-16T18:41:13.056+0000] {logging_mixin.py:190} INFO - [2025-04-16T18:41:13.056+0000] {dag.py:4180} INFO - Setting next_dagrun for My_Fourth_Dag to None, run_after=None
[2025-04-16T18:41:13.112+0000] {processor.py:208} INFO - Processing /opt/airflow/dags/Dags Fundamentals/XCOM.py took 0.719 seconds
[2025-04-16T18:41:43.207+0000] {processor.py:186} INFO - Started process (PID=310) to work on /opt/airflow/dags/Dags Fundamentals/XCOM.py
[2025-04-16T18:41:43.208+0000] {processor.py:914} INFO - Processing file /opt/airflow/dags/Dags Fundamentals/XCOM.py for tasks to queue
[2025-04-16T18:41:43.211+0000] {logging_mixin.py:190} INFO - [2025-04-16T18:41:43.211+0000] {dagbag.py:588} INFO - Filling up the DagBag from /opt/airflow/dags/Dags Fundamentals/XCOM.py
[2025-04-16T18:41:43.649+0000] {processor.py:925} INFO - DAG(s) 'My_Fourth_Dag' retrieved from /opt/airflow/dags/Dags Fundamentals/XCOM.py
[2025-04-16T18:41:43.706+0000] {logging_mixin.py:190} INFO - [2025-04-16T18:41:43.706+0000] {dag.py:3239} INFO - Sync 1 DAGs
[2025-04-16T18:41:43.731+0000] {logging_mixin.py:190} INFO - [2025-04-16T18:41:43.730+0000] {dag.py:4180} INFO - Setting next_dagrun for My_Fourth_Dag to None, run_after=None
[2025-04-16T18:41:43.780+0000] {processor.py:208} INFO - Processing /opt/airflow/dags/Dags Fundamentals/XCOM.py took 0.579 seconds
[2025-04-16T18:42:13.901+0000] {processor.py:186} INFO - Started process (PID=333) to work on /opt/airflow/dags/Dags Fundamentals/XCOM.py
[2025-04-16T18:42:13.903+0000] {processor.py:914} INFO - Processing file /opt/airflow/dags/Dags Fundamentals/XCOM.py for tasks to queue
[2025-04-16T18:42:13.905+0000] {logging_mixin.py:190} INFO - [2025-04-16T18:42:13.905+0000] {dagbag.py:588} INFO - Filling up the DagBag from /opt/airflow/dags/Dags Fundamentals/XCOM.py
[2025-04-16T18:42:14.243+0000] {processor.py:925} INFO - DAG(s) 'My_Fourth_Dag' retrieved from /opt/airflow/dags/Dags Fundamentals/XCOM.py
[2025-04-16T18:42:14.298+0000] {logging_mixin.py:190} INFO - [2025-04-16T18:42:14.298+0000] {dag.py:3239} INFO - Sync 1 DAGs
[2025-04-16T18:42:14.325+0000] {logging_mixin.py:190} INFO - [2025-04-16T18:42:14.325+0000] {dag.py:4180} INFO - Setting next_dagrun for My_Fourth_Dag to None, run_after=None
[2025-04-16T18:42:14.373+0000] {processor.py:208} INFO - Processing /opt/airflow/dags/Dags Fundamentals/XCOM.py took 0.476 seconds
[2025-04-16T18:42:44.552+0000] {processor.py:186} INFO - Started process (PID=356) to work on /opt/airflow/dags/Dags Fundamentals/XCOM.py
[2025-04-16T18:42:44.553+0000] {processor.py:914} INFO - Processing file /opt/airflow/dags/Dags Fundamentals/XCOM.py for tasks to queue
[2025-04-16T18:42:44.556+0000] {logging_mixin.py:190} INFO - [2025-04-16T18:42:44.555+0000] {dagbag.py:588} INFO - Filling up the DagBag from /opt/airflow/dags/Dags Fundamentals/XCOM.py
[2025-04-16T18:42:45.004+0000] {processor.py:925} INFO - DAG(s) 'My_Fourth_Dag' retrieved from /opt/airflow/dags/Dags Fundamentals/XCOM.py
[2025-04-16T18:42:45.055+0000] {logging_mixin.py:190} INFO - [2025-04-16T18:42:45.055+0000] {dag.py:3239} INFO - Sync 1 DAGs
[2025-04-16T18:42:45.076+0000] {logging_mixin.py:190} INFO - [2025-04-16T18:42:45.076+0000] {dag.py:4180} INFO - Setting next_dagrun for My_Fourth_Dag to None, run_after=None
[2025-04-16T18:42:45.110+0000] {processor.py:208} INFO - Processing /opt/airflow/dags/Dags Fundamentals/XCOM.py took 0.565 seconds
[2025-04-16T18:43:15.364+0000] {processor.py:186} INFO - Started process (PID=381) to work on /opt/airflow/dags/Dags Fundamentals/XCOM.py
[2025-04-16T18:43:15.365+0000] {processor.py:914} INFO - Processing file /opt/airflow/dags/Dags Fundamentals/XCOM.py for tasks to queue
[2025-04-16T18:43:15.368+0000] {logging_mixin.py:190} INFO - [2025-04-16T18:43:15.368+0000] {dagbag.py:588} INFO - Filling up the DagBag from /opt/airflow/dags/Dags Fundamentals/XCOM.py
[2025-04-16T18:43:15.710+0000] {processor.py:925} INFO - DAG(s) 'My_Fourth_Dag' retrieved from /opt/airflow/dags/Dags Fundamentals/XCOM.py
[2025-04-16T18:43:15.765+0000] {logging_mixin.py:190} INFO - [2025-04-16T18:43:15.765+0000] {dag.py:3239} INFO - Sync 1 DAGs
[2025-04-16T18:43:15.785+0000] {logging_mixin.py:190} INFO - [2025-04-16T18:43:15.785+0000] {dag.py:4180} INFO - Setting next_dagrun for My_Fourth_Dag to None, run_after=None
[2025-04-16T18:43:15.832+0000] {processor.py:208} INFO - Processing /opt/airflow/dags/Dags Fundamentals/XCOM.py took 0.473 seconds
[2025-04-16T18:43:45.956+0000] {processor.py:186} INFO - Started process (PID=404) to work on /opt/airflow/dags/Dags Fundamentals/XCOM.py
[2025-04-16T18:43:45.958+0000] {processor.py:914} INFO - Processing file /opt/airflow/dags/Dags Fundamentals/XCOM.py for tasks to queue
[2025-04-16T18:43:45.962+0000] {logging_mixin.py:190} INFO - [2025-04-16T18:43:45.961+0000] {dagbag.py:588} INFO - Filling up the DagBag from /opt/airflow/dags/Dags Fundamentals/XCOM.py
[2025-04-16T18:43:46.413+0000] {processor.py:925} INFO - DAG(s) 'My_Fourth_Dag' retrieved from /opt/airflow/dags/Dags Fundamentals/XCOM.py
[2025-04-16T18:43:46.469+0000] {logging_mixin.py:190} INFO - [2025-04-16T18:43:46.469+0000] {dag.py:3239} INFO - Sync 1 DAGs
[2025-04-16T18:43:46.491+0000] {logging_mixin.py:190} INFO - [2025-04-16T18:43:46.490+0000] {dag.py:4180} INFO - Setting next_dagrun for My_Fourth_Dag to None, run_after=None
[2025-04-16T18:43:46.550+0000] {processor.py:208} INFO - Processing /opt/airflow/dags/Dags Fundamentals/XCOM.py took 0.600 seconds
[2025-04-16T18:44:16.731+0000] {processor.py:186} INFO - Started process (PID=427) to work on /opt/airflow/dags/Dags Fundamentals/XCOM.py
[2025-04-16T18:44:16.733+0000] {processor.py:914} INFO - Processing file /opt/airflow/dags/Dags Fundamentals/XCOM.py for tasks to queue
[2025-04-16T18:44:16.735+0000] {logging_mixin.py:190} INFO - [2025-04-16T18:44:16.735+0000] {dagbag.py:588} INFO - Filling up the DagBag from /opt/airflow/dags/Dags Fundamentals/XCOM.py
[2025-04-16T18:44:17.090+0000] {processor.py:925} INFO - DAG(s) 'My_Fourth_Dag' retrieved from /opt/airflow/dags/Dags Fundamentals/XCOM.py
[2025-04-16T18:44:17.131+0000] {logging_mixin.py:190} INFO - [2025-04-16T18:44:17.130+0000] {dag.py:3239} INFO - Sync 1 DAGs
[2025-04-16T18:44:17.155+0000] {logging_mixin.py:190} INFO - [2025-04-16T18:44:17.155+0000] {dag.py:4180} INFO - Setting next_dagrun for My_Fourth_Dag to None, run_after=None
[2025-04-16T18:44:17.180+0000] {processor.py:208} INFO - Processing /opt/airflow/dags/Dags Fundamentals/XCOM.py took 0.453 seconds
[2025-04-16T18:44:47.774+0000] {processor.py:186} INFO - Started process (PID=450) to work on /opt/airflow/dags/Dags Fundamentals/XCOM.py
[2025-04-16T18:44:47.780+0000] {processor.py:914} INFO - Processing file /opt/airflow/dags/Dags Fundamentals/XCOM.py for tasks to queue
[2025-04-16T18:44:47.790+0000] {logging_mixin.py:190} INFO - [2025-04-16T18:44:47.789+0000] {dagbag.py:588} INFO - Filling up the DagBag from /opt/airflow/dags/Dags Fundamentals/XCOM.py
[2025-04-16T18:44:48.237+0000] {processor.py:925} INFO - DAG(s) 'My_Fourth_Dag' retrieved from /opt/airflow/dags/Dags Fundamentals/XCOM.py
[2025-04-16T18:44:48.285+0000] {logging_mixin.py:190} INFO - [2025-04-16T18:44:48.284+0000] {dag.py:3239} INFO - Sync 1 DAGs
[2025-04-16T18:44:48.308+0000] {logging_mixin.py:190} INFO - [2025-04-16T18:44:48.308+0000] {dag.py:4180} INFO - Setting next_dagrun for My_Fourth_Dag to None, run_after=None
[2025-04-16T18:44:48.372+0000] {processor.py:208} INFO - Processing /opt/airflow/dags/Dags Fundamentals/XCOM.py took 0.607 seconds
[2025-04-16T18:45:18.513+0000] {processor.py:186} INFO - Started process (PID=472) to work on /opt/airflow/dags/Dags Fundamentals/XCOM.py
[2025-04-16T18:45:18.514+0000] {processor.py:914} INFO - Processing file /opt/airflow/dags/Dags Fundamentals/XCOM.py for tasks to queue
[2025-04-16T18:45:18.517+0000] {logging_mixin.py:190} INFO - [2025-04-16T18:45:18.517+0000] {dagbag.py:588} INFO - Filling up the DagBag from /opt/airflow/dags/Dags Fundamentals/XCOM.py
[2025-04-16T18:45:18.951+0000] {processor.py:925} INFO - DAG(s) 'My_Fourth_Dag' retrieved from /opt/airflow/dags/Dags Fundamentals/XCOM.py
[2025-04-16T18:45:18.998+0000] {logging_mixin.py:190} INFO - [2025-04-16T18:45:18.997+0000] {dag.py:3239} INFO - Sync 1 DAGs
[2025-04-16T18:45:19.019+0000] {logging_mixin.py:190} INFO - [2025-04-16T18:45:19.019+0000] {dag.py:4180} INFO - Setting next_dagrun for My_Fourth_Dag to None, run_after=None
[2025-04-16T18:45:19.050+0000] {processor.py:208} INFO - Processing /opt/airflow/dags/Dags Fundamentals/XCOM.py took 0.542 seconds
[2025-04-16T18:45:49.908+0000] {processor.py:186} INFO - Started process (PID=495) to work on /opt/airflow/dags/Dags Fundamentals/XCOM.py
[2025-04-16T18:45:49.910+0000] {processor.py:914} INFO - Processing file /opt/airflow/dags/Dags Fundamentals/XCOM.py for tasks to queue
[2025-04-16T18:45:49.912+0000] {logging_mixin.py:190} INFO - [2025-04-16T18:45:49.912+0000] {dagbag.py:588} INFO - Filling up the DagBag from /opt/airflow/dags/Dags Fundamentals/XCOM.py
[2025-04-16T18:45:50.278+0000] {processor.py:925} INFO - DAG(s) 'My_Fourth_Dag' retrieved from /opt/airflow/dags/Dags Fundamentals/XCOM.py
[2025-04-16T18:45:50.325+0000] {logging_mixin.py:190} INFO - [2025-04-16T18:45:50.325+0000] {dag.py:3239} INFO - Sync 1 DAGs
[2025-04-16T18:45:50.345+0000] {logging_mixin.py:190} INFO - [2025-04-16T18:45:50.344+0000] {dag.py:4180} INFO - Setting next_dagrun for My_Fourth_Dag to None, run_after=None
[2025-04-16T18:45:50.368+0000] {processor.py:208} INFO - Processing /opt/airflow/dags/Dags Fundamentals/XCOM.py took 0.465 seconds
[2025-04-16T18:46:21.230+0000] {processor.py:186} INFO - Started process (PID=519) to work on /opt/airflow/dags/Dags Fundamentals/XCOM.py
[2025-04-16T18:46:21.231+0000] {processor.py:914} INFO - Processing file /opt/airflow/dags/Dags Fundamentals/XCOM.py for tasks to queue
[2025-04-16T18:46:21.235+0000] {logging_mixin.py:190} INFO - [2025-04-16T18:46:21.234+0000] {dagbag.py:588} INFO - Filling up the DagBag from /opt/airflow/dags/Dags Fundamentals/XCOM.py
[2025-04-16T18:46:21.632+0000] {processor.py:925} INFO - DAG(s) 'My_Fourth_Dag' retrieved from /opt/airflow/dags/Dags Fundamentals/XCOM.py
[2025-04-16T18:46:21.676+0000] {logging_mixin.py:190} INFO - [2025-04-16T18:46:21.676+0000] {dag.py:3239} INFO - Sync 1 DAGs
[2025-04-16T18:46:21.698+0000] {logging_mixin.py:190} INFO - [2025-04-16T18:46:21.697+0000] {dag.py:4180} INFO - Setting next_dagrun for My_Fourth_Dag to None, run_after=None
[2025-04-16T18:46:21.745+0000] {processor.py:208} INFO - Processing /opt/airflow/dags/Dags Fundamentals/XCOM.py took 0.521 seconds
[2025-04-16T18:46:52.680+0000] {processor.py:186} INFO - Started process (PID=543) to work on /opt/airflow/dags/Dags Fundamentals/XCOM.py
[2025-04-16T18:46:52.681+0000] {processor.py:914} INFO - Processing file /opt/airflow/dags/Dags Fundamentals/XCOM.py for tasks to queue
[2025-04-16T18:46:52.684+0000] {logging_mixin.py:190} INFO - [2025-04-16T18:46:52.684+0000] {dagbag.py:588} INFO - Filling up the DagBag from /opt/airflow/dags/Dags Fundamentals/XCOM.py
[2025-04-16T18:46:53.254+0000] {processor.py:925} INFO - DAG(s) 'My_Fourth_Dag' retrieved from /opt/airflow/dags/Dags Fundamentals/XCOM.py
[2025-04-16T18:46:53.363+0000] {logging_mixin.py:190} INFO - [2025-04-16T18:46:53.363+0000] {dag.py:3239} INFO - Sync 1 DAGs
[2025-04-16T18:46:53.405+0000] {logging_mixin.py:190} INFO - [2025-04-16T18:46:53.405+0000] {dag.py:4180} INFO - Setting next_dagrun for My_Fourth_Dag to None, run_after=None
[2025-04-16T18:46:53.489+0000] {processor.py:208} INFO - Processing /opt/airflow/dags/Dags Fundamentals/XCOM.py took 0.815 seconds
[2025-04-16T18:47:24.313+0000] {processor.py:186} INFO - Started process (PID=566) to work on /opt/airflow/dags/Dags Fundamentals/XCOM.py
[2025-04-16T18:47:24.314+0000] {processor.py:914} INFO - Processing file /opt/airflow/dags/Dags Fundamentals/XCOM.py for tasks to queue
[2025-04-16T18:47:24.317+0000] {logging_mixin.py:190} INFO - [2025-04-16T18:47:24.316+0000] {dagbag.py:588} INFO - Filling up the DagBag from /opt/airflow/dags/Dags Fundamentals/XCOM.py
[2025-04-16T18:47:24.820+0000] {processor.py:925} INFO - DAG(s) 'My_Fourth_Dag' retrieved from /opt/airflow/dags/Dags Fundamentals/XCOM.py
[2025-04-16T18:47:24.891+0000] {logging_mixin.py:190} INFO - [2025-04-16T18:47:24.889+0000] {dag.py:3239} INFO - Sync 1 DAGs
[2025-04-16T18:47:24.932+0000] {logging_mixin.py:190} INFO - [2025-04-16T18:47:24.932+0000] {dag.py:4180} INFO - Setting next_dagrun for My_Fourth_Dag to None, run_after=None
[2025-04-16T18:47:24.997+0000] {processor.py:208} INFO - Processing /opt/airflow/dags/Dags Fundamentals/XCOM.py took 0.690 seconds
[2025-04-16T18:47:55.216+0000] {processor.py:186} INFO - Started process (PID=589) to work on /opt/airflow/dags/Dags Fundamentals/XCOM.py
[2025-04-16T18:47:55.217+0000] {processor.py:914} INFO - Processing file /opt/airflow/dags/Dags Fundamentals/XCOM.py for tasks to queue
[2025-04-16T18:47:55.222+0000] {logging_mixin.py:190} INFO - [2025-04-16T18:47:55.221+0000] {dagbag.py:588} INFO - Filling up the DagBag from /opt/airflow/dags/Dags Fundamentals/XCOM.py
[2025-04-16T18:47:55.739+0000] {processor.py:925} INFO - DAG(s) 'My_Fourth_Dag' retrieved from /opt/airflow/dags/Dags Fundamentals/XCOM.py
[2025-04-16T18:47:55.789+0000] {logging_mixin.py:190} INFO - [2025-04-16T18:47:55.789+0000] {dag.py:3239} INFO - Sync 1 DAGs
[2025-04-16T18:47:55.808+0000] {logging_mixin.py:190} INFO - [2025-04-16T18:47:55.808+0000] {dag.py:4180} INFO - Setting next_dagrun for My_Fourth_Dag to None, run_after=None
[2025-04-16T18:47:55.850+0000] {processor.py:208} INFO - Processing /opt/airflow/dags/Dags Fundamentals/XCOM.py took 0.641 seconds
[2025-04-16T18:48:26.069+0000] {processor.py:186} INFO - Started process (PID=611) to work on /opt/airflow/dags/Dags Fundamentals/XCOM.py
[2025-04-16T18:48:26.070+0000] {processor.py:914} INFO - Processing file /opt/airflow/dags/Dags Fundamentals/XCOM.py for tasks to queue
[2025-04-16T18:48:26.072+0000] {logging_mixin.py:190} INFO - [2025-04-16T18:48:26.072+0000] {dagbag.py:588} INFO - Filling up the DagBag from /opt/airflow/dags/Dags Fundamentals/XCOM.py
[2025-04-16T18:48:26.587+0000] {processor.py:925} INFO - DAG(s) 'My_Fourth_Dag' retrieved from /opt/airflow/dags/Dags Fundamentals/XCOM.py
[2025-04-16T18:48:26.642+0000] {logging_mixin.py:190} INFO - [2025-04-16T18:48:26.642+0000] {dag.py:3239} INFO - Sync 1 DAGs
[2025-04-16T18:48:26.668+0000] {logging_mixin.py:190} INFO - [2025-04-16T18:48:26.668+0000] {dag.py:4180} INFO - Setting next_dagrun for My_Fourth_Dag to None, run_after=None
[2025-04-16T18:48:26.702+0000] {processor.py:208} INFO - Processing /opt/airflow/dags/Dags Fundamentals/XCOM.py took 0.638 seconds
[2025-04-16T18:48:57.755+0000] {processor.py:186} INFO - Started process (PID=634) to work on /opt/airflow/dags/Dags Fundamentals/XCOM.py
[2025-04-16T18:48:57.756+0000] {processor.py:914} INFO - Processing file /opt/airflow/dags/Dags Fundamentals/XCOM.py for tasks to queue
[2025-04-16T18:48:57.759+0000] {logging_mixin.py:190} INFO - [2025-04-16T18:48:57.759+0000] {dagbag.py:588} INFO - Filling up the DagBag from /opt/airflow/dags/Dags Fundamentals/XCOM.py
[2025-04-16T18:48:58.195+0000] {processor.py:925} INFO - DAG(s) 'My_Fourth_Dag' retrieved from /opt/airflow/dags/Dags Fundamentals/XCOM.py
[2025-04-16T18:48:58.264+0000] {logging_mixin.py:190} INFO - [2025-04-16T18:48:58.263+0000] {dag.py:3239} INFO - Sync 1 DAGs
[2025-04-16T18:48:58.289+0000] {logging_mixin.py:190} INFO - [2025-04-16T18:48:58.289+0000] {dag.py:4180} INFO - Setting next_dagrun for My_Fourth_Dag to None, run_after=None
[2025-04-16T18:48:58.344+0000] {processor.py:208} INFO - Processing /opt/airflow/dags/Dags Fundamentals/XCOM.py took 0.597 seconds
[2025-04-16T18:49:28.579+0000] {processor.py:186} INFO - Started process (PID=657) to work on /opt/airflow/dags/Dags Fundamentals/XCOM.py
[2025-04-16T18:49:28.580+0000] {processor.py:914} INFO - Processing file /opt/airflow/dags/Dags Fundamentals/XCOM.py for tasks to queue
[2025-04-16T18:49:28.582+0000] {logging_mixin.py:190} INFO - [2025-04-16T18:49:28.582+0000] {dagbag.py:588} INFO - Filling up the DagBag from /opt/airflow/dags/Dags Fundamentals/XCOM.py
[2025-04-16T18:49:28.971+0000] {processor.py:925} INFO - DAG(s) 'My_Fourth_Dag' retrieved from /opt/airflow/dags/Dags Fundamentals/XCOM.py
[2025-04-16T18:49:29.030+0000] {logging_mixin.py:190} INFO - [2025-04-16T18:49:29.029+0000] {dag.py:3239} INFO - Sync 1 DAGs
[2025-04-16T18:49:29.053+0000] {logging_mixin.py:190} INFO - [2025-04-16T18:49:29.053+0000] {dag.py:4180} INFO - Setting next_dagrun for My_Fourth_Dag to None, run_after=None
[2025-04-16T18:49:29.085+0000] {processor.py:208} INFO - Processing /opt/airflow/dags/Dags Fundamentals/XCOM.py took 0.512 seconds
[2025-04-16T18:49:59.818+0000] {processor.py:186} INFO - Started process (PID=680) to work on /opt/airflow/dags/Dags Fundamentals/XCOM.py
[2025-04-16T18:49:59.820+0000] {processor.py:914} INFO - Processing file /opt/airflow/dags/Dags Fundamentals/XCOM.py for tasks to queue
[2025-04-16T18:49:59.823+0000] {logging_mixin.py:190} INFO - [2025-04-16T18:49:59.822+0000] {dagbag.py:588} INFO - Filling up the DagBag from /opt/airflow/dags/Dags Fundamentals/XCOM.py
[2025-04-16T18:50:00.356+0000] {processor.py:925} INFO - DAG(s) 'My_Fourth_Dag' retrieved from /opt/airflow/dags/Dags Fundamentals/XCOM.py
[2025-04-16T18:50:00.420+0000] {logging_mixin.py:190} INFO - [2025-04-16T18:50:00.419+0000] {dag.py:3239} INFO - Sync 1 DAGs
[2025-04-16T18:50:00.450+0000] {logging_mixin.py:190} INFO - [2025-04-16T18:50:00.450+0000] {dag.py:4180} INFO - Setting next_dagrun for My_Fourth_Dag to None, run_after=None
[2025-04-16T18:50:00.505+0000] {processor.py:208} INFO - Processing /opt/airflow/dags/Dags Fundamentals/XCOM.py took 0.691 seconds
[2025-04-16T18:50:30.622+0000] {processor.py:186} INFO - Started process (PID=703) to work on /opt/airflow/dags/Dags Fundamentals/XCOM.py
[2025-04-16T18:50:30.623+0000] {processor.py:914} INFO - Processing file /opt/airflow/dags/Dags Fundamentals/XCOM.py for tasks to queue
[2025-04-16T18:50:30.625+0000] {logging_mixin.py:190} INFO - [2025-04-16T18:50:30.625+0000] {dagbag.py:588} INFO - Filling up the DagBag from /opt/airflow/dags/Dags Fundamentals/XCOM.py
[2025-04-16T18:50:31.048+0000] {processor.py:925} INFO - DAG(s) 'My_Fourth_Dag' retrieved from /opt/airflow/dags/Dags Fundamentals/XCOM.py
[2025-04-16T18:50:31.097+0000] {logging_mixin.py:190} INFO - [2025-04-16T18:50:31.097+0000] {dag.py:3239} INFO - Sync 1 DAGs
[2025-04-16T18:50:31.128+0000] {logging_mixin.py:190} INFO - [2025-04-16T18:50:31.127+0000] {dag.py:4180} INFO - Setting next_dagrun for My_Fourth_Dag to None, run_after=None
[2025-04-16T18:50:31.160+0000] {processor.py:208} INFO - Processing /opt/airflow/dags/Dags Fundamentals/XCOM.py took 0.543 seconds
[2025-04-16T18:51:01.687+0000] {processor.py:186} INFO - Started process (PID=732) to work on /opt/airflow/dags/Dags Fundamentals/XCOM.py
[2025-04-16T18:51:01.688+0000] {processor.py:914} INFO - Processing file /opt/airflow/dags/Dags Fundamentals/XCOM.py for tasks to queue
[2025-04-16T18:51:01.690+0000] {logging_mixin.py:190} INFO - [2025-04-16T18:51:01.690+0000] {dagbag.py:588} INFO - Filling up the DagBag from /opt/airflow/dags/Dags Fundamentals/XCOM.py
[2025-04-16T18:51:02.120+0000] {processor.py:925} INFO - DAG(s) 'My_Fourth_Dag' retrieved from /opt/airflow/dags/Dags Fundamentals/XCOM.py
[2025-04-16T18:51:02.168+0000] {logging_mixin.py:190} INFO - [2025-04-16T18:51:02.167+0000] {dag.py:3239} INFO - Sync 1 DAGs
[2025-04-16T18:51:02.193+0000] {logging_mixin.py:190} INFO - [2025-04-16T18:51:02.193+0000] {dag.py:4180} INFO - Setting next_dagrun for My_Fourth_Dag to None, run_after=None
[2025-04-16T18:51:02.256+0000] {processor.py:208} INFO - Processing /opt/airflow/dags/Dags Fundamentals/XCOM.py took 0.574 seconds
[2025-04-16T18:51:33.087+0000] {processor.py:186} INFO - Started process (PID=755) to work on /opt/airflow/dags/Dags Fundamentals/XCOM.py
[2025-04-16T18:51:33.088+0000] {processor.py:914} INFO - Processing file /opt/airflow/dags/Dags Fundamentals/XCOM.py for tasks to queue
[2025-04-16T18:51:33.091+0000] {logging_mixin.py:190} INFO - [2025-04-16T18:51:33.090+0000] {dagbag.py:588} INFO - Filling up the DagBag from /opt/airflow/dags/Dags Fundamentals/XCOM.py
[2025-04-16T18:51:33.461+0000] {processor.py:925} INFO - DAG(s) 'My_Fourth_Dag' retrieved from /opt/airflow/dags/Dags Fundamentals/XCOM.py
[2025-04-16T18:51:33.508+0000] {logging_mixin.py:190} INFO - [2025-04-16T18:51:33.508+0000] {dag.py:3239} INFO - Sync 1 DAGs
[2025-04-16T18:51:33.527+0000] {logging_mixin.py:190} INFO - [2025-04-16T18:51:33.527+0000] {dag.py:4180} INFO - Setting next_dagrun for My_Fourth_Dag to None, run_after=None
[2025-04-16T18:51:33.567+0000] {processor.py:208} INFO - Processing /opt/airflow/dags/Dags Fundamentals/XCOM.py took 0.487 seconds
[2025-04-16T18:52:04.663+0000] {processor.py:186} INFO - Started process (PID=777) to work on /opt/airflow/dags/Dags Fundamentals/XCOM.py
[2025-04-16T18:52:04.664+0000] {processor.py:914} INFO - Processing file /opt/airflow/dags/Dags Fundamentals/XCOM.py for tasks to queue
[2025-04-16T18:52:04.667+0000] {logging_mixin.py:190} INFO - [2025-04-16T18:52:04.667+0000] {dagbag.py:588} INFO - Filling up the DagBag from /opt/airflow/dags/Dags Fundamentals/XCOM.py
[2025-04-16T18:52:05.144+0000] {processor.py:925} INFO - DAG(s) 'My_Fourth_Dag' retrieved from /opt/airflow/dags/Dags Fundamentals/XCOM.py
[2025-04-16T18:52:05.196+0000] {logging_mixin.py:190} INFO - [2025-04-16T18:52:05.195+0000] {dag.py:3239} INFO - Sync 1 DAGs
[2025-04-16T18:52:05.220+0000] {logging_mixin.py:190} INFO - [2025-04-16T18:52:05.219+0000] {dag.py:4180} INFO - Setting next_dagrun for My_Fourth_Dag to None, run_after=None
[2025-04-16T18:52:05.274+0000] {processor.py:208} INFO - Processing /opt/airflow/dags/Dags Fundamentals/XCOM.py took 0.617 seconds
[2025-04-16T18:52:36.020+0000] {processor.py:186} INFO - Started process (PID=800) to work on /opt/airflow/dags/Dags Fundamentals/XCOM.py
[2025-04-16T18:52:36.021+0000] {processor.py:914} INFO - Processing file /opt/airflow/dags/Dags Fundamentals/XCOM.py for tasks to queue
[2025-04-16T18:52:36.025+0000] {logging_mixin.py:190} INFO - [2025-04-16T18:52:36.024+0000] {dagbag.py:588} INFO - Filling up the DagBag from /opt/airflow/dags/Dags Fundamentals/XCOM.py
[2025-04-16T18:52:36.430+0000] {processor.py:925} INFO - DAG(s) 'My_Fourth_Dag' retrieved from /opt/airflow/dags/Dags Fundamentals/XCOM.py
[2025-04-16T18:52:36.476+0000] {logging_mixin.py:190} INFO - [2025-04-16T18:52:36.476+0000] {dag.py:3239} INFO - Sync 1 DAGs
[2025-04-16T18:52:36.499+0000] {logging_mixin.py:190} INFO - [2025-04-16T18:52:36.499+0000] {dag.py:4180} INFO - Setting next_dagrun for My_Fourth_Dag to None, run_after=None
[2025-04-16T18:52:36.583+0000] {processor.py:208} INFO - Processing /opt/airflow/dags/Dags Fundamentals/XCOM.py took 0.569 seconds
[2025-04-16T18:53:06.886+0000] {processor.py:186} INFO - Started process (PID=823) to work on /opt/airflow/dags/Dags Fundamentals/XCOM.py
[2025-04-16T18:53:06.889+0000] {processor.py:914} INFO - Processing file /opt/airflow/dags/Dags Fundamentals/XCOM.py for tasks to queue
[2025-04-16T18:53:06.896+0000] {logging_mixin.py:190} INFO - [2025-04-16T18:53:06.896+0000] {dagbag.py:588} INFO - Filling up the DagBag from /opt/airflow/dags/Dags Fundamentals/XCOM.py
[2025-04-16T18:53:07.370+0000] {processor.py:925} INFO - DAG(s) 'My_Fourth_Dag' retrieved from /opt/airflow/dags/Dags Fundamentals/XCOM.py
[2025-04-16T18:53:07.440+0000] {logging_mixin.py:190} INFO - [2025-04-16T18:53:07.440+0000] {dag.py:3239} INFO - Sync 1 DAGs
[2025-04-16T18:53:07.473+0000] {logging_mixin.py:190} INFO - [2025-04-16T18:53:07.473+0000] {dag.py:4180} INFO - Setting next_dagrun for My_Fourth_Dag to None, run_after=None
[2025-04-16T18:53:07.513+0000] {processor.py:208} INFO - Processing /opt/airflow/dags/Dags Fundamentals/XCOM.py took 0.641 seconds
[2025-04-16T18:53:37.928+0000] {processor.py:186} INFO - Started process (PID=846) to work on /opt/airflow/dags/Dags Fundamentals/XCOM.py
[2025-04-16T18:53:37.929+0000] {processor.py:914} INFO - Processing file /opt/airflow/dags/Dags Fundamentals/XCOM.py for tasks to queue
[2025-04-16T18:53:37.933+0000] {logging_mixin.py:190} INFO - [2025-04-16T18:53:37.932+0000] {dagbag.py:588} INFO - Filling up the DagBag from /opt/airflow/dags/Dags Fundamentals/XCOM.py
[2025-04-16T18:53:38.425+0000] {processor.py:925} INFO - DAG(s) 'My_Fourth_Dag' retrieved from /opt/airflow/dags/Dags Fundamentals/XCOM.py
[2025-04-16T18:53:38.484+0000] {logging_mixin.py:190} INFO - [2025-04-16T18:53:38.483+0000] {dag.py:3239} INFO - Sync 1 DAGs
[2025-04-16T18:53:38.508+0000] {logging_mixin.py:190} INFO - [2025-04-16T18:53:38.508+0000] {dag.py:4180} INFO - Setting next_dagrun for My_Fourth_Dag to None, run_after=None
[2025-04-16T18:53:38.544+0000] {processor.py:208} INFO - Processing /opt/airflow/dags/Dags Fundamentals/XCOM.py took 0.622 seconds
[2025-04-16T18:54:08.631+0000] {processor.py:186} INFO - Started process (PID=869) to work on /opt/airflow/dags/Dags Fundamentals/XCOM.py
[2025-04-16T18:54:08.631+0000] {processor.py:914} INFO - Processing file /opt/airflow/dags/Dags Fundamentals/XCOM.py for tasks to queue
[2025-04-16T18:54:08.634+0000] {logging_mixin.py:190} INFO - [2025-04-16T18:54:08.634+0000] {dagbag.py:588} INFO - Filling up the DagBag from /opt/airflow/dags/Dags Fundamentals/XCOM.py
[2025-04-16T18:54:09.009+0000] {processor.py:925} INFO - DAG(s) 'My_Fourth_Dag' retrieved from /opt/airflow/dags/Dags Fundamentals/XCOM.py
[2025-04-16T18:54:09.061+0000] {logging_mixin.py:190} INFO - [2025-04-16T18:54:09.060+0000] {dag.py:3239} INFO - Sync 1 DAGs
[2025-04-16T18:54:09.087+0000] {logging_mixin.py:190} INFO - [2025-04-16T18:54:09.086+0000] {dag.py:4180} INFO - Setting next_dagrun for My_Fourth_Dag to None, run_after=None
[2025-04-16T18:54:09.129+0000] {processor.py:208} INFO - Processing /opt/airflow/dags/Dags Fundamentals/XCOM.py took 0.503 seconds
[2025-04-16T18:54:39.589+0000] {processor.py:186} INFO - Started process (PID=891) to work on /opt/airflow/dags/Dags Fundamentals/XCOM.py
[2025-04-16T18:54:39.590+0000] {processor.py:914} INFO - Processing file /opt/airflow/dags/Dags Fundamentals/XCOM.py for tasks to queue
[2025-04-16T18:54:39.593+0000] {logging_mixin.py:190} INFO - [2025-04-16T18:54:39.592+0000] {dagbag.py:588} INFO - Filling up the DagBag from /opt/airflow/dags/Dags Fundamentals/XCOM.py
[2025-04-16T18:54:39.997+0000] {processor.py:925} INFO - DAG(s) 'My_Fourth_Dag' retrieved from /opt/airflow/dags/Dags Fundamentals/XCOM.py
[2025-04-16T18:54:40.050+0000] {logging_mixin.py:190} INFO - [2025-04-16T18:54:40.050+0000] {dag.py:3239} INFO - Sync 1 DAGs
[2025-04-16T18:54:40.072+0000] {logging_mixin.py:190} INFO - [2025-04-16T18:54:40.072+0000] {dag.py:4180} INFO - Setting next_dagrun for My_Fourth_Dag to None, run_after=None
[2025-04-16T18:54:40.102+0000] {processor.py:208} INFO - Processing /opt/airflow/dags/Dags Fundamentals/XCOM.py took 0.528 seconds
[2025-04-16T18:55:10.382+0000] {processor.py:186} INFO - Started process (PID=914) to work on /opt/airflow/dags/Dags Fundamentals/XCOM.py
[2025-04-16T18:55:10.383+0000] {processor.py:914} INFO - Processing file /opt/airflow/dags/Dags Fundamentals/XCOM.py for tasks to queue
[2025-04-16T18:55:10.386+0000] {logging_mixin.py:190} INFO - [2025-04-16T18:55:10.386+0000] {dagbag.py:588} INFO - Filling up the DagBag from /opt/airflow/dags/Dags Fundamentals/XCOM.py
[2025-04-16T18:55:10.738+0000] {processor.py:925} INFO - DAG(s) 'My_Fourth_Dag' retrieved from /opt/airflow/dags/Dags Fundamentals/XCOM.py
[2025-04-16T18:55:10.767+0000] {logging_mixin.py:190} INFO - [2025-04-16T18:55:10.767+0000] {dag.py:3239} INFO - Sync 1 DAGs
[2025-04-16T18:55:10.783+0000] {logging_mixin.py:190} INFO - [2025-04-16T18:55:10.783+0000] {dag.py:4180} INFO - Setting next_dagrun for My_Fourth_Dag to None, run_after=None
[2025-04-16T18:55:10.803+0000] {processor.py:208} INFO - Processing /opt/airflow/dags/Dags Fundamentals/XCOM.py took 0.428 seconds
[2025-04-16T18:55:41.268+0000] {processor.py:186} INFO - Started process (PID=937) to work on /opt/airflow/dags/Dags Fundamentals/XCOM.py
[2025-04-16T18:55:41.269+0000] {processor.py:914} INFO - Processing file /opt/airflow/dags/Dags Fundamentals/XCOM.py for tasks to queue
[2025-04-16T18:55:41.272+0000] {logging_mixin.py:190} INFO - [2025-04-16T18:55:41.271+0000] {dagbag.py:588} INFO - Filling up the DagBag from /opt/airflow/dags/Dags Fundamentals/XCOM.py
[2025-04-16T18:55:41.675+0000] {processor.py:925} INFO - DAG(s) 'My_Fourth_Dag' retrieved from /opt/airflow/dags/Dags Fundamentals/XCOM.py
[2025-04-16T18:55:41.728+0000] {logging_mixin.py:190} INFO - [2025-04-16T18:55:41.727+0000] {dag.py:3239} INFO - Sync 1 DAGs
[2025-04-16T18:55:41.750+0000] {logging_mixin.py:190} INFO - [2025-04-16T18:55:41.750+0000] {dag.py:4180} INFO - Setting next_dagrun for My_Fourth_Dag to None, run_after=None
[2025-04-16T18:55:41.774+0000] {processor.py:208} INFO - Processing /opt/airflow/dags/Dags Fundamentals/XCOM.py took 0.513 seconds
[2025-04-16T18:56:11.929+0000] {processor.py:186} INFO - Started process (PID=960) to work on /opt/airflow/dags/Dags Fundamentals/XCOM.py
[2025-04-16T18:56:11.930+0000] {processor.py:914} INFO - Processing file /opt/airflow/dags/Dags Fundamentals/XCOM.py for tasks to queue
[2025-04-16T18:56:11.932+0000] {logging_mixin.py:190} INFO - [2025-04-16T18:56:11.932+0000] {dagbag.py:588} INFO - Filling up the DagBag from /opt/airflow/dags/Dags Fundamentals/XCOM.py
[2025-04-16T18:56:12.294+0000] {processor.py:925} INFO - DAG(s) 'My_Fourth_Dag' retrieved from /opt/airflow/dags/Dags Fundamentals/XCOM.py
[2025-04-16T18:56:12.341+0000] {logging_mixin.py:190} INFO - [2025-04-16T18:56:12.340+0000] {dag.py:3239} INFO - Sync 1 DAGs
[2025-04-16T18:56:12.363+0000] {logging_mixin.py:190} INFO - [2025-04-16T18:56:12.362+0000] {dag.py:4180} INFO - Setting next_dagrun for My_Fourth_Dag to None, run_after=None
[2025-04-16T18:56:12.413+0000] {processor.py:208} INFO - Processing /opt/airflow/dags/Dags Fundamentals/XCOM.py took 0.489 seconds
[2025-04-16T18:56:43.084+0000] {processor.py:186} INFO - Started process (PID=983) to work on /opt/airflow/dags/Dags Fundamentals/XCOM.py
[2025-04-16T18:56:43.087+0000] {processor.py:914} INFO - Processing file /opt/airflow/dags/Dags Fundamentals/XCOM.py for tasks to queue
[2025-04-16T18:56:43.090+0000] {logging_mixin.py:190} INFO - [2025-04-16T18:56:43.090+0000] {dagbag.py:588} INFO - Filling up the DagBag from /opt/airflow/dags/Dags Fundamentals/XCOM.py
[2025-04-16T18:56:43.506+0000] {processor.py:925} INFO - DAG(s) 'My_Fourth_Dag' retrieved from /opt/airflow/dags/Dags Fundamentals/XCOM.py
[2025-04-16T18:56:43.556+0000] {logging_mixin.py:190} INFO - [2025-04-16T18:56:43.556+0000] {dag.py:3239} INFO - Sync 1 DAGs
[2025-04-16T18:56:43.580+0000] {logging_mixin.py:190} INFO - [2025-04-16T18:56:43.580+0000] {dag.py:4180} INFO - Setting next_dagrun for My_Fourth_Dag to None, run_after=None
[2025-04-16T18:56:43.649+0000] {processor.py:208} INFO - Processing /opt/airflow/dags/Dags Fundamentals/XCOM.py took 0.577 seconds
[2025-04-16T18:57:14.100+0000] {processor.py:186} INFO - Started process (PID=1006) to work on /opt/airflow/dags/Dags Fundamentals/XCOM.py
[2025-04-16T18:57:14.101+0000] {processor.py:914} INFO - Processing file /opt/airflow/dags/Dags Fundamentals/XCOM.py for tasks to queue
[2025-04-16T18:57:14.105+0000] {logging_mixin.py:190} INFO - [2025-04-16T18:57:14.104+0000] {dagbag.py:588} INFO - Filling up the DagBag from /opt/airflow/dags/Dags Fundamentals/XCOM.py
[2025-04-16T18:57:14.540+0000] {processor.py:925} INFO - DAG(s) 'My_Fourth_Dag' retrieved from /opt/airflow/dags/Dags Fundamentals/XCOM.py
[2025-04-16T18:57:14.593+0000] {logging_mixin.py:190} INFO - [2025-04-16T18:57:14.592+0000] {dag.py:3239} INFO - Sync 1 DAGs
[2025-04-16T18:57:14.616+0000] {logging_mixin.py:190} INFO - [2025-04-16T18:57:14.615+0000] {dag.py:4180} INFO - Setting next_dagrun for My_Fourth_Dag to None, run_after=None
[2025-04-16T18:57:14.666+0000] {processor.py:208} INFO - Processing /opt/airflow/dags/Dags Fundamentals/XCOM.py took 0.571 seconds
[2025-04-16T18:57:44.876+0000] {processor.py:186} INFO - Started process (PID=1028) to work on /opt/airflow/dags/Dags Fundamentals/XCOM.py
[2025-04-16T18:57:44.878+0000] {processor.py:914} INFO - Processing file /opt/airflow/dags/Dags Fundamentals/XCOM.py for tasks to queue
[2025-04-16T18:57:44.880+0000] {logging_mixin.py:190} INFO - [2025-04-16T18:57:44.879+0000] {dagbag.py:588} INFO - Filling up the DagBag from /opt/airflow/dags/Dags Fundamentals/XCOM.py
[2025-04-16T18:57:45.259+0000] {processor.py:925} INFO - DAG(s) 'My_Fourth_Dag' retrieved from /opt/airflow/dags/Dags Fundamentals/XCOM.py
[2025-04-16T18:57:45.311+0000] {logging_mixin.py:190} INFO - [2025-04-16T18:57:45.310+0000] {dag.py:3239} INFO - Sync 1 DAGs
[2025-04-16T18:57:45.333+0000] {logging_mixin.py:190} INFO - [2025-04-16T18:57:45.333+0000] {dag.py:4180} INFO - Setting next_dagrun for My_Fourth_Dag to None, run_after=None
[2025-04-16T18:57:45.387+0000] {processor.py:208} INFO - Processing /opt/airflow/dags/Dags Fundamentals/XCOM.py took 0.515 seconds
[2025-04-16T18:58:15.814+0000] {processor.py:186} INFO - Started process (PID=1051) to work on /opt/airflow/dags/Dags Fundamentals/XCOM.py
[2025-04-16T18:58:15.815+0000] {processor.py:914} INFO - Processing file /opt/airflow/dags/Dags Fundamentals/XCOM.py for tasks to queue
[2025-04-16T18:58:15.817+0000] {logging_mixin.py:190} INFO - [2025-04-16T18:58:15.817+0000] {dagbag.py:588} INFO - Filling up the DagBag from /opt/airflow/dags/Dags Fundamentals/XCOM.py
[2025-04-16T18:58:16.170+0000] {processor.py:925} INFO - DAG(s) 'My_Fourth_Dag' retrieved from /opt/airflow/dags/Dags Fundamentals/XCOM.py
[2025-04-16T18:58:16.213+0000] {logging_mixin.py:190} INFO - [2025-04-16T18:58:16.212+0000] {dag.py:3239} INFO - Sync 1 DAGs
[2025-04-16T18:58:16.233+0000] {logging_mixin.py:190} INFO - [2025-04-16T18:58:16.233+0000] {dag.py:4180} INFO - Setting next_dagrun for My_Fourth_Dag to None, run_after=None
[2025-04-16T18:58:16.260+0000] {processor.py:208} INFO - Processing /opt/airflow/dags/Dags Fundamentals/XCOM.py took 0.450 seconds
[2025-04-16T18:58:46.681+0000] {processor.py:186} INFO - Started process (PID=1075) to work on /opt/airflow/dags/Dags Fundamentals/XCOM.py
[2025-04-16T18:58:46.683+0000] {processor.py:914} INFO - Processing file /opt/airflow/dags/Dags Fundamentals/XCOM.py for tasks to queue
[2025-04-16T18:58:46.686+0000] {logging_mixin.py:190} INFO - [2025-04-16T18:58:46.685+0000] {dagbag.py:588} INFO - Filling up the DagBag from /opt/airflow/dags/Dags Fundamentals/XCOM.py
[2025-04-16T18:58:47.053+0000] {processor.py:925} INFO - DAG(s) 'My_Fourth_Dag' retrieved from /opt/airflow/dags/Dags Fundamentals/XCOM.py
[2025-04-16T18:58:47.102+0000] {logging_mixin.py:190} INFO - [2025-04-16T18:58:47.101+0000] {dag.py:3239} INFO - Sync 1 DAGs
[2025-04-16T18:58:47.131+0000] {logging_mixin.py:190} INFO - [2025-04-16T18:58:47.131+0000] {dag.py:4180} INFO - Setting next_dagrun for My_Fourth_Dag to None, run_after=None
[2025-04-16T18:58:47.171+0000] {processor.py:208} INFO - Processing /opt/airflow/dags/Dags Fundamentals/XCOM.py took 0.495 seconds
[2025-04-16T18:59:17.650+0000] {processor.py:186} INFO - Started process (PID=1097) to work on /opt/airflow/dags/Dags Fundamentals/XCOM.py
[2025-04-16T18:59:17.651+0000] {processor.py:914} INFO - Processing file /opt/airflow/dags/Dags Fundamentals/XCOM.py for tasks to queue
[2025-04-16T18:59:17.653+0000] {logging_mixin.py:190} INFO - [2025-04-16T18:59:17.653+0000] {dagbag.py:588} INFO - Filling up the DagBag from /opt/airflow/dags/Dags Fundamentals/XCOM.py
[2025-04-16T18:59:18.002+0000] {processor.py:925} INFO - DAG(s) 'My_Fourth_Dag' retrieved from /opt/airflow/dags/Dags Fundamentals/XCOM.py
[2025-04-16T18:59:18.044+0000] {logging_mixin.py:190} INFO - [2025-04-16T18:59:18.044+0000] {dag.py:3239} INFO - Sync 1 DAGs
[2025-04-16T18:59:18.068+0000] {logging_mixin.py:190} INFO - [2025-04-16T18:59:18.068+0000] {dag.py:4180} INFO - Setting next_dagrun for My_Fourth_Dag to None, run_after=None
[2025-04-16T18:59:18.126+0000] {processor.py:208} INFO - Processing /opt/airflow/dags/Dags Fundamentals/XCOM.py took 0.481 seconds
