[2025-04-16T20:32:59.505+0000] {local_task_job_runner.py:123} INFO - ::group::Pre task execution logs
[2025-04-16T20:32:59.611+0000] {taskinstance.py:2614} INFO - Dependencies all met for dep_context=non-requeueable deps ti=<TaskInstance: BinanceCryptoAPI.transfor_crypto_data manual__2025-04-16T20:32:54.128795+00:00 [queued]>
[2025-04-16T20:32:59.635+0000] {taskinstance.py:2614} INFO - Dependencies all met for dep_context=requeueable deps ti=<TaskInstance: BinanceCryptoAPI.transfor_crypto_data manual__2025-04-16T20:32:54.128795+00:00 [queued]>
[2025-04-16T20:32:59.637+0000] {taskinstance.py:2867} INFO - Starting attempt 1 of 1
[2025-04-16T20:32:59.848+0000] {taskinstance.py:2890} INFO - Executing <Task(PythonOperator): transfor_crypto_data> on 2025-04-16 20:32:54.128795+00:00
[2025-04-16T20:32:59.868+0000] {warnings.py:112} WARNING - /home/***/.local/lib/python3.12/site-packages/***/task/task_runner/standard_task_runner.py:70: DeprecationWarning: This process (pid=1037) is multi-threaded, use of fork() may lead to deadlocks in the child.
  pid = os.fork()

[2025-04-16T20:32:59.881+0000] {standard_task_runner.py:72} INFO - Started process 1043 to run task
[2025-04-16T20:32:59.882+0000] {standard_task_runner.py:104} INFO - Running: ['***', 'tasks', 'run', 'BinanceCryptoAPI', 'transfor_crypto_data', 'manual__2025-04-16T20:32:54.128795+00:00', '--job-id', '39', '--raw', '--subdir', 'DAGS_FOLDER/ETL/BinanceETL.py', '--cfg-path', '/tmp/tmplmipvvbe']
[2025-04-16T20:32:59.894+0000] {standard_task_runner.py:105} INFO - Job 39: Subtask transfor_crypto_data
[2025-04-16T20:33:00.181+0000] {task_command.py:467} INFO - Running <TaskInstance: BinanceCryptoAPI.transfor_crypto_data manual__2025-04-16T20:32:54.128795+00:00 [running]> on host 2903c312f900
[2025-04-16T20:33:00.524+0000] {taskinstance.py:3134} INFO - Exporting env vars: AIRFLOW_CTX_DAG_OWNER='***' AIRFLOW_CTX_DAG_ID='BinanceCryptoAPI' AIRFLOW_CTX_TASK_ID='transfor_crypto_data' AIRFLOW_CTX_EXECUTION_DATE='2025-04-16T20:32:54.128795+00:00' AIRFLOW_CTX_TRY_NUMBER='1' AIRFLOW_CTX_DAG_RUN_ID='manual__2025-04-16T20:32:54.128795+00:00'
[2025-04-16T20:33:00.527+0000] {taskinstance.py:732} INFO - ::endgroup::
[2025-04-16T20:33:00.644+0000] {logging_mixin.py:190} INFO -     symbol   priceChange  ...       volume  quoteVolume
0   ETHBTC -3.900000e-04  ...   25375.4067   477.157875
1   LTCBTC -7.000000e-06  ...   31231.1540    27.857655
2   BNBBTC -2.000000e-05  ...    7969.7370    55.151106
3   NEOBTC  8.000000e-07  ...  169183.5900    10.923640
4  QTUMETH  3.900000e-05  ...    4254.3000     5.306959

[5 rows x 6 columns]
[2025-04-16T20:33:00.645+0000] {python.py:240} INFO - Done. Returned value was: None
[2025-04-16T20:33:00.692+0000] {taskinstance.py:341} INFO - ::group::Post task execution logs
[2025-04-16T20:33:00.693+0000] {taskinstance.py:353} INFO - Marking task as SUCCESS. dag_id=BinanceCryptoAPI, task_id=transfor_crypto_data, run_id=manual__2025-04-16T20:32:54.128795+00:00, execution_date=20250416T203254, start_date=20250416T203259, end_date=20250416T203300
[2025-04-16T20:33:00.872+0000] {local_task_job_runner.py:266} INFO - Task exited with return code 0
[2025-04-16T20:33:00.941+0000] {taskinstance.py:3901} INFO - 0 downstream tasks scheduled from follow-on schedule check
[2025-04-16T20:33:00.945+0000] {local_task_job_runner.py:245} INFO - ::endgroup::
