[2025-04-16T20:39:13.247+0000] {local_task_job_runner.py:123} INFO - ::group::Pre task execution logs
[2025-04-16T20:39:13.302+0000] {taskinstance.py:2614} INFO - Dependencies all met for dep_context=non-requeueable deps ti=<TaskInstance: BinanceCryptoAPI.ExtractCryptoData manual__2025-04-16T20:39:08.440254+00:00 [queued]>
[2025-04-16T20:39:13.313+0000] {taskinstance.py:2614} INFO - Dependencies all met for dep_context=requeueable deps ti=<TaskInstance: BinanceCryptoAPI.ExtractCryptoData manual__2025-04-16T20:39:08.440254+00:00 [queued]>
[2025-04-16T20:39:13.314+0000] {taskinstance.py:2867} INFO - Starting attempt 1 of 1
[2025-04-16T20:39:13.547+0000] {taskinstance.py:2890} INFO - Executing <Task(PythonOperator): ExtractCryptoData> on 2025-04-16 20:39:08.440254+00:00
[2025-04-16T20:39:13.554+0000] {warnings.py:112} WARNING - /home/***/.local/lib/python3.12/site-packages/***/task/task_runner/standard_task_runner.py:70: DeprecationWarning: This process (pid=1181) is multi-threaded, use of fork() may lead to deadlocks in the child.
  pid = os.fork()

[2025-04-16T20:39:13.559+0000] {standard_task_runner.py:72} INFO - Started process 1191 to run task
[2025-04-16T20:39:13.562+0000] {standard_task_runner.py:104} INFO - Running: ['***', 'tasks', 'run', 'BinanceCryptoAPI', 'ExtractCryptoData', 'manual__2025-04-16T20:39:08.440254+00:00', '--job-id', '55', '--raw', '--subdir', 'DAGS_FOLDER/ETL/BinanceETL.py', '--cfg-path', '/tmp/tmpoycf2qyh']
[2025-04-16T20:39:13.568+0000] {standard_task_runner.py:105} INFO - Job 55: Subtask ExtractCryptoData
[2025-04-16T20:39:13.803+0000] {task_command.py:467} INFO - Running <TaskInstance: BinanceCryptoAPI.ExtractCryptoData manual__2025-04-16T20:39:08.440254+00:00 [running]> on host 2903c312f900
[2025-04-16T20:39:14.056+0000] {taskinstance.py:3134} INFO - Exporting env vars: AIRFLOW_CTX_DAG_OWNER='***' AIRFLOW_CTX_DAG_ID='BinanceCryptoAPI' AIRFLOW_CTX_TASK_ID='ExtractCryptoData' AIRFLOW_CTX_EXECUTION_DATE='2025-04-16T20:39:08.440254+00:00' AIRFLOW_CTX_TRY_NUMBER='1' AIRFLOW_CTX_DAG_RUN_ID='manual__2025-04-16T20:39:08.440254+00:00'
[2025-04-16T20:39:14.058+0000] {taskinstance.py:732} INFO - ::endgroup::
[2025-04-16T20:39:15.901+0000] {logging_mixin.py:190} INFO -     symbol  priceChange priceChangePercent  ...    firstId     lastId  count
0   ETHBTC  -0.00043000             -2.244  ...  492977625  493052169  74545
1   LTCBTC  -0.00000800             -0.888  ...  104891676  104900007   8332
2   BNBBTC  -0.00000100             -0.014  ...  271615819  271635428  19610
3   NEOBTC   0.00000050              0.778  ...   47450302   47454059   3758
4  QTUMETH   0.00003900              3.210  ...    5521167    5521225     59

[5 rows x 21 columns]
[2025-04-16T20:39:15.973+0000] {python.py:240} INFO - Done. Returned value was: None
[2025-04-16T20:39:16.026+0000] {taskinstance.py:341} INFO - ::group::Post task execution logs
[2025-04-16T20:39:16.027+0000] {taskinstance.py:353} INFO - Marking task as SUCCESS. dag_id=BinanceCryptoAPI, task_id=ExtractCryptoData, run_id=manual__2025-04-16T20:39:08.440254+00:00, execution_date=20250416T203908, start_date=20250416T203913, end_date=20250416T203916
[2025-04-16T20:39:16.153+0000] {local_task_job_runner.py:266} INFO - Task exited with return code 0
[2025-04-16T20:39:16.204+0000] {taskinstance.py:3901} INFO - 1 downstream tasks scheduled from follow-on schedule check
[2025-04-16T20:39:16.223+0000] {local_task_job_runner.py:245} INFO - ::endgroup::
