[2025-04-16T19:42:17.379+0000] {local_task_job_runner.py:123} INFO - ::group::Pre task execution logs
[2025-04-16T19:42:17.432+0000] {taskinstance.py:2614} INFO - Dependencies all met for dep_context=non-requeueable deps ti=<TaskInstance: BinanceCryptoAPI.ExtractCryptoData manual__2025-04-16T19:42:13.847072+00:00 [queued]>
[2025-04-16T19:42:17.445+0000] {taskinstance.py:2614} INFO - Dependencies all met for dep_context=requeueable deps ti=<TaskInstance: BinanceCryptoAPI.ExtractCryptoData manual__2025-04-16T19:42:13.847072+00:00 [queued]>
[2025-04-16T19:42:17.446+0000] {taskinstance.py:2867} INFO - Starting attempt 1 of 1
[2025-04-16T19:42:17.624+0000] {taskinstance.py:2890} INFO - Executing <Task(PythonOperator): ExtractCryptoData> on 2025-04-16 19:42:13.847072+00:00
[2025-04-16T19:42:17.635+0000] {warnings.py:112} WARNING - /home/***/.local/lib/python3.12/site-packages/***/task/task_runner/standard_task_runner.py:70: DeprecationWarning: This process (pid=280) is multi-threaded, use of fork() may lead to deadlocks in the child.
  pid = os.fork()

[2025-04-16T19:42:17.640+0000] {standard_task_runner.py:72} INFO - Started process 282 to run task
[2025-04-16T19:42:17.638+0000] {standard_task_runner.py:104} INFO - Running: ['***', 'tasks', 'run', 'BinanceCryptoAPI', 'ExtractCryptoData', 'manual__2025-04-16T19:42:13.847072+00:00', '--job-id', '15', '--raw', '--subdir', 'DAGS_FOLDER/ETL/BinanceETL.py', '--cfg-path', '/tmp/tmpt2xko7kh']
[2025-04-16T19:42:17.644+0000] {standard_task_runner.py:105} INFO - Job 15: Subtask ExtractCryptoData
[2025-04-16T19:42:17.812+0000] {task_command.py:467} INFO - Running <TaskInstance: BinanceCryptoAPI.ExtractCryptoData manual__2025-04-16T19:42:13.847072+00:00 [running]> on host 2903c312f900
[2025-04-16T19:42:18.036+0000] {taskinstance.py:3134} INFO - Exporting env vars: AIRFLOW_CTX_DAG_OWNER='***' AIRFLOW_CTX_DAG_ID='BinanceCryptoAPI' AIRFLOW_CTX_TASK_ID='ExtractCryptoData' AIRFLOW_CTX_EXECUTION_DATE='2025-04-16T19:42:13.847072+00:00' AIRFLOW_CTX_TRY_NUMBER='1' AIRFLOW_CTX_DAG_RUN_ID='manual__2025-04-16T19:42:13.847072+00:00'
[2025-04-16T19:42:18.037+0000] {taskinstance.py:732} INFO - ::endgroup::
[2025-04-16T19:42:19.936+0000] {logging_mixin.py:190} INFO -     symbol  priceChange priceChangePercent  ...    firstId     lastId  count
0   ETHBTC  -0.00052000             -2.721  ...  492976190  493046047  69858
1   LTCBTC  -0.00000900             -1.007  ...  104891464  104899605   8142
2   BNBBTC  -0.00001200             -0.173  ...  271615330  271634827  19498
3   NEOBTC   0.00000040              0.628  ...   47450230   47453649   3420
4  QTUMETH   0.00003900              3.210  ...    5521167    5521225     59

[5 rows x 21 columns]
[2025-04-16T19:42:20.023+0000] {python.py:240} INFO - Done. Returned value was: None
[2025-04-16T19:42:20.079+0000] {taskinstance.py:341} INFO - ::group::Post task execution logs
[2025-04-16T19:42:20.080+0000] {taskinstance.py:353} INFO - Marking task as SUCCESS. dag_id=BinanceCryptoAPI, task_id=ExtractCryptoData, run_id=manual__2025-04-16T19:42:13.847072+00:00, execution_date=20250416T194213, start_date=20250416T194217, end_date=20250416T194220
[2025-04-16T19:42:20.312+0000] {local_task_job_runner.py:266} INFO - Task exited with return code 0
[2025-04-16T19:42:20.373+0000] {taskinstance.py:3901} INFO - 0 downstream tasks scheduled from follow-on schedule check
[2025-04-16T19:42:20.378+0000] {local_task_job_runner.py:245} INFO - ::endgroup::
