[2025-04-16T20:32:27.287+0000] {local_task_job_runner.py:123} INFO - ::group::Pre task execution logs
[2025-04-16T20:32:27.352+0000] {taskinstance.py:2614} INFO - Dependencies all met for dep_context=non-requeueable deps ti=<TaskInstance: BinanceCryptoAPI.ExtractCryptoData manual__2025-04-16T20:32:23.057077+00:00 [queued]>
[2025-04-16T20:32:27.366+0000] {taskinstance.py:2614} INFO - Dependencies all met for dep_context=requeueable deps ti=<TaskInstance: BinanceCryptoAPI.ExtractCryptoData manual__2025-04-16T20:32:23.057077+00:00 [queued]>
[2025-04-16T20:32:27.368+0000] {taskinstance.py:2867} INFO - Starting attempt 1 of 1
[2025-04-16T20:32:27.581+0000] {taskinstance.py:2890} INFO - Executing <Task(PythonOperator): ExtractCryptoData> on 2025-04-16 20:32:23.057077+00:00
[2025-04-16T20:32:27.594+0000] {warnings.py:112} WARNING - /home/***/.local/lib/python3.12/site-packages/***/task/task_runner/standard_task_runner.py:70: DeprecationWarning: This process (pid=1010) is multi-threaded, use of fork() may lead to deadlocks in the child.
  pid = os.fork()

[2025-04-16T20:32:27.601+0000] {standard_task_runner.py:72} INFO - Started process 1016 to run task
[2025-04-16T20:32:27.595+0000] {standard_task_runner.py:104} INFO - Running: ['***', 'tasks', 'run', 'BinanceCryptoAPI', 'ExtractCryptoData', 'manual__2025-04-16T20:32:23.057077+00:00', '--job-id', '34', '--raw', '--subdir', 'DAGS_FOLDER/ETL/BinanceETL.py', '--cfg-path', '/tmp/tmpyv2h80co']
[2025-04-16T20:32:27.604+0000] {standard_task_runner.py:105} INFO - Job 34: Subtask ExtractCryptoData
[2025-04-16T20:32:27.792+0000] {task_command.py:467} INFO - Running <TaskInstance: BinanceCryptoAPI.ExtractCryptoData manual__2025-04-16T20:32:23.057077+00:00 [running]> on host 2903c312f900
[2025-04-16T20:32:28.026+0000] {taskinstance.py:3134} INFO - Exporting env vars: AIRFLOW_CTX_DAG_OWNER='***' AIRFLOW_CTX_DAG_ID='BinanceCryptoAPI' AIRFLOW_CTX_TASK_ID='ExtractCryptoData' AIRFLOW_CTX_EXECUTION_DATE='2025-04-16T20:32:23.057077+00:00' AIRFLOW_CTX_TRY_NUMBER='1' AIRFLOW_CTX_DAG_RUN_ID='manual__2025-04-16T20:32:23.057077+00:00'
[2025-04-16T20:32:28.029+0000] {taskinstance.py:732} INFO - ::endgroup::
[2025-04-16T20:32:29.837+0000] {logging_mixin.py:190} INFO -     symbol  priceChange priceChangePercent  ...    firstId     lastId  count
0   ETHBTC  -0.00039000             -2.035  ...  492977488  493051964  74477
1   LTCBTC  -0.00000700             -0.777  ...  104891669  104899977   8309
2   BNBBTC  -0.00002000             -0.288  ...  271615794  271635370  19577
3   NEOBTC   0.00000080              1.244  ...   47450302   47454042   3741
4  QTUMETH   0.00003900              3.210  ...    5521167    5521225     59

[5 rows x 21 columns]
[2025-04-16T20:32:29.895+0000] {python.py:240} INFO - Done. Returned value was: None
[2025-04-16T20:32:29.935+0000] {taskinstance.py:341} INFO - ::group::Post task execution logs
[2025-04-16T20:32:29.936+0000] {taskinstance.py:353} INFO - Marking task as SUCCESS. dag_id=BinanceCryptoAPI, task_id=ExtractCryptoData, run_id=manual__2025-04-16T20:32:23.057077+00:00, execution_date=20250416T203223, start_date=20250416T203227, end_date=20250416T203229
[2025-04-16T20:32:30.069+0000] {local_task_job_runner.py:266} INFO - Task exited with return code 0
[2025-04-16T20:32:30.129+0000] {taskinstance.py:3901} INFO - 1 downstream tasks scheduled from follow-on schedule check
[2025-04-16T20:32:30.132+0000] {local_task_job_runner.py:245} INFO - ::endgroup::
