[2025-04-16T20:23:10.121+0000] {local_task_job_runner.py:123} INFO - ::group::Pre task execution logs
[2025-04-16T20:23:10.204+0000] {taskinstance.py:2614} INFO - Dependencies all met for dep_context=non-requeueable deps ti=<TaskInstance: BinanceCryptoAPI.transfor_crypto_data manual__2025-04-16T20:23:04.541989+00:00 [queued]>
[2025-04-16T20:23:10.228+0000] {taskinstance.py:2614} INFO - Dependencies all met for dep_context=requeueable deps ti=<TaskInstance: BinanceCryptoAPI.transfor_crypto_data manual__2025-04-16T20:23:04.541989+00:00 [queued]>
[2025-04-16T20:23:10.230+0000] {taskinstance.py:2867} INFO - Starting attempt 1 of 1
[2025-04-16T20:23:10.554+0000] {taskinstance.py:2890} INFO - Executing <Task(PythonOperator): transfor_crypto_data> on 2025-04-16 20:23:04.541989+00:00
[2025-04-16T20:23:10.569+0000] {warnings.py:112} WARNING - /home/***/.local/lib/python3.12/site-packages/***/task/task_runner/standard_task_runner.py:70: DeprecationWarning: This process (pid=867) is multi-threaded, use of fork() may lead to deadlocks in the child.
  pid = os.fork()

[2025-04-16T20:23:10.573+0000] {standard_task_runner.py:72} INFO - Started process 871 to run task
[2025-04-16T20:23:10.574+0000] {standard_task_runner.py:104} INFO - Running: ['***', 'tasks', 'run', 'BinanceCryptoAPI', 'transfor_crypto_data', 'manual__2025-04-16T20:23:04.541989+00:00', '--job-id', '28', '--raw', '--subdir', 'DAGS_FOLDER/ETL/BinanceETL.py', '--cfg-path', '/tmp/tmpjxdl1e5s']
[2025-04-16T20:23:10.581+0000] {standard_task_runner.py:105} INFO - Job 28: Subtask transfor_crypto_data
[2025-04-16T20:23:10.809+0000] {task_command.py:467} INFO - Running <TaskInstance: BinanceCryptoAPI.transfor_crypto_data manual__2025-04-16T20:23:04.541989+00:00 [running]> on host 2903c312f900
[2025-04-16T20:23:11.121+0000] {taskinstance.py:3134} INFO - Exporting env vars: AIRFLOW_CTX_DAG_OWNER='***' AIRFLOW_CTX_DAG_ID='BinanceCryptoAPI' AIRFLOW_CTX_TASK_ID='transfor_crypto_data' AIRFLOW_CTX_EXECUTION_DATE='2025-04-16T20:23:04.541989+00:00' AIRFLOW_CTX_TRY_NUMBER='1' AIRFLOW_CTX_DAG_RUN_ID='manual__2025-04-16T20:23:04.541989+00:00'
[2025-04-16T20:23:11.123+0000] {taskinstance.py:732} INFO - ::endgroup::
[2025-04-16T20:23:11.254+0000] {logging_mixin.py:190} INFO -     symbol   priceChange  ...      volume  quoteVolume
0   ETHBTC -3.700000e-04  ...   25420.630   478.110101
1   LTCBTC -5.000000e-06  ...   31267.077    27.891098
2   BNBBTC -1.300000e-05  ...    7931.065    54.883808
3   NEOBTC  6.000000e-07  ...  168958.240    10.908045
4  QTUMETH  3.900000e-05  ...    4254.300     5.306959

[5 rows x 6 columns]
[2025-04-16T20:23:11.256+0000] {python.py:240} INFO - Done. Returned value was: None
[2025-04-16T20:23:11.318+0000] {taskinstance.py:341} INFO - ::group::Post task execution logs
[2025-04-16T20:23:11.320+0000] {taskinstance.py:353} INFO - Marking task as SUCCESS. dag_id=BinanceCryptoAPI, task_id=transfor_crypto_data, run_id=manual__2025-04-16T20:23:04.541989+00:00, execution_date=20250416T202304, start_date=20250416T202310, end_date=20250416T202311
[2025-04-16T20:23:11.513+0000] {local_task_job_runner.py:266} INFO - Task exited with return code 0
[2025-04-16T20:23:11.602+0000] {taskinstance.py:3901} INFO - 0 downstream tasks scheduled from follow-on schedule check
[2025-04-16T20:23:11.606+0000] {local_task_job_runner.py:245} INFO - ::endgroup::
