[2025-04-16T20:07:06.046+0000] {local_task_job_runner.py:123} INFO - ::group::Pre task execution logs
[2025-04-16T20:07:06.094+0000] {taskinstance.py:2614} INFO - Dependencies all met for dep_context=non-requeueable deps ti=<TaskInstance: BinanceCryptoAPI.transfor_crypto_data manual__2025-04-16T20:06:56.855497+00:00 [queued]>
[2025-04-16T20:07:06.107+0000] {taskinstance.py:2614} INFO - Dependencies all met for dep_context=requeueable deps ti=<TaskInstance: BinanceCryptoAPI.transfor_crypto_data manual__2025-04-16T20:06:56.855497+00:00 [queued]>
[2025-04-16T20:07:06.108+0000] {taskinstance.py:2867} INFO - Starting attempt 1 of 1
[2025-04-16T20:07:06.314+0000] {taskinstance.py:2890} INFO - Executing <Task(PythonOperator): transfor_crypto_data> on 2025-04-16 20:06:56.855497+00:00
[2025-04-16T20:07:06.321+0000] {warnings.py:112} WARNING - /home/***/.local/lib/python3.12/site-packages/***/task/task_runner/standard_task_runner.py:70: DeprecationWarning: This process (pid=647) is multi-threaded, use of fork() may lead to deadlocks in the child.
  pid = os.fork()

[2025-04-16T20:07:06.325+0000] {standard_task_runner.py:72} INFO - Started process 649 to run task
[2025-04-16T20:07:06.324+0000] {standard_task_runner.py:104} INFO - Running: ['***', 'tasks', 'run', 'BinanceCryptoAPI', 'transfor_crypto_data', 'manual__2025-04-16T20:06:56.855497+00:00', '--job-id', '26', '--raw', '--subdir', 'DAGS_FOLDER/ETL/BinanceETL.py', '--cfg-path', '/tmp/tmpf240ldke']
[2025-04-16T20:07:06.327+0000] {standard_task_runner.py:105} INFO - Job 26: Subtask transfor_crypto_data
[2025-04-16T20:07:06.458+0000] {task_command.py:467} INFO - Running <TaskInstance: BinanceCryptoAPI.transfor_crypto_data manual__2025-04-16T20:06:56.855497+00:00 [running]> on host 2903c312f900
[2025-04-16T20:07:06.650+0000] {taskinstance.py:3134} INFO - Exporting env vars: AIRFLOW_CTX_DAG_OWNER='***' AIRFLOW_CTX_DAG_ID='BinanceCryptoAPI' AIRFLOW_CTX_TASK_ID='transfor_crypto_data' AIRFLOW_CTX_EXECUTION_DATE='2025-04-16T20:06:56.855497+00:00' AIRFLOW_CTX_TRY_NUMBER='1' AIRFLOW_CTX_DAG_RUN_ID='manual__2025-04-16T20:06:56.855497+00:00'
[2025-04-16T20:07:06.652+0000] {taskinstance.py:732} INFO - ::endgroup::
[2025-04-16T20:07:06.702+0000] {logging_mixin.py:190} INFO - <class 'pandas.core.frame.DataFrame'>
RangeIndex: 3066 entries, 0 to 3065
Data columns (total 6 columns):
 #   Column              Non-Null Count  Dtype  
---  ------              --------------  -----  
 0   symbol              3066 non-null   object 
 1   priceChangePercent  3066 non-null   float64
 2   priceChangePercent  3066 non-null   float64
 3   lastPrice           3066 non-null   float64
 4   volume              3066 non-null   float64
 5   quoteVolume         3066 non-null   float64
dtypes: float64(5), object(1)
memory usage: 143.8+ KB
[2025-04-16T20:07:06.702+0000] {logging_mixin.py:190} INFO - None
[2025-04-16T20:07:06.703+0000] {python.py:240} INFO - Done. Returned value was: None
[2025-04-16T20:07:06.743+0000] {taskinstance.py:341} INFO - ::group::Post task execution logs
[2025-04-16T20:07:06.744+0000] {taskinstance.py:353} INFO - Marking task as SUCCESS. dag_id=BinanceCryptoAPI, task_id=transfor_crypto_data, run_id=manual__2025-04-16T20:06:56.855497+00:00, execution_date=20250416T200656, start_date=20250416T200706, end_date=20250416T200706
[2025-04-16T20:07:06.866+0000] {local_task_job_runner.py:266} INFO - Task exited with return code 0
[2025-04-16T20:07:06.912+0000] {taskinstance.py:3901} INFO - 0 downstream tasks scheduled from follow-on schedule check
[2025-04-16T20:07:06.916+0000] {local_task_job_runner.py:245} INFO - ::endgroup::
