[2025-05-20T18:57:01.084+0000] {local_task_job_runner.py:123} INFO - ::group::Pre task execution logs
[2025-05-20T18:57:01.188+0000] {taskinstance.py:2614} INFO - Dependencies all met for dep_context=non-requeueable deps ti=<TaskInstance: BinanceCryptoAPI.transfor_crypto_data manual__2025-05-20T18:56:52.092396+00:00 [queued]>
[2025-05-20T18:57:01.230+0000] {taskinstance.py:2614} INFO - Dependencies all met for dep_context=requeueable deps ti=<TaskInstance: BinanceCryptoAPI.transfor_crypto_data manual__2025-05-20T18:56:52.092396+00:00 [queued]>
[2025-05-20T18:57:01.231+0000] {taskinstance.py:2867} INFO - Starting attempt 1 of 1
[2025-05-20T18:57:03.182+0000] {taskinstance.py:2890} INFO - Executing <Task(PythonOperator): transfor_crypto_data> on 2025-05-20 18:56:52.092396+00:00
[2025-05-20T18:57:03.263+0000] {warnings.py:112} WARNING - /home/***/.local/lib/python3.12/site-packages/***/task/task_runner/standard_task_runner.py:70: DeprecationWarning: This process (pid=2722) is multi-threaded, use of fork() may lead to deadlocks in the child.
  pid = os.fork()

[2025-05-20T18:57:03.255+0000] {standard_task_runner.py:104} INFO - Running: ['***', 'tasks', 'run', 'BinanceCryptoAPI', 'transfor_crypto_data', 'manual__2025-05-20T18:56:52.092396+00:00', '--job-id', '33', '--raw', '--subdir', 'DAGS_FOLDER/ETL/BinanceETL.py', '--cfg-path', '/tmp/tmpj1jbtqtc']
[2025-05-20T18:57:03.269+0000] {standard_task_runner.py:72} INFO - Started process 2725 to run task
[2025-05-20T18:57:03.269+0000] {standard_task_runner.py:105} INFO - Job 33: Subtask transfor_crypto_data
[2025-05-20T18:57:03.964+0000] {task_command.py:467} INFO - Running <TaskInstance: BinanceCryptoAPI.transfor_crypto_data manual__2025-05-20T18:56:52.092396+00:00 [running]> on host 5255e1c5bd06
[2025-05-20T18:57:15.904+0000] {job.py:229} INFO - Heartbeat recovered after 15.20 seconds
[2025-05-20T18:57:16.537+0000] {taskinstance.py:3134} INFO - Exporting env vars: AIRFLOW_CTX_DAG_OWNER='***' AIRFLOW_CTX_DAG_ID='BinanceCryptoAPI' AIRFLOW_CTX_TASK_ID='transfor_crypto_data' AIRFLOW_CTX_EXECUTION_DATE='2025-05-20T18:56:52.092396+00:00' AIRFLOW_CTX_TRY_NUMBER='1' AIRFLOW_CTX_DAG_RUN_ID='manual__2025-05-20T18:56:52.092396+00:00'
[2025-05-20T18:57:16.549+0000] {taskinstance.py:732} INFO - ::endgroup::
[2025-05-20T18:57:16.816+0000] {logging_mixin.py:190} INFO -     symbol  priceChange  priceChangePercent  lastPrice     volume  quoteVolume
0   ETHBTC    -0.000880              -3.526   0.024080  27825.004   675.633883
1   LTCBTC    -0.000019              -1.955   0.000953  14729.681    14.202235
2   BNBBTC    -0.000053              -0.844   0.006230   4406.155    27.465428
3   NEOBTC    -0.000002              -2.603   0.000064  36509.370     2.326288
4  QTUMETH    -0.000001              -0.108   0.000925   2614.600     2.426564
[2025-05-20T18:57:16.818+0000] {python.py:240} INFO - Done. Returned value was: None
[2025-05-20T18:57:16.847+0000] {taskinstance.py:341} INFO - ::group::Post task execution logs
[2025-05-20T18:57:16.847+0000] {taskinstance.py:353} INFO - Marking task as SUCCESS. dag_id=BinanceCryptoAPI, task_id=transfor_crypto_data, run_id=manual__2025-05-20T18:56:52.092396+00:00, execution_date=20250520T185652, start_date=20250520T185701, end_date=20250520T185716
[2025-05-20T18:57:16.914+0000] {local_task_job_runner.py:266} INFO - Task exited with return code 0
[2025-05-20T18:57:16.952+0000] {taskinstance.py:3901} INFO - 0 downstream tasks scheduled from follow-on schedule check
[2025-05-20T18:57:16.959+0000] {local_task_job_runner.py:245} INFO - ::endgroup::
