[2025-04-16T19:40:41.612+0000] {local_task_job_runner.py:123} INFO - ::group::Pre task execution logs
[2025-04-16T19:40:41.672+0000] {taskinstance.py:2614} INFO - Dependencies all met for dep_context=non-requeueable deps ti=<TaskInstance: BinanceCryptoAPI.ExtractCryptoData manual__2025-04-16T19:40:37.496831+00:00 [queued]>
[2025-04-16T19:40:41.683+0000] {taskinstance.py:2614} INFO - Dependencies all met for dep_context=requeueable deps ti=<TaskInstance: BinanceCryptoAPI.ExtractCryptoData manual__2025-04-16T19:40:37.496831+00:00 [queued]>
[2025-04-16T19:40:41.684+0000] {taskinstance.py:2867} INFO - Starting attempt 1 of 1
[2025-04-16T19:40:41.722+0000] {taskinstance.py:2890} INFO - Executing <Task(PythonOperator): ExtractCryptoData> on 2025-04-16 19:40:37.496831+00:00
[2025-04-16T19:40:41.728+0000] {warnings.py:112} WARNING - /home/***/.local/lib/python3.12/site-packages/***/task/task_runner/standard_task_runner.py:70: DeprecationWarning: This process (pid=244) is multi-threaded, use of fork() may lead to deadlocks in the child.
  pid = os.fork()

[2025-04-16T19:40:41.730+0000] {standard_task_runner.py:72} INFO - Started process 246 to run task
[2025-04-16T19:40:41.731+0000] {standard_task_runner.py:104} INFO - Running: ['***', 'tasks', 'run', 'BinanceCryptoAPI', 'ExtractCryptoData', 'manual__2025-04-16T19:40:37.496831+00:00', '--job-id', '13', '--raw', '--subdir', 'DAGS_FOLDER/ETL/BinanceETL.py', '--cfg-path', '/tmp/tmp_k9f6bli']
[2025-04-16T19:40:41.734+0000] {standard_task_runner.py:105} INFO - Job 13: Subtask ExtractCryptoData
[2025-04-16T19:40:42.152+0000] {task_command.py:467} INFO - Running <TaskInstance: BinanceCryptoAPI.ExtractCryptoData manual__2025-04-16T19:40:37.496831+00:00 [running]> on host 2903c312f900
[2025-04-16T19:40:42.623+0000] {taskinstance.py:3134} INFO - Exporting env vars: AIRFLOW_CTX_DAG_OWNER='***' AIRFLOW_CTX_DAG_ID='BinanceCryptoAPI' AIRFLOW_CTX_TASK_ID='ExtractCryptoData' AIRFLOW_CTX_EXECUTION_DATE='2025-04-16T19:40:37.496831+00:00' AIRFLOW_CTX_TRY_NUMBER='1' AIRFLOW_CTX_DAG_RUN_ID='manual__2025-04-16T19:40:37.496831+00:00'
[2025-04-16T19:40:42.624+0000] {taskinstance.py:732} INFO - ::endgroup::
[2025-04-16T19:40:44.582+0000] {logging_mixin.py:190} INFO -     symbol  priceChange priceChangePercent  ...    firstId     lastId  count
0   ETHBTC  -0.00057000             -2.981  ...  492976160  493045952  69793
1   LTCBTC  -0.00000900             -1.007  ...  104891456  104899602   8147
2   BNBBTC  -0.00001100             -0.158  ...  271615324  271634823  19500
3   NEOBTC   0.00000050              0.785  ...   47450230   47453566   3337
4  QTUMETH   0.00003900              3.210  ...    5521167    5521225     59

[5 rows x 21 columns]
[2025-04-16T19:40:44.584+0000] {python.py:240} INFO - Done. Returned value was:         symbol   priceChange priceChangePercent  ...    firstId     lastId    count
0       ETHBTC   -0.00057000             -2.981  ...  492976160  493045952    69793
1       LTCBTC   -0.00000900             -1.007  ...  104891456  104899602     8147
2       BNBBTC   -0.00001100             -0.158  ...  271615324  271634823    19500
3       NEOBTC    0.00000050              0.785  ...   47450230   47453566     3337
4      QTUMETH    0.00003900              3.210  ...    5521167    5521225       59
...        ...           ...                ...  ...        ...        ...      ...
3061   WCTUSDC    0.06170000             18.697  ...      98544     246042   147499
3062   WCTUSDT    0.06250000             18.957  ...     432562    1617788  1185227
3063  PAXGUSDC  107.00000000              3.291  ...         64        399      336
3064   ONDOTRY   -0.85000000             -2.646  ...      32478      49048    16571
3065   BABYEUR   -0.00672000             -8.038  ...         54         73       20

[3066 rows x 21 columns]
[2025-04-16T19:40:44.985+0000] {taskinstance.py:341} INFO - ::group::Post task execution logs
[2025-04-16T19:40:44.986+0000] {taskinstance.py:353} INFO - Marking task as SUCCESS. dag_id=BinanceCryptoAPI, task_id=ExtractCryptoData, run_id=manual__2025-04-16T19:40:37.496831+00:00, execution_date=20250416T194037, start_date=20250416T194041, end_date=20250416T194044
[2025-04-16T19:40:45.125+0000] {local_task_job_runner.py:266} INFO - Task exited with return code 0
[2025-04-16T19:40:45.401+0000] {taskinstance.py:3901} INFO - 0 downstream tasks scheduled from follow-on schedule check
[2025-04-16T19:40:45.406+0000] {local_task_job_runner.py:245} INFO - ::endgroup::
