[2025-05-17T12:48:46.828+0000] {local_task_job_runner.py:123} INFO - ::group::Pre task execution logs
[2025-05-17T12:48:46.847+0000] {taskinstance.py:2614} INFO - Dependencies all met for dep_context=non-requeueable deps ti=<TaskInstance: BinanceCryptoAPI.transfor_crypto_data manual__2025-05-17T12:48:42.423073+00:00 [queued]>
[2025-05-17T12:48:46.855+0000] {taskinstance.py:2614} INFO - Dependencies all met for dep_context=requeueable deps ti=<TaskInstance: BinanceCryptoAPI.transfor_crypto_data manual__2025-05-17T12:48:42.423073+00:00 [queued]>
[2025-05-17T12:48:46.855+0000] {taskinstance.py:2867} INFO - Starting attempt 1 of 1
[2025-05-17T12:48:46.872+0000] {taskinstance.py:2890} INFO - Executing <Task(PythonOperator): transfor_crypto_data> on 2025-05-17 12:48:42.423073+00:00
[2025-05-17T12:48:46.883+0000] {warnings.py:112} WARNING - /home/***/.local/lib/python3.12/site-packages/***/task/task_runner/standard_task_runner.py:70: DeprecationWarning: This process (pid=182) is multi-threaded, use of fork() may lead to deadlocks in the child.
  pid = os.fork()

[2025-05-17T12:48:46.889+0000] {standard_task_runner.py:72} INFO - Started process 186 to run task
[2025-05-17T12:48:46.887+0000] {standard_task_runner.py:104} INFO - Running: ['***', 'tasks', 'run', 'BinanceCryptoAPI', 'transfor_crypto_data', 'manual__2025-05-17T12:48:42.423073+00:00', '--job-id', '11', '--raw', '--subdir', 'DAGS_FOLDER/ETL/BinanceETL.py', '--cfg-path', '/tmp/tmpqfr540di']
[2025-05-17T12:48:46.897+0000] {standard_task_runner.py:105} INFO - Job 11: Subtask transfor_crypto_data
[2025-05-17T12:48:48.385+0000] {task_command.py:467} INFO - Running <TaskInstance: BinanceCryptoAPI.transfor_crypto_data manual__2025-05-17T12:48:42.423073+00:00 [running]> on host 42e621b39a3e
[2025-05-17T12:48:48.458+0000] {taskinstance.py:3134} INFO - Exporting env vars: AIRFLOW_CTX_DAG_OWNER='***' AIRFLOW_CTX_DAG_ID='BinanceCryptoAPI' AIRFLOW_CTX_TASK_ID='transfor_crypto_data' AIRFLOW_CTX_EXECUTION_DATE='2025-05-17T12:48:42.423073+00:00' AIRFLOW_CTX_TRY_NUMBER='1' AIRFLOW_CTX_DAG_RUN_ID='manual__2025-05-17T12:48:42.423073+00:00'
[2025-05-17T12:48:48.461+0000] {taskinstance.py:732} INFO - ::endgroup::
[2025-05-17T12:48:48.572+0000] {logging_mixin.py:190} INFO -     symbol   priceChange  ...       volume  quoteVolume
0   ETHBTC -4.300000e-04  ...   25404.5044   477.682253
1   LTCBTC -8.000000e-06  ...   31268.0000    27.890383
2   BNBBTC -1.000000e-06  ...    7982.9050    55.242249
3   NEOBTC  5.000000e-07  ...  170351.4100    10.999362
4  QTUMETH  3.900000e-05  ...    4254.3000     5.306959

[5 rows x 6 columns]
[2025-05-17T12:48:48.572+0000] {python.py:240} INFO - Done. Returned value was: None
[2025-05-17T12:48:48.590+0000] {taskinstance.py:341} INFO - ::group::Post task execution logs
[2025-05-17T12:48:48.590+0000] {taskinstance.py:353} INFO - Marking task as SUCCESS. dag_id=BinanceCryptoAPI, task_id=transfor_crypto_data, run_id=manual__2025-05-17T12:48:42.423073+00:00, execution_date=20250517T124842, start_date=20250517T124846, end_date=20250517T124848
[2025-05-17T12:48:48.657+0000] {local_task_job_runner.py:266} INFO - Task exited with return code 0
[2025-05-17T12:48:48.698+0000] {local_task_job_runner.py:245} INFO - ::endgroup::
