[2025-04-16T18:33:50.285+0000] {manager.py:483} INFO - Processing files using up to 2 processes at a time 
[2025-04-16T18:33:50.285+0000] {manager.py:484} INFO - Process each file at most once every 30 seconds
[2025-04-16T18:33:50.286+0000] {manager.py:485} INFO - Checking for new files in /opt/airflow/dags every 300 seconds
[2025-04-16T18:33:50.287+0000] {manager.py:821} INFO - Searching for files in /opt/airflow/dags
[2025-04-16T18:33:50.293+0000] {manager.py:824} INFO - There are 0 files in /opt/airflow/dags
[2025-04-16T18:35:31.604+0000] {manager.py:465} INFO - Exiting gracefully upon receiving signal 15
[2025-04-16T18:36:26.986+0000] {manager.py:483} INFO - Processing files using up to 2 processes at a time 
[2025-04-16T18:36:26.987+0000] {manager.py:484} INFO - Process each file at most once every 30 seconds
[2025-04-16T18:36:26.988+0000] {manager.py:485} INFO - Checking for new files in /opt/airflow/dags every 300 seconds
[2025-04-16T18:36:26.989+0000] {manager.py:821} INFO - Searching for files in /opt/airflow/dags
[2025-04-16T18:36:27.272+0000] {manager.py:824} INFO - There are 10 files in /opt/airflow/dags
[2025-04-16T18:36:27.639+0000] {manager.py:997} INFO - 
================================================================================
DAG File Processing Stats

File Path                                                 PID  Runtime      # DAGs    # Errors  Last Runtime    Last Run      Last # of DB Queries
------------------------------------------------------  -----  ---------  --------  ----------  --------------  ----------  ----------------------
/opt/airflow/dags/Advanced Topics/CustomOperatorDat.py     62  0.08s             0           0                                                   0
/opt/airflow/dags/Dags Fundamentals/Atividade.py                                 0           0                                                   0
/opt/airflow/dags/Dags Fundamentals/DagExemplo.py                                0           0                                                   0
/opt/airflow/dags/Dags Fundamentals/DagSchedule.py                               0           0                                                   0
/opt/airflow/dags/Dags Fundamentals/Hook_dag.py                                  0           0                                                   0
/opt/airflow/dags/Dags Fundamentals/load.py                                      0           0                                                   0
/opt/airflow/dags/Dags Fundamentals/Operator_dag.py                              0           0                                                   0
/opt/airflow/dags/Dags Fundamentals/Sensores.py                                  0           0                                                   0
/opt/airflow/dags/Dags Fundamentals/Transfer.py            63  0.04s             0           0                                                   0
/opt/airflow/dags/Dags Fundamentals/XCOM.py                                      0           0                                                   0
================================================================================
[2025-04-16T18:36:58.269+0000] {manager.py:997} INFO - 
================================================================================
DAG File Processing Stats

File Path                                               PID    Runtime      # DAGs    # Errors  Last Runtime    Last Run               Last # of DB Queries
------------------------------------------------------  -----  ---------  --------  ----------  --------------  -------------------  ----------------------
/opt/airflow/dags/Advanced Topics/CustomOperatorDat.py                           1           0  2.70s           2025-04-16T18:36:30                      43
/opt/airflow/dags/Dags Fundamentals/Transfer.py                                  1           0  2.69s           2025-04-16T18:36:30                      43
/opt/airflow/dags/Dags Fundamentals/load.py                                      1           0  1.04s           2025-04-16T18:36:31                      43
/opt/airflow/dags/Dags Fundamentals/Sensores.py                                  1           0  1.01s           2025-04-16T18:36:31                      43
/opt/airflow/dags/Dags Fundamentals/DagSchedule.py                               1           0  0.99s           2025-04-16T18:36:32                      45
/opt/airflow/dags/Dags Fundamentals/XCOM.py                                      1           0  0.93s           2025-04-16T18:36:33                      43
/opt/airflow/dags/Dags Fundamentals/Hook_dag.py                                  1           0  0.88s           2025-04-16T18:36:33                      43
/opt/airflow/dags/Dags Fundamentals/Atividade.py                                 1           0  0.46s           2025-04-16T18:36:32                      43
/opt/airflow/dags/Dags Fundamentals/DagExemplo.py                                1           0  0.42s           2025-04-16T18:36:33                      45
/opt/airflow/dags/Dags Fundamentals/Operator_dag.py                              1           0  0.36s           2025-04-16T18:36:33                      43
================================================================================
[2025-04-16T18:37:28.636+0000] {manager.py:997} INFO - 
================================================================================
DAG File Processing Stats

File Path                                               PID    Runtime      # DAGs    # Errors  Last Runtime    Last Run               Last # of DB Queries
------------------------------------------------------  -----  ---------  --------  ----------  --------------  -------------------  ----------------------
/opt/airflow/dags/Dags Fundamentals/Hook_dag.py                                  1           0  0.67s           2025-04-16T18:37:04                      10
/opt/airflow/dags/Advanced Topics/CustomOperatorDat.py                           1           0  0.66s           2025-04-16T18:37:01                      10
/opt/airflow/dags/Dags Fundamentals/XCOM.py                                      1           0  0.65s           2025-04-16T18:37:04                      10
/opt/airflow/dags/Dags Fundamentals/Transfer.py                                  1           0  0.61s           2025-04-16T18:37:01                      10
/opt/airflow/dags/Dags Fundamentals/DagSchedule.py                               1           0  0.56s           2025-04-16T18:37:03                      12
/opt/airflow/dags/Dags Fundamentals/load.py                                      1           0  0.55s           2025-04-16T18:37:02                      10
/opt/airflow/dags/Dags Fundamentals/Sensores.py                                  1           0  0.54s           2025-04-16T18:37:02                      10
/opt/airflow/dags/Dags Fundamentals/Operator_dag.py                              1           0  0.30s           2025-04-16T18:37:04                      10
/opt/airflow/dags/Dags Fundamentals/DagExemplo.py                                1           0  0.30s           2025-04-16T18:37:05                      12
/opt/airflow/dags/Dags Fundamentals/Atividade.py                                 1           0  0.19s           2025-04-16T18:37:02                      10
================================================================================
[2025-04-16T18:37:58.646+0000] {manager.py:997} INFO - 
================================================================================
DAG File Processing Stats

File Path                                               PID    Runtime      # DAGs    # Errors  Last Runtime    Last Run               Last # of DB Queries
------------------------------------------------------  -----  ---------  --------  ----------  --------------  -------------------  ----------------------
/opt/airflow/dags/Dags Fundamentals/XCOM.py                                      1           0  0.63s           2025-04-16T18:37:35                      10
/opt/airflow/dags/Dags Fundamentals/Hook_dag.py                                  1           0  0.63s           2025-04-16T18:37:35                      10
/opt/airflow/dags/Dags Fundamentals/load.py                                      1           0  0.59s           2025-04-16T18:37:33                      10
/opt/airflow/dags/Dags Fundamentals/DagSchedule.py                               1           0  0.58s           2025-04-16T18:37:33                      12
/opt/airflow/dags/Dags Fundamentals/Transfer.py                                  1           0  0.57s           2025-04-16T18:37:31                      10
/opt/airflow/dags/Advanced Topics/CustomOperatorDat.py                           1           0  0.57s           2025-04-16T18:37:31                      10
/opt/airflow/dags/Dags Fundamentals/Sensores.py                                  1           0  0.53s           2025-04-16T18:37:33                      10
/opt/airflow/dags/Dags Fundamentals/DagExemplo.py                                1           0  0.20s           2025-04-16T18:37:36                      12
/opt/airflow/dags/Dags Fundamentals/Operator_dag.py                              1           0  0.18s           2025-04-16T18:37:35                      10
/opt/airflow/dags/Dags Fundamentals/Atividade.py                                 1           0  0.17s           2025-04-16T18:37:33                      10
================================================================================
[2025-04-16T18:38:28.743+0000] {manager.py:997} INFO - 
================================================================================
DAG File Processing Stats

File Path                                               PID    Runtime      # DAGs    # Errors  Last Runtime    Last Run               Last # of DB Queries
------------------------------------------------------  -----  ---------  --------  ----------  --------------  -------------------  ----------------------
/opt/airflow/dags/Dags Fundamentals/XCOM.py                                      1           0  0.66s           2025-04-16T18:38:06                      10
/opt/airflow/dags/Dags Fundamentals/Transfer.py                                  1           0  0.65s           2025-04-16T18:38:02                      10
/opt/airflow/dags/Dags Fundamentals/load.py                                      1           0  0.65s           2025-04-16T18:38:04                      10
/opt/airflow/dags/Advanced Topics/CustomOperatorDat.py                           1           0  0.65s           2025-04-16T18:38:02                      10
/opt/airflow/dags/Dags Fundamentals/DagSchedule.py                               1           0  0.61s           2025-04-16T18:38:04                      12
/opt/airflow/dags/Dags Fundamentals/Hook_dag.py                                  1           0  0.60s           2025-04-16T18:38:06                      10
/opt/airflow/dags/Dags Fundamentals/Sensores.py                                  1           0  0.56s           2025-04-16T18:38:04                      10
/opt/airflow/dags/Dags Fundamentals/Atividade.py                                 1           0  0.33s           2025-04-16T18:38:05                      10
/opt/airflow/dags/Dags Fundamentals/DagExemplo.py                                1           0  0.18s           2025-04-16T18:38:06                      12
/opt/airflow/dags/Dags Fundamentals/Operator_dag.py                              1           0  0.18s           2025-04-16T18:38:06                      10
================================================================================
[2025-04-16T18:38:59.218+0000] {manager.py:997} INFO - 
================================================================================
DAG File Processing Stats

File Path                                               PID    Runtime      # DAGs    # Errors  Last Runtime    Last Run               Last # of DB Queries
------------------------------------------------------  -----  ---------  --------  ----------  --------------  -------------------  ----------------------
/opt/airflow/dags/Dags Fundamentals/Sensores.py                                  1           0  0.70s           2025-04-16T18:38:35                      10
/opt/airflow/dags/Dags Fundamentals/load.py                                      1           0  0.67s           2025-04-16T18:38:34                      10
/opt/airflow/dags/Dags Fundamentals/DagSchedule.py                               1           0  0.62s           2025-04-16T18:38:35                      12
/opt/airflow/dags/Dags Fundamentals/Transfer.py                                  1           0  0.61s           2025-04-16T18:38:33                      10
/opt/airflow/dags/Advanced Topics/CustomOperatorDat.py                           1           0  0.59s           2025-04-16T18:38:33                      10
/opt/airflow/dags/Dags Fundamentals/XCOM.py                                      1           0  0.57s           2025-04-16T18:38:37                      10
/opt/airflow/dags/Dags Fundamentals/Hook_dag.py                                  1           0  0.53s           2025-04-16T18:38:37                      10
/opt/airflow/dags/Dags Fundamentals/Operator_dag.py                              1           0  0.23s           2025-04-16T18:38:37                      10
/opt/airflow/dags/Dags Fundamentals/DagExemplo.py                                1           0  0.20s           2025-04-16T18:38:37                      12
/opt/airflow/dags/Dags Fundamentals/Atividade.py                                 1           0  0.18s           2025-04-16T18:38:35                      10
================================================================================
[2025-04-16T18:39:29.600+0000] {manager.py:997} INFO - 
================================================================================
DAG File Processing Stats

File Path                                               PID    Runtime      # DAGs    # Errors  Last Runtime    Last Run               Last # of DB Queries
------------------------------------------------------  -----  ---------  --------  ----------  --------------  -------------------  ----------------------
/opt/airflow/dags/Dags Fundamentals/Transfer.py                                  1           0  0.64s           2025-04-16T18:39:04                      10
/opt/airflow/dags/Advanced Topics/CustomOperatorDat.py                           1           0  0.63s           2025-04-16T18:39:03                      10
/opt/airflow/dags/Dags Fundamentals/load.py                                      1           0  0.61s           2025-04-16T18:39:05                      10
/opt/airflow/dags/Dags Fundamentals/XCOM.py                                      1           0  0.54s           2025-04-16T18:39:08                      10
/opt/airflow/dags/Dags Fundamentals/Hook_dag.py                                  1           0  0.50s           2025-04-16T18:39:08                      10
/opt/airflow/dags/Dags Fundamentals/DagSchedule.py                               1           0  0.50s           2025-04-16T18:39:06                      12
/opt/airflow/dags/Dags Fundamentals/Sensores.py                                  1           0  0.49s           2025-04-16T18:39:05                      10
/opt/airflow/dags/Dags Fundamentals/DagExemplo.py                                1           0  0.19s           2025-04-16T18:39:09                      12
/opt/airflow/dags/Dags Fundamentals/Atividade.py                                 1           0  0.18s           2025-04-16T18:39:06                      10
/opt/airflow/dags/Dags Fundamentals/Operator_dag.py                              1           0  0.17s           2025-04-16T18:39:08                      10
================================================================================
[2025-04-16T18:40:00.150+0000] {manager.py:997} INFO - 
================================================================================
DAG File Processing Stats

File Path                                               PID    Runtime      # DAGs    # Errors  Last Runtime    Last Run               Last # of DB Queries
------------------------------------------------------  -----  ---------  --------  ----------  --------------  -------------------  ----------------------
/opt/airflow/dags/Dags Fundamentals/load.py                                      1           0  0.67s           2025-04-16T18:39:37                      10
/opt/airflow/dags/Dags Fundamentals/Transfer.py                                  1           0  0.64s           2025-04-16T18:39:35                      10
/opt/airflow/dags/Advanced Topics/CustomOperatorDat.py                           1           0  0.63s           2025-04-16T18:39:35                      10
/opt/airflow/dags/Dags Fundamentals/Sensores.py                                  1           0  0.62s           2025-04-16T18:39:37                      10
/opt/airflow/dags/Dags Fundamentals/Hook_dag.py                                  1           0  0.57s           2025-04-16T18:39:40                      10
/opt/airflow/dags/Dags Fundamentals/XCOM.py                                      1           0  0.55s           2025-04-16T18:39:40                      10
/opt/airflow/dags/Dags Fundamentals/DagSchedule.py                               1           0  0.55s           2025-04-16T18:39:37                      12
/opt/airflow/dags/Dags Fundamentals/Operator_dag.py                              1           0  0.18s           2025-04-16T18:39:40                      10
/opt/airflow/dags/Dags Fundamentals/DagExemplo.py                                1           0  0.18s           2025-04-16T18:39:40                      12
/opt/airflow/dags/Dags Fundamentals/Atividade.py                                 1           0  0.15s           2025-04-16T18:39:37                      10
================================================================================
[2025-04-16T18:40:30.999+0000] {manager.py:997} INFO - 
================================================================================
DAG File Processing Stats

File Path                                               PID    Runtime      # DAGs    # Errors  Last Runtime    Last Run               Last # of DB Queries
------------------------------------------------------  -----  ---------  --------  ----------  --------------  -------------------  ----------------------
/opt/airflow/dags/Dags Fundamentals/Sensores.py                                  1           0  0.60s           2025-04-16T18:40:08                      10
/opt/airflow/dags/Dags Fundamentals/load.py                                      1           0  0.59s           2025-04-16T18:40:08                      10
/opt/airflow/dags/Dags Fundamentals/Transfer.py                                  1           0  0.54s           2025-04-16T18:40:06                      10
/opt/airflow/dags/Dags Fundamentals/DagSchedule.py                               1           0  0.54s           2025-04-16T18:40:08                      12
/opt/airflow/dags/Advanced Topics/CustomOperatorDat.py                           1           0  0.54s           2025-04-16T18:40:06                      10
/opt/airflow/dags/Dags Fundamentals/XCOM.py                                      1           0  0.53s           2025-04-16T18:40:11                      10
/opt/airflow/dags/Dags Fundamentals/Hook_dag.py                                  1           0  0.49s           2025-04-16T18:40:11                      10
/opt/airflow/dags/Dags Fundamentals/Operator_dag.py                              1           0  0.18s           2025-04-16T18:40:11                      10
/opt/airflow/dags/Dags Fundamentals/Atividade.py                                 1           0  0.18s           2025-04-16T18:40:08                      10
/opt/airflow/dags/Dags Fundamentals/DagExemplo.py                                1           0  0.17s           2025-04-16T18:40:11                      12
================================================================================
[2025-04-16T18:41:01.736+0000] {manager.py:997} INFO - 
================================================================================
DAG File Processing Stats

File Path                                               PID    Runtime      # DAGs    # Errors  Last Runtime    Last Run               Last # of DB Queries
------------------------------------------------------  -----  ---------  --------  ----------  --------------  -------------------  ----------------------
/opt/airflow/dags/Dags Fundamentals/DagSchedule.py                               1           0  0.78s           2025-04-16T18:40:40                      12
/opt/airflow/dags/Dags Fundamentals/load.py                                      1           0  0.70s           2025-04-16T18:40:39                      10
/opt/airflow/dags/Dags Fundamentals/Sensores.py                                  1           0  0.63s           2025-04-16T18:40:39                      10
/opt/airflow/dags/Dags Fundamentals/Hook_dag.py                                  1           0  0.63s           2025-04-16T18:40:41                      10
/opt/airflow/dags/Dags Fundamentals/XCOM.py                                      1           0  0.63s           2025-04-16T18:40:41                      10
/opt/airflow/dags/Advanced Topics/CustomOperatorDat.py                           1           0  0.57s           2025-04-16T18:40:37                      10
/opt/airflow/dags/Dags Fundamentals/Transfer.py                                  1           0  0.52s           2025-04-16T18:40:37                      10
/opt/airflow/dags/Dags Fundamentals/Atividade.py                                 1           0  0.23s           2025-04-16T18:40:39                      10
/opt/airflow/dags/Dags Fundamentals/DagExemplo.py                                1           0  0.22s           2025-04-16T18:40:42                      12
/opt/airflow/dags/Dags Fundamentals/Operator_dag.py                              1           0  0.19s           2025-04-16T18:40:42                      10
================================================================================
[2025-04-16T18:41:27.734+0000] {manager.py:821} INFO - Searching for files in /opt/airflow/dags
[2025-04-16T18:41:27.971+0000] {manager.py:824} INFO - There are 10 files in /opt/airflow/dags
[2025-04-16T18:41:32.107+0000] {manager.py:997} INFO - 
================================================================================
DAG File Processing Stats

File Path                                               PID    Runtime      # DAGs    # Errors  Last Runtime    Last Run               Last # of DB Queries
------------------------------------------------------  -----  ---------  --------  ----------  --------------  -------------------  ----------------------
/opt/airflow/dags/Dags Fundamentals/load.py                                      1           0  0.80s           2025-04-16T18:41:10                      10
/opt/airflow/dags/Dags Fundamentals/Hook_dag.py                                  1           0  0.77s           2025-04-16T18:41:13                      10
/opt/airflow/dags/Dags Fundamentals/XCOM.py                                      1           0  0.76s           2025-04-16T18:41:13                      10
/opt/airflow/dags/Dags Fundamentals/Sensores.py                                  1           0  0.75s           2025-04-16T18:41:10                      10
/opt/airflow/dags/Dags Fundamentals/Transfer.py                                  1           0  0.71s           2025-04-16T18:41:08                      10
/opt/airflow/dags/Advanced Topics/CustomOperatorDat.py                           1           0  0.69s           2025-04-16T18:41:08                      10
/opt/airflow/dags/Dags Fundamentals/DagSchedule.py                               1           0  0.50s           2025-04-16T18:41:11                      12
/opt/airflow/dags/Dags Fundamentals/DagExemplo.py                                1           0  0.21s           2025-04-16T18:41:13                      12
/opt/airflow/dags/Dags Fundamentals/Operator_dag.py                              1           0  0.20s           2025-04-16T18:41:13                      10
/opt/airflow/dags/Dags Fundamentals/Atividade.py                                 1           0  0.17s           2025-04-16T18:41:10                      10
================================================================================
[2025-04-16T18:42:02.703+0000] {manager.py:997} INFO - 
================================================================================
DAG File Processing Stats

File Path                                               PID    Runtime      # DAGs    # Errors  Last Runtime    Last Run               Last # of DB Queries
------------------------------------------------------  -----  ---------  --------  ----------  --------------  -------------------  ----------------------
/opt/airflow/dags/Advanced Topics/CustomOperatorDat.py                           1           0  0.64s           2025-04-16T18:41:39                      10
/opt/airflow/dags/Dags Fundamentals/XCOM.py                                      1           0  0.61s           2025-04-16T18:41:43                      10
/opt/airflow/dags/Dags Fundamentals/Transfer.py                                  1           0  0.59s           2025-04-16T18:41:39                      10
/opt/airflow/dags/Dags Fundamentals/load.py                                      1           0  0.58s           2025-04-16T18:41:41                      10
/opt/airflow/dags/Dags Fundamentals/Hook_dag.py                                  1           0  0.56s           2025-04-16T18:41:44                      10
/opt/airflow/dags/Dags Fundamentals/Sensores.py                                  1           0  0.54s           2025-04-16T18:41:41                      10
/opt/airflow/dags/Dags Fundamentals/DagSchedule.py                               1           0  0.53s           2025-04-16T18:41:42                      12
/opt/airflow/dags/Dags Fundamentals/DagExemplo.py                                1           0  0.22s           2025-04-16T18:41:44                      12
/opt/airflow/dags/Dags Fundamentals/Operator_dag.py                              1           0  0.19s           2025-04-16T18:41:43                      10
/opt/airflow/dags/Dags Fundamentals/Atividade.py                                 1           0  0.16s           2025-04-16T18:41:41                      10
================================================================================
[2025-04-16T18:42:33.057+0000] {manager.py:997} INFO - 
================================================================================
DAG File Processing Stats

File Path                                               PID    Runtime      # DAGs    # Errors  Last Runtime    Last Run               Last # of DB Queries
------------------------------------------------------  -----  ---------  --------  ----------  --------------  -------------------  ----------------------
/opt/airflow/dags/Dags Fundamentals/Sensores.py                                  1           0  0.61s           2025-04-16T18:42:12                      10
/opt/airflow/dags/Dags Fundamentals/load.py                                      1           0  0.61s           2025-04-16T18:42:12                      10
/opt/airflow/dags/Dags Fundamentals/Transfer.py                                  1           0  0.58s           2025-04-16T18:42:10                      10
/opt/airflow/dags/Dags Fundamentals/DagSchedule.py                               1           0  0.56s           2025-04-16T18:42:13                      12
/opt/airflow/dags/Advanced Topics/CustomOperatorDat.py                           1           0  0.53s           2025-04-16T18:42:11                      10
/opt/airflow/dags/Dags Fundamentals/XCOM.py                                      1           0  0.50s           2025-04-16T18:42:14                      10
/opt/airflow/dags/Dags Fundamentals/Hook_dag.py                                  1           0  0.48s           2025-04-16T18:42:14                      10
/opt/airflow/dags/Dags Fundamentals/Atividade.py                                 1           0  0.18s           2025-04-16T18:42:12                      10
/opt/airflow/dags/Dags Fundamentals/DagExemplo.py                                1           0  0.18s           2025-04-16T18:42:14                      12
/opt/airflow/dags/Dags Fundamentals/Operator_dag.py                              1           0  0.15s           2025-04-16T18:42:14                      10
================================================================================
[2025-04-16T18:43:03.150+0000] {manager.py:997} INFO - 
================================================================================
DAG File Processing Stats

File Path                                               PID    Runtime      # DAGs    # Errors  Last Runtime    Last Run               Last # of DB Queries
------------------------------------------------------  -----  ---------  --------  ----------  --------------  -------------------  ----------------------
/opt/airflow/dags/Dags Fundamentals/Transfer.py                                  1           0  0.70s           2025-04-16T18:42:41                      10
/opt/airflow/dags/Dags Fundamentals/XCOM.py                                      1           0  0.61s           2025-04-16T18:42:45                      10
/opt/airflow/dags/Dags Fundamentals/DagSchedule.py                               1           0  0.58s           2025-04-16T18:42:44                      12
/opt/airflow/dags/Dags Fundamentals/Sensores.py                                  1           0  0.56s           2025-04-16T18:42:43                      10
/opt/airflow/dags/Dags Fundamentals/Hook_dag.py                                  1           0  0.55s           2025-04-16T18:42:45                      10
/opt/airflow/dags/Dags Fundamentals/load.py                                      1           0  0.54s           2025-04-16T18:42:43                      10
/opt/airflow/dags/Advanced Topics/CustomOperatorDat.py                           1           0  0.53s           2025-04-16T18:42:41                      10
/opt/airflow/dags/Dags Fundamentals/DagExemplo.py                                1           0  0.23s           2025-04-16T18:42:45                      12
/opt/airflow/dags/Dags Fundamentals/Operator_dag.py                              1           0  0.20s           2025-04-16T18:42:44                      10
/opt/airflow/dags/Dags Fundamentals/Atividade.py                                 1           0  0.19s           2025-04-16T18:42:43                      10
================================================================================
[2025-04-16T18:43:33.425+0000] {manager.py:997} INFO - 
================================================================================
DAG File Processing Stats

File Path                                               PID    Runtime      # DAGs    # Errors  Last Runtime    Last Run               Last # of DB Queries
------------------------------------------------------  -----  ---------  --------  ----------  --------------  -------------------  ----------------------
/opt/airflow/dags/Dags Fundamentals/Transfer.py                                  1           0  0.72s           2025-04-16T18:43:12                      10
/opt/airflow/dags/Advanced Topics/CustomOperatorDat.py                           1           0  0.67s           2025-04-16T18:43:12                      10
/opt/airflow/dags/Dags Fundamentals/Sensores.py                                  1           0  0.51s           2025-04-16T18:43:14                      10
/opt/airflow/dags/Dags Fundamentals/XCOM.py                                      1           0  0.50s           2025-04-16T18:43:15                      10
/opt/airflow/dags/Dags Fundamentals/DagSchedule.py                               1           0  0.50s           2025-04-16T18:43:14                      12
/opt/airflow/dags/Dags Fundamentals/Hook_dag.py                                  1           0  0.46s           2025-04-16T18:43:16                      10
/opt/airflow/dags/Dags Fundamentals/load.py                                      1           0  0.46s           2025-04-16T18:43:13                      10
/opt/airflow/dags/Dags Fundamentals/DagExemplo.py                                1           0  0.24s           2025-04-16T18:43:15                      12
/opt/airflow/dags/Dags Fundamentals/Operator_dag.py                              1           0  0.21s           2025-04-16T18:43:15                      10
/opt/airflow/dags/Dags Fundamentals/Atividade.py                                 1           0  0.15s           2025-04-16T18:43:13                      10
================================================================================
[2025-04-16T18:44:03.611+0000] {manager.py:997} INFO - 
================================================================================
DAG File Processing Stats

File Path                                               PID    Runtime      # DAGs    # Errors  Last Runtime    Last Run               Last # of DB Queries
------------------------------------------------------  -----  ---------  --------  ----------  --------------  -------------------  ----------------------
/opt/airflow/dags/Dags Fundamentals/DagSchedule.py                               1           0  0.77s           2025-04-16T18:43:46                      12
/opt/airflow/dags/Dags Fundamentals/load.py                                      1           0  0.76s           2025-04-16T18:43:44                      10
/opt/airflow/dags/Dags Fundamentals/Hook_dag.py                                  1           0  0.69s           2025-04-16T18:43:47                      10
/opt/airflow/dags/Dags Fundamentals/Sensores.py                                  1           0  0.68s           2025-04-16T18:43:45                      10
/opt/airflow/dags/Advanced Topics/CustomOperatorDat.py                           1           0  0.66s           2025-04-16T18:43:43                      10
/opt/airflow/dags/Dags Fundamentals/XCOM.py                                      1           0  0.63s           2025-04-16T18:43:46                      10
/opt/airflow/dags/Dags Fundamentals/Transfer.py                                  1           0  0.54s           2025-04-16T18:43:42                      10
/opt/airflow/dags/Dags Fundamentals/Atividade.py                                 1           0  0.22s           2025-04-16T18:43:45                      10
/opt/airflow/dags/Dags Fundamentals/DagExemplo.py                                1           0  0.22s           2025-04-16T18:43:45                      12
/opt/airflow/dags/Dags Fundamentals/Operator_dag.py                              1           0  0.21s           2025-04-16T18:43:45                      10
================================================================================
[2025-04-16T18:44:33.745+0000] {manager.py:997} INFO - 
================================================================================
DAG File Processing Stats

File Path                                               PID    Runtime      # DAGs    # Errors  Last Runtime    Last Run               Last # of DB Queries
------------------------------------------------------  -----  ---------  --------  ----------  --------------  -------------------  ----------------------
/opt/airflow/dags/Dags Fundamentals/Hook_dag.py                                  1           0  0.70s           2025-04-16T18:44:18                      10
/opt/airflow/dags/Dags Fundamentals/Transfer.py                                  1           0  0.66s           2025-04-16T18:44:13                      10
/opt/airflow/dags/Dags Fundamentals/load.py                                      1           0  0.62s           2025-04-16T18:44:15                      10
/opt/airflow/dags/Dags Fundamentals/Sensores.py                                  1           0  0.53s           2025-04-16T18:44:16                      10
/opt/airflow/dags/Dags Fundamentals/DagSchedule.py                               1           0  0.51s           2025-04-16T18:44:16                      12
/opt/airflow/dags/Advanced Topics/CustomOperatorDat.py                           1           0  0.51s           2025-04-16T18:44:14                      10
/opt/airflow/dags/Dags Fundamentals/XCOM.py                                      1           0  0.48s           2025-04-16T18:44:17                      10
/opt/airflow/dags/Dags Fundamentals/DagExemplo.py                                1           0  0.22s           2025-04-16T18:44:16                      12
/opt/airflow/dags/Dags Fundamentals/Operator_dag.py                              1           0  0.16s           2025-04-16T18:44:16                      10
/opt/airflow/dags/Dags Fundamentals/Atividade.py                                 1           0  0.16s           2025-04-16T18:44:15                      10
================================================================================
[2025-04-16T18:45:03.962+0000] {manager.py:997} INFO - 
================================================================================
DAG File Processing Stats

File Path                                               PID    Runtime      # DAGs    # Errors  Last Runtime    Last Run               Last # of DB Queries
------------------------------------------------------  -----  ---------  --------  ----------  --------------  -------------------  ----------------------
/opt/airflow/dags/Dags Fundamentals/Transfer.py                                  1           0  0.87s           2025-04-16T18:44:44                      10
/opt/airflow/dags/Advanced Topics/CustomOperatorDat.py                           1           0  0.80s           2025-04-16T18:44:44                      10
/opt/airflow/dags/Dags Fundamentals/DagSchedule.py                               1           0  0.68s           2025-04-16T18:44:47                      12
/opt/airflow/dags/Dags Fundamentals/XCOM.py                                      1           0  0.64s           2025-04-16T18:44:48                      10
/opt/airflow/dags/Dags Fundamentals/Sensores.py                                  1           0  0.62s           2025-04-16T18:44:47                      10
/opt/airflow/dags/Dags Fundamentals/load.py                                      1           0  0.61s           2025-04-16T18:44:46                      10
/opt/airflow/dags/Dags Fundamentals/Hook_dag.py                                  1           0  0.54s           2025-04-16T18:44:49                      10
/opt/airflow/dags/Dags Fundamentals/DagExemplo.py                                1           0  0.27s           2025-04-16T18:44:46                      12
/opt/airflow/dags/Dags Fundamentals/Atividade.py                                 1           0  0.20s           2025-04-16T18:44:46                      10
/opt/airflow/dags/Dags Fundamentals/Operator_dag.py                              1           0  0.18s           2025-04-16T18:44:46                      10
================================================================================
[2025-04-16T18:45:34.265+0000] {manager.py:997} INFO - 
================================================================================
DAG File Processing Stats

File Path                                               PID    Runtime      # DAGs    # Errors  Last Runtime    Last Run               Last # of DB Queries
------------------------------------------------------  -----  ---------  --------  ----------  --------------  -------------------  ----------------------
/opt/airflow/dags/Dags Fundamentals/Sensores.py                                  1           0  0.86s           2025-04-16T18:45:18                      10
/opt/airflow/dags/Advanced Topics/CustomOperatorDat.py                           1           0  0.77s           2025-04-16T18:45:16                      10
/opt/airflow/dags/Dags Fundamentals/Transfer.py                                  1           0  0.77s           2025-04-16T18:45:16                      10
/opt/airflow/dags/Dags Fundamentals/Hook_dag.py                                  1           0  0.69s           2025-04-16T18:45:20                      10
/opt/airflow/dags/Dags Fundamentals/load.py                                      1           0  0.63s           2025-04-16T18:45:17                      10
/opt/airflow/dags/Dags Fundamentals/DagSchedule.py                               1           0  0.62s           2025-04-16T18:45:18                      12
/opt/airflow/dags/Dags Fundamentals/XCOM.py                                      1           0  0.56s           2025-04-16T18:45:19                      10
/opt/airflow/dags/Dags Fundamentals/DagExemplo.py                                1           0  0.45s           2025-04-16T18:45:18                      12
/opt/airflow/dags/Dags Fundamentals/Operator_dag.py                              1           0  0.25s           2025-04-16T18:45:16                      10
/opt/airflow/dags/Dags Fundamentals/Atividade.py                                 1           0  0.22s           2025-04-16T18:45:16                      10
================================================================================
[2025-04-16T18:46:04.737+0000] {manager.py:997} INFO - 
================================================================================
DAG File Processing Stats

File Path                                               PID    Runtime      # DAGs    # Errors  Last Runtime    Last Run               Last # of DB Queries
------------------------------------------------------  -----  ---------  --------  ----------  --------------  -------------------  ----------------------
/opt/airflow/dags/Dags Fundamentals/DagSchedule.py                               1           0  0.62s           2025-04-16T18:45:49                      12
/opt/airflow/dags/Dags Fundamentals/Sensores.py                                  1           0  0.61s           2025-04-16T18:45:49                      10
/opt/airflow/dags/Dags Fundamentals/Hook_dag.py                                  1           0  0.60s           2025-04-16T18:45:51                      10
/opt/airflow/dags/Dags Fundamentals/Transfer.py                                  1           0  0.59s           2025-04-16T18:45:47                      10
/opt/airflow/dags/Advanced Topics/CustomOperatorDat.py                           1           0  0.57s           2025-04-16T18:45:47                      10
/opt/airflow/dags/Dags Fundamentals/load.py                                      1           0  0.54s           2025-04-16T18:45:48                      10
/opt/airflow/dags/Dags Fundamentals/XCOM.py                                      1           0  0.49s           2025-04-16T18:45:50                      10
/opt/airflow/dags/Dags Fundamentals/DagExemplo.py                                1           0  0.22s           2025-04-16T18:45:48                      12
/opt/airflow/dags/Dags Fundamentals/Atividade.py                                 1           0  0.20s           2025-04-16T18:45:47                      10
/opt/airflow/dags/Dags Fundamentals/Operator_dag.py                              1           0  0.17s           2025-04-16T18:45:47                      10
================================================================================
[2025-04-16T18:46:28.382+0000] {manager.py:821} INFO - Searching for files in /opt/airflow/dags
[2025-04-16T18:46:28.583+0000] {manager.py:824} INFO - There are 10 files in /opt/airflow/dags
[2025-04-16T18:46:34.744+0000] {manager.py:997} INFO - 
================================================================================
DAG File Processing Stats

File Path                                               PID    Runtime      # DAGs    # Errors  Last Runtime    Last Run               Last # of DB Queries
------------------------------------------------------  -----  ---------  --------  ----------  --------------  -------------------  ----------------------
/opt/airflow/dags/Dags Fundamentals/Transfer.py                                  1           0  0.68s           2025-04-16T18:46:18                      10
/opt/airflow/dags/Advanced Topics/CustomOperatorDat.py                           1           0  0.67s           2025-04-16T18:46:18                      10
/opt/airflow/dags/Dags Fundamentals/DagSchedule.py                               1           0  0.64s           2025-04-16T18:46:21                      12
/opt/airflow/dags/Dags Fundamentals/Sensores.py                                  1           0  0.64s           2025-04-16T18:46:21                      10
/opt/airflow/dags/Dags Fundamentals/XCOM.py                                      1           0  0.56s           2025-04-16T18:46:21                      10
/opt/airflow/dags/Dags Fundamentals/load.py                                      1           0  0.55s           2025-04-16T18:46:19                      10
/opt/airflow/dags/Dags Fundamentals/Hook_dag.py                                  1           0  0.55s           2025-04-16T18:46:22                      10
/opt/airflow/dags/Dags Fundamentals/DagExemplo.py                                1           0  0.19s           2025-04-16T18:46:19                      12
/opt/airflow/dags/Dags Fundamentals/Operator_dag.py                              1           0  0.18s           2025-04-16T18:46:18                      10
/opt/airflow/dags/Dags Fundamentals/Atividade.py                                 1           0  0.17s           2025-04-16T18:46:18                      10
================================================================================
[2025-04-16T18:47:04.809+0000] {manager.py:997} INFO - 
================================================================================
DAG File Processing Stats

File Path                                               PID    Runtime      # DAGs    # Errors  Last Runtime    Last Run               Last # of DB Queries
------------------------------------------------------  -----  ---------  --------  ----------  --------------  -------------------  ----------------------
/opt/airflow/dags/Dags Fundamentals/Hook_dag.py                                  1           0  0.97s           2025-04-16T18:46:54                      10
/opt/airflow/dags/Advanced Topics/CustomOperatorDat.py                           1           0  0.90s           2025-04-16T18:46:50                      10
/opt/airflow/dags/Dags Fundamentals/Transfer.py                                  1           0  0.86s           2025-04-16T18:46:50                      10
/opt/airflow/dags/Dags Fundamentals/XCOM.py                                      1           0  0.86s           2025-04-16T18:46:53                      10
/opt/airflow/dags/Dags Fundamentals/DagSchedule.py                               1           0  0.74s           2025-04-16T18:46:52                      12
/opt/airflow/dags/Dags Fundamentals/Sensores.py                                  1           0  0.73s           2025-04-16T18:46:52                      10
/opt/airflow/dags/Dags Fundamentals/load.py                                      1           0  0.59s           2025-04-16T18:46:50                      10
/opt/airflow/dags/Dags Fundamentals/DagExemplo.py                                1           0  0.22s           2025-04-16T18:46:51                      12
/opt/airflow/dags/Dags Fundamentals/Operator_dag.py                              1           0  0.20s           2025-04-16T18:46:50                      10
/opt/airflow/dags/Dags Fundamentals/Atividade.py                                 1           0  0.19s           2025-04-16T18:46:50                      10
================================================================================
[2025-04-16T18:47:35.312+0000] {manager.py:997} INFO - 
================================================================================
DAG File Processing Stats

File Path                                               PID    Runtime      # DAGs    # Errors  Last Runtime    Last Run               Last # of DB Queries
------------------------------------------------------  -----  ---------  --------  ----------  --------------  -------------------  ----------------------
/opt/airflow/dags/Dags Fundamentals/Transfer.py                                  1           0  1.28s           2025-04-16T18:47:21                      10
/opt/airflow/dags/Advanced Topics/CustomOperatorDat.py                           1           0  1.26s           2025-04-16T18:47:21                      10
/opt/airflow/dags/Dags Fundamentals/XCOM.py                                      1           0  0.71s           2025-04-16T18:47:25                      10
/opt/airflow/dags/Dags Fundamentals/Hook_dag.py                                  1           0  0.70s           2025-04-16T18:47:25                      10
/opt/airflow/dags/Dags Fundamentals/load.py                                      1           0  0.70s           2025-04-16T18:47:22                      10
/opt/airflow/dags/Dags Fundamentals/DagSchedule.py                               1           0  0.68s           2025-04-16T18:47:24                      12
/opt/airflow/dags/Dags Fundamentals/Sensores.py                                  1           0  0.66s           2025-04-16T18:47:24                      10
/opt/airflow/dags/Dags Fundamentals/DagExemplo.py                                1           0  0.40s           2025-04-16T18:47:22                      12
/opt/airflow/dags/Dags Fundamentals/Atividade.py                                 1           0  0.29s           2025-04-16T18:47:21                      10
/opt/airflow/dags/Dags Fundamentals/Operator_dag.py                              1           0  0.22s           2025-04-16T18:47:22                      10
================================================================================
[2025-04-16T18:48:06.124+0000] {manager.py:997} INFO - 
================================================================================
DAG File Processing Stats

File Path                                               PID    Runtime      # DAGs    # Errors  Last Runtime    Last Run               Last # of DB Queries
------------------------------------------------------  -----  ---------  --------  ----------  --------------  -------------------  ----------------------
/opt/airflow/dags/Dags Fundamentals/DagSchedule.py                               1           0  0.70s           2025-04-16T18:47:55                      12
/opt/airflow/dags/Dags Fundamentals/XCOM.py                                      1           0  0.68s           2025-04-16T18:47:55                      10
/opt/airflow/dags/Dags Fundamentals/Sensores.py                                  1           0  0.66s           2025-04-16T18:47:55                      10
/opt/airflow/dags/Dags Fundamentals/Transfer.py                                  1           0  0.63s           2025-04-16T18:47:52                      10
/opt/airflow/dags/Advanced Topics/CustomOperatorDat.py                           1           0  0.60s           2025-04-16T18:47:52                      10
/opt/airflow/dags/Dags Fundamentals/load.py                                      1           0  0.53s           2025-04-16T18:47:53                      10
/opt/airflow/dags/Dags Fundamentals/Hook_dag.py                                  1           0  0.51s           2025-04-16T18:47:56                      10
/opt/airflow/dags/Dags Fundamentals/DagExemplo.py                                1           0  0.21s           2025-04-16T18:47:53                      12
/opt/airflow/dags/Dags Fundamentals/Atividade.py                                 1           0  0.20s           2025-04-16T18:47:52                      10
/opt/airflow/dags/Dags Fundamentals/Operator_dag.py                              1           0  0.18s           2025-04-16T18:47:52                      10
================================================================================
[2025-04-16T18:48:36.668+0000] {manager.py:997} INFO - 
================================================================================
DAG File Processing Stats

File Path                                               PID    Runtime      # DAGs    # Errors  Last Runtime    Last Run               Last # of DB Queries
------------------------------------------------------  -----  ---------  --------  ----------  --------------  -------------------  ----------------------
/opt/airflow/dags/Dags Fundamentals/Sensores.py                                  1           0  0.74s           2025-04-16T18:48:26                      10
/opt/airflow/dags/Dags Fundamentals/Transfer.py                                  1           0  0.72s           2025-04-16T18:48:23                      10
/opt/airflow/dags/Dags Fundamentals/DagSchedule.py                               1           0  0.71s           2025-04-16T18:48:26                      12
/opt/airflow/dags/Advanced Topics/CustomOperatorDat.py                           1           0  0.70s           2025-04-16T18:48:23                      10
/opt/airflow/dags/Dags Fundamentals/XCOM.py                                      1           0  0.66s           2025-04-16T18:48:26                      10
/opt/airflow/dags/Dags Fundamentals/load.py                                      1           0  0.61s           2025-04-16T18:48:24                      10
/opt/airflow/dags/Dags Fundamentals/Hook_dag.py                                  1           0  0.56s           2025-04-16T18:48:27                      10
/opt/airflow/dags/Dags Fundamentals/DagExemplo.py                                1           0  0.27s           2025-04-16T18:48:24                      12
/opt/airflow/dags/Dags Fundamentals/Operator_dag.py                              1           0  0.21s           2025-04-16T18:48:23                      10
/opt/airflow/dags/Dags Fundamentals/Atividade.py                                 1           0  0.19s           2025-04-16T18:48:23                      10
================================================================================
[2025-04-16T18:49:06.861+0000] {manager.py:997} INFO - 
================================================================================
DAG File Processing Stats

File Path                                               PID    Runtime      # DAGs    # Errors  Last Runtime    Last Run               Last # of DB Queries
------------------------------------------------------  -----  ---------  --------  ----------  --------------  -------------------  ----------------------
/opt/airflow/dags/Advanced Topics/CustomOperatorDat.py                           1           0  0.75s           2025-04-16T18:48:54                      10
/opt/airflow/dags/Dags Fundamentals/Sensores.py                                  1           0  0.71s           2025-04-16T18:48:57                      10
/opt/airflow/dags/Dags Fundamentals/Transfer.py                                  1           0  0.70s           2025-04-16T18:48:54                      10
/opt/airflow/dags/Dags Fundamentals/XCOM.py                                      1           0  0.64s           2025-04-16T18:48:58                      10
/opt/airflow/dags/Dags Fundamentals/Hook_dag.py                                  1           0  0.62s           2025-04-16T18:48:58                      10
/opt/airflow/dags/Dags Fundamentals/load.py                                      1           0  0.62s           2025-04-16T18:48:54                      10
/opt/airflow/dags/Dags Fundamentals/DagSchedule.py                               1           0  0.61s           2025-04-16T18:48:57                      12
/opt/airflow/dags/Dags Fundamentals/DagExemplo.py                                1           0  0.22s           2025-04-16T18:48:54                      12
/opt/airflow/dags/Dags Fundamentals/Operator_dag.py                              1           0  0.21s           2025-04-16T18:48:54                      10
/opt/airflow/dags/Dags Fundamentals/Atividade.py                                 1           0  0.20s           2025-04-16T18:48:54                      10
================================================================================
[2025-04-16T18:49:36.981+0000] {manager.py:997} INFO - 
================================================================================
DAG File Processing Stats

File Path                                               PID    Runtime      # DAGs    # Errors  Last Runtime    Last Run               Last # of DB Queries
------------------------------------------------------  -----  ---------  --------  ----------  --------------  -------------------  ----------------------
/opt/airflow/dags/Advanced Topics/CustomOperatorDat.py                           1           0  0.70s           2025-04-16T18:49:25                      10
/opt/airflow/dags/Dags Fundamentals/Transfer.py                                  1           0  0.66s           2025-04-16T18:49:25                      10
/opt/airflow/dags/Dags Fundamentals/Sensores.py                                  1           0  0.66s           2025-04-16T18:49:28                      10
/opt/airflow/dags/Dags Fundamentals/load.py                                      1           0  0.63s           2025-04-16T18:49:25                      10
/opt/airflow/dags/Dags Fundamentals/DagSchedule.py                               1           0  0.60s           2025-04-16T18:49:28                      12
/opt/airflow/dags/Dags Fundamentals/Hook_dag.py                                  1           0  0.59s           2025-04-16T18:49:29                      10
/opt/airflow/dags/Dags Fundamentals/XCOM.py                                      1           0  0.54s           2025-04-16T18:49:29                      10
/opt/airflow/dags/Dags Fundamentals/Operator_dag.py                              1           0  0.23s           2025-04-16T18:49:25                      10
/opt/airflow/dags/Dags Fundamentals/DagExemplo.py                                1           0  0.22s           2025-04-16T18:49:25                      12
/opt/airflow/dags/Dags Fundamentals/Atividade.py                                 1           0  0.19s           2025-04-16T18:49:25                      10
================================================================================
[2025-04-16T18:50:07.736+0000] {manager.py:997} INFO - 
================================================================================
DAG File Processing Stats

File Path                                               PID    Runtime      # DAGs    # Errors  Last Runtime    Last Run               Last # of DB Queries
------------------------------------------------------  -----  ---------  --------  ----------  --------------  -------------------  ----------------------
/opt/airflow/dags/Dags Fundamentals/Sensores.py                                  1           0  0.82s           2025-04-16T18:49:59                      10
/opt/airflow/dags/Dags Fundamentals/DagSchedule.py                               1           0  0.78s           2025-04-16T18:49:59                      12
/opt/airflow/dags/Dags Fundamentals/XCOM.py                                      1           0  0.72s           2025-04-16T18:50:00                      10
/opt/airflow/dags/Advanced Topics/CustomOperatorDat.py                           1           0  0.72s           2025-04-16T18:49:56                      10
/opt/airflow/dags/Dags Fundamentals/Transfer.py                                  1           0  0.68s           2025-04-16T18:49:56                      10
/opt/airflow/dags/Dags Fundamentals/Hook_dag.py                                  1           0  0.61s           2025-04-16T18:50:00                      10
/opt/airflow/dags/Dags Fundamentals/load.py                                      1           0  0.61s           2025-04-16T18:49:56                      10
/opt/airflow/dags/Dags Fundamentals/DagExemplo.py                                1           0  0.31s           2025-04-16T18:49:56                      12
/opt/airflow/dags/Dags Fundamentals/Atividade.py                                 1           0  0.18s           2025-04-16T18:49:56                      10
/opt/airflow/dags/Dags Fundamentals/Operator_dag.py                              1           0  0.18s           2025-04-16T18:49:56                      10
================================================================================
[2025-04-16T18:50:37.933+0000] {manager.py:997} INFO - 
================================================================================
DAG File Processing Stats

File Path                                               PID    Runtime      # DAGs    # Errors  Last Runtime    Last Run               Last # of DB Queries
------------------------------------------------------  -----  ---------  --------  ----------  --------------  -------------------  ----------------------
/opt/airflow/dags/Dags Fundamentals/load.py                                      1           0  0.69s           2025-04-16T18:50:28                      10
/opt/airflow/dags/Dags Fundamentals/DagSchedule.py                               1           0  0.64s           2025-04-16T18:50:30                      12
/opt/airflow/dags/Dags Fundamentals/Sensores.py                                  1           0  0.62s           2025-04-16T18:50:30                      10
/opt/airflow/dags/Dags Fundamentals/Hook_dag.py                                  1           0  0.61s           2025-04-16T18:50:31                      10
/opt/airflow/dags/Dags Fundamentals/Transfer.py                                  1           0  0.59s           2025-04-16T18:50:27                      10
/opt/airflow/dags/Advanced Topics/CustomOperatorDat.py                           1           0  0.59s           2025-04-16T18:50:27                      10
/opt/airflow/dags/Dags Fundamentals/XCOM.py                                      1           0  0.58s           2025-04-16T18:50:31                      10
/opt/airflow/dags/Dags Fundamentals/Atividade.py                                 1           0  0.25s           2025-04-16T18:50:27                      10
/opt/airflow/dags/Dags Fundamentals/Operator_dag.py                              1           0  0.24s           2025-04-16T18:50:27                      10
/opt/airflow/dags/Dags Fundamentals/DagExemplo.py                                1           0  0.24s           2025-04-16T18:50:27                      12
================================================================================
[2025-04-16T18:51:08.105+0000] {manager.py:997} INFO - 
================================================================================
DAG File Processing Stats

File Path                                               PID    Runtime      # DAGs    # Errors  Last Runtime    Last Run               Last # of DB Queries
------------------------------------------------------  -----  ---------  --------  ----------  --------------  -------------------  ----------------------
/opt/airflow/dags/Dags Fundamentals/Transfer.py                                  1           0  0.79s           2025-04-16T18:50:57                      10
/opt/airflow/dags/Dags Fundamentals/DagSchedule.py                               1           0  0.78s           2025-04-16T18:51:01                      12
/opt/airflow/dags/Dags Fundamentals/Sensores.py                                  1           0  0.78s           2025-04-16T18:51:01                      10
/opt/airflow/dags/Advanced Topics/CustomOperatorDat.py                           1           0  0.77s           2025-04-16T18:50:57                      10
/opt/airflow/dags/Dags Fundamentals/XCOM.py                                      1           0  0.61s           2025-04-16T18:51:02                      10
/opt/airflow/dags/Dags Fundamentals/Hook_dag.py                                  1           0  0.57s           2025-04-16T18:51:02                      10
/opt/airflow/dags/Dags Fundamentals/load.py                                      1           0  0.53s           2025-04-16T18:50:58                      10
/opt/airflow/dags/Dags Fundamentals/Atividade.py                                 1           0  0.25s           2025-04-16T18:50:58                      10
/opt/airflow/dags/Dags Fundamentals/Operator_dag.py                              1           0  0.24s           2025-04-16T18:50:58                      10
/opt/airflow/dags/Dags Fundamentals/DagExemplo.py                                1           0  0.21s           2025-04-16T18:50:58                      12
================================================================================
[2025-04-16T18:51:28.568+0000] {manager.py:821} INFO - Searching for files in /opt/airflow/dags
[2025-04-16T18:51:28.829+0000] {manager.py:824} INFO - There are 10 files in /opt/airflow/dags
[2025-04-16T18:51:38.776+0000] {manager.py:997} INFO - 
================================================================================
DAG File Processing Stats

File Path                                               PID    Runtime      # DAGs    # Errors  Last Runtime    Last Run               Last # of DB Queries
------------------------------------------------------  -----  ---------  --------  ----------  --------------  -------------------  ----------------------
/opt/airflow/dags/Dags Fundamentals/Transfer.py                                  1           0  0.81s           2025-04-16T18:51:29                      10
/opt/airflow/dags/Advanced Topics/CustomOperatorDat.py                           1           0  0.77s           2025-04-16T18:51:29                      10
/opt/airflow/dags/Dags Fundamentals/DagSchedule.py                               1           0  0.69s           2025-04-16T18:51:33                      12
/opt/airflow/dags/Dags Fundamentals/Sensores.py                                  1           0  0.68s           2025-04-16T18:51:33                      10
/opt/airflow/dags/Dags Fundamentals/load.py                                      1           0  0.57s           2025-04-16T18:51:30                      10
/opt/airflow/dags/Dags Fundamentals/Hook_dag.py                                  1           0  0.54s           2025-04-16T18:51:33                      10
/opt/airflow/dags/Dags Fundamentals/XCOM.py                                      1           0  0.53s           2025-04-16T18:51:33                      10
/opt/airflow/dags/Dags Fundamentals/Operator_dag.py                              1           0  0.20s           2025-04-16T18:51:30                      10
/opt/airflow/dags/Dags Fundamentals/DagExemplo.py                                1           0  0.20s           2025-04-16T18:51:30                      12
/opt/airflow/dags/Dags Fundamentals/Atividade.py                                 1           0  0.16s           2025-04-16T18:51:29                      10
================================================================================
[2025-04-16T18:52:08.803+0000] {manager.py:997} INFO - 
================================================================================
DAG File Processing Stats

File Path                                               PID    Runtime      # DAGs    # Errors  Last Runtime    Last Run               Last # of DB Queries
------------------------------------------------------  -----  ---------  --------  ----------  --------------  -------------------  ----------------------
/opt/airflow/dags/Dags Fundamentals/Transfer.py                                  1           0  0.75s           2025-04-16T18:52:01                      10
/opt/airflow/dags/Advanced Topics/CustomOperatorDat.py                           1           0  0.74s           2025-04-16T18:52:01                      10
/opt/airflow/dags/Dags Fundamentals/Hook_dag.py                                  1           0  0.68s           2025-04-16T18:52:05                      10
/opt/airflow/dags/Dags Fundamentals/DagSchedule.py                               1           0  0.68s           2025-04-16T18:52:04                      12
/opt/airflow/dags/Dags Fundamentals/XCOM.py                                      1           0  0.66s           2025-04-16T18:52:05                      10
/opt/airflow/dags/Dags Fundamentals/Sensores.py                                  1           0  0.64s           2025-04-16T18:52:04                      10
/opt/airflow/dags/Dags Fundamentals/load.py                                      1           0  0.53s           2025-04-16T18:52:01                      10
/opt/airflow/dags/Dags Fundamentals/DagExemplo.py                                1           0  0.17s           2025-04-16T18:52:01                      12
/opt/airflow/dags/Dags Fundamentals/Atividade.py                                 1           0  0.16s           2025-04-16T18:52:01                      10
/opt/airflow/dags/Dags Fundamentals/Operator_dag.py                              1           0  0.16s           2025-04-16T18:52:01                      10
================================================================================
[2025-04-16T18:52:39.701+0000] {manager.py:997} INFO - 
================================================================================
DAG File Processing Stats

File Path                                               PID    Runtime      # DAGs    # Errors  Last Runtime    Last Run               Last # of DB Queries
------------------------------------------------------  -----  ---------  --------  ----------  --------------  -------------------  ----------------------
/opt/airflow/dags/Advanced Topics/CustomOperatorDat.py                           1           0  0.77s           2025-04-16T18:52:32                      10
/opt/airflow/dags/Dags Fundamentals/Transfer.py                                  1           0  0.72s           2025-04-16T18:52:32                      10
/opt/airflow/dags/Dags Fundamentals/DagSchedule.py                               1           0  0.63s           2025-04-16T18:52:35                      12
/opt/airflow/dags/Dags Fundamentals/load.py                                      1           0  0.62s           2025-04-16T18:52:33                      10
/opt/airflow/dags/Dags Fundamentals/Sensores.py                                  1           0  0.62s           2025-04-16T18:52:35                      10
/opt/airflow/dags/Dags Fundamentals/XCOM.py                                      1           0  0.61s           2025-04-16T18:52:36                      10
/opt/airflow/dags/Dags Fundamentals/Hook_dag.py                                  1           0  0.53s           2025-04-16T18:52:36                      10
/opt/airflow/dags/Dags Fundamentals/DagExemplo.py                                1           0  0.20s           2025-04-16T18:52:33                      12
/opt/airflow/dags/Dags Fundamentals/Operator_dag.py                              1           0  0.17s           2025-04-16T18:52:33                      10
/opt/airflow/dags/Dags Fundamentals/Atividade.py                                 1           0  0.16s           2025-04-16T18:52:33                      10
================================================================================
[2025-04-16T18:53:10.217+0000] {manager.py:997} INFO - 
================================================================================
DAG File Processing Stats

File Path                                               PID    Runtime      # DAGs    # Errors  Last Runtime    Last Run               Last # of DB Queries
------------------------------------------------------  -----  ---------  --------  ----------  --------------  -------------------  ----------------------
/opt/airflow/dags/Advanced Topics/CustomOperatorDat.py                           1           0  0.75s           2025-04-16T18:53:03                      10
/opt/airflow/dags/Dags Fundamentals/DagSchedule.py                               1           0  0.73s           2025-04-16T18:53:06                      12
/opt/airflow/dags/Dags Fundamentals/XCOM.py                                      1           0  0.69s           2025-04-16T18:53:07                      10
/opt/airflow/dags/Dags Fundamentals/Hook_dag.py                                  1           0  0.68s           2025-04-16T18:53:08                      10
/opt/airflow/dags/Dags Fundamentals/Sensores.py                                  1           0  0.66s           2025-04-16T18:53:06                      10
/opt/airflow/dags/Dags Fundamentals/Transfer.py                                  1           0  0.64s           2025-04-16T18:53:03                      10
/opt/airflow/dags/Dags Fundamentals/load.py                                      1           0  0.55s           2025-04-16T18:53:03                      10
/opt/airflow/dags/Dags Fundamentals/Atividade.py                                 1           0  0.23s           2025-04-16T18:53:03                      10
/opt/airflow/dags/Dags Fundamentals/DagExemplo.py                                1           0  0.21s           2025-04-16T18:53:04                      12
/opt/airflow/dags/Dags Fundamentals/Operator_dag.py                              1           0  0.19s           2025-04-16T18:53:03                      10
================================================================================
[2025-04-16T18:53:40.664+0000] {manager.py:997} INFO - 
================================================================================
DAG File Processing Stats

File Path                                               PID    Runtime      # DAGs    # Errors  Last Runtime    Last Run               Last # of DB Queries
------------------------------------------------------  -----  ---------  --------  ----------  --------------  -------------------  ----------------------
/opt/airflow/dags/Dags Fundamentals/Transfer.py                                  1           0  0.70s           2025-04-16T18:53:34                      10
/opt/airflow/dags/Advanced Topics/CustomOperatorDat.py                           1           0  0.69s           2025-04-16T18:53:34                      10
/opt/airflow/dags/Dags Fundamentals/XCOM.py                                      1           0  0.65s           2025-04-16T18:53:38                      10
/opt/airflow/dags/Dags Fundamentals/DagSchedule.py                               1           0  0.61s           2025-04-16T18:53:38                      12
/opt/airflow/dags/Dags Fundamentals/load.py                                      1           0  0.60s           2025-04-16T18:53:34                      10
/opt/airflow/dags/Dags Fundamentals/Sensores.py                                  1           0  0.60s           2025-04-16T18:53:37                      10
/opt/airflow/dags/Dags Fundamentals/Hook_dag.py                                  1           0  0.57s           2025-04-16T18:53:38                      10
/opt/airflow/dags/Dags Fundamentals/Atividade.py                                 1           0  0.20s           2025-04-16T18:53:34                      10
/opt/airflow/dags/Dags Fundamentals/DagExemplo.py                                1           0  0.20s           2025-04-16T18:53:34                      12
/opt/airflow/dags/Dags Fundamentals/Operator_dag.py                              1           0  0.19s           2025-04-16T18:53:34                      10
================================================================================
[2025-04-16T18:54:11.223+0000] {manager.py:997} INFO - 
================================================================================
DAG File Processing Stats

File Path                                               PID    Runtime      # DAGs    # Errors  Last Runtime    Last Run               Last # of DB Queries
------------------------------------------------------  -----  ---------  --------  ----------  --------------  -------------------  ----------------------
/opt/airflow/dags/Dags Fundamentals/Transfer.py                                  1           0  0.77s           2025-04-16T18:54:05                      10
/opt/airflow/dags/Advanced Topics/CustomOperatorDat.py                           1           0  0.75s           2025-04-16T18:54:05                      10
/opt/airflow/dags/Dags Fundamentals/load.py                                      1           0  0.74s           2025-04-16T18:54:06                      10
/opt/airflow/dags/Dags Fundamentals/Sensores.py                                  1           0  0.57s           2025-04-16T18:54:08                      10
/opt/airflow/dags/Dags Fundamentals/Hook_dag.py                                  1           0  0.54s           2025-04-16T18:54:09                      10
/opt/airflow/dags/Dags Fundamentals/XCOM.py                                      1           0  0.53s           2025-04-16T18:54:09                      10
/opt/airflow/dags/Dags Fundamentals/DagSchedule.py                               1           0  0.53s           2025-04-16T18:54:08                      12
/opt/airflow/dags/Dags Fundamentals/Atividade.py                                 1           0  0.28s           2025-04-16T18:54:05                      10
/opt/airflow/dags/Dags Fundamentals/DagExemplo.py                                1           0  0.24s           2025-04-16T18:54:05                      12
/opt/airflow/dags/Dags Fundamentals/Operator_dag.py                              1           0  0.22s           2025-04-16T18:54:05                      10
================================================================================
[2025-04-16T18:54:41.242+0000] {manager.py:997} INFO - 
================================================================================
DAG File Processing Stats

File Path                                               PID    Runtime      # DAGs    # Errors  Last Runtime    Last Run               Last # of DB Queries
------------------------------------------------------  -----  ---------  --------  ----------  --------------  -------------------  ----------------------
/opt/airflow/dags/Advanced Topics/CustomOperatorDat.py                           1           0  0.87s           2025-04-16T18:54:36                      10
/opt/airflow/dags/Dags Fundamentals/load.py                                      1           0  0.60s           2025-04-16T18:54:37                      10
/opt/airflow/dags/Dags Fundamentals/Hook_dag.py                                  1           0  0.58s           2025-04-16T18:54:40                      10
/opt/airflow/dags/Dags Fundamentals/XCOM.py                                      1           0  0.58s           2025-04-16T18:54:40                      10
/opt/airflow/dags/Dags Fundamentals/Transfer.py                                  1           0  0.57s           2025-04-16T18:54:36                      10
/opt/airflow/dags/Dags Fundamentals/DagSchedule.py                               1           0  0.55s           2025-04-16T18:54:39                      12
/opt/airflow/dags/Dags Fundamentals/Sensores.py                                  1           0  0.54s           2025-04-16T18:54:39                      10
/opt/airflow/dags/Dags Fundamentals/DagExemplo.py                                1           0  0.31s           2025-04-16T18:54:36                      12
/opt/airflow/dags/Dags Fundamentals/Atividade.py                                 1           0  0.23s           2025-04-16T18:54:36                      10
/opt/airflow/dags/Dags Fundamentals/Operator_dag.py                              1           0  0.18s           2025-04-16T18:54:36                      10
================================================================================
[2025-04-16T18:55:11.385+0000] {manager.py:997} INFO - 
================================================================================
DAG File Processing Stats

File Path                                               PID    Runtime      # DAGs    # Errors  Last Runtime    Last Run               Last # of DB Queries
------------------------------------------------------  -----  ---------  --------  ----------  --------------  -------------------  ----------------------
/opt/airflow/dags/Advanced Topics/CustomOperatorDat.py                           1           0  0.69s           2025-04-16T18:55:07                      10
/opt/airflow/dags/Dags Fundamentals/Transfer.py                                  1           0  0.63s           2025-04-16T18:55:07                      10
/opt/airflow/dags/Dags Fundamentals/DagSchedule.py                               1           0  0.60s           2025-04-16T18:55:10                      12
/opt/airflow/dags/Dags Fundamentals/Sensores.py                                  1           0  0.58s           2025-04-16T18:55:10                      10
/opt/airflow/dags/Dags Fundamentals/load.py                                      1           0  0.57s           2025-04-16T18:55:08                      10
/opt/airflow/dags/Dags Fundamentals/Hook_dag.py                                  1           0  0.56s           2025-04-16T18:55:11                      10
/opt/airflow/dags/Dags Fundamentals/XCOM.py                                      1           0  0.46s           2025-04-16T18:55:10                      10
/opt/airflow/dags/Dags Fundamentals/DagExemplo.py                                1           0  0.21s           2025-04-16T18:55:08                      12
/opt/airflow/dags/Dags Fundamentals/Atividade.py                                 1           0  0.20s           2025-04-16T18:55:07                      10
/opt/airflow/dags/Dags Fundamentals/Operator_dag.py                              1           0  0.17s           2025-04-16T18:55:08                      10
================================================================================
[2025-04-16T18:55:41.824+0000] {manager.py:997} INFO - 
================================================================================
DAG File Processing Stats

File Path                                                 PID  Runtime      # DAGs    # Errors  Last Runtime    Last Run               Last # of DB Queries
------------------------------------------------------  -----  ---------  --------  ----------  --------------  -------------------  ----------------------
/opt/airflow/dags/Advanced Topics/CustomOperatorDat.py                           1           0  0.68s           2025-04-16T18:55:38                      10
/opt/airflow/dags/Dags Fundamentals/DagSchedule.py                               1           0  0.65s           2025-04-16T18:55:41                      12
/opt/airflow/dags/Dags Fundamentals/Sensores.py                                  1           0  0.63s           2025-04-16T18:55:41                      10
/opt/airflow/dags/Dags Fundamentals/Transfer.py                                  1           0  0.63s           2025-04-16T18:55:38                      10
/opt/airflow/dags/Dags Fundamentals/load.py                                      1           0  0.60s           2025-04-16T18:55:39                      10
/opt/airflow/dags/Dags Fundamentals/Hook_dag.py           939  0.00s             1           0  0.56s           2025-04-16T18:55:11                      10
/opt/airflow/dags/Dags Fundamentals/XCOM.py                                      1           0  0.55s           2025-04-16T18:55:41                      10
/opt/airflow/dags/Dags Fundamentals/Atividade.py                                 1           0  0.30s           2025-04-16T18:55:38                      10
/opt/airflow/dags/Dags Fundamentals/DagExemplo.py                                1           0  0.23s           2025-04-16T18:55:39                      12
/opt/airflow/dags/Dags Fundamentals/Operator_dag.py                              1           0  0.17s           2025-04-16T18:55:38                      10
================================================================================
[2025-04-16T18:56:11.904+0000] {manager.py:997} INFO - 
================================================================================
DAG File Processing Stats

File Path                                                 PID  Runtime      # DAGs    # Errors  Last Runtime    Last Run               Last # of DB Queries
------------------------------------------------------  -----  ---------  --------  ----------  --------------  -------------------  ----------------------
/opt/airflow/dags/Dags Fundamentals/Transfer.py                                  1           0  0.61s           2025-04-16T18:56:09                      10
/opt/airflow/dags/Dags Fundamentals/load.py                                      1           0  0.60s           2025-04-16T18:56:10                      10
/opt/airflow/dags/Dags Fundamentals/Hook_dag.py                                  1           0  0.60s           2025-04-16T18:55:42                      10
/opt/airflow/dags/Advanced Topics/CustomOperatorDat.py                           1           0  0.60s           2025-04-16T18:56:09                      10
/opt/airflow/dags/Dags Fundamentals/DagSchedule.py                               1           0  0.57s           2025-04-16T18:56:11                      12
/opt/airflow/dags/Dags Fundamentals/Sensores.py                                  1           0  0.56s           2025-04-16T18:56:11                      10
/opt/airflow/dags/Dags Fundamentals/XCOM.py               960  0.00s             1           0  0.55s           2025-04-16T18:55:41                      10
/opt/airflow/dags/Dags Fundamentals/Atividade.py                                 1           0  0.19s           2025-04-16T18:56:09                      10
/opt/airflow/dags/Dags Fundamentals/DagExemplo.py                                1           0  0.17s           2025-04-16T18:56:10                      12
/opt/airflow/dags/Dags Fundamentals/Operator_dag.py                              1           0  0.16s           2025-04-16T18:56:10                      10
================================================================================
[2025-04-16T18:56:29.477+0000] {manager.py:821} INFO - Searching for files in /opt/airflow/dags
[2025-04-16T18:56:29.767+0000] {manager.py:824} INFO - There are 10 files in /opt/airflow/dags
[2025-04-16T18:56:42.402+0000] {manager.py:997} INFO - 
================================================================================
DAG File Processing Stats

File Path                                                 PID  Runtime      # DAGs    # Errors  Last Runtime    Last Run               Last # of DB Queries
------------------------------------------------------  -----  ---------  --------  ----------  --------------  -------------------  ----------------------
/opt/airflow/dags/Dags Fundamentals/Transfer.py                                  1           0  0.64s           2025-04-16T18:56:40                      10
/opt/airflow/dags/Advanced Topics/CustomOperatorDat.py                           1           0  0.61s           2025-04-16T18:56:40                      10
/opt/airflow/dags/Dags Fundamentals/Hook_dag.py                                  1           0  0.60s           2025-04-16T18:56:13                      10
/opt/airflow/dags/Dags Fundamentals/DagSchedule.py        980  0.00s             1           0  0.57s           2025-04-16T18:56:11                      12
/opt/airflow/dags/Dags Fundamentals/Sensores.py           979  0.02s             1           0  0.56s           2025-04-16T18:56:11                      10
/opt/airflow/dags/Dags Fundamentals/XCOM.py                                      1           0  0.52s           2025-04-16T18:56:12                      10
/opt/airflow/dags/Dags Fundamentals/load.py                                      1           0  0.49s           2025-04-16T18:56:41                      10
/opt/airflow/dags/Dags Fundamentals/Atividade.py                                 1           0  0.19s           2025-04-16T18:56:40                      10
/opt/airflow/dags/Dags Fundamentals/DagExemplo.py                                1           0  0.19s           2025-04-16T18:56:41                      12
/opt/airflow/dags/Dags Fundamentals/Operator_dag.py                              1           0  0.15s           2025-04-16T18:56:41                      10
================================================================================
[2025-04-16T18:57:12.605+0000] {manager.py:997} INFO - 
================================================================================
DAG File Processing Stats

File Path                                                 PID  Runtime      # DAGs    # Errors  Last Runtime    Last Run               Last # of DB Queries
------------------------------------------------------  -----  ---------  --------  ----------  --------------  -------------------  ----------------------
/opt/airflow/dags/Advanced Topics/CustomOperatorDat.py                           1           0  0.69s           2025-04-16T18:57:12                      10
/opt/airflow/dags/Dags Fundamentals/DagSchedule.py                               1           0  0.66s           2025-04-16T18:56:43                      12
/opt/airflow/dags/Dags Fundamentals/XCOM.py                                      1           0  0.64s           2025-04-16T18:56:43                      10
/opt/airflow/dags/Dags Fundamentals/Transfer.py                                  1           0  0.64s           2025-04-16T18:57:12                      10
/opt/airflow/dags/Dags Fundamentals/Sensores.py                                  1           0  0.61s           2025-04-16T18:56:42                      10
/opt/airflow/dags/Dags Fundamentals/Hook_dag.py                                  1           0  0.61s           2025-04-16T18:56:43                      10
/opt/airflow/dags/Dags Fundamentals/load.py               997  0.25s             1           0  0.49s           2025-04-16T18:56:41                      10
/opt/airflow/dags/Dags Fundamentals/DagExemplo.py                                1           0  0.19s           2025-04-16T18:56:41                      12
/opt/airflow/dags/Dags Fundamentals/Atividade.py                                 1           0  0.17s           2025-04-16T18:57:12                      10
/opt/airflow/dags/Dags Fundamentals/Operator_dag.py      1000  0.00s             1           0  0.15s           2025-04-16T18:56:41                      10
================================================================================
[2025-04-16T18:57:42.800+0000] {manager.py:997} INFO - 
================================================================================
DAG File Processing Stats

File Path                                                 PID  Runtime      # DAGs    # Errors  Last Runtime    Last Run               Last # of DB Queries
------------------------------------------------------  -----  ---------  --------  ----------  --------------  -------------------  ----------------------
/opt/airflow/dags/Advanced Topics/CustomOperatorDat.py   1016  0.02s             1           0  0.69s           2025-04-16T18:57:12                      10
/opt/airflow/dags/Dags Fundamentals/Transfer.py          1017  0.00s             1           0  0.64s           2025-04-16T18:57:12                      10
/opt/airflow/dags/Dags Fundamentals/load.py                                      1           0  0.63s           2025-04-16T18:57:12                      10
/opt/airflow/dags/Dags Fundamentals/DagSchedule.py                               1           0  0.61s           2025-04-16T18:57:14                      12
/opt/airflow/dags/Dags Fundamentals/Sensores.py                                  1           0  0.61s           2025-04-16T18:57:13                      10
/opt/airflow/dags/Dags Fundamentals/XCOM.py                                      1           0  0.60s           2025-04-16T18:57:14                      10
/opt/airflow/dags/Dags Fundamentals/Hook_dag.py                                  1           0  0.59s           2025-04-16T18:57:14                      10
/opt/airflow/dags/Dags Fundamentals/DagExemplo.py                                1           0  0.20s           2025-04-16T18:57:13                      12
/opt/airflow/dags/Dags Fundamentals/Operator_dag.py                              1           0  0.19s           2025-04-16T18:57:12                      10
/opt/airflow/dags/Dags Fundamentals/Atividade.py                                 1           0  0.17s           2025-04-16T18:57:12                      10
================================================================================
[2025-04-16T18:58:13.371+0000] {manager.py:997} INFO - 
================================================================================
DAG File Processing Stats

File Path                                               PID    Runtime      # DAGs    # Errors  Last Runtime    Last Run               Last # of DB Queries
------------------------------------------------------  -----  ---------  --------  ----------  --------------  -------------------  ----------------------
/opt/airflow/dags/Dags Fundamentals/Transfer.py                                  1           0  0.69s           2025-04-16T18:57:43                      10
/opt/airflow/dags/Advanced Topics/CustomOperatorDat.py                           1           0  0.67s           2025-04-16T18:57:43                      10
/opt/airflow/dags/Dags Fundamentals/Sensores.py                                  1           0  0.65s           2025-04-16T18:57:44                      10
/opt/airflow/dags/Dags Fundamentals/load.py                                      1           0  0.64s           2025-04-16T18:57:44                      10
/opt/airflow/dags/Dags Fundamentals/DagSchedule.py                               1           0  0.59s           2025-04-16T18:57:45                      12
/opt/airflow/dags/Dags Fundamentals/XCOM.py                                      1           0  0.55s           2025-04-16T18:57:45                      10
/opt/airflow/dags/Dags Fundamentals/Hook_dag.py                                  1           0  0.54s           2025-04-16T18:57:45                      10
/opt/airflow/dags/Dags Fundamentals/DagExemplo.py                                1           0  0.23s           2025-04-16T18:57:44                      12
/opt/airflow/dags/Dags Fundamentals/Operator_dag.py                              1           0  0.21s           2025-04-16T18:57:43                      10
/opt/airflow/dags/Dags Fundamentals/Atividade.py                                 1           0  0.17s           2025-04-16T18:57:43                      10
================================================================================
[2025-04-16T18:58:43.582+0000] {manager.py:997} INFO - 
================================================================================
DAG File Processing Stats

File Path                                               PID    Runtime      # DAGs    # Errors  Last Runtime    Last Run               Last # of DB Queries
------------------------------------------------------  -----  ---------  --------  ----------  --------------  -------------------  ----------------------
/opt/airflow/dags/Dags Fundamentals/Transfer.py                                  1           0  0.63s           2025-04-16T18:58:14                      10
/opt/airflow/dags/Advanced Topics/CustomOperatorDat.py                           1           0  0.59s           2025-04-16T18:58:14                      10
/opt/airflow/dags/Dags Fundamentals/Sensores.py                                  1           0  0.58s           2025-04-16T18:58:15                      10
/opt/airflow/dags/Dags Fundamentals/DagSchedule.py                               1           0  0.57s           2025-04-16T18:58:16                      12
/opt/airflow/dags/Dags Fundamentals/load.py                                      1           0  0.54s           2025-04-16T18:58:15                      10
/opt/airflow/dags/Dags Fundamentals/Hook_dag.py                                  1           0  0.53s           2025-04-16T18:58:16                      10
/opt/airflow/dags/Dags Fundamentals/XCOM.py                                      1           0  0.49s           2025-04-16T18:58:16                      10
/opt/airflow/dags/Dags Fundamentals/Operator_dag.py                              1           0  0.33s           2025-04-16T18:58:15                      10
/opt/airflow/dags/Dags Fundamentals/Atividade.py                                 1           0  0.31s           2025-04-16T18:58:14                      10
/opt/airflow/dags/Dags Fundamentals/DagExemplo.py                                1           0  0.18s           2025-04-16T18:58:15                      12
================================================================================
[2025-04-16T18:59:14.038+0000] {manager.py:997} INFO - 
================================================================================
DAG File Processing Stats

File Path                                               PID    Runtime      # DAGs    # Errors  Last Runtime    Last Run               Last # of DB Queries
------------------------------------------------------  -----  ---------  --------  ----------  --------------  -------------------  ----------------------
/opt/airflow/dags/Dags Fundamentals/Transfer.py                                  1           0  0.66s           2025-04-16T18:58:45                      10
/opt/airflow/dags/Advanced Topics/CustomOperatorDat.py                           1           0  0.62s           2025-04-16T18:58:45                      10
/opt/airflow/dags/Dags Fundamentals/load.py                                      1           0  0.58s           2025-04-16T18:58:45                      10
/opt/airflow/dags/Dags Fundamentals/DagSchedule.py                               1           0  0.55s           2025-04-16T18:58:46                      12
/opt/airflow/dags/Dags Fundamentals/XCOM.py                                      1           0  0.52s           2025-04-16T18:58:47                      10
/opt/airflow/dags/Dags Fundamentals/Sensores.py                                  1           0  0.52s           2025-04-16T18:58:46                      10
/opt/airflow/dags/Dags Fundamentals/Hook_dag.py                                  1           0  0.49s           2025-04-16T18:58:47                      10
/opt/airflow/dags/Dags Fundamentals/Operator_dag.py                              1           0  0.20s           2025-04-16T18:58:46                      10
/opt/airflow/dags/Dags Fundamentals/DagExemplo.py                                1           0  0.20s           2025-04-16T18:58:46                      12
/opt/airflow/dags/Dags Fundamentals/Atividade.py                                 1           0  0.19s           2025-04-16T18:58:45                      10
================================================================================
[2025-04-16T18:59:41.766+0000] {manager.py:465} INFO - Exiting gracefully upon receiving signal 15
