[2025-05-17T12:50:02.661+0000] {local_task_job_runner.py:123} INFO - ::group::Pre task execution logs
[2025-05-17T12:50:02.756+0000] {taskinstance.py:2614} INFO - Dependencies all met for dep_context=non-requeueable deps ti=<TaskInstance: BinanceCryptoAPI.transfor_crypto_data manual__2025-05-17T12:49:53.983094+00:00 [queued]>
[2025-05-17T12:50:02.778+0000] {taskinstance.py:2614} INFO - Dependencies all met for dep_context=requeueable deps ti=<TaskInstance: BinanceCryptoAPI.transfor_crypto_data manual__2025-05-17T12:49:53.983094+00:00 [queued]>
[2025-05-17T12:50:02.787+0000] {taskinstance.py:2867} INFO - Starting attempt 1 of 1
[2025-05-17T12:50:02.839+0000] {taskinstance.py:2890} INFO - Executing <Task(PythonOperator): transfor_crypto_data> on 2025-05-17 12:49:53.983094+00:00
[2025-05-17T12:50:02.867+0000] {warnings.py:112} WARNING - /home/***/.local/lib/python3.12/site-packages/***/task/task_runner/standard_task_runner.py:70: DeprecationWarning: This process (pid=212) is multi-threaded, use of fork() may lead to deadlocks in the child.
  pid = os.fork()

[2025-05-17T12:50:02.873+0000] {standard_task_runner.py:72} INFO - Started process 217 to run task
[2025-05-17T12:50:02.877+0000] {standard_task_runner.py:104} INFO - Running: ['***', 'tasks', 'run', 'BinanceCryptoAPI', 'transfor_crypto_data', 'manual__2025-05-17T12:49:53.983094+00:00', '--job-id', '17', '--raw', '--subdir', 'DAGS_FOLDER/ETL/BinanceETL.py', '--cfg-path', '/tmp/tmp4d_nh32y']
[2025-05-17T12:50:02.886+0000] {standard_task_runner.py:105} INFO - Job 17: Subtask transfor_crypto_data
[2025-05-17T12:50:03.143+0000] {task_command.py:467} INFO - Running <TaskInstance: BinanceCryptoAPI.transfor_crypto_data manual__2025-05-17T12:49:53.983094+00:00 [running]> on host 42e621b39a3e
[2025-05-17T12:50:03.375+0000] {taskinstance.py:3134} INFO - Exporting env vars: AIRFLOW_CTX_DAG_OWNER='***' AIRFLOW_CTX_DAG_ID='BinanceCryptoAPI' AIRFLOW_CTX_TASK_ID='transfor_crypto_data' AIRFLOW_CTX_EXECUTION_DATE='2025-05-17T12:49:53.983094+00:00' AIRFLOW_CTX_TRY_NUMBER='1' AIRFLOW_CTX_DAG_RUN_ID='manual__2025-05-17T12:49:53.983094+00:00'
[2025-05-17T12:50:03.380+0000] {taskinstance.py:732} INFO - ::endgroup::
[2025-05-17T12:50:03.519+0000] {logging_mixin.py:190} INFO -     symbol  priceChange  priceChangePercent  lastPrice     volume  quoteVolume
0   ETHBTC    -0.001050              -4.182   0.024060  28012.873   682.329941
1   LTCBTC    -0.000022              -2.252   0.000955  14585.240    14.101812
2   BNBBTC    -0.000076              -1.206   0.006226   4643.416    28.978393
3   NEOBTC    -0.000003              -4.262   0.000063  38935.800     2.491125
4  QTUMETH    -0.000004              -0.432   0.000922   2599.200     2.412319
[2025-05-17T12:50:03.520+0000] {python.py:240} INFO - Done. Returned value was: None
[2025-05-17T12:50:03.540+0000] {taskinstance.py:341} INFO - ::group::Post task execution logs
[2025-05-17T12:50:03.541+0000] {taskinstance.py:353} INFO - Marking task as SUCCESS. dag_id=BinanceCryptoAPI, task_id=transfor_crypto_data, run_id=manual__2025-05-17T12:49:53.983094+00:00, execution_date=20250517T124953, start_date=20250517T125002, end_date=20250517T125003
[2025-05-17T12:50:03.640+0000] {local_task_job_runner.py:266} INFO - Task exited with return code 0
[2025-05-17T12:50:03.693+0000] {taskinstance.py:3901} INFO - 0 downstream tasks scheduled from follow-on schedule check
[2025-05-17T12:50:03.699+0000] {local_task_job_runner.py:245} INFO - ::endgroup::
