[2025-04-16T20:37:32.208+0000] {local_task_job_runner.py:123} INFO - ::group::Pre task execution logs
[2025-04-16T20:37:32.272+0000] {taskinstance.py:2614} INFO - Dependencies all met for dep_context=non-requeueable deps ti=<TaskInstance: BinanceCryptoAPI.transfor_crypto_data manual__2025-04-16T20:37:27.164507+00:00 [queued]>
[2025-04-16T20:37:32.283+0000] {taskinstance.py:2614} INFO - Dependencies all met for dep_context=requeueable deps ti=<TaskInstance: BinanceCryptoAPI.transfor_crypto_data manual__2025-04-16T20:37:27.164507+00:00 [queued]>
[2025-04-16T20:37:32.284+0000] {taskinstance.py:2867} INFO - Starting attempt 1 of 1
[2025-04-16T20:37:32.321+0000] {taskinstance.py:2890} INFO - Executing <Task(PythonOperator): transfor_crypto_data> on 2025-04-16 20:37:27.164507+00:00
[2025-04-16T20:37:32.328+0000] {warnings.py:112} WARNING - /home/***/.local/lib/python3.12/site-packages/***/task/task_runner/standard_task_runner.py:70: DeprecationWarning: This process (pid=1142) is multi-threaded, use of fork() may lead to deadlocks in the child.
  pid = os.fork()

[2025-04-16T20:37:32.330+0000] {standard_task_runner.py:72} INFO - Started process 1150 to run task
[2025-04-16T20:37:32.330+0000] {standard_task_runner.py:104} INFO - Running: ['***', 'tasks', 'run', 'BinanceCryptoAPI', 'transfor_crypto_data', 'manual__2025-04-16T20:37:27.164507+00:00', '--job-id', '51', '--raw', '--subdir', 'DAGS_FOLDER/ETL/BinanceETL.py', '--cfg-path', '/tmp/tmpg3xw1aek']
[2025-04-16T20:37:32.333+0000] {standard_task_runner.py:105} INFO - Job 51: Subtask transfor_crypto_data
[2025-04-16T20:37:32.490+0000] {task_command.py:467} INFO - Running <TaskInstance: BinanceCryptoAPI.transfor_crypto_data manual__2025-04-16T20:37:27.164507+00:00 [running]> on host 2903c312f900
[2025-04-16T20:37:32.677+0000] {taskinstance.py:3134} INFO - Exporting env vars: AIRFLOW_CTX_DAG_OWNER='***' AIRFLOW_CTX_DAG_ID='BinanceCryptoAPI' AIRFLOW_CTX_TASK_ID='transfor_crypto_data' AIRFLOW_CTX_EXECUTION_DATE='2025-04-16T20:37:27.164507+00:00' AIRFLOW_CTX_TRY_NUMBER='1' AIRFLOW_CTX_DAG_RUN_ID='manual__2025-04-16T20:37:27.164507+00:00'
[2025-04-16T20:37:32.678+0000] {taskinstance.py:732} INFO - ::endgroup::
[2025-04-16T20:37:32.737+0000] {logging_mixin.py:190} INFO -     symbol   priceChange  ...       volume  quoteVolume
0   ETHBTC -4.000000e-04  ...   25418.6986   477.962890
1   LTCBTC -6.000000e-06  ...   31243.5880    27.868774
2   BNBBTC -8.000000e-06  ...    7977.7730    55.206704
3   NEOBTC  5.000000e-07  ...  170260.3100    10.993459
4  QTUMETH  3.900000e-05  ...    4254.3000     5.306959

[5 rows x 6 columns]
[2025-04-16T20:37:32.738+0000] {python.py:240} INFO - Done. Returned value was: None
[2025-04-16T20:37:32.777+0000] {taskinstance.py:341} INFO - ::group::Post task execution logs
[2025-04-16T20:37:32.778+0000] {taskinstance.py:353} INFO - Marking task as SUCCESS. dag_id=BinanceCryptoAPI, task_id=transfor_crypto_data, run_id=manual__2025-04-16T20:37:27.164507+00:00, execution_date=20250416T203727, start_date=20250416T203732, end_date=20250416T203732
[2025-04-16T20:37:32.907+0000] {local_task_job_runner.py:266} INFO - Task exited with return code 0
[2025-04-16T20:37:32.969+0000] {taskinstance.py:3901} INFO - 0 downstream tasks scheduled from follow-on schedule check
[2025-04-16T20:37:32.973+0000] {local_task_job_runner.py:245} INFO - ::endgroup::
