[2025-04-16T20:23:10.566+0000] {local_task_job_runner.py:123} INFO - ::group::Pre task execution logs
[2025-04-16T20:23:10.665+0000] {taskinstance.py:2614} INFO - Dependencies all met for dep_context=non-requeueable deps ti=<TaskInstance: BinanceCryptoAPI.ExtractCryptoData manual__2025-04-16T20:23:04.541989+00:00 [queued]>
[2025-04-16T20:23:10.697+0000] {taskinstance.py:2614} INFO - Dependencies all met for dep_context=requeueable deps ti=<TaskInstance: BinanceCryptoAPI.ExtractCryptoData manual__2025-04-16T20:23:04.541989+00:00 [queued]>
[2025-04-16T20:23:10.699+0000] {taskinstance.py:2867} INFO - Starting attempt 1 of 1
[2025-04-16T20:23:11.123+0000] {taskinstance.py:2890} INFO - Executing <Task(PythonOperator): ExtractCryptoData> on 2025-04-16 20:23:04.541989+00:00
[2025-04-16T20:23:11.141+0000] {warnings.py:112} WARNING - /home/***/.local/lib/python3.12/site-packages/***/task/task_runner/standard_task_runner.py:70: DeprecationWarning: This process (pid=868) is multi-threaded, use of fork() may lead to deadlocks in the child.
  pid = os.fork()

[2025-04-16T20:23:11.144+0000] {standard_task_runner.py:72} INFO - Started process 873 to run task
[2025-04-16T20:23:11.141+0000] {standard_task_runner.py:104} INFO - Running: ['***', 'tasks', 'run', 'BinanceCryptoAPI', 'ExtractCryptoData', 'manual__2025-04-16T20:23:04.541989+00:00', '--job-id', '29', '--raw', '--subdir', 'DAGS_FOLDER/ETL/BinanceETL.py', '--cfg-path', '/tmp/tmp_a9bmozu']
[2025-04-16T20:23:11.146+0000] {standard_task_runner.py:105} INFO - Job 29: Subtask ExtractCryptoData
[2025-04-16T20:23:11.390+0000] {task_command.py:467} INFO - Running <TaskInstance: BinanceCryptoAPI.ExtractCryptoData manual__2025-04-16T20:23:04.541989+00:00 [running]> on host 2903c312f900
[2025-04-16T20:23:11.687+0000] {taskinstance.py:3134} INFO - Exporting env vars: AIRFLOW_CTX_DAG_OWNER='***' AIRFLOW_CTX_DAG_ID='BinanceCryptoAPI' AIRFLOW_CTX_TASK_ID='ExtractCryptoData' AIRFLOW_CTX_EXECUTION_DATE='2025-04-16T20:23:04.541989+00:00' AIRFLOW_CTX_TRY_NUMBER='1' AIRFLOW_CTX_DAG_RUN_ID='manual__2025-04-16T20:23:04.541989+00:00'
[2025-04-16T20:23:11.689+0000] {taskinstance.py:732} INFO - ::endgroup::
[2025-04-16T20:23:13.566+0000] {logging_mixin.py:190} INFO -     symbol  priceChange priceChangePercent  ...    firstId     lastId  count
0   ETHBTC  -0.00038000             -1.980  ...  492977280  493051783  74504
1   LTCBTC  -0.00000500             -0.556  ...  104891609  104899928   8320
2   BNBBTC  -0.00001300             -0.187  ...  271615724  271635218  19495
3   NEOBTC   0.00000070              1.089  ...   47450279   47454031   3753
4  QTUMETH   0.00003900              3.210  ...    5521167    5521225     59

[5 rows x 21 columns]
[2025-04-16T20:23:13.664+0000] {python.py:240} INFO - Done. Returned value was: None
[2025-04-16T20:23:13.726+0000] {taskinstance.py:341} INFO - ::group::Post task execution logs
[2025-04-16T20:23:13.727+0000] {taskinstance.py:353} INFO - Marking task as SUCCESS. dag_id=BinanceCryptoAPI, task_id=ExtractCryptoData, run_id=manual__2025-04-16T20:23:04.541989+00:00, execution_date=20250416T202304, start_date=20250416T202310, end_date=20250416T202313
[2025-04-16T20:23:13.939+0000] {local_task_job_runner.py:266} INFO - Task exited with return code 0
[2025-04-16T20:23:14.023+0000] {taskinstance.py:3901} INFO - 1 downstream tasks scheduled from follow-on schedule check
[2025-04-16T20:23:14.028+0000] {local_task_job_runner.py:245} INFO - ::endgroup::
