[2025-04-16T20:37:32.058+0000] {local_task_job_runner.py:123} INFO - ::group::Pre task execution logs
[2025-04-16T20:37:32.110+0000] {taskinstance.py:2614} INFO - Dependencies all met for dep_context=non-requeueable deps ti=<TaskInstance: BinanceCryptoAPI.ExtractCryptoData manual__2025-04-16T20:37:27.164507+00:00 [queued]>
[2025-04-16T20:37:32.120+0000] {taskinstance.py:2614} INFO - Dependencies all met for dep_context=requeueable deps ti=<TaskInstance: BinanceCryptoAPI.ExtractCryptoData manual__2025-04-16T20:37:27.164507+00:00 [queued]>
[2025-04-16T20:37:32.122+0000] {taskinstance.py:2867} INFO - Starting attempt 1 of 1
[2025-04-16T20:37:32.278+0000] {taskinstance.py:2890} INFO - Executing <Task(PythonOperator): ExtractCryptoData> on 2025-04-16 20:37:27.164507+00:00
[2025-04-16T20:37:32.285+0000] {warnings.py:112} WARNING - /home/***/.local/lib/python3.12/site-packages/***/task/task_runner/standard_task_runner.py:70: DeprecationWarning: This process (pid=1141) is multi-threaded, use of fork() may lead to deadlocks in the child.
  pid = os.fork()

[2025-04-16T20:37:32.288+0000] {standard_task_runner.py:72} INFO - Started process 1146 to run task
[2025-04-16T20:37:32.286+0000] {standard_task_runner.py:104} INFO - Running: ['***', 'tasks', 'run', 'BinanceCryptoAPI', 'ExtractCryptoData', 'manual__2025-04-16T20:37:27.164507+00:00', '--job-id', '49', '--raw', '--subdir', 'DAGS_FOLDER/ETL/BinanceETL.py', '--cfg-path', '/tmp/tmpgfq7_8q0']
[2025-04-16T20:37:32.289+0000] {standard_task_runner.py:105} INFO - Job 49: Subtask ExtractCryptoData
[2025-04-16T20:37:32.452+0000] {task_command.py:467} INFO - Running <TaskInstance: BinanceCryptoAPI.ExtractCryptoData manual__2025-04-16T20:37:27.164507+00:00 [running]> on host 2903c312f900
[2025-04-16T20:37:32.653+0000] {taskinstance.py:3134} INFO - Exporting env vars: AIRFLOW_CTX_DAG_OWNER='***' AIRFLOW_CTX_DAG_ID='BinanceCryptoAPI' AIRFLOW_CTX_TASK_ID='ExtractCryptoData' AIRFLOW_CTX_EXECUTION_DATE='2025-04-16T20:37:27.164507+00:00' AIRFLOW_CTX_TRY_NUMBER='1' AIRFLOW_CTX_DAG_RUN_ID='manual__2025-04-16T20:37:27.164507+00:00'
[2025-04-16T20:37:32.654+0000] {taskinstance.py:732} INFO - ::endgroup::
[2025-04-16T20:37:34.485+0000] {logging_mixin.py:190} INFO -     symbol  priceChange priceChangePercent  ...    firstId     lastId  count
0   ETHBTC  -0.00042000             -2.191  ...  492977597  493052110  74514
1   LTCBTC  -0.00000800             -0.888  ...  104891671  104900001   8331
2   BNBBTC  -0.00000700             -0.101  ...  271615811  271635418  19608
3   NEOBTC   0.00000050              0.778  ...   47450302   47454059   3758
4  QTUMETH   0.00003900              3.210  ...    5521167    5521225     59

[5 rows x 21 columns]
[2025-04-16T20:37:34.546+0000] {python.py:240} INFO - Done. Returned value was: None
[2025-04-16T20:37:34.581+0000] {taskinstance.py:341} INFO - ::group::Post task execution logs
[2025-04-16T20:37:34.582+0000] {taskinstance.py:353} INFO - Marking task as SUCCESS. dag_id=BinanceCryptoAPI, task_id=ExtractCryptoData, run_id=manual__2025-04-16T20:37:27.164507+00:00, execution_date=20250416T203727, start_date=20250416T203732, end_date=20250416T203734
[2025-04-16T20:37:34.717+0000] {local_task_job_runner.py:266} INFO - Task exited with return code 0
[2025-04-16T20:37:34.793+0000] {taskinstance.py:3901} INFO - 1 downstream tasks scheduled from follow-on schedule check
[2025-04-16T20:37:34.798+0000] {local_task_job_runner.py:245} INFO - ::endgroup::
