[2025-04-16T20:05:25.856+0000] {local_task_job_runner.py:123} INFO - ::group::Pre task execution logs
[2025-04-16T20:05:25.906+0000] {taskinstance.py:2614} INFO - Dependencies all met for dep_context=non-requeueable deps ti=<TaskInstance: BinanceCryptoAPI.transfor_crypto_data manual__2025-04-16T20:05:18.119390+00:00 [queued]>
[2025-04-16T20:05:25.916+0000] {taskinstance.py:2614} INFO - Dependencies all met for dep_context=requeueable deps ti=<TaskInstance: BinanceCryptoAPI.transfor_crypto_data manual__2025-04-16T20:05:18.119390+00:00 [queued]>
[2025-04-16T20:05:25.918+0000] {taskinstance.py:2867} INFO - Starting attempt 1 of 1
[2025-04-16T20:05:26.098+0000] {taskinstance.py:2890} INFO - Executing <Task(PythonOperator): transfor_crypto_data> on 2025-04-16 20:05:18.119390+00:00
[2025-04-16T20:05:26.107+0000] {warnings.py:112} WARNING - /home/***/.local/lib/python3.12/site-packages/***/task/task_runner/standard_task_runner.py:70: DeprecationWarning: This process (pid=614) is multi-threaded, use of fork() may lead to deadlocks in the child.
  pid = os.fork()

[2025-04-16T20:05:26.113+0000] {standard_task_runner.py:72} INFO - Started process 616 to run task
[2025-04-16T20:05:26.112+0000] {standard_task_runner.py:104} INFO - Running: ['***', 'tasks', 'run', 'BinanceCryptoAPI', 'transfor_crypto_data', 'manual__2025-04-16T20:05:18.119390+00:00', '--job-id', '23', '--raw', '--subdir', 'DAGS_FOLDER/ETL/BinanceETL.py', '--cfg-path', '/tmp/tmp04ph243d']
[2025-04-16T20:05:26.116+0000] {standard_task_runner.py:105} INFO - Job 23: Subtask transfor_crypto_data
[2025-04-16T20:05:26.322+0000] {task_command.py:467} INFO - Running <TaskInstance: BinanceCryptoAPI.transfor_crypto_data manual__2025-04-16T20:05:18.119390+00:00 [running]> on host 2903c312f900
[2025-04-16T20:05:26.575+0000] {taskinstance.py:3134} INFO - Exporting env vars: AIRFLOW_CTX_DAG_OWNER='***' AIRFLOW_CTX_DAG_ID='BinanceCryptoAPI' AIRFLOW_CTX_TASK_ID='transfor_crypto_data' AIRFLOW_CTX_EXECUTION_DATE='2025-04-16T20:05:18.119390+00:00' AIRFLOW_CTX_TRY_NUMBER='1' AIRFLOW_CTX_DAG_RUN_ID='manual__2025-04-16T20:05:18.119390+00:00'
[2025-04-16T20:05:26.576+0000] {taskinstance.py:732} INFO - ::endgroup::
[2025-04-16T20:05:26.617+0000] {logging_mixin.py:190} INFO -     symbol  priceChangePercent  ...       volume  quoteVolume
0   ETHBTC              -1.879  ...   25419.5602   478.098402
1   LTCBTC              -0.557  ...   31274.5750    27.897848
2   BNBBTC              -0.274  ...    7948.0310    55.001612
3   NEOBTC               0.933  ...  168385.1200    10.870826
4  QTUMETH               3.210  ...    4254.3000     5.306959

[5 rows x 6 columns]
[2025-04-16T20:05:26.619+0000] {python.py:240} INFO - Done. Returned value was: None
[2025-04-16T20:05:26.658+0000] {taskinstance.py:341} INFO - ::group::Post task execution logs
[2025-04-16T20:05:26.659+0000] {taskinstance.py:353} INFO - Marking task as SUCCESS. dag_id=BinanceCryptoAPI, task_id=transfor_crypto_data, run_id=manual__2025-04-16T20:05:18.119390+00:00, execution_date=20250416T200518, start_date=20250416T200525, end_date=20250416T200526
[2025-04-16T20:05:26.773+0000] {local_task_job_runner.py:266} INFO - Task exited with return code 0
[2025-04-16T20:05:26.847+0000] {taskinstance.py:3901} INFO - 0 downstream tasks scheduled from follow-on schedule check
[2025-04-16T20:05:26.851+0000] {local_task_job_runner.py:245} INFO - ::endgroup::
