[2025-04-16T20:32:59.804+0000] {local_task_job_runner.py:123} INFO - ::group::Pre task execution logs
[2025-04-16T20:32:59.902+0000] {taskinstance.py:2614} INFO - Dependencies all met for dep_context=non-requeueable deps ti=<TaskInstance: BinanceCryptoAPI.ExtractCryptoData manual__2025-04-16T20:32:54.128795+00:00 [queued]>
[2025-04-16T20:32:59.916+0000] {taskinstance.py:2614} INFO - Dependencies all met for dep_context=requeueable deps ti=<TaskInstance: BinanceCryptoAPI.ExtractCryptoData manual__2025-04-16T20:32:54.128795+00:00 [queued]>
[2025-04-16T20:32:59.918+0000] {taskinstance.py:2867} INFO - Starting attempt 1 of 1
[2025-04-16T20:32:59.935+0000] {taskinstance.py:2890} INFO - Executing <Task(PythonOperator): ExtractCryptoData> on 2025-04-16 20:32:54.128795+00:00
[2025-04-16T20:32:59.943+0000] {warnings.py:112} WARNING - /home/***/.local/lib/python3.12/site-packages/***/task/task_runner/standard_task_runner.py:70: DeprecationWarning: This process (pid=1038) is multi-threaded, use of fork() may lead to deadlocks in the child.
  pid = os.fork()

[2025-04-16T20:32:59.947+0000] {standard_task_runner.py:72} INFO - Started process 1045 to run task
[2025-04-16T20:32:59.946+0000] {standard_task_runner.py:104} INFO - Running: ['***', 'tasks', 'run', 'BinanceCryptoAPI', 'ExtractCryptoData', 'manual__2025-04-16T20:32:54.128795+00:00', '--job-id', '41', '--raw', '--subdir', 'DAGS_FOLDER/ETL/BinanceETL.py', '--cfg-path', '/tmp/tmpeoukfuw7']
[2025-04-16T20:32:59.949+0000] {standard_task_runner.py:105} INFO - Job 41: Subtask ExtractCryptoData
[2025-04-16T20:33:00.235+0000] {task_command.py:467} INFO - Running <TaskInstance: BinanceCryptoAPI.ExtractCryptoData manual__2025-04-16T20:32:54.128795+00:00 [running]> on host 2903c312f900
[2025-04-16T20:33:00.573+0000] {taskinstance.py:3134} INFO - Exporting env vars: AIRFLOW_CTX_DAG_OWNER='***' AIRFLOW_CTX_DAG_ID='BinanceCryptoAPI' AIRFLOW_CTX_TASK_ID='ExtractCryptoData' AIRFLOW_CTX_EXECUTION_DATE='2025-04-16T20:32:54.128795+00:00' AIRFLOW_CTX_TRY_NUMBER='1' AIRFLOW_CTX_DAG_RUN_ID='manual__2025-04-16T20:32:54.128795+00:00'
[2025-04-16T20:33:00.576+0000] {taskinstance.py:732} INFO - ::endgroup::
[2025-04-16T20:33:02.427+0000] {logging_mixin.py:190} INFO -     symbol  priceChange priceChangePercent  ...    firstId     lastId  count
0   ETHBTC  -0.00039000             -2.035  ...  492977494  493052019  74526
1   LTCBTC  -0.00000700             -0.777  ...  104891669  104899977   8309
2   BNBBTC  -0.00001700             -0.245  ...  271615798  271635375  19578
3   NEOBTC   0.00000080              1.244  ...   47450302   47454042   3741
4  QTUMETH   0.00003900              3.210  ...    5521167    5521225     59

[5 rows x 21 columns]
[2025-04-16T20:33:02.497+0000] {python.py:240} INFO - Done. Returned value was: None
[2025-04-16T20:33:02.562+0000] {taskinstance.py:341} INFO - ::group::Post task execution logs
[2025-04-16T20:33:02.563+0000] {taskinstance.py:353} INFO - Marking task as SUCCESS. dag_id=BinanceCryptoAPI, task_id=ExtractCryptoData, run_id=manual__2025-04-16T20:32:54.128795+00:00, execution_date=20250416T203254, start_date=20250416T203259, end_date=20250416T203302
[2025-04-16T20:33:02.778+0000] {local_task_job_runner.py:266} INFO - Task exited with return code 0
[2025-04-16T20:33:02.907+0000] {taskinstance.py:3901} INFO - 1 downstream tasks scheduled from follow-on schedule check
[2025-04-16T20:33:02.912+0000] {local_task_job_runner.py:245} INFO - ::endgroup::
